--- LEO: Initializing Databases ---
Initializing databases...

--- LEO: Starting new cycle at 2025-12-09 16:46:05 ---
Launching new browser instance...

[Phase 0] Checking for past matches to review...
--- LEO V2.5: Outcome Review Engine (Concurrent) ---
[Review] Found 0 past predictions to review (Limit: 50).
--- No new past matches to review. ---

[Phase 1] Starting analysis engine (Flashscore)...

--- Running Flashscore Analysis ---
  [Navigation] Going to Flashscore...
  [Navigation] Flashscore loaded successfully.
    [AI INTEL] Selectors found for 'home_page'. Skipping AI analysis.

--- ANALYZING DATE: 09.12.2025 ---
    [AI INTEL] Selectors found for 'home_page'. Skipping AI analysis.
    [Info] Clicked scheduled tab.
    [Extractor] Extracting match data from page...
    [Time Filter] Removed 6 past matches for today.
    [Matches Found] 72 valid fixtures. (Sorted by Time)
    [Batching] Processing 72 matches concurrently...
    [Batch Start] Hafia vs Sangaredi: 09.12.2025 - 17:00
    [Popup Handler] Clicked 'I understand' button via: button[data-testid="wcl-tooltip-actionButton"]
    [AI INTEL] Selectors found for 'match_page'. Skipping AI analysis.
    [Cookies] Accepted via OneTrust
    [Popup Handler] Clicked 'I understand' button via: button[data-testid="wcl-tooltip-actionButton"]
    [AI INTEL] Starting Full Discovery for context: 'h2h_tab' (Force: False)...
    [AI INTEL] Capturing page state for 'h2h_tab'...
    [VISION] Loading UI/UX analysis from logged screenshot...
    [VISION] Using logged screenshot: h2h_tab.png
    [VISION] UI/UX Analysis complete.
    [AI INTEL] Using logged HTML: h2h_tab.html
    [AI INTEL] Mapping UI Elements to HTML Selectors...
    [AI INTEL] Successfully mapped 72 elements.
    [H2H Expansion] Found 3 'Show more matches' buttons. Clicking them...
      [Extractor] Extracting H2H tab...
      [Warning] Failed to fully load/expand H2H tab for Hafia_vs_Sangaredi: Page.evaluate: SyntaxError: Failed to execute 'querySelectorAll' on 'Document': '.h2h__section:has([data-testid="wcl-scores-overline-02"]:has-text("Last matches: Hafia")), .h2h__section:has([data-testid="wcl-scores-overline-02"]:has-text("Last matches: Sangaredi")), .h2h__section:has([data-testid="wcl-scores-overline-02"]:has-text("Head-to-head matches")), .h2h__row' is not a valid selector.
    at eval (eval at evaluate (:291:30), <anonymous>:50:46)
    at UtilityScript.evaluate (<anonymous>:298:18)
    at UtilityScript.<anonymous> (<anonymous>:1:44)
    [AI INTEL] Selectors found for 'standings_tab'. Skipping AI analysis.
      [Extractor] Extracting Standings tab...
      [Extractor] Found 14 teams in the standings table.
      [❌ No Signal] Hafia_vs_Sangaredi
    [Batch Start] Horoya vs Milo FC: 09.12.2025 - 17:00

--- LEO: Shutting down gracefully. ---
