    --- LEO: Initializing Databases ---      
     Initializing databases...

      --- LEO: Starting new cycle at 2025-12-10 20:54:33 --- 
     Launching new browser instance...

   [Phase 0] Checking for past matches to review...
--- LEO V2.5: Outcome Review Engine (Concurrent) ---
[Review] Found 0 past predictions to review (Limit: 50).
--- No new past matches to review. ---

   [Phase 1] Starting analysis engine (Flashscore)...

--- Running Flashscore Analysis ---
  [Navigation] Going to Flashscore...
  [Navigation] Flashscore loaded successfully.
    [AI INTEL] Selectors found for 'home_page'. Skipping AI analysis.
    [Resume] Last processed: ID xWK88gqB on 10.12.2025

--- ANALYZING DATE: 10.12.2025 ---
    [AI INTEL] Selectors found for 'home_page'. Skipping AI analysis.
    [Info] Clicked scheduled tab.
    [Extractor] Extracting match data from page...
    [Time Filter] Removed 2 past matches for today.
    [Matches Found] 18 valid fixtures. (Sorted by Time)
    [Resume] Checking for last processed ID: xWK88gqB on this date.
    [Resume] Last processed ID xWK88gqB not found in current scan. Starting day from beginning.
    [Batching] Processing 18 matches concurrently...
    [Batch Start] Ath Bilbao vs PSG: 10.12.2025 - 21:00
    [Popup Handler] Clicked 'I understand' button via: button:has-text('I understand')
    [AI INTEL] Selectors found for 'match_page'. Skipping AI analysis.
    [Popup Handler] Clicked 'I understand' button via: button:has-text('I understand')
    [Cookies] Accepted via text: I Accept
    [H2H Expansion] Expanding available match history...
    [AI INTEL] Selectors found for 'h2h_tab'. Skipping AI analysis.
      [Extractor] Extracting H2H tab...
    [Auto-Heal] Selector 'h2h_row_link' in 'h2h_tab' invalid/missing. Initiating AI repair...
    [AI INTEL] Starting Full Discovery for context: 'h2h_tab' (Force: True)...
    [AI INTEL] Capturing page state for 'h2h_tab'...
    [VISION] Analyzing screenshot: h2h_tab.png
    [VISION] Analysis complete.
    [AI INTEL] Using logged HTML: h2h_tab.html
    [AI INTEL] Mapping UI Elements to HTML Selectors...
    [AI INTEL] Successfully mapped 89 elements.
    [Auto-Heal Success] New selector for 'h2h_row_link': .h2h__row
      [Extractor] Found 10 home, 10 away, 2 H2H matches.
      [✅ H2H] H2H tab data extracted for Ath Bilbao_vs_PSG (22 matches found)
{'date': '06.12.25', 'home_team': 'Ath Bilbao', 'away_team': 'Atl. Madrid', 'score': '1-0', 'match_link': 'https://www.flashscore.com/match/football/ath-bilbao-IP5zl0cJ/atl-madrid-jaarqpLQ/?mid=CQAYyRl2'}
{'date': '03.12.25', 'home_team': 'Ath Bilbao', 'away_team': 'Real Madrid', 'score': '0-3', 'match_link': 'https://www.flashscore.com/match/football/ath-bilbao-IP5zl0cJ/real-madrid-W8mj7MDD/?mid=IacCXQF6'}
{'date': '29.11.25', 'home_team': 'Levante', 'away_team': 'Ath Bilbao', 'score': '0-2', 'match_link': 'https://www.flashscore.com/match/football/ath-bilbao-IP5zl0cJ/levante-G8FL0ShI/?mid=h0Cpmic3'}
{'date': '25.11.25', 'home_team': 'Slavia Prague', 'away_team': 'Ath Bilbao', 'score': '0-0', 'match_link': 'https://www.flashscore.com/match/football/ath-bilbao-IP5zl0cJ/slavia-prague-viXGgnyB/?mid=hzHKNp7C'}
{'date': '22.11.25', 'home_team': 'Barcelona', 'away_team': 'Ath Bilbao', 'score': '4-0', 'match_link': 'https://www.flashscore.com/match/football/ath-bilbao-IP5zl0cJ/barcelona-SKbpVP5K/?mid=vH8AGJMO'}
{'date': '09.11.25', 'home_team': 'Ath Bilbao', 'away_team': 'Oviedo', 'score': '1-0', 'match_link': 'https://www.flashscore.com/match/football/ath-bilbao-IP5zl0cJ/real-oviedo-SzYzw34K/?mid=Asx3tnue'}
{'date': '05.11.25', 'home_team': 'Newcastle', 'away_team': 'Ath Bilbao', 'score': '2-0', 'match_link': 'https://www.flashscore.com/match/football/ath-bilbao-IP5zl0cJ/newcastle-utd-p6ahwuwJ/?mid=8tp1mVo4'}
{'date': '01.11.25', 'home_team': 'Real Sociedad', 'away_team': 'Ath Bilbao', 'score': '3-2', 'match_link': 'https://www.flashscore.com/match/football/ath-bilbao-IP5zl0cJ/real-sociedad-jNvak2f3/?mid=f7uSvZ3j'}
{'date': '25.10.25', 'home_team': 'Ath Bilbao', 'away_team': 'Getafe', 'score': '0-1', 'match_link': 'https://www.flashscore.com/match/football/ath-bilbao-IP5zl0cJ/getafe-dboeiWOt/?mid=EyKaOh2C'}
{'date': '22.10.25', 'home_team': 'Ath Bilbao', 'away_team': 'Qarabag', 'score': '3-1', 'match_link': 'https://www.flashscore.com/match/football/ath-bilbao-IP5zl0cJ/qarabag-agdam-Qgd3eSin/?mid=CEjhkiHi'}
{'date': '06.12.25', 'home_team': 'PSG', 'away_team': 'Rennes', 'score': '5-0', 'match_link': 'https://www.flashscore.com/match/football/psg-CjhkPw0k/rennes-d2nnj1IE/?mid=h8ptFvjd'}
{'date': '29.11.25', 'home_team': 'Monaco', 'away_team': 'PSG', 'score': '1-0', 'match_link': 'https://www.flashscore.com/match/football/monaco-2PIvr8o4/psg-CjhkPw0k/?mid=p6F1M1tP'}
{'date': '26.11.25', 'home_team': 'PSG', 'away_team': 'Tottenham', 'score': '5-3', 'match_link': 'https://www.flashscore.com/match/football/psg-CjhkPw0k/tottenham-UDg08Ohm/?mid=jcuSXugm'}
{'date': '22.11.25', 'home_team': 'PSG', 'away_team': 'Le Havre', 'score': '3-0', 'match_link': 'https://www.flashscore.com/match/football/le-havre-CIEe04GT/psg-CjhkPw0k/?mid=fiBfFSSs'}
{'date': '09.11.25', 'home_team': 'Lyon', 'away_team': 'PSG', 'score': '2-3', 'match_link': 'https://www.flashscore.com/match/football/lyon-2akflumR/psg-CjhkPw0k/?mid=6ZANesWi'}
{'date': '04.11.25', 'home_team': 'PSG', 'away_team': 'Bayern Munich', 'score': '1-2', 'match_link': 'https://www.flashscore.com/match/football/bayern-munich-nVp0wiqd/psg-CjhkPw0k/?mid=jH34ACeM'}
{'date': '01.11.25', 'home_team': 'PSG', 'away_team': 'Nice', 'score': '1-0', 'match_link': 'https://www.flashscore.com/match/football/nice-YagoQJpq/psg-CjhkPw0k/?mid=Krd6WQ2t'}
{'date': '29.10.25', 'home_team': 'Lorient', 'away_team': 'PSG', 'score': '1-1', 'match_link': 'https://www.flashscore.com/match/football/lorient-jgNAYRGi/psg-CjhkPw0k/?mid=4fKdGECr'}
{'date': '25.10.25', 'home_team': 'Brest', 'away_team': 'PSG', 'score': '0-3', 'match_link': 'https://www.flashscore.com/match/football/brest-Cr4VGaUl/psg-CjhkPw0k/?mid=Y5pINdK8'}
{'date': '21.10.25', 'home_team': 'Bayer Leverkusen', 'away_team': 'PSG', 'score': '2-7', 'match_link': 'https://www.flashscore.com/match/football/bayer-leverkusen-4jcj2zMd/psg-CjhkPw0k/?mid=KEldw2VP'}
{'date': '14.12.11', 'home_team': 'PSG', 'away_team': 'Ath Bilbao', 'score': '4-2', 'match_link': 'https://www.flashscore.com/match/football/ath-bilbao-IP5zl0cJ/psg-CjhkPw0k/?mid=KOnK4Cz9'}
{'date': '29.09.11', 'home_team': 'Ath Bilbao', 'away_team': 'PSG', 'score': '2-0', 'match_link': 'https://www.flashscore.com/match/football/ath-bilbao-IP5zl0cJ/psg-CjhkPw0k/?mid=Y9y1f8ce'}
    [Enrichment] Starting to enrich 22 newly found past matches...
    [Popup Handler] Clicked 'I understand' button via: button:has-text('I understand')
    [Auto-Heal] Selector 'match_status_text' in 'match_page' invalid/missing. Initiating AI repair...
    [AI INTEL] Starting Full Discovery for context: 'match_page' (Force: True)...
    [AI INTEL] Capturing page state for 'match_page'...

   --- LEO: Shutting down gracefully. ---
