    --- LEO: Initializing Databases ---      
     Initializing databases...

      --- LEO: Starting new cycle at 2025-12-10 19:17:08 --- 
     Launching new browser instance...

   [Phase 0] Checking for past matches to review...
--- LEO V2.5: Outcome Review Engine (Concurrent) ---
[Review] Found 0 past predictions to review (Limit: 50).
--- No new past matches to review. ---

   [Phase 1] Starting analysis engine (Flashscore)...

--- Running Flashscore Analysis ---
  [Navigation] Going to Flashscore...
  [Navigation] Flashscore loaded successfully.
    [AI INTEL] Selectors found for 'home_page'. Skipping AI analysis.

--- ANALYZING DATE: 10.12.2025 ---
    [AI INTEL] Selectors found for 'home_page'. Skipping AI analysis.
    [Info] Clicked scheduled tab.
    [Cookies] Accepted via OneTrust
    [Extractor] Extracting match data from page...
    [Time Filter] Removed 2 past matches for today.
    [Matches Found] 38 valid fixtures. (Sorted by Time)
    [Batching] Processing 38 matches concurrently...
    [Batch Start] 1.FC Nurnberg W vs Eintracht Frankfurt W: 10.12.2025 - 19:30
    [Cookies] Accepted via OneTrust
    [Popup Handler] Clicked 'I understand' button via: button:has-text('I understand')
    [AI INTEL] Selectors found for 'match_page'. Skipping AI analysis.
    [H2H Expansion] Expanding available match history...
    [AI INTEL] Selectors found for 'h2h_tab'. Skipping AI analysis.
      [Extractor] Extracting H2H tab...
      [Extractor] Found 10 home, 10 away, 4 H2H matches.
      [✅ H2H] H2H tab data extracted for 1.FC Nurnberg W_vs_Eintracht Frankfurt W (24 matches found)
{'date': '07.12.25', 'home_team': 'SGS Essen W', 'away_team': '1.FC Nurnberg W', 'score': '2-0', 'match_link': None}
{'date': '09.11.25', 'home_team': 'Hamburger SV W', 'away_team': '1.FC Nurnberg W', 'score': '1-2', 'match_link': None}
{'date': '04.11.25', 'home_team': '1.FC Nurnberg W', 'away_team': 'Bayern Munich W', 'score': '0-6', 'match_link': None}
{'date': '31.10.25', 'home_team': 'Koln W', 'away_team': '1.FC Nurnberg W', 'score': '3-0', 'match_link': None}
{'date': '18.10.25', 'home_team': '1.FC Nurnberg W', 'away_team': 'Freiburg W', 'score': '3-2', 'match_link': None}
{'date': '13.10.25', 'home_team': 'Jena W', 'away_team': '1.FC Nurnberg W', 'score': '2-3', 'match_link': None}
{'date': '05.10.25', 'home_team': '1.FC Nurnberg W', 'away_team': 'RB Leipzig W', 'score': '1-1', 'match_link': None}
{'date': '28.09.25', 'home_team': 'Ingolstadt W', 'away_team': '1.FC Nurnberg W', 'score': '3-2', 'match_link': None}
{'date': '24.09.25', 'home_team': 'Hoffenheim W', 'away_team': '1.FC Nurnberg W', 'score': '1-1', 'match_link': None}
{'date': '21.09.25', 'home_team': '1.FC Nurnberg W', 'away_team': 'Bayer Leverkusen W', 'score': '0-1', 'match_link': None}
{'date': '07.12.25', 'home_team': 'Eintracht Frankfurt W', 'away_team': 'Bayern Munich W', 'score': '0-5', 'match_link': None}
{'date': '20.11.25', 'home_team': 'Eintracht Frankfurt W', 'away_team': 'PSV W', 'score': '3-1', 'match_link': None}
{'date': '16.11.25', 'home_team': 'Hoffenheim W', 'away_team': 'Eintracht Frankfurt W', 'score': '4-6', 'match_link': None}
{'date': '12.11.25', 'home_team': 'PSV W', 'away_team': 'Eintracht Frankfurt W', 'score': '1-2', 'match_link': None}
{'date': '08.11.25', 'home_team': 'Wolfsburg W', 'away_team': 'Eintracht Frankfurt W', 'score': '2-3', 'match_link': None}
{'date': '05.11.25', 'home_team': 'Eintracht Frankfurt W', 'away_team': 'Koln W', 'score': '1-1', 'match_link': None}
{'date': '02.11.25', 'home_team': 'Hamburger SV W', 'away_team': 'Eintracht Frankfurt W', 'score': '0-4', 'match_link': None}
{'date': '19.10.25', 'home_team': 'Eintracht Frankfurt W', 'away_team': 'Werder Bremen W', 'score': '2-0', 'match_link': None}
{'date': '15.10.25', 'home_team': 'Slovacko W', 'away_team': 'Eintracht Frankfurt W', 'score': '0-1', 'match_link': None}
{'date': '12.10.25', 'home_team': 'Freiburg W', 'away_team': 'Eintracht Frankfurt W', 'score': '3-2', 'match_link': None}
{'date': '20.04.24', 'home_team': 'Eintracht Frankfurt W', 'away_team': '1.FC Nurnberg W', 'score': '4-1', 'match_link': None}
{'date': '18.11.23', 'home_team': '1.FC Nurnberg W', 'away_team': 'Eintracht Frankfurt W', 'score': '0-2', 'match_link': None}
{'date': '06.08.23', 'home_team': 'Eintracht Frankfurt W', 'away_team': '1.FC Nurnberg W', 'score': '0-0', 'match_link': None}
{'date': '26.09.21', 'home_team': '1.FC Nurnberg W', 'away_team': 'Eintracht Frankfurt W', 'score': '0-5', 'match_link': None}
    [Enrichment] Starting to enrich 24 newly found past matches...
    [Enrichment] Past match enrichment complete.
    [AI INTEL] Selectors found for 'standings_tab'. Skipping AI analysis.
      [Extractor] Extracting Standings tab...
    [Auto-Heal] Selector 'standings_relegation_row' in 'standings_tab' invalid/missing. Initiating AI repair...
    [AI INTEL] Starting Full Discovery for context: 'standings_tab' (Force: True)...
    [AI INTEL] Capturing page state for 'standings_tab'...
    [VISION] Analyzing screenshot: standings_tab.png

   --- LEO: Shutting down gracefully. ---
