    --- LEO: Initializing Databases ---      
     Initializing databases...

      --- LEO: Starting new cycle at 2025-12-13 04:10:57 --- 
     Launching new browser instance...

   [Phase 0] Checking for past matches to review...
--- LEO V2.5: Outcome Review Engine (Concurrent) ---
[Review] Found 50 past predictions to review (Limit: 50).
[Processing] Starting batch review for 50 matches...
  [Web Check] Cacereno vs Zamora
  [Web Check] Prison Service vs Defence Force
  [Web Check] Vega Real vs Delfines Del Este
  [Web Check] Hibernians vs Tarxien
  [Web Check] Torreense vs Feirense
    [Success] Score: 1-2
    [Success] Score: 1-0
    [Success] Score: 0-2
  [Web Check] Amstetten vs Admira
  [Web Check] Mons Calpe vs St Josephs
  [Web Check] PSG W vs Montpellier W
    [Success] Score: 2-3
    [Success] Score: 0-2
  [Web Check] West Brom vs Sheffield Utd
  [Web Check] Real Sociedad vs Girona
    [Popup Handler] Clicked 'I understand' button via: button:has-text('I understand')
    [Popup Handler] Clicked 'I understand' button via: button:has-text('I understand')
    [Popup Handler] Clicked 'I understand' button via: button:has-text('I understand')
    [Success] Score: 2-2
    [Success] Score: 2-1
    [Success] Score: 1-3
  [Web Check] Flint Mountain vs Mold Alexandra
  [Web Check] Ayr vs St Johnstone
  [Web Check] Larne vs Glentoran
    [Popup Handler] Clicked 'I understand' button via: button:has-text('I understand')
    [Popup Handler] Clicked 'I understand' button via: button:has-text('I understand')
    [Success] Score: 2-0
    [Success] Score: 1-2
  [Web Check] Coleraine vs Bangor FC
  [Web Check] St. Liege vs Leuven
    [Popup Handler] Clicked 'I understand' button via: button:has-text('I understand')
    [Popup Handler] Clicked 'I understand' button via: button:has-text('I understand')
    [Popup Handler] Clicked 'I understand' button via: button:has-text('I understand')
    [Success] Score: 2-4
    [Success] Score: 1-0
    [Fail] Could not extract score.
  [Web Check] Lecce vs Pisa
    [Popup Handler] Clicked 'I understand' button via: button:has-text('I understand')
  [Web Check] Angers vs Nantes
  [Web Check] CE Europa vs Antequera
    [Success] Score: 2-0
  [Web Check] Cultural Leonesa vs Huesca
    [Popup Handler] Clicked 'I understand' button via: button:has-text('I understand')
    [Success] Score: 0-1
    [Popup Handler] Clicked 'I understand' button via: button:has-text('I understand')
    [Success] Score: 1-0
    [Popup Handler] Clicked 'I understand' button via: button:has-text('I understand')
  [Web Check] Juventus U23 vs Pianese
    [Success] Score: 2-0
  [Web Check] Palermo vs Sampdoria
    [Popup Handler] Clicked 'I understand' button via: button:has-text('I understand')
  [Web Check] Union Berlin vs RB Leipzig
    [Success] Score: 4-1
    [Success] Score: 0-2
  [Web Check] Oss vs Den Haag
  [Web Check] Maastricht vs Jong Ajax
    [Popup Handler] Clicked 'I understand' button via: button:has-text('I understand')
    [Popup Handler] Clicked 'I understand' button via: button:has-text('I understand')
    [Popup Handler] Clicked 'I understand' button via: button:has-text('I understand')
    [Success] Score: 0-0
    [Popup Handler] Clicked 'I understand' button via: button:has-text('I understand')
    [Success] Score: 1-0
    [Success] Score: 3-1
  [Web Check] Willem II vs Cambuur
  [Web Check] Aarau vs Etoile-Carouge
  [Web Check] Jong PSV vs Almere City
    [Success] Score: 3-4
  [Web Check] Jong AZ vs Jong Utrecht
    [Popup Handler] Clicked 'I understand' button via: button:has-text('I understand')
    [Success] Score: 2-1
  [Web Check] De Graafschap vs Roda
    [Popup Handler] Clicked 'I understand' button via: button:has-text('I understand')
    [Success] Score: 0-1
    [Success] Score: 2-1
    [Success] Score: 2-3
  [Web Check] FC Emmen vs Helmond
  [Web Check] Den Bosch vs Venlo
    [Popup Handler] Clicked 'I understand' button via: button:has-text('I understand')
  [Web Check] Dordrecht vs Eindhoven FC
    [Success] Score: 1-4
  [Web Check] Rouen vs Quevilly Rouen
    [Popup Handler] Clicked 'I understand' button via: button:has-text('I understand')
    [Success] Score: 2-3
  [Web Check] Rodez vs Guingamp
    [Popup Handler] Clicked 'I understand' button via: button:has-text('I understand')
    [Popup Handler] Clicked 'I understand' button via: button:has-text('I understand')
    [Popup Handler] Clicked 'I understand' button via: button:has-text('I understand')
    [Popup Handler] Clicked 'I understand' button via: button:has-text('I understand')
    [Success] Score: 4-1
    [Success] Score: 0-1
    [Success] Score: 3-4
    [Success] Score: 1-0
  [Web Check] Rapperswil-Jona vs Vaduz
    [Popup Handler] Clicked 'I understand' button via: button:has-text('I understand')
    [Success] Score: 2-1
    [Popup Handler] Clicked 'I understand' button via: button:has-text('I understand')
    [Success] Score: 0-4
  [Web Check] Nancy vs Clermont
  [Web Check] Pau FC vs Amiens
  [Web Check] Laval vs Dunkerque
  [Web Check] Annecy vs Le Mans
  [Web Check] Nottingham U21 vs Millwall U21
    [Popup Handler] Clicked 'I understand' button via: button:has-text('I understand')
    [Popup Handler] Clicked 'I understand' button via: button:has-text('I understand')
    [Popup Handler] Clicked 'I understand' button via: button:has-text('I understand')
    [Popup Handler] Clicked 'I understand' button via: button:has-text('I understand')
    [Success] Score: 1-0
    [Success] Score: 1-2
    [Success] Score: 1-2
    [Success] Score: 2-1
    [Popup Handler] Clicked 'I understand' button via: button:has-text('I understand')
  [Web Check] Norwich U21 vs Sunderland U21
  [Web Check] Cardiff U21 vs QPR U21
  [Web Check] Lommel SK vs Gent U23
  [Web Check] Beveren vs Anderlecht U23
    [Success] Score: 1-2
  [Web Check] Valenciennes vs Sochaux

   --- LEO: Shutting down gracefully. ---
