    --- LEO: Initializing Databases ---      
     Initializing databases...

      --- LEO: Starting new cycle at 2025-12-10 19:52:07 --- 
     Launching new browser instance...

   [Phase 0] Checking for past matches to review...
--- LEO V2.5: Outcome Review Engine (Concurrent) ---
[Review] Found 0 past predictions to review (Limit: 50).
--- No new past matches to review. ---

   [Phase 1] Starting analysis engine (Flashscore)...

--- Running Flashscore Analysis ---
  [Navigation] Going to Flashscore...
  [Navigation] Flashscore loaded successfully.
    [AI INTEL] Selectors found for 'home_page'. Skipping AI analysis.
    [Resume] Last processed: ID xWK88gqB on 10.12.2025

--- ANALYZING DATE: 10.12.2025 ---
    [AI INTEL] Selectors found for 'home_page'. Skipping AI analysis.
    [Info] Clicked scheduled tab.
    [Extractor] Extracting match data from page...
    [Time Filter] Removed 1 past matches for today.
    [Matches Found] 37 valid fixtures. (Sorted by Time)
    [Resume] Checking for last processed ID: xWK88gqB on this date.
    [Resume] Match found at index 1. Skipping 2 previously processed matches.
    [Batching] Processing 35 matches concurrently...
    [Batch Start] Hibernian U19 vs Dyn. Kyiv U19: 10.12.2025 - 20:00
    [Popup Handler] Clicked 'I understand' button via: button:has-text('I understand')
    [AI INTEL] Selectors found for 'match_page'. Skipping AI analysis.
    [Popup Handler] Clicked 'I understand' button via: button:has-text('I understand')
    [H2H Expansion] Expanding available match history...
    [AI INTEL] Selectors found for 'h2h_tab'. Skipping AI analysis.
      [Extractor] Extracting H2H tab...
      [Extractor] Found 10 home, 10 away, 1 H2H matches.
      [✅ H2H] H2H tab data extracted for Hibernian U19_vs_Dyn. Kyiv U19 (21 matches found)
{'date': '26.11.25', 'home_team': 'Dyn. Kyiv U19', 'away_team': 'Hibernian U19', 'score': '1-0', 'match_link': None}
{'date': '05.11.25', 'home_team': '2 Korriku U19', 'away_team': 'Hibernian U19', 'score': '1-0', 'match_link': None}
{'date': '22.10.25', 'home_team': 'Hibernian U19', 'away_team': '2 Korriku U19', 'score': '4-0', 'match_link': None}
{'date': '07.02.23', 'home_team': 'Hibernian U19', 'away_team': 'Dortmund U19', 'score': '1-2', 'match_link': None}
{'date': '02.11.22', 'home_team': 'Nantes U19', 'away_team': 'Hibernian U19', 'score': '1-2', 'match_link': None}
{'date': '26.10.22', 'home_team': 'Hibernian U19', 'away_team': 'Nantes U19', 'score': '1-0', 'match_link': None}
{'date': '05.10.22', 'home_team': 'Hibernian U19', 'away_team': 'Molde U19', 'score': '3-1', 'match_link': None}
{'date': '14.09.22', 'home_team': 'Molde U19', 'away_team': 'Hibernian U19', 'score': '1-0', 'match_link': None}
{'date': '14.07.11', 'home_team': 'Sogndal U19', 'away_team': 'Hibernian U19', 'score': '4-1', 'match_link': None}
{'date': '13.07.11', 'home_team': 'Fredrikstad U19', 'away_team': 'Hibernian U19', 'score': '0-0', 'match_link': None}
{'date': '05.12.25', 'home_team': 'FC Kudrivka U19', 'away_team': 'Dyn. Kyiv U19', 'score': '0-6', 'match_link': None}
{'date': '30.11.25', 'home_team': 'Dyn. Kyiv U19', 'away_team': 'SC Poltava U19', 'score': '4-0', 'match_link': None}
{'date': '26.11.25', 'home_team': 'Dyn. Kyiv U19', 'away_team': 'Hibernian U19', 'score': '1-0', 'match_link': None}
{'date': '21.11.25', 'home_team': 'Kolos Kovalivka U19', 'away_team': 'Dyn. Kyiv U19', 'score': '0-1', 'match_link': None}
{'date': '15.11.25', 'home_team': 'Dyn. Kyiv U19', 'away_team': 'Veres Rivne U19', 'score': '2-2', 'match_link': None}
{'date': '09.11.25', 'home_team': 'Dyn. Kyiv U19', 'away_team': 'LNZ Cherkasy U19', 'score': '7-0', 'match_link': None}
{'date': '05.11.25', 'home_team': 'Brommapojkarna U19', 'away_team': 'Dyn. Kyiv U19', 'score': '1-2', 'match_link': None}
{'date': '31.10.25', 'home_team': 'Shakhtar Donetsk U19', 'away_team': 'Dyn. Kyiv U19', 'score': '2-3', 'match_link': None}
{'date': '26.10.25', 'home_team': 'Dyn. Kyiv U19', 'away_team': 'Kryvbas 2020 U19', 'score': '6-0', 'match_link': None}
{'date': '22.10.25', 'home_team': 'Dyn. Kyiv U19', 'away_team': 'Brommapojkarna U19', 'score': '1-0', 'match_link': None}
{'date': '26.11.25', 'home_team': 'Dyn. Kyiv U19', 'away_team': 'Hibernian U19', 'score': '1-0', 'match_link': None}
    [Enrichment] Starting to enrich 21 newly found past matches...
    [Enrichment] Past match enrichment complete.
    [AI INTEL] Selectors found for 'standings_tab'. Skipping AI analysis.
    [Cookies] Accepted via OneTrust
      [Extractor] Extracting Standings tab...
    [Auto-Heal] Selector 'standings_table' in 'standings_tab' invalid/missing. Initiating AI repair...
    [AI INTEL] Starting Full Discovery for context: 'standings_tab' (Force: True)...
    [AI INTEL] Capturing page state for 'standings_tab'...
    [VISION] Analyzing screenshot: standings_tab.png

   --- LEO: Shutting down gracefully. ---
