    --- LEO: Initializing Databases ---      
     Initializing databases...

      --- LEO: Starting new cycle at 2025-12-10 22:47:47 --- 
     Launching new browser instance...

   [Phase 0] Checking for past matches to review...
--- LEO V2.5: Outcome Review Engine (Concurrent) ---
[Review] Found 0 past predictions to review (Limit: 50).
--- No new past matches to review. ---

   [Phase 1] Starting analysis engine (Flashscore)...

--- Running Flashscore Analysis ---
  [Navigation] Going to Flashscore...
  [Navigation] Flashscore loaded successfully.
    [AI INTEL] Selectors found for 'home_page'. Skipping AI analysis.
    [Resume] Last processed: ID vRwGrZwe on 10.12.2025

--- ANALYZING DATE: 10.12.2025 ---
    [AI INTEL] Selectors found for 'home_page'. Skipping AI analysis.
    [Info] Clicked scheduled tab.
    [Cookies] Accepted via OneTrust
    [Extractor] Extracting match data from page...
    [Time Filter] Removed 0 past matches for today.
    [Matches Found] 3 valid fixtures. (Sorted by Time)
    [Resume] Checking for last processed ID: vRwGrZwe on this date.
    [Resume] Match found at index 2. Skipping 3 previously processed matches.
    [Info] No new matches to process for this day.
  [Navigation] Clicking next day...
    [Success] Next day clicked and page updated.

--- ANALYZING DATE: 11.12.2025 ---
    [AI INTEL] Selectors found for 'home_page'. Skipping AI analysis.
    [Info] Could not click Scheduled tab.
    [Extractor] Extracting match data from page...
    [Matches Found] 115 valid fixtures. (Sorted by Time)
    [Batching] Processing 115 matches concurrently...
    [Batch Start] Huachipato vs Limache: 11.12.2025 - 00:00
    [Popup Handler] Clicked 'I understand' button via: button:has-text('I understand')
    [AI INTEL] Selectors found for 'match_page'. Skipping AI analysis.
    [Cookies] Accepted via OneTrust
    [Popup Handler] Clicked 'I understand' button via: button:has-text('I understand')
    [H2H Expansion] Expanding available match history...
    [AI INTEL] Selectors found for 'h2h_tab'. Skipping AI analysis.
      [Extractor] Extracting H2H tab...
      [Extractor] Found 10 home, 10 away, 2 H2H matches.
      [OK H2H] H2H tab data extracted for Huachipato_vs_Limache (22 matches found)
    [AI INTEL] Selectors found for 'standings_tab'. Skipping AI analysis.
      [Extractor] Extracting Standings tab...
    [Selector Stale] 'standings_table' ('.tableWrapper .ui-table') not found after 2 min wait.
    [Auto-Heal Skipped] Selector 'standings_table' in 'standings_tab' invalid/missing. Skipping AI repair to save quota.
    [Selector Stale] 'standings_table_body' ('.ui-table__body') not found after 2 min wait.
    [Auto-Heal Skipped] Selector 'standings_table_body' in 'standings_tab' invalid/missing. Skipping AI repair to save quota.
    [Selector Stale] 'standings_header_row' ('.ui-table__header') not found after 2 min wait.
    [Auto-Heal Skipped] Selector 'standings_header_row' in 'standings_tab' invalid/missing. Skipping AI repair to save quota.
    [Selector Stale] 'standings_row' ('.ui-table__row') not found after 2 min wait.
    [Auto-Heal Skipped] Selector 'standings_row' in 'standings_tab' invalid/missing. Skipping AI repair to save quota.
    [Selector Stale] 'standings_col_rank' ('.ui-table__row .tableCellRank') not found after 2 min wait.
    [Auto-Heal Skipped] Selector 'standings_col_rank' in 'standings_tab' invalid/missing. Skipping AI repair to save quota.
    [Selector Stale] 'standings_col_team_name' ('.ui-table__row .tableCellParticipant__name') not found after 2 min wait.
    [Auto-Heal Skipped] Selector 'standings_col_team_name' in 'standings_tab' invalid/missing. Skipping AI repair to save quota.
    [Selector Stale] 'standings_col_team_link' ('.ui-table__row .tableCellParticipant__name') not found after 2 min wait.
    [Auto-Heal Skipped] Selector 'standings_col_team_link' in 'standings_tab' invalid/missing. Skipping AI repair to save quota.
    [Selector Stale] 'standings_col_matches_played' ('.ui-table__row > span:nth-of-type(1)') not found after 2 min wait.
    [Auto-Heal Skipped] Selector 'standings_col_matches_played' in 'standings_tab' invalid/missing. Skipping AI repair to save quota.
    [Selector Stale] 'standings_col_wins' ('.ui-table__row > span:nth-of-type(2)') not found after 2 min wait.
    [Auto-Heal Skipped] Selector 'standings_col_wins' in 'standings_tab' invalid/missing. Skipping AI repair to save quota.

   --- LEO: Shutting down gracefully. ---
