    --- LEO: Initializing Databases ---      
     Initializing databases...

      --- LEO: Starting new cycle at 2025-12-12 09:55:24 --- 
     Launching new browser instance...

   [Phase 0] Checking for past matches to review...
--- LEO V2.5: Outcome Review Engine (Concurrent) ---
[Review] Found 0 past predictions to review (Limit: 50).
--- No new past matches to review. ---

   [Phase 1] Starting analysis engine (Flashscore)...

--- Running Flashscore Analysis ---
  [Navigation] Going to Flashscore...
  [Navigation] Flashscore loaded successfully.
    [AI INTEL] Selectors found for 'home_page'. Skipping AI analysis.
    [Resume] Last processed: ID CMtTsIuf on 12.12.2025

--- ANALYZING DATE: 12.12.2025 ---
    [AI INTEL] Selectors found for 'home_page'. Skipping AI analysis.
    [Extractor] Extracting match data from page...
    [Time Filter] Removed 9 past matches for today.
    [Matches Found] 126 valid fixtures. (Sorted by Time)
    [Resume] Checking for last processed ID: CMtTsIuf on this date.
    [Resume] Match found at index 2. Skipping 3 previously processed matches.
    [Batching] Processing 123 matches concurrently...
    [Batch Start] Indonesia U22 vs Myanmar U22: 12.12.2025 - 12:00
    [Popup Handler] Clicked 'I understand' button via: button:has-text('I understand')
    [AI INTEL] Selectors found for 'match_page'. Skipping AI analysis.
    [Popup Handler] Clicked 'I understand' button via: button:has-text('I understand')
    [H2H Expansion] Expanding available match history...
    [AI INTEL] Selectors found for 'h2h_tab'. Skipping AI analysis.
      [Extractor] Extracting H2H tab...
      [Extractor] Found 10 home, 10 away, 2 H2H matches.
      [OK H2H] H2H tab data extracted for Indonesia U22_vs_Myanmar U22 (22 matches found)
    [AI INTEL] Selectors found for 'standings_tab'. Skipping AI analysis.
    [Cookies] Accepted via OneTrust
      [Extractor] Extracting Standings tab...
      [Extractor] Found 6 teams in standings for 'Unknown'.
      [DB] Updated standings for ASIA - SOUTHEAST ASIAN GAMES - ROUND 3
      [OK Standing] Standings tab data extracted for ASIA - SOUTHEAST ASIAN GAMES - ROUND 3
      [Extractor Validation] Updated League to: ASIA - SOUTHEAST ASIAN GAMES - ROUND 3
      [DB] Updated standings for ASIA - SOUTHEAST ASIAN GAMES - ROUND 3
      [OK Standing] Standings tab data extracted for ASIA - SOUTHEAST ASIAN GAMES - ROUND 3
      [Error] Match failed Indonesia U22_vs_Myanmar U22: 'team'
  [CRITICAL ERROR] Logging state for 'process_match_task_Indonesia U22_vs_Myanmar U22'. See 'Logs/Errors' folder.
    [Batch Start] Perth W vs Wellington Phoenix W: 12.12.2025 - 12:00
    [Popup Handler] Clicked 'I understand' button via: button:has-text('I understand')
    [AI INTEL] Selectors found for 'match_page'. Skipping AI analysis.
    [Popup Handler] Clicked 'I understand' button via: button:has-text('I understand')
    [H2H Expansion] Expanding available match history...
    [AI INTEL] Selectors found for 'h2h_tab'. Skipping AI analysis.
      [Extractor] Extracting H2H tab...
      [Extractor] Found 10 home, 10 away, 5 H2H matches.
      [OK H2H] H2H tab data extracted for Perth W_vs_Wellington Phoenix W (25 matches found)
    [AI INTEL] Selectors found for 'standings_tab'. Skipping AI analysis.
    [Cookies] Accepted via OneTrust
      [Extractor] Extracting Standings tab...
      [Extractor] Found 11 teams in standings for 'Unknown'.
      [DB] Updated standings for AUSTRALIA - A-LEAGUE WOMEN - ROUND 7
      [OK Standing] Standings tab data extracted for AUSTRALIA - A-LEAGUE WOMEN - ROUND 7
      [Extractor Validation] Updated League to: AUSTRALIA - A-LEAGUE WOMEN - ROUND 7
      [DB] Updated standings for AUSTRALIA - A-LEAGUE WOMEN - ROUND 7
      [OK Standing] Standings tab data extracted for AUSTRALIA - A-LEAGUE WOMEN - ROUND 7
      [Error] Match failed Perth W_vs_Wellington Phoenix W: 'team'
  [CRITICAL ERROR] Logging state for 'process_match_task_Perth W_vs_Wellington Phoenix W'. See 'Logs/Errors' folder.
    [Batch Start] Parma U20 vs Monza U20: 12.12.2025 - 12:00
    [Popup Handler] Clicked 'I understand' button via: button:has-text('I understand')
    [AI INTEL] Selectors found for 'match_page'. Skipping AI analysis.
    [Popup Handler] Clicked 'I understand' button via: button:has-text('I understand')
    [H2H Expansion] Expanding available match history...
    [AI INTEL] Selectors found for 'h2h_tab'. Skipping AI analysis.
      [Extractor] Extracting H2H tab...
      [Extractor] Found 10 home, 10 away, 0 H2H matches.
      [OK H2H] H2H tab data extracted for Parma U20_vs_Monza U20 (20 matches found)
    [AI INTEL] Selectors found for 'standings_tab'. Skipping AI analysis.
      [Extractor] Extracting Standings tab...
      [Extractor] Found 20 teams in standings for 'Unknown'.
      [DB] Updated standings for ITALY - PRIMAVERA 1 - ROUND 15
      [OK Standing] Standings tab data extracted for ITALY - PRIMAVERA 1 - ROUND 15
      [Extractor Validation] Updated League to: ITALY - PRIMAVERA 1 - ROUND 15
      [DB] Updated standings for ITALY - PRIMAVERA 1 - ROUND 15
      [OK Standing] Standings tab data extracted for ITALY - PRIMAVERA 1 - ROUND 15
      [Error] Match failed Parma U20_vs_Monza U20: 'team'
  [CRITICAL ERROR] Logging state for 'process_match_task_Parma U20_vs_Monza U20'. See 'Logs/Errors' folder.
    [Batch Start] Bashundara Kings vs Mohammedan: 12.12.2025 - 12:30

   --- LEO: Shutting down gracefully. ---
