--- LEO: Initializing Databases ---
Initializing databases...

--- LEO: Starting new cycle at 2025-12-08 14:09:23 ---

[Phase 0] Checking for past matches to review...
--- LEO V2.5: Outcome Review Engine (Concurrent) ---
[Review] Found 0 past predictions to review (Limit: 50).
--- No new past matches to review. ---

[Phase 1] Starting analysis engine (Flashscore)...

--- Running Flashscore Analysis ---
  [Navigation] Going to Flashscore...
  [Navigation] Flashscore loaded successfully.
    [AI INTEL] Selectors found for 'home_page'. Skipping AI analysis.

--- ANALYZING DATE: 08.12.2025 ---
    [AI INTEL] Selectors found for 'home_page'. Skipping AI analysis.
    [Cookies] Accepted via text: I Accept
    [Info] Clicked scheduled tab.
    [Extractor] Extracting match data from page...
    [Time Filter] Removed 0 past matches for today.
    [Matches Found] 88 valid fixtures. (Sorted by Time)
    [Batching] Processing 88 matches concurrently...
    [Batch Start] AlbinoLeffe vs Ospitaletto: 08.12.2025 - 14:30
    [Batch Start] Lecco vs Alcione Milano: 08.12.2025 - 14:30
    [Batch Start] Ascoli vs Forli: 08.12.2025 - 14:30
    [Batch Start] Virtus Verona vs Pergolettese: 08.12.2025 - 14:30
      [Error] Match failed Lecco_vs_Alcione Milano: Page.goto: net::ERR_NAME_NOT_RESOLVED at https://www.flashscore.comhttps//www.flashscore.com/match/football/alcione-milano-OdthnF7f/lecco-IsxHSx6l/?mid=xKCPJaLi
Call log:
  - navigating to "https://www.flashscore.comhttps//www.flashscore.com/match/football/alcione-milano-OdthnF7f/lecco-IsxHSx6l/?mid=xKCPJaLi", waiting until "domcontentloaded"

  [CRITICAL ERROR] Logging state for 'process_match_task_Lecco_vs_Alcione Milano'. See 'Logs/Errors' folder.
      [Error] Match failed AlbinoLeffe_vs_Ospitaletto: Page.goto: net::ERR_NAME_NOT_RESOLVED at https://www.flashscore.comhttps//www.flashscore.com/match/football/albinoleffe-rVfjdq9o/ospitaletto-SfaJmg0R/?mid=UDkb3vyB
Call log:
  - navigating to "https://www.flashscore.comhttps//www.flashscore.com/match/football/albinoleffe-rVfjdq9o/ospitaletto-SfaJmg0R/?mid=UDkb3vyB", waiting until "domcontentloaded"

  [CRITICAL ERROR] Logging state for 'process_match_task_AlbinoLeffe_vs_Ospitaletto'. See 'Logs/Errors' folder.
      [Error] Match failed Virtus Verona_vs_Pergolettese: Page.goto: net::ERR_NAME_NOT_RESOLVED at https://www.flashscore.comhttps//www.flashscore.com/match/football/pergolettese-pvWU6W5U/virtus-verona-f1BIaCoh/?mid=Um67UGZ9
Call log:
  - navigating to "https://www.flashscore.comhttps//www.flashscore.com/match/football/pergolettese-pvWU6W5U/virtus-verona-f1BIaCoh/?mid=Um67UGZ9", waiting until "domcontentloaded"

  [CRITICAL ERROR] Logging state for 'process_match_task_Virtus Verona_vs_Pergolettese'. See 'Logs/Errors' folder.
      [Error] Match failed Ascoli_vs_Forli: Page.goto: net::ERR_NAME_NOT_RESOLVED at https://www.flashscore.comhttps//www.flashscore.com/match/football/ascoli-hd6UOqvB/forli-fc-EF2WpDTI/?mid=Ozsam8J7
Call log:
  - navigating to "https://www.flashscore.comhttps//www.flashscore.com/match/football/ascoli-hd6UOqvB/forli-fc-EF2WpDTI/?mid=Ozsam8J7", waiting until "domcontentloaded"

  [CRITICAL ERROR] Logging state for 'process_match_task_Ascoli_vs_Forli'. See 'Logs/Errors' folder.
    [Batch Start] Heaven Eleven vs Gardnersville: 08.12.2025 - 14:30
    [Batch Start] Carpi vs Vis Pesaro: 08.12.2025 - 14:30
      [Error] Match failed Heaven Eleven_vs_Gardnersville: Page.goto: net::ERR_NAME_NOT_RESOLVED at https://www.flashscore.comhttps//www.flashscore.com/match/football/gardnersville-ENOwpmY9/heaven-eleven-rZt0bocF/?mid=dzjg0ibm
Call log:
  - navigating to "https://www.flashscore.comhttps//www.flashscore.com/match/football/gardnersville-ENOwpmY9/heaven-eleven-rZt0bocF/?mid=dzjg0ibm", waiting until "domcontentloaded"

  [CRITICAL ERROR] Logging state for 'process_match_task_Heaven Eleven_vs_Gardnersville'. See 'Logs/Errors' folder.
      [Error] Match failed Carpi_vs_Vis Pesaro: Page.goto: net::ERR_NAME_NOT_RESOLVED at https://www.flashscore.comhttps//www.flashscore.com/match/football/carpi-4Mj4hjbN/vis-pesaro-pYTSXlNe/?mid=CAxg9ktR
Call log:
  - navigating to "https://www.flashscore.comhttps//www.flashscore.com/match/football/carpi-4Mj4hjbN/vis-pesaro-pYTSXlNe/?mid=CAxg9ktR", waiting until "domcontentloaded"

  [CRITICAL ERROR] Logging state for 'process_match_task_Carpi_vs_Vis Pesaro'. See 'Logs/Errors' folder.
    [Batch Start] SC Poltava vs Epitsentr: 08.12.2025 - 14:30
    [Batch Start] Pisa vs Parma: 08.12.2025 - 15:00
      [Error] Match failed Pisa_vs_Parma: Page.goto: net::ERR_NAME_NOT_RESOLVED at https://www.flashscore.comhttps//www.flashscore.com/match/football/parma-6DxlaxHN/pisa-roasMsOT/?mid=GIwRCpj4
Call log:
  - navigating to "https://www.flashscore.comhttps//www.flashscore.com/match/football/parma-6DxlaxHN/pisa-roasMsOT/?mid=GIwRCpj4", waiting until "domcontentloaded"

  [CRITICAL ERROR] Logging state for 'process_match_task_Pisa_vs_Parma'. See 'Logs/Errors' folder.
      [Error] Match failed SC Poltava_vs_Epitsentr: Page.goto: net::ERR_NAME_NOT_RESOLVED at https://www.flashscore.comhttps//www.flashscore.com/match/football/epitsentr-fsn6KO1s/sc-poltava-reGwCBEC/?mid=IimNbchC
Call log:
  - navigating to "https://www.flashscore.comhttps//www.flashscore.com/match/football/epitsentr-fsn6KO1s/sc-poltava-reGwCBEC/?mid=IimNbchC", waiting until "domcontentloaded"

  [CRITICAL ERROR] Logging state for 'process_match_task_SC Poltava_vs_Epitsentr'. See 'Logs/Errors' folder.
