    --- LEO: Initializing Databases ---      
     Initializing databases...

      --- LEO: Starting new cycle at 2025-12-12 12:35:35 --- 
     Launching new browser instance...

   [Phase 0] Checking for past matches to review...
--- LEO V2.5: Outcome Review Engine (Concurrent) ---
[Review] Found 0 past predictions to review (Limit: 50).
--- No new past matches to review. ---

   [Phase 1] Starting analysis engine (Flashscore)...

--- Running Flashscore Analysis ---
  [Navigation] Going to Flashscore...
  [Navigation] Flashscore loaded successfully.
    [AI INTEL] Selectors found for 'home_page'. Skipping AI analysis.
    [Resume] Last processed: ID YXKhmQFG on 12.12.2025

--- ANALYZING DATE: 12.12.2025 ---
    [AI INTEL] Selectors found for 'home_page'. Skipping AI analysis.
    [Extractor] Extracting match data from page...
    [Time Filter] Removed 17 past matches for today.
    [Matches Found] 118 valid fixtures. (Sorted by Time)
    [Resume] Checking for last processed ID: YXKhmQFG on this date.
    [Resume] Match found at index 1. Skipping 2 previously processed matches.
    [Batching] Processing 116 matches concurrently...
    [Batch Start] Bidco United vs Mathare Utd.: 12.12.2025 - 13:00
    [Batch Start] Kakamega Homeboyz vs Shabana: 12.12.2025 - 13:00
    [Batch Start] Lightstars vs Cote d'Or: 12.12.2025 - 13:00
    [Batch Start] Usce vs Dinamo Jug: 12.12.2025 - 13:00
    [Popup Handler] Clicked 'I understand' button via: button:has-text('I understand')
    [AI INTEL] Selectors found for 'match_page'. Skipping AI analysis.
    [Popup Handler] Clicked 'I understand' button via: button:has-text('I understand')
    [Popup Handler] Clicked 'I understand' button via: button:has-text('I understand')
    [AI INTEL] Selectors found for 'match_page'. Skipping AI analysis.
    [Popup Handler] Clicked 'I understand' button via: button:has-text('I understand')
    [Popup Handler] Clicked 'I understand' button via: button:has-text('I understand')
    [AI INTEL] Selectors found for 'match_page'. Skipping AI analysis.
    [Popup Handler] Clicked 'I understand' button via: button:has-text('I understand')
    [Popup Handler] Clicked 'I understand' button via: button:has-text('I understand')
    [AI INTEL] Selectors found for 'match_page'. Skipping AI analysis.
    [Popup Handler] Clicked 'I understand' button via: button:has-text('I understand')
    [Cookies] Accepted via OneTrust
    [H2H Expansion] Expanding available match history...
    [H2H Expansion] Expanding available match history...
    [H2H Expansion] Expanding available match history...
    [AI INTEL] Selectors found for 'h2h_tab'. Skipping AI analysis.
      [Extractor] Extracting H2H tab...
      [Extractor] Found 10 home, 10 away, 1 H2H matches.
      [OK H2H] H2H tab data extracted for Usce_vs_Dinamo Jug (21 matches found)
    [AI INTEL] Selectors found for 'h2h_tab'. Skipping AI analysis.
      [Extractor] Extracting H2H tab...
    [AI INTEL] Selectors found for 'h2h_tab'. Skipping AI analysis.
      [Extractor] Extracting H2H tab...
    [H2H Expansion] Expanding available match history...
    [AI INTEL] Selectors found for 'standings_tab'. Skipping AI analysis.
      [Extractor] Found 10 home, 10 away, 5 H2H matches.
      [OK H2H] H2H tab data extracted for Kakamega Homeboyz_vs_Shabana (25 matches found)
      [Extractor] Extracting Standings tab...
      [Extractor] Found 10 home, 10 away, 5 H2H matches.
      [OK H2H] H2H tab data extracted for Lightstars_vs_Cote d'Or (25 matches found)
    [H2H Expansion] Some expansion buttons failed, but continuing...
      [Extractor] Found 16 teams in standings for 'SERBIA - MOZZART BET PRVA LIGA - ROUND 22'.
      [DB] Updated standings for SERBIA - MOZZART BET PRVA LIGA - ROUND 22
      [OK Standing] Standings tab data extracted for SERBIA - MOZZART BET PRVA LIGA - ROUND 22
      [Extractor Validation] Updated League to: SERBIA - MOZZART BET PRVA LIGA - ROUND 22
      [DB] Updated standings for SERBIA - MOZZART BET PRVA LIGA - ROUND 22
      [OK Standing] Standings tab data extracted for SERBIA - MOZZART BET PRVA LIGA - ROUND 22
            [OK Signal] Usce_vs_Dinamo Jug
    [AI INTEL] Selectors found for 'standings_tab'. Skipping AI analysis.
    [AI INTEL] Selectors found for 'standings_tab'. Skipping AI analysis.
    [AI INTEL] Selectors found for 'h2h_tab'. Skipping AI analysis.
      [Extractor] Extracting H2H tab...
      [Extractor] Found 5 home, 5 away, 5 H2H matches.
      [OK H2H] H2H tab data extracted for Bidco United_vs_Mathare Utd. (15 matches found)
    [Cookies] Accepted via OneTrust
    [Cookies] Accepted via OneTrust
    [AI INTEL] Selectors found for 'standings_tab'. Skipping AI analysis.
      [Extractor] Extracting Standings tab...
      [Extractor] Found 10 teams in standings for 'SEYCHELLES - PREMIER LEAGUE - ROUND 7'.
      [DB] Updated standings for SEYCHELLES - PREMIER LEAGUE - ROUND 7
      [OK Standing] Standings tab data extracted for SEYCHELLES - PREMIER LEAGUE - ROUND 7
      [Extractor Validation] Updated League to: SEYCHELLES - PREMIER LEAGUE - ROUND 7
      [DB] Updated standings for SEYCHELLES - PREMIER LEAGUE - ROUND 7
      [OK Standing] Standings tab data extracted for SEYCHELLES - PREMIER LEAGUE - ROUND 7
            [OK Signal] Lightstars_vs_Cote d'Or
      [Extractor] Extracting Standings tab...
      [Extractor] Extracting Standings tab...
      [Extractor] Found 18 teams in standings for 'KENYA - PREMIER LEAGUE - ROUND 13'.
      [DB] Updated standings for KENYA - PREMIER LEAGUE - ROUND 13
      [OK Standing] Standings tab data extracted for KENYA - PREMIER LEAGUE - ROUND 13
      [Extractor Validation] Updated League to: KENYA - PREMIER LEAGUE - ROUND 13
      [DB] Updated standings for KENYA - PREMIER LEAGUE - ROUND 13
      [OK Standing] Standings tab data extracted for KENYA - PREMIER LEAGUE - ROUND 13
            [OK Signal] Kakamega Homeboyz_vs_Shabana
      [Extractor] Found 18 teams in standings for 'KENYA - PREMIER LEAGUE - ROUND 13'.
      [DB] Updated standings for KENYA - PREMIER LEAGUE - ROUND 13
      [OK Standing] Standings tab data extracted for KENYA - PREMIER LEAGUE - ROUND 13
      [Extractor Validation] Updated League to: KENYA - PREMIER LEAGUE - ROUND 13
      [DB] Updated standings for KENYA - PREMIER LEAGUE - ROUND 13
      [OK Standing] Standings tab data extracted for KENYA - PREMIER LEAGUE - ROUND 13
            [OK Signal] Bidco United_vs_Mathare Utd.
    [Batch Start] Al Jandal vs Al Jubail: 12.12.2025 - 13:25
    [Batch Start] Chonburi vs Kanchanaburi: 12.12.2025 - 13:00
    [Batch Start] Bourj FC vs Racing: 12.12.2025 - 13:15
    [Batch Start] Tadamon vs Nejmeh SC: 12.12.2025 - 13:15
    [Popup Handler] Clicked 'I understand' button via: button:has-text('I understand')
    [Popup Handler] Clicked 'I understand' button via: button:has-text('I understand')
    [AI INTEL] Selectors found for 'match_page'. Skipping AI analysis.
    [AI INTEL] Selectors found for 'match_page'. Skipping AI analysis.
    [Popup Handler] Clicked 'I understand' button via: button:has-text('I understand')
    [Popup Handler] Clicked 'I understand' button via: button:has-text('I understand')
    [Popup Handler] Clicked 'I understand' button via: button:has-text('I understand')
    [AI INTEL] Selectors found for 'match_page'. Skipping AI analysis.
    [Popup Handler] Clicked 'I understand' button via: button:has-text('I understand')
    [AI INTEL] Selectors found for 'match_page'. Skipping AI analysis.
    [Popup Handler] Clicked 'I understand' button via: button:has-text('I understand')
    [Popup Handler] Clicked 'I understand' button via: button:has-text('I understand')
    [H2H Expansion] Expanding available match history...
    [H2H Expansion] Expanding available match history...
    [H2H Expansion] No expansion buttons found or failed to load.
    [AI INTEL] Selectors found for 'h2h_tab'. Skipping AI analysis.
      [Extractor] Extracting H2H tab...
    [AI INTEL] Selectors found for 'h2h_tab'. Skipping AI analysis.
      [Extractor] Extracting H2H tab...
      [Extractor] Found 10 home, 10 away, 5 H2H matches.
      [OK H2H] H2H tab data extracted for Bourj FC_vs_Racing (25 matches found)
    [AI INTEL] Selectors found for 'h2h_tab'. Skipping AI analysis.
      [Extractor] Extracting H2H tab...
    [H2H Expansion] No expansion buttons found or failed to load.
    [AI INTEL] Selectors found for 'standings_tab'. Skipping AI analysis.
      [Extractor] Found 10 home, 10 away, 2 H2H matches.
      [OK H2H] H2H tab data extracted for Chonburi_vs_Kanchanaburi (22 matches found)
    [AI INTEL] Selectors found for 'h2h_tab'. Skipping AI analysis.
      [Extractor] Extracting H2H tab...
    [Cookies] Accepted via OneTrust
    [AI INTEL] Selectors found for 'standings_tab'. Skipping AI analysis.
      [Extractor] Found 5 home, 5 away, 2 H2H matches.
      [OK H2H] H2H tab data extracted for Al Jandal_vs_Al Jubail (12 matches found)
      [Extractor] Extracting Standings tab...
    [Cookies] Accepted via OneTrust
    [AI INTEL] Selectors found for 'standings_tab'. Skipping AI analysis.
      [Extractor] Found 12 teams in standings for 'LEBANON - PREMIER LEAGUE - ROUND 9'.
      [DB] Updated standings for LEBANON - PREMIER LEAGUE - ROUND 9
      [OK Standing] Standings tab data extracted for LEBANON - PREMIER LEAGUE - ROUND 9
      [Extractor Validation] Updated League to: LEBANON - PREMIER LEAGUE - ROUND 9
      [DB] Updated standings for LEBANON - PREMIER LEAGUE - ROUND 9
      [OK Standing] Standings tab data extracted for LEBANON - PREMIER LEAGUE - ROUND 9
            [OK Signal] Bourj FC_vs_Racing
    [Cookies] Accepted via OneTrust
      [Extractor] Extracting Standings tab...
      [Extractor] Extracting Standings tab...
    [Batch Start] Abha vs Al-Ula: 12.12.2025 - 13:30
      [Extractor] Found 5 home, 5 away, 5 H2H matches.
      [OK H2H] H2H tab data extracted for Tadamon_vs_Nejmeh SC (15 matches found)
      [Extractor] Warning: No standings table rows found.
      [Extractor Validation] Updated League to: SAUDI ARABIA - DIVISION 1 - ROUND 11
            [OK Signal] Al Jandal_vs_Al Jubail
      [Extractor] Found 16 teams in standings for 'THAILAND - THAI LEAGUE 1 - ROUND 15'.
      [DB] Updated standings for THAILAND - THAI LEAGUE 1 - ROUND 15
      [OK Standing] Standings tab data extracted for THAILAND - THAI LEAGUE 1 - ROUND 15
      [Extractor Validation] Updated League to: THAILAND - THAI LEAGUE 1 - ROUND 15
      [DB] Updated standings for THAILAND - THAI LEAGUE 1 - ROUND 15
      [OK Standing] Standings tab data extracted for THAILAND - THAI LEAGUE 1 - ROUND 15
            [OK Signal] Chonburi_vs_Kanchanaburi
    [AI INTEL] Selectors found for 'standings_tab'. Skipping AI analysis.
    [Cookies] Accepted via OneTrust
    [Batch Start] Don Bosco vs Tshikas: 12.12.2025 - 14:00
      [Extractor] Extracting Standings tab...
    [Batch Start] H. Raanana vs Nof Hagalil: 12.12.2025 - 14:00
      [Extractor] Warning: No standings table rows found.
      [Extractor Validation] Updated League to: LEBANON - PREMIER LEAGUE - ROUND 9
            [OK Signal] Tadamon_vs_Nejmeh SC
    [Batch Start] Hapoel Hadera vs Hap. Ramat Gan: 12.12.2025 - 14:00
    [Popup Handler] Clicked 'I understand' button via: button:has-text('I understand')
    [AI INTEL] Selectors found for 'match_page'. Skipping AI analysis.
    [Popup Handler] Clicked 'I understand' button via: button:has-text('I understand')
    [Popup Handler] Clicked 'I understand' button via: button:has-text('I understand')
    [AI INTEL] Selectors found for 'match_page'. Skipping AI analysis.
    [Popup Handler] Clicked 'I understand' button via: button:has-text('I understand')
    [Popup Handler] Clicked 'I understand' button via: button:has-text('I understand')
    [AI INTEL] Selectors found for 'match_page'. Skipping AI analysis.
    [Popup Handler] Clicked 'I understand' button via: button:has-text('I understand')
    [H2H Expansion] Expanding available match history...
    [H2H Expansion] Some expansion buttons failed, but continuing...
    [H2H Expansion] Expanding available match history...
    [AI INTEL] Selectors found for 'h2h_tab'. Skipping AI analysis.
      [Extractor] Extracting H2H tab...
    [H2H Expansion] Expanding available match history...
      [Extractor] Found 10 home, 5 away, 0 H2H matches.
      [OK H2H] H2H tab data extracted for Abha_vs_Al-Ula (15 matches found)
    [AI INTEL] Selectors found for 'h2h_tab'. Skipping AI analysis.
      [Extractor] Extracting H2H tab...
    [AI INTEL] Selectors found for 'standings_tab'. Skipping AI analysis.
    [Popup Handler] Clicked 'I understand' button via: button:has-text('I understand')
    [AI INTEL] Selectors found for 'match_page'. Skipping AI analysis.
    [Popup Handler] Clicked 'I understand' button via: button:has-text('I understand')
    [Cookies] Accepted via OneTrust
      [Extractor] Found 10 home, 10 away, 5 H2H matches.
      [OK H2H] H2H tab data extracted for H. Raanana_vs_Nof Hagalil (25 matches found)
    [AI INTEL] Selectors found for 'h2h_tab'. Skipping AI analysis.
      [Extractor] Extracting H2H tab...
    [AI INTEL] Selectors found for 'standings_tab'. Skipping AI analysis.
    [Cookies] Accepted via OneTrust
      [Extractor] Extracting Standings tab...
      [Extractor] Found 10 home, 9 away, 0 H2H matches.
      [OK H2H] H2H tab data extracted for Don Bosco_vs_Tshikas (19 matches found)
      [Extractor] Extracting Standings tab...
      [Extractor] Warning: No standings table rows found.
      [Extractor Validation] Updated League to: SAUDI ARABIA - DIVISION 1 - ROUND 11
            [OK Signal] Abha_vs_Al-Ula
    [H2H Expansion] No expansion buttons found or failed to load.
    [AI INTEL] Selectors found for 'standings_tab'. Skipping AI analysis.
    [Cookies] Accepted via OneTrust
    [AI INTEL] Selectors found for 'h2h_tab'. Skipping AI analysis.
      [Extractor] Extracting H2H tab...
      [Extractor] Extracting Standings tab...
    [Batch Start] Maccabi Jaffa vs Hapoel Kfar Shalem: 12.12.2025 - 14:00
      [Error] Match failed Maccabi Jaffa_vs_Hapoel Kfar Shalem: Page.goto: net::ERR_NAME_NOT_RESOLVED at https://www.flashscore.com/match/football/hapoel-kfar-shalem-hjn53BuM/maccabi-jaffa-rwgzOnGd/?mid=KYf0AWR9
Call log:
  - navigating to "https://www.flashscore.com/match/football/hapoel-kfar-shalem-hjn53BuM/maccabi-jaffa-rwgzOnGd/?mid=KYf0AWR9", waiting until "domcontentloaded"

  [CRITICAL ERROR] Logging state for 'process_match_task_Maccabi Jaffa_vs_Hapoel Kfar Shalem'. See 'Logs/Errors' folder.
      [Extractor] Warning: No standings table rows found.
      [Extractor Validation] Updated League to: ISRAEL - LEUMIT LEAGUE - ROUND 15
            [OK Signal] H. Raanana_vs_Nof Hagalil
      [Extractor] Warning: No standings table rows found.
      [Extractor Validation] Updated League to: DR CONGO - LIGUE 1 - ROUND 5
            [OK Signal] Don Bosco_vs_Tshikas
    [Batch Start] Maccabi Petah Tikva vs H. Ironi Rishon: 12.12.2025 - 14:00
    [Batch Start] MS Kafr Qasim vs Ironi Modiin: 12.12.2025 - 14:00
      [Error] Match failed Maccabi Petah Tikva_vs_H. Ironi Rishon: Page.goto: net::ERR_NAME_NOT_RESOLVED at https://www.flashscore.com/match/football/h-ironi-rishon-nNbDAhrs/maccabi-petah-tikva-tzLcThTm/?mid=Sbb88AdM
Call log:
  - navigating to "https://www.flashscore.com/match/football/h-ironi-rishon-nNbDAhrs/maccabi-petah-tikva-tzLcThTm/?mid=Sbb88AdM", waiting until "domcontentloaded"

  [CRITICAL ERROR] Logging state for 'process_match_task_Maccabi Petah Tikva_vs_H. Ironi Rishon'. See 'Logs/Errors' folder.
      [Error] Match failed MS Kafr Qasim_vs_Ironi Modiin: Page.goto: net::ERR_NAME_NOT_RESOLVED at https://www.flashscore.com/match/football/ironi-modiin-zsnMjzSE/ms-kafr-qasim-KtEMhbTp/?mid=hUsY6cLH
Call log:
  - navigating to "https://www.flashscore.com/match/football/ironi-modiin-zsnMjzSE/ms-kafr-qasim-KtEMhbTp/?mid=hUsY6cLH", waiting until "domcontentloaded"

  [CRITICAL ERROR] Logging state for 'process_match_task_MS Kafr Qasim_vs_Ironi Modiin'. See 'Logs/Errors' folder.
    [Batch Start] Bologna U20 vs AC Milan U20: 12.12.2025 - 14:00
      [Error] Match failed Bologna U20_vs_AC Milan U20: Page.goto: net::ERR_NAME_NOT_RESOLVED at https://www.flashscore.com/match/football/ac-milan-UTnkO11b/bologna-xx5LOEnH/?mid=67jgRvAc
Call log:
  - navigating to "https://www.flashscore.com/match/football/ac-milan-UTnkO11b/bologna-xx5LOEnH/?mid=67jgRvAc", waiting until "domcontentloaded"

  [CRITICAL ERROR] Logging state for 'process_match_task_Bologna U20_vs_AC Milan U20'. See 'Logs/Errors' folder.

   --- LEO: Shutting down gracefully. ---
