    --- LEO: Initializing Databases ---      
     Initializing databases...

      --- LEO: Starting new cycle at 2025-12-10 17:18:35 --- 
     Launching new browser instance...

   [Phase 0] Checking for past matches to review...
--- LEO V2.5: Outcome Review Engine (Concurrent) ---
[Review] Found 0 past predictions to review (Limit: 50).
--- No new past matches to review. ---

   [Phase 1] Starting analysis engine (Flashscore)...

--- Running Flashscore Analysis ---
  [Navigation] Going to Flashscore...
  [Navigation] Flashscore loaded successfully.
    [AI INTEL] Selectors found for 'home_page'. Skipping AI analysis.

--- ANALYZING DATE: 10.12.2025 ---
    [AI INTEL] Selectors found for 'home_page'. Skipping AI analysis.
    [Info] Clicked scheduled tab.
    [Cookies] Accepted via OneTrust
    [Extractor] Extracting match data from page...
    [Time Filter] Removed 7 past matches for today.
    [Matches Found] 53 valid fixtures. (Sorted by Time)
    [Batching] Processing 53 matches concurrently...
    [Batch Start] Cruz Azul vs Flamengo RJ: 10.12.2025 - 18:00
    [Popup Handler] Clicked 'I understand' button via: button:has-text('I understand')
    [AI INTEL] Selectors found for 'match_page'. Skipping AI analysis.
    [Cookies] Accepted via OneTrust
    [Popup Handler] Clicked 'I understand' button via: button:has-text('I understand')
    [H2H Expansion] Expanding available match history...
    [H2H Expansion] Some expansion buttons failed, but continuing...
    [AI INTEL] Selectors found for 'h2h_tab'. Skipping AI analysis.
      [Extractor] Extracting H2H tab...
      [Extractor] Found 5 home, 5 away, 0 H2H matches.
      [✅ H2H] H2H tab data extracted for Cruz Azul_vs_Flamengo RJ (10 matches found)
    [Enrichment] Starting to enrich 10 newly found past matches...
    [Enrichment] Past match enrichment complete.
    [AI INTEL] Selectors found for 'standings_tab'. Skipping AI analysis.
      [Extractor] Extracting Standings tab...

   --- LEO: Shutting down gracefully. ---
