--- LEO: Initializing Databases ---
Initializing databases...
    [Init] Creating schedules.csv...
    [Init] Creating teams.csv...

--- LEO: Starting new cycle at 2025-12-08 17:40:05 ---

[Phase 0] Checking for past matches to review...
--- LEO V2.5: Outcome Review Engine (Concurrent) ---
[Review] Found 0 past predictions to review (Limit: 50).
--- No new past matches to review. ---

[Phase 1] Starting analysis engine (Flashscore)...

--- Running Flashscore Analysis ---
  [Navigation] Going to Flashscore...
  [Navigation] Flashscore loaded successfully.
    [AI INTEL] Selectors found for 'home_page'. Skipping AI analysis.

--- ANALYZING DATE: 08.12.2025 ---
    [AI INTEL] Selectors found for 'home_page'. Skipping AI analysis.
    [Info] Clicked scheduled tab.
    [Extractor] Extracting match data from page...
    [Time Filter] Removed 13 past matches for today.
    [Matches Found] 45 valid fixtures. (Sorted by Time)
    [Batching] Processing 45 matches concurrently...
    [Batch Start] Kabylie vs USM Alger: 08.12.2025 - 17:45
    [Batch Start] Udinese vs Genoa: 08.12.2025 - 18:00
    [Batch Start] Morocco vs Saudi Arabia: 08.12.2025 - 18:00
    [Batch Start] Oman vs Comoros: 08.12.2025 - 18:00
    [Popup Handler] Clicked 'I understand' button via: button:has-text('I understand')
    [Popup Handler] Clicked 'I understand' button via: button:has-text('I understand')
    [Popup Handler] Clicked 'I understand' button via: button:has-text('I understand')
    [Popup Handler] Clicked 'I understand' button via: button:has-text('I understand')
    [AI INTEL] Selectors found for 'h2h_tab'. Skipping AI analysis.
    [Cookies] Accepted via OneTrust
    [AI INTEL] Selectors found for 'h2h_tab'. Skipping AI analysis.
    [Popup Handler] Clicked 'I understand' button via: button:has-text('I understand')
    [H2H Expansion] Found 2 'Show more matches' buttons. Clicking them...
    [Cookies] Accepted via OneTrust
    [Popup Handler] Clicked 'I understand' button via: button:has-text('I understand')
    [H2H Expansion] Found 3 'Show more matches' buttons. Clicking them...
    [AI INTEL] Selectors found for 'h2h_tab'. Skipping AI analysis.
    [AI INTEL] Selectors found for 'h2h_tab'. Skipping AI analysis.
    [Cookies] Accepted via OneTrust
    [Popup Handler] Clicked 'I understand' button via: button:has-text('I understand')
      [Extractor] Extracting H2H tab...
    [H2H Expansion] Found 3 'Show more matches' buttons. Clicking them...
    [Cookies] Accepted via OneTrust
      [Warning] Failed to fully load/expand H2H tab for Morocco_vs_Saudi Arabia: Page.evaluate: SyntaxError: Failed to execute 'querySelectorAll' on 'Document': 'div.h2h__section:has([data-testid="wcl-headerSection-text"] span[data-testid="wcl-scores-overline-02"]:contains("Last matches: Chengdu Rongcheng")) .h2h__row' is not a valid selector.
    at eval (eval at evaluate (:291:30), <anonymous>:31:50)
    at UtilityScript.evaluate (<anonymous>:298:18)
    at UtilityScript.<anonymous> (<anonymous>:1:44)
    [Popup Handler] Clicked 'I understand' button via: button:has-text('I understand')
    [AI INTEL] Selectors found for 'standings_tab'. Skipping AI analysis.
    [H2H Expansion] Found 2 'Show more matches' buttons. Clicking them...
      [Extractor] Extracting H2H tab...
      [Warning] Failed to fully load/expand H2H tab for Kabylie_vs_USM Alger: Page.evaluate: SyntaxError: Failed to execute 'querySelectorAll' on 'Document': 'div.h2h__section:has([data-testid="wcl-headerSection-text"] span[data-testid="wcl-scores-overline-02"]:contains("Last matches: Chengdu Rongcheng")) .h2h__row' is not a valid selector.
    at eval (eval at evaluate (:291:30), <anonymous>:31:50)
    at UtilityScript.evaluate (<anonymous>:298:18)
    at UtilityScript.<anonymous> (<anonymous>:1:44)
    [AI INTEL] Selectors found for 'standings_tab'. Skipping AI analysis.
      [Warning] Failed to fully load/expand H2H tab for Oman_vs_Comoros: Locator.click: Timeout 3000ms exceeded.
Call log:
  - waiting for locator("button:has-text('Show more matches'), a:has-text('Show more matches')").first
    - locator resolved to <button data-testid="wcl-buttonLink" class="wclButtonLink wclButtonLink--h2h wcl-buttonLink_jmSkY wcl-primary_aIST5 wcl-underline_rL72U">…</button>
  - attempting click action
    2 × waiting for element to be visible, enabled and stable
      - element is visible, enabled and stable
      - scrolling into view if needed
      - done scrolling
      - <iframe width="728px" height="90px" scrolling="no" class="zone__content"></iframe> from <div data-zone-group="responsive_detail_fixed_bottom" id="zoneContainer-responsive_detail_fixed_bottom" class="zone zone__responsive_detail_fixed_bottom zone--skeletonEnabled zone--placeholderDisabled zone--labelPositionBottom zone--loaded">…</div> subtree intercepts pointer events
    - retrying click action
    - waiting 20ms
    - waiting for element to be visible, enabled and stable
    - element is visible, enabled and stable
    - scrolling into view if needed
    - done scrolling
    - performing click action

      [Extractor] Extracting Standings tab...
      [Extractor] Found 0 teams in the standings table.
      [❌ No Signal] Morocco_vs_Saudi Arabia
      [Extractor] Extracting H2H tab...
      [Extractor] Extracting Standings tab...
      [Extractor] Found 0 teams in the standings table.
      [❌ No Signal] Kabylie_vs_USM Alger
      [Warning] Failed to fully load/expand H2H tab for Udinese_vs_Genoa: Page.evaluate: SyntaxError: Failed to execute 'querySelectorAll' on 'Document': 'div.h2h__section:has([data-testid="wcl-headerSection-text"] span[data-testid="wcl-scores-overline-02"]:contains("Last matches: Chengdu Rongcheng")) .h2h__row' is not a valid selector.
    at eval (eval at evaluate (:291:30), <anonymous>:31:50)
    at UtilityScript.evaluate (<anonymous>:298:18)
    at UtilityScript.<anonymous> (<anonymous>:1:44)
    [AI INTEL] Selectors found for 'standings_tab'. Skipping AI analysis.
    [AI INTEL] Selectors found for 'standings_tab'. Skipping AI analysis.
    [Batch Start] Sloga Doboj vs Prijedor: 08.12.2025 - 18:00
      [Extractor] Extracting Standings tab...
      [Extractor] Found 0 teams in the standings table.
      [❌ No Signal] Oman_vs_Comoros
    [Batch Start] Hamburger SV W vs Koln W: 08.12.2025 - 18:00
      [Extractor] Extracting Standings tab...
      [Extractor] Found 0 teams in the standings table.
      [❌ No Signal] Udinese_vs_Genoa
    [Batch Start] Hapoel Kfar Shalem vs H. Akko: 08.12.2025 - 18:00
    [Batch Start] Ironi Modiin vs H. Raanana: 08.12.2025 - 18:00
    [Popup Handler] Clicked 'I understand' button via: button:has-text('I understand')
    [Popup Handler] Clicked 'I understand' button via: button:has-text('I understand')
    [Popup Handler] Clicked 'I understand' button via: button:has-text('I understand')
    [Popup Handler] Clicked 'I understand' button via: button:has-text('I understand')
    [AI INTEL] Selectors found for 'h2h_tab'. Skipping AI analysis.
    [Cookies] Accepted via OneTrust
    [Popup Handler] Clicked 'I understand' button via: button:has-text('I understand')
    [H2H Expansion] Found 2 'Show more matches' buttons. Clicking them...
    [AI INTEL] Selectors found for 'h2h_tab'. Skipping AI analysis.
    [Cookies] Accepted via OneTrust
    [AI INTEL] Selectors found for 'h2h_tab'. Skipping AI analysis.
    [Popup Handler] Clicked 'I understand' button via: button:has-text('I understand')
    [H2H Expansion] Found 3 'Show more matches' buttons. Clicking them...
    [Cookies] Accepted via OneTrust
      [Extractor] Extracting H2H tab...
    [AI INTEL] Selectors found for 'h2h_tab'. Skipping AI analysis.
    [Popup Handler] Clicked 'I understand' button via: button:has-text('I understand')
    [H2H Expansion] Found 2 'Show more matches' buttons. Clicking them...
    [Cookies] Accepted via OneTrust
      [Warning] Failed to fully load/expand H2H tab for Hamburger SV W_vs_Koln W: Page.evaluate: SyntaxError: Failed to execute 'querySelectorAll' on 'Document': 'div.h2h__section:has([data-testid="wcl-headerSection-text"] span[data-testid="wcl-scores-overline-02"]:contains("Last matches: Chengdu Rongcheng")) .h2h__row' is not a valid selector.
    at eval (eval at evaluate (:291:30), <anonymous>:31:50)
    at UtilityScript.evaluate (<anonymous>:298:18)
    at UtilityScript.<anonymous> (<anonymous>:1:44)
    [Popup Handler] Clicked 'I understand' button via: button:has-text('I understand')
    [H2H Expansion] Found 2 'Show more matches' buttons. Clicking them...
      [Warning] Failed to fully load/expand H2H tab for Hapoel Kfar Shalem_vs_H. Akko: Locator.click: Timeout 3000ms exceeded.
Call log:
  - waiting for locator("button:has-text('Show more matches'), a:has-text('Show more matches')").first
    - locator resolved to <button data-testid="wcl-buttonLink" class="wclButtonLink wclButtonLink--h2h wcl-buttonLink_jmSkY wcl-primary_aIST5 wcl-underline_rL72U">…</button>
  - attempting click action
    - waiting for element to be visible, enabled and stable
    - element is visible, enabled and stable
    - scrolling into view if needed
    - done scrolling
    - performing click action
    - click action done
    - waiting for scheduled navigations to finish

    [AI INTEL] Selectors found for 'standings_tab'. Skipping AI analysis.
