    --- LEO: Initializing Databases ---      
     Initializing databases...

      --- LEO: Starting new cycle at 2025-12-10 18:09:30 --- 
     Launching new browser instance...

   [Phase 0] Checking for past matches to review...
--- LEO V2.5: Outcome Review Engine (Concurrent) ---
[Review] Found 0 past predictions to review (Limit: 50).
--- No new past matches to review. ---

   [Phase 1] Starting analysis engine (Flashscore)...

--- Running Flashscore Analysis ---
  [Navigation] Going to Flashscore...
  [Navigation] Flashscore loaded successfully.
    [AI INTEL] Selectors found for 'home_page'. Skipping AI analysis.

--- ANALYZING DATE: 10.12.2025 ---
    [AI INTEL] Selectors found for 'home_page'. Skipping AI analysis.
    [Cookies] Accepted via text: I Accept
    [Info] Clicked scheduled tab.
    [Extractor] Extracting match data from page...
    [Time Filter] Removed 6 past matches for today.
    [Matches Found] 45 valid fixtures. (Sorted by Time)
    [Batching] Processing 45 matches concurrently...
    [Batch Start] Qarabag vs Ajax: 10.12.2025 - 18:45
    [Popup Handler] Clicked 'I understand' button via: button:has-text('I understand')
    [AI INTEL] Selectors found for 'match_page'. Skipping AI analysis.
    [Cookies] Accepted via OneTrust
    [Popup Handler] Clicked 'I understand' button via: button:has-text('I understand')
    [H2H Expansion] Expanding available match history...
    [AI INTEL] Selectors found for 'h2h_tab'. Skipping AI analysis.
      [Extractor] Extracting H2H tab...
      [Extractor] Found 10 home, 10 away, 1 H2H matches.
      [Warning] Failed to fully load/expand H2H tab for Qarabag_vs_Ajax: unhashable type: 'dict'
    [AI INTEL] Starting Full Discovery for context: 'standings_tab' (Force: False)...
    [AI INTEL] Capturing page state for 'standings_tab'...
    [VISION] Analyzing screenshot: standings_tab.png
    [VISION ERROR] Failed to analyze screenshot: 400 API key not valid. Please pass a valid API key. [reason: "API_KEY_INVALID"
domain: "googleapis.com"
metadata {
  key: "service"
  value: "generativelanguage.googleapis.com"
}
, locale: "en-US"
message: "API key not valid. Please pass a valid API key."
]
      [Extractor] Extracting Standings tab...
    [Auto-Heal] Selector 'standings_table' in 'standings_tab' invalid/missing. Initiating AI repair...
    [AI INTEL] Starting Full Discovery for context: 'standings_tab' (Force: True)...
    [AI INTEL] Capturing page state for 'standings_tab'...
    [VISION] Analyzing screenshot: standings_tab.png
    [VISION ERROR] Failed to analyze screenshot: 400 API key not valid. Please pass a valid API key. [reason: "API_KEY_INVALID"
domain: "googleapis.com"
metadata {
  key: "service"
  value: "generativelanguage.googleapis.com"
}
, locale: "en-US"
message: "API key not valid. Please pass a valid API key."
]
    [Auto-Heal Failed] AI could not find 'standings_table' even after refresh.
    [Auto-Heal] Selector 'standings_table_body' in 'standings_tab' invalid/missing. Initiating AI repair...
    [AI INTEL] Starting Full Discovery for context: 'standings_tab' (Force: True)...
    [AI INTEL] Capturing page state for 'standings_tab'...
    [VISION] Analyzing screenshot: standings_tab.png
    [VISION ERROR] Failed to analyze screenshot: 400 API key not valid. Please pass a valid API key. [reason: "API_KEY_INVALID"
domain: "googleapis.com"
metadata {
  key: "service"
  value: "generativelanguage.googleapis.com"
}
, locale: "en-US"
message: "API key not valid. Please pass a valid API key."
]
    [Auto-Heal Failed] AI could not find 'standings_table_body' even after refresh.
    [Auto-Heal] Selector 'standings_header_row' in 'standings_tab' invalid/missing. Initiating AI repair...
    [AI INTEL] Starting Full Discovery for context: 'standings_tab' (Force: True)...
    [AI INTEL] Capturing page state for 'standings_tab'...
    [VISION] Analyzing screenshot: standings_tab.png
    [VISION ERROR] Failed to analyze screenshot: 400 API key not valid. Please pass a valid API key. [reason: "API_KEY_INVALID"
domain: "googleapis.com"
metadata {
  key: "service"
  value: "generativelanguage.googleapis.com"
}
, locale: "en-US"
message: "API key not valid. Please pass a valid API key."
]
    [Auto-Heal Failed] AI could not find 'standings_header_row' even after refresh.
    [Auto-Heal] Selector 'standings_row' in 'standings_tab' invalid/missing. Initiating AI repair...
    [AI INTEL] Starting Full Discovery for context: 'standings_tab' (Force: True)...
    [AI INTEL] Capturing page state for 'standings_tab'...
    [VISION] Analyzing screenshot: standings_tab.png
    [VISION ERROR] Failed to analyze screenshot: 400 API key not valid. Please pass a valid API key. [reason: "API_KEY_INVALID"
domain: "googleapis.com"
metadata {
  key: "service"
  value: "generativelanguage.googleapis.com"
}
, locale: "en-US"
message: "API key not valid. Please pass a valid API key."
]
    [Auto-Heal Failed] AI could not find 'standings_row' even after refresh.
    [Auto-Heal] Selector 'standings_col_rank' in 'standings_tab' invalid/missing. Initiating AI repair...
    [AI INTEL] Starting Full Discovery for context: 'standings_tab' (Force: True)...
    [AI INTEL] Capturing page state for 'standings_tab'...
    [VISION] Analyzing screenshot: standings_tab.png
    [VISION ERROR] Failed to analyze screenshot: 400 API key not valid. Please pass a valid API key. [reason: "API_KEY_INVALID"
domain: "googleapis.com"
metadata {
  key: "service"
  value: "generativelanguage.googleapis.com"
}
, locale: "en-US"
message: "API key not valid. Please pass a valid API key."
]
    [Auto-Heal Failed] AI could not find 'standings_col_rank' even after refresh.
    [Auto-Heal] Selector 'standings_col_team_name' in 'standings_tab' invalid/missing. Initiating AI repair...
    [AI INTEL] Starting Full Discovery for context: 'standings_tab' (Force: True)...
    [AI INTEL] Capturing page state for 'standings_tab'...
    [VISION] Analyzing screenshot: standings_tab.png
    [VISION ERROR] Failed to analyze screenshot: 400 API key not valid. Please pass a valid API key. [reason: "API_KEY_INVALID"
domain: "googleapis.com"
metadata {
  key: "service"
  value: "generativelanguage.googleapis.com"
}
, locale: "en-US"
message: "API key not valid. Please pass a valid API key."
]
    [Auto-Heal Failed] AI could not find 'standings_col_team_name' even after refresh.
    [Auto-Heal] Selector 'standings_col_team_link' in 'standings_tab' invalid/missing. Initiating AI repair...
    [AI INTEL] Starting Full Discovery for context: 'standings_tab' (Force: True)...
    [AI INTEL] Capturing page state for 'standings_tab'...
    [VISION] Analyzing screenshot: standings_tab.png
    [VISION ERROR] Failed to analyze screenshot: 400 API key not valid. Please pass a valid API key. [reason: "API_KEY_INVALID"
domain: "googleapis.com"
metadata {
  key: "service"
  value: "generativelanguage.googleapis.com"
}
, locale: "en-US"
message: "API key not valid. Please pass a valid API key."
]
    [Auto-Heal Failed] AI could not find 'standings_col_team_link' even after refresh.
    [Auto-Heal] Selector 'standings_col_team_logo' in 'standings_tab' invalid/missing. Initiating AI repair...
    [AI INTEL] Starting Full Discovery for context: 'standings_tab' (Force: True)...
    [AI INTEL] Capturing page state for 'standings_tab'...
    [VISION] Analyzing screenshot: standings_tab.png
    [VISION ERROR] Failed to analyze screenshot: 400 API key not valid. Please pass a valid API key. [reason: "API_KEY_INVALID"
domain: "googleapis.com"
metadata {
  key: "service"
  value: "generativelanguage.googleapis.com"
}
, locale: "en-US"
message: "API key not valid. Please pass a valid API key."
]
    [Auto-Heal Failed] AI could not find 'standings_col_team_logo' even after refresh.
    [Auto-Heal] Selector 'standings_col_matches_played' in 'standings_tab' invalid/missing. Initiating AI repair...
    [AI INTEL] Starting Full Discovery for context: 'standings_tab' (Force: True)...
    [AI INTEL] Capturing page state for 'standings_tab'...
    [VISION] Analyzing screenshot: standings_tab.png
    [VISION ERROR] Failed to analyze screenshot: 400 API key not valid. Please pass a valid API key. [reason: "API_KEY_INVALID"
domain: "googleapis.com"
metadata {
  key: "service"
  value: "generativelanguage.googleapis.com"
}
, locale: "en-US"
message: "API key not valid. Please pass a valid API key."
]
    [Auto-Heal Failed] AI could not find 'standings_col_matches_played' even after refresh.
    [Auto-Heal] Selector 'standings_col_wins' in 'standings_tab' invalid/missing. Initiating AI repair...
    [AI INTEL] Starting Full Discovery for context: 'standings_tab' (Force: True)...
    [AI INTEL] Capturing page state for 'standings_tab'...
    [VISION] Analyzing screenshot: standings_tab.png
    [VISION ERROR] Failed to analyze screenshot: 400 API key not valid. Please pass a valid API key. [reason: "API_KEY_INVALID"
domain: "googleapis.com"
metadata {
  key: "service"
  value: "generativelanguage.googleapis.com"
}
, locale: "en-US"
message: "API key not valid. Please pass a valid API key."
]
    [Auto-Heal Failed] AI could not find 'standings_col_wins' even after refresh.
    [Auto-Heal] Selector 'standings_col_draws' in 'standings_tab' invalid/missing. Initiating AI repair...
    [AI INTEL] Starting Full Discovery for context: 'standings_tab' (Force: True)...
    [AI INTEL] Capturing page state for 'standings_tab'...
    [VISION] Analyzing screenshot: standings_tab.png
    [VISION ERROR] Failed to analyze screenshot: 400 API key not valid. Please pass a valid API key. [reason: "API_KEY_INVALID"
domain: "googleapis.com"
metadata {
  key: "service"
  value: "generativelanguage.googleapis.com"
}
, locale: "en-US"
message: "API key not valid. Please pass a valid API key."
]
    [Auto-Heal Failed] AI could not find 'standings_col_draws' even after refresh.
    [Auto-Heal] Selector 'standings_col_losses' in 'standings_tab' invalid/missing. Initiating AI repair...
    [AI INTEL] Starting Full Discovery for context: 'standings_tab' (Force: True)...
    [AI INTEL] Capturing page state for 'standings_tab'...
    [VISION] Analyzing screenshot: standings_tab.png
    [VISION ERROR] Failed to analyze screenshot: 400 API key not valid. Please pass a valid API key. [reason: "API_KEY_INVALID"
domain: "googleapis.com"
metadata {
  key: "service"
  value: "generativelanguage.googleapis.com"
}
, locale: "en-US"
message: "API key not valid. Please pass a valid API key."
]
    [Auto-Heal Failed] AI could not find 'standings_col_losses' even after refresh.
    [Auto-Heal] Selector 'standings_col_goals' in 'standings_tab' invalid/missing. Initiating AI repair...
    [AI INTEL] Starting Full Discovery for context: 'standings_tab' (Force: True)...
    [AI INTEL] Capturing page state for 'standings_tab'...
    [VISION] Analyzing screenshot: standings_tab.png
    [VISION ERROR] Failed to analyze screenshot: 400 API key not valid. Please pass a valid API key. [reason: "API_KEY_INVALID"
domain: "googleapis.com"
metadata {
  key: "service"
  value: "generativelanguage.googleapis.com"
}
, locale: "en-US"
message: "API key not valid. Please pass a valid API key."
]
    [Auto-Heal Failed] AI could not find 'standings_col_goals' even after refresh.
    [Auto-Heal] Selector 'standings_col_goal_diff' in 'standings_tab' invalid/missing. Initiating AI repair...
    [AI INTEL] Starting Full Discovery for context: 'standings_tab' (Force: True)...
    [AI INTEL] Capturing page state for 'standings_tab'...
    [VISION] Analyzing screenshot: standings_tab.png
    [VISION ERROR] Failed to analyze screenshot: 400 API key not valid. Please pass a valid API key. [reason: "API_KEY_INVALID"
domain: "googleapis.com"
metadata {
  key: "service"
  value: "generativelanguage.googleapis.com"
}
, locale: "en-US"
message: "API key not valid. Please pass a valid API key."
]
    [Auto-Heal Failed] AI could not find 'standings_col_goal_diff' even after refresh.
    [Auto-Heal] Selector 'standings_col_points' in 'standings_tab' invalid/missing. Initiating AI repair...
    [AI INTEL] Starting Full Discovery for context: 'standings_tab' (Force: True)...
    [AI INTEL] Capturing page state for 'standings_tab'...
    [VISION] Analyzing screenshot: standings_tab.png
    [VISION ERROR] Failed to analyze screenshot: 400 API key not valid. Please pass a valid API key. [reason: "API_KEY_INVALID"
domain: "googleapis.com"
metadata {
  key: "service"
  value: "generativelanguage.googleapis.com"
}
, locale: "en-US"
message: "API key not valid. Please pass a valid API key."
]
    [Auto-Heal Failed] AI could not find 'standings_col_points' even after refresh.
    [Auto-Heal] Selector 'standings_col_form' in 'standings_tab' invalid/missing. Initiating AI repair...
    [AI INTEL] Starting Full Discovery for context: 'standings_tab' (Force: True)...
    [AI INTEL] Capturing page state for 'standings_tab'...
    [VISION] Analyzing screenshot: standings_tab.png
    [VISION ERROR] Failed to analyze screenshot: 400 API key not valid. Please pass a valid API key. [reason: "API_KEY_INVALID"
domain: "googleapis.com"
metadata {
  key: "service"
  value: "generativelanguage.googleapis.com"
}
, locale: "en-US"
message: "API key not valid. Please pass a valid API key."
]
    [Auto-Heal Failed] AI could not find 'standings_col_form' even after refresh.
    [Auto-Heal] Selector 'standings_form_badge_1' in 'standings_tab' invalid/missing. Initiating AI repair...
    [AI INTEL] Starting Full Discovery for context: 'standings_tab' (Force: True)...
    [AI INTEL] Capturing page state for 'standings_tab'...
    [VISION] Analyzing screenshot: standings_tab.png
    [VISION ERROR] Failed to analyze screenshot: 400 API key not valid. Please pass a valid API key. [reason: "API_KEY_INVALID"
domain: "googleapis.com"
metadata {
  key: "service"
  value: "generativelanguage.googleapis.com"
}
, locale: "en-US"
message: "API key not valid. Please pass a valid API key."
]
    [Auto-Heal Failed] AI could not find 'standings_form_badge_1' even after refresh.
    [Auto-Heal] Selector 'standings_form_badge_2' in 'standings_tab' invalid/missing. Initiating AI repair...
    [AI INTEL] Starting Full Discovery for context: 'standings_tab' (Force: True)...
    [AI INTEL] Capturing page state for 'standings_tab'...
    [VISION] Analyzing screenshot: standings_tab.png
    [VISION ERROR] Failed to analyze screenshot: 400 API key not valid. Please pass a valid API key. [reason: "API_KEY_INVALID"
domain: "googleapis.com"
metadata {
  key: "service"
  value: "generativelanguage.googleapis.com"
}
, locale: "en-US"
message: "API key not valid. Please pass a valid API key."
]
    [Auto-Heal Failed] AI could not find 'standings_form_badge_2' even after refresh.
    [Auto-Heal] Selector 'standings_form_badge_3' in 'standings_tab' invalid/missing. Initiating AI repair...
    [AI INTEL] Starting Full Discovery for context: 'standings_tab' (Force: True)...
    [AI INTEL] Capturing page state for 'standings_tab'...
    [VISION] Analyzing screenshot: standings_tab.png
    [VISION ERROR] Failed to analyze screenshot: 400 API key not valid. Please pass a valid API key. [reason: "API_KEY_INVALID"
domain: "googleapis.com"
metadata {
  key: "service"
  value: "generativelanguage.googleapis.com"
}
, locale: "en-US"
message: "API key not valid. Please pass a valid API key."
]
    [Auto-Heal Failed] AI could not find 'standings_form_badge_3' even after refresh.
    [Auto-Heal] Selector 'standings_form_badge_4' in 'standings_tab' invalid/missing. Initiating AI repair...
    [AI INTEL] Starting Full Discovery for context: 'standings_tab' (Force: True)...
    [AI INTEL] Capturing page state for 'standings_tab'...
    [VISION] Analyzing screenshot: standings_tab.png
    [VISION ERROR] Failed to analyze screenshot: 400 API key not valid. Please pass a valid API key. [reason: "API_KEY_INVALID"
domain: "googleapis.com"
metadata {
  key: "service"
  value: "generativelanguage.googleapis.com"
}
, locale: "en-US"
message: "API key not valid. Please pass a valid API key."
]
    [Auto-Heal Failed] AI could not find 'standings_form_badge_4' even after refresh.
    [Auto-Heal] Selector 'standings_form_badge_5' in 'standings_tab' invalid/missing. Initiating AI repair...
    [AI INTEL] Starting Full Discovery for context: 'standings_tab' (Force: True)...
    [AI INTEL] Capturing page state for 'standings_tab'...
    [VISION] Analyzing screenshot: standings_tab.png
    [VISION ERROR] Failed to analyze screenshot: 400 API key not valid. Please pass a valid API key. [reason: "API_KEY_INVALID"
domain: "googleapis.com"
metadata {
  key: "service"
  value: "generativelanguage.googleapis.com"
}
, locale: "en-US"
message: "API key not valid. Please pass a valid API key."
]
    [Auto-Heal Failed] AI could not find 'standings_form_badge_5' even after refresh.
    [Auto-Heal] Selector 'standings_qualification_row' in 'standings_tab' invalid/missing. Initiating AI repair...
    [AI INTEL] Starting Full Discovery for context: 'standings_tab' (Force: True)...
    [AI INTEL] Capturing page state for 'standings_tab'...
    [VISION] Analyzing screenshot: standings_tab.png
    [VISION ERROR] Failed to analyze screenshot: 400 API key not valid. Please pass a valid API key. [reason: "API_KEY_INVALID"
domain: "googleapis.com"
metadata {
  key: "service"
  value: "generativelanguage.googleapis.com"
}
, locale: "en-US"
message: "API key not valid. Please pass a valid API key."
]
    [Auto-Heal Failed] AI could not find 'standings_qualification_row' even after refresh.
    [Auto-Heal] Selector 'standings_relegation_row' in 'standings_tab' invalid/missing. Initiating AI repair...
    [AI INTEL] Starting Full Discovery for context: 'standings_tab' (Force: True)...
    [AI INTEL] Capturing page state for 'standings_tab'...
    [VISION] Analyzing screenshot: standings_tab.png
    [VISION ERROR] Failed to analyze screenshot: 400 API key not valid. Please pass a valid API key. [reason: "API_KEY_INVALID"
domain: "googleapis.com"
metadata {
  key: "service"
  value: "generativelanguage.googleapis.com"
}
, locale: "en-US"
message: "API key not valid. Please pass a valid API key."
]
    [Auto-Heal Failed] AI could not find 'standings_relegation_row' even after refresh.
    [Auto-Heal] Selector 'standings_filter_draw' in 'standings_tab' invalid/missing. Initiating AI repair...
    [AI INTEL] Starting Full Discovery for context: 'standings_tab' (Force: True)...
    [AI INTEL] Capturing page state for 'standings_tab'...
    [VISION] Analyzing screenshot: standings_tab.png
    [VISION ERROR] Failed to analyze screenshot: 400 API key not valid. Please pass a valid API key. [reason: "API_KEY_INVALID"
domain: "googleapis.com"
metadata {
  key: "service"
  value: "generativelanguage.googleapis.com"
}
, locale: "en-US"
message: "API key not valid. Please pass a valid API key."
]
    [Auto-Heal Failed] AI could not find 'standings_filter_draw' even after refresh.
    [Auto-Heal] Selector 'meta_breadcrumb_country' in 'standings_tab' invalid/missing. Initiating AI repair...
    [AI INTEL] Starting Full Discovery for context: 'standings_tab' (Force: True)...
    [AI INTEL] Capturing page state for 'standings_tab'...
    [VISION] Analyzing screenshot: standings_tab.png
    [VISION ERROR] Failed to analyze screenshot: 400 API key not valid. Please pass a valid API key. [reason: "API_KEY_INVALID"
domain: "googleapis.com"
metadata {
  key: "service"
  value: "generativelanguage.googleapis.com"
}
, locale: "en-US"
message: "API key not valid. Please pass a valid API key."
]
    [Auto-Heal Failed] AI could not find 'meta_breadcrumb_country' even after refresh.
    [Auto-Heal] Selector 'meta_breadcrumb_league' in 'standings_tab' invalid/missing. Initiating AI repair...
    [AI INTEL] Starting Full Discovery for context: 'standings_tab' (Force: True)...
    [AI INTEL] Capturing page state for 'standings_tab'...
    [VISION] Analyzing screenshot: standings_tab.png
    [VISION ERROR] Failed to analyze screenshot: 400 API key not valid. Please pass a valid API key. [reason: "API_KEY_INVALID"
domain: "googleapis.com"
metadata {
  key: "service"
  value: "generativelanguage.googleapis.com"
}
, locale: "en-US"
message: "API key not valid. Please pass a valid API key."
]
    [Auto-Heal Failed] AI could not find 'meta_breadcrumb_league' even after refresh.
      [Warning] Failed to load Standings tab for Qarabag_vs_Ajax: Page.evaluate: SyntaxError: Failed to execute 'querySelector' on 'Document': The provided selector is empty.
    at eval (eval at evaluate (:291:30), <anonymous>:133:40)
    at UtilityScript.evaluate (<anonymous>:298:18)
    at UtilityScript.<anonymous> (<anonymous>:1:44)
      [❌ No Signal] Qarabag_vs_Ajax
    [Batch Start] Villarreal vs FC Copenhagen: 10.12.2025 - 18:45
    [Cookies] Accepted via text: I Accept
    [Popup Handler] Clicked 'I understand' button via: button:has-text('I understand')
    [AI INTEL] Selectors found for 'match_page'. Skipping AI analysis.
    [H2H Expansion] Expanding available match history...
    [AI INTEL] Selectors found for 'h2h_tab'. Skipping AI analysis.
      [Extractor] Extracting H2H tab...
      [Extractor] Found 10 home, 10 away, 0 H2H matches.
      [Warning] Failed to fully load/expand H2H tab for Villarreal_vs_FC Copenhagen: unhashable type: 'dict'
    [AI INTEL] Starting Full Discovery for context: 'standings_tab' (Force: False)...
    [AI INTEL] Capturing page state for 'standings_tab'...
    [VISION] Analyzing screenshot: standings_tab.png
    [VISION ERROR] Failed to analyze screenshot: 400 API key not valid. Please pass a valid API key. [reason: "API_KEY_INVALID"
domain: "googleapis.com"
metadata {
  key: "service"
  value: "generativelanguage.googleapis.com"
}
, locale: "en-US"
message: "API key not valid. Please pass a valid API key."
]
      [Extractor] Extracting Standings tab...
    [Auto-Heal] Selector 'standings_table' in 'standings_tab' invalid/missing. Initiating AI repair...
    [AI INTEL] Starting Full Discovery for context: 'standings_tab' (Force: True)...
    [AI INTEL] Capturing page state for 'standings_tab'...
    [VISION] Analyzing screenshot: standings_tab.png
    [VISION ERROR] Failed to analyze screenshot: 400 API key not valid. Please pass a valid API key. [reason: "API_KEY_INVALID"
domain: "googleapis.com"
metadata {
  key: "service"
  value: "generativelanguage.googleapis.com"
}
, locale: "en-US"
message: "API key not valid. Please pass a valid API key."
]
    [Auto-Heal Failed] AI could not find 'standings_table' even after refresh.
    [Auto-Heal] Selector 'standings_table_body' in 'standings_tab' invalid/missing. Initiating AI repair...
    [AI INTEL] Starting Full Discovery for context: 'standings_tab' (Force: True)...
    [AI INTEL] Capturing page state for 'standings_tab'...
    [VISION] Analyzing screenshot: standings_tab.png
    [VISION ERROR] Failed to analyze screenshot: 400 API key not valid. Please pass a valid API key. [reason: "API_KEY_INVALID"
domain: "googleapis.com"
metadata {
  key: "service"
  value: "generativelanguage.googleapis.com"
}
, locale: "en-US"
message: "API key not valid. Please pass a valid API key."
]
    [Auto-Heal Failed] AI could not find 'standings_table_body' even after refresh.
    [Auto-Heal] Selector 'standings_header_row' in 'standings_tab' invalid/missing. Initiating AI repair...
    [AI INTEL] Starting Full Discovery for context: 'standings_tab' (Force: True)...
    [AI INTEL] Capturing page state for 'standings_tab'...
    [VISION] Analyzing screenshot: standings_tab.png
    [VISION ERROR] Failed to analyze screenshot: 400 API key not valid. Please pass a valid API key. [reason: "API_KEY_INVALID"
domain: "googleapis.com"
metadata {
  key: "service"
  value: "generativelanguage.googleapis.com"
}
, locale: "en-US"
message: "API key not valid. Please pass a valid API key."
]
    [Auto-Heal Failed] AI could not find 'standings_header_row' even after refresh.
    [Auto-Heal] Selector 'standings_row' in 'standings_tab' invalid/missing. Initiating AI repair...
    [AI INTEL] Starting Full Discovery for context: 'standings_tab' (Force: True)...
    [AI INTEL] Capturing page state for 'standings_tab'...
    [VISION] Analyzing screenshot: standings_tab.png
    [VISION ERROR] Failed to analyze screenshot: 400 API key not valid. Please pass a valid API key. [reason: "API_KEY_INVALID"
domain: "googleapis.com"
metadata {
  key: "service"
  value: "generativelanguage.googleapis.com"
}
, locale: "en-US"
message: "API key not valid. Please pass a valid API key."
]
    [Auto-Heal Failed] AI could not find 'standings_row' even after refresh.
    [Auto-Heal] Selector 'standings_col_rank' in 'standings_tab' invalid/missing. Initiating AI repair...
    [AI INTEL] Starting Full Discovery for context: 'standings_tab' (Force: True)...
    [AI INTEL] Capturing page state for 'standings_tab'...

   --- LEO: Shutting down gracefully. ---
