--- LEO: Initializing Databases ---
Initializing databases...

--- LEO: Starting new cycle at 2025-12-08 16:55:23 ---

[Phase 0] Checking for past matches to review...
--- LEO V2.5: Outcome Review Engine (Concurrent) ---
[Review] Found 0 past predictions to review (Limit: 50).
--- No new past matches to review. ---

[Phase 1] Starting analysis engine (Flashscore)...

--- Running Flashscore Analysis ---
  [Navigation] Going to Flashscore...
  [Navigation] Flashscore loaded successfully.
    [AI INTEL] Selectors found for 'home_page'. Skipping AI analysis.

--- ANALYZING DATE: 08.12.2025 ---
    [AI INTEL] Selectors found for 'home_page'. Skipping AI analysis.
    [Extractor] Extracting match data from page...
    [Time Filter] Removed 38 past matches for today.
    [Matches Found] 55 valid fixtures. (Sorted by Time)
    [Batching] Processing 55 matches concurrently...
    [Batch Start] Discoveries vs Wologizi: 08.12.2025 - 17:00
    [Batch Start] Panserraikos vs Panetolikos: 08.12.2025 - 17:00
    [Batch Start] Jubilee vs Fassell: 08.12.2025 - 17:00
    [Batch Start] Sabah Baku vs Neftci Baku: 08.12.2025 - 17:00
    [Popup Handler] Clicked 'I understand' button via: button:has-text('I understand')
    [Popup Handler] Clicked 'I understand' button via: button:has-text('I understand')
    [Popup Handler] Clicked 'I understand' button via: button:has-text('I understand')
    [Popup Handler] Clicked 'I understand' button via: button:has-text('I understand')
    [AI INTEL] Selectors found for 'h2h_tab'. Skipping AI analysis.
    [Popup Handler] Clicked 'I understand' button via: button:has-text('I understand')
    [H2H Expansion] Found 3 'Show more matches' buttons. Clicking them...
    [AI INTEL] Selectors found for 'h2h_tab'. Skipping AI analysis.
      [Extractor] Extracting H2H tab...
      [Warning] Failed to fully load/expand H2H tab for Sabah Baku_vs_Neftci Baku: Page.evaluate: SyntaxError: Failed to execute 'querySelectorAll' on 'Document': 'div.h2h__section:has([data-testid="wcl-headerSection-text"] span[data-testid="wcl-scores-overline-02"]:contains("Last matches: Chengdu Rongcheng")) .h2h__row' is not a valid selector.
    at eval (eval at evaluate (:291:30), <anonymous>:31:50)
    at UtilityScript.evaluate (<anonymous>:298:18)
    at UtilityScript.<anonymous> (<anonymous>:1:44)
    [Cookies] Accepted via OneTrust
    [AI INTEL] Selectors found for 'standings_tab'. Skipping AI analysis.
    [Popup Handler] Clicked 'I understand' button via: button:has-text('I understand')
    [H2H Expansion] Found 2 'Show more matches' buttons. Clicking them...
    [AI INTEL] Selectors found for 'h2h_tab'. Skipping AI analysis.
    [Popup Handler] Clicked 'I understand' button via: button:has-text('I understand')
    [H2H Expansion] Found 2 'Show more matches' buttons. Clicking them...
      [Extractor] Extracting Standings tab...
      [Extractor] Found 12 teams in the standings table.
      [❌ No Signal] Sabah Baku_vs_Neftci Baku
      [Warning] Failed to fully load/expand H2H tab for Jubilee_vs_Fassell: Locator.click: Timeout 3000ms exceeded.
Call log:
  - waiting for locator("button:has-text('Show more matches'), a:has-text('Show more matches')").nth(1)
    - locator resolved to <button data-testid="wcl-buttonLink" class="wclButtonLink wclButtonLink--h2h wcl-buttonLink_jmSkY wcl-primary_aIST5 wcl-underline_rL72U">…</button>
  - attempting click action
    - waiting for element to be visible, enabled and stable
    - element is visible, enabled and stable
    - scrolling into view if needed

      [Extractor] Extracting H2H tab...
      [Warning] Failed to fully load/expand H2H tab for Discoveries_vs_Wologizi: Page.evaluate: SyntaxError: Failed to execute 'querySelectorAll' on 'Document': 'div.h2h__section:has([data-testid="wcl-headerSection-text"] span[data-testid="wcl-scores-overline-02"]:contains("Last matches: Chengdu Rongcheng")) .h2h__row' is not a valid selector.
    at eval (eval at evaluate (:291:30), <anonymous>:31:50)
    at UtilityScript.evaluate (<anonymous>:298:18)
    at UtilityScript.<anonymous> (<anonymous>:1:44)
    [AI INTEL] Selectors found for 'standings_tab'. Skipping AI analysis.
    [AI INTEL] Selectors found for 'standings_tab'. Skipping AI analysis.
    [Batch Start] Watanga vs Black Man Warrior: 08.12.2025 - 17:00
      [Extractor] Extracting Standings tab...
      [Extractor] Found 0 teams in the standings table.
      [❌ No Signal] Discoveries_vs_Wologizi
      [Extractor] Extracting Standings tab...
    [Batch Start] Al-Hilal Omdurman vs Mukura Victory Sports: 08.12.2025 - 17:00
      [Extractor] Found 0 teams in the standings table.
      [❌ No Signal] Jubilee_vs_Fassell
    [Batch Start] Radnicki Nis vs Cukaricki: 08.12.2025 - 17:00
    [Popup Handler] Clicked 'I understand' button via: button:has-text('I understand')
    [Popup Handler] Clicked 'I understand' button via: button:has-text('I understand')
    [Popup Handler] Clicked 'I understand' button via: button:has-text('I understand')
    [AI INTEL] Selectors found for 'h2h_tab'. Skipping AI analysis.
    [Cookies] Accepted via OneTrust
    [Popup Handler] Clicked 'I understand' button via: button:has-text('I understand')
    [H2H Expansion] Found 2 'Show more matches' buttons. Clicking them...
      [Extractor] Extracting H2H tab...
      [Warning] Failed to fully load/expand H2H tab for Watanga_vs_Black Man Warrior: Page.evaluate: SyntaxError: Failed to execute 'querySelectorAll' on 'Document': 'div.h2h__section:has([data-testid="wcl-headerSection-text"] span[data-testid="wcl-scores-overline-02"]:contains("Last matches: Chengdu Rongcheng")) .h2h__row' is not a valid selector.
    at eval (eval at evaluate (:291:30), <anonymous>:31:50)
    at UtilityScript.evaluate (<anonymous>:298:18)
    at UtilityScript.<anonymous> (<anonymous>:1:44)
    [AI INTEL] Selectors found for 'standings_tab'. Skipping AI analysis.
      [Extractor] Extracting Standings tab...
      [Extractor] Found 0 teams in the standings table.
      [❌ No Signal] Watanga_vs_Black Man Warrior
    [Batch Start] Bari vs Pescara: 08.12.2025 - 17:15
    [AI INTEL] Selectors found for 'h2h_tab'. Skipping AI analysis.
    [Cookies] Accepted via OneTrust
    [Popup Handler] Clicked 'I understand' button via: button:has-text('I understand')
    [AI INTEL] Selectors found for 'h2h_tab'. Skipping AI analysis.
    [H2H Expansion] Found 3 'Show more matches' buttons. Clicking them...
    [Cookies] Accepted via OneTrust
    [Popup Handler] Clicked 'I understand' button via: button:has-text('I understand')
    [H2H Expansion] Found 2 'Show more matches' buttons. Clicking them...
      [Warning] Failed to fully load/expand H2H tab for Radnicki Nis_vs_Cukaricki: Locator.click: Timeout 3000ms exceeded.
Call log:
  - waiting for locator("button:has-text('Show more matches'), a:has-text('Show more matches')").nth(1)

    [AI INTEL] Selectors found for 'standings_tab'. Skipping AI analysis.
      [Extractor] Extracting H2H tab...
      [Warning] Failed to fully load/expand H2H tab for Al-Hilal Omdurman_vs_Mukura Victory Sports: Page.evaluate: SyntaxError: Failed to execute 'querySelectorAll' on 'Document': 'div.h2h__section:has([data-testid="wcl-headerSection-text"] span[data-testid="wcl-scores-overline-02"]:contains("Last matches: Chengdu Rongcheng")) .h2h__row' is not a valid selector.
    at eval (eval at evaluate (:291:30), <anonymous>:31:50)
    at UtilityScript.evaluate (<anonymous>:298:18)
    at UtilityScript.<anonymous> (<anonymous>:1:44)
    [AI INTEL] Selectors found for 'standings_tab'. Skipping AI analysis.
      [Extractor] Extracting Standings tab...
      [Extractor] Extracting Standings tab...
      [Extractor] Found 16 teams in the standings table.
      [❌ No Signal] Radnicki Nis_vs_Cukaricki
      [Extractor] Found 0 teams in the standings table.
      [❌ No Signal] Al-Hilal Omdurman_vs_Mukura Victory Sports
    [Popup Handler] Clicked 'I understand' button via: button:has-text('I understand')
    [Batch Start] Freetown City vs SLIFA: 08.12.2025 - 17:15
    [Batch Start] Old Edwardians vs Bullom Stars: 08.12.2025 - 17:15
      [Warning] Failed to fully load/expand H2H tab for Panserraikos_vs_Panetolikos: Timeout 180000ms exceeded.
=========================== logs ===========================
"load" event fired
============================================================
    [AI INTEL] Selectors found for 'standings_tab'. Skipping AI analysis.
    [Cookies] Accepted via OneTrust
    [Popup Handler] Clicked 'I understand' button via: button:has-text('I understand')
      [Extractor] Extracting Standings tab...
      [Extractor] Found 0 teams in the standings table.
      [❌ No Signal] Panserraikos_vs_Panetolikos
    [Popup Handler] Clicked 'I understand' button via: button:has-text('I understand')
    [Batch Start] Kabylie vs USM Alger: 08.12.2025 - 17:45
    [Popup Handler] Clicked 'I understand' button via: button:has-text('I understand')
    [AI INTEL] Selectors found for 'h2h_tab'. Skipping AI analysis.
    [Cookies] Accepted via OneTrust
    [Popup Handler] Clicked 'I understand' button via: button:has-text('I understand')
    [H2H Expansion] Found 3 'Show more matches' buttons. Clicking them...
      [Extractor] Extracting H2H tab...
      [Warning] Failed to fully load/expand H2H tab for Bari_vs_Pescara: Page.evaluate: SyntaxError: Failed to execute 'querySelectorAll' on 'Document': 'div.h2h__section:has([data-testid="wcl-headerSection-text"] span[data-testid="wcl-scores-overline-02"]:contains("Last matches: Chengdu Rongcheng")) .h2h__row' is not a valid selector.
    at eval (eval at evaluate (:291:30), <anonymous>:31:50)
    at UtilityScript.evaluate (<anonymous>:298:18)
    at UtilityScript.<anonymous> (<anonymous>:1:44)
    [AI INTEL] Selectors found for 'standings_tab'. Skipping AI analysis.
    [Popup Handler] Clicked 'I understand' button via: button:has-text('I understand')
      [Extractor] Extracting Standings tab...
      [Extractor] Found 20 teams in the standings table.
      [❌ No Signal] Bari_vs_Pescara
    [AI INTEL] Selectors found for 'h2h_tab'. Skipping AI analysis.
    [AI INTEL] Selectors found for 'h2h_tab'. Skipping AI analysis.
    [Cookies] Accepted via OneTrust
    [Popup Handler] Clicked 'I understand' button via: button:has-text('I understand')
    [Cookies] Accepted via OneTrust
    [H2H Expansion] Found 3 'Show more matches' buttons. Clicking them...
    [Popup Handler] Clicked 'I understand' button via: button:has-text('I understand')
    [H2H Expansion] Found 3 'Show more matches' buttons. Clicking them...
    [Batch Start] Udinese vs Genoa: 08.12.2025 - 18:00
      [Warning] Failed to fully load/expand H2H tab for Freetown City_vs_SLIFA: Locator.click: Timeout 3000ms exceeded.
Call log:
  - waiting for locator("button:has-text('Show more matches'), a:has-text('Show more matches')").first
    - locator resolved to <button data-testid="wcl-buttonLink" class="wclButtonLink wclButtonLink--h2h wcl-buttonLink_jmSkY wcl-primary_aIST5 wcl-underline_rL72U">…</button>
  - attempting click action
    - waiting for element to be visible, enabled and stable
    - element is visible, enabled and stable
    - scrolling into view if needed
    - done scrolling
    - performing click action

    [AI INTEL] Selectors found for 'standings_tab'. Skipping AI analysis.
      [Extractor] Extracting Standings tab...
      [Extractor] Extracting H2H tab...
      [Warning] Failed to fully load/expand H2H tab for Old Edwardians_vs_Bullom Stars: Page.evaluate: SyntaxError: Failed to execute 'querySelectorAll' on 'Document': 'div.h2h__section:has([data-testid="wcl-headerSection-text"] span[data-testid="wcl-scores-overline-02"]:contains("Last matches: Chengdu Rongcheng")) .h2h__row' is not a valid selector.
    at eval (eval at evaluate (:291:30), <anonymous>:31:50)
    at UtilityScript.evaluate (<anonymous>:298:18)
    at UtilityScript.<anonymous> (<anonymous>:1:44)
    [AI INTEL] Selectors found for 'standings_tab'. Skipping AI analysis.
      [Extractor] Extracting Standings tab...
      [Extractor] Found 0 teams in the standings table.
      [❌ No Signal] Old Edwardians_vs_Bullom Stars
      [Extractor] Found 0 teams in the standings table.
      [❌ No Signal] Freetown City_vs_SLIFA
    [Batch Start] Morocco vs Saudi Arabia: 08.12.2025 - 18:00
    [Batch Start] Oman vs Comoros: 08.12.2025 - 18:00
    [AI INTEL] Selectors found for 'h2h_tab'. Skipping AI analysis.
