    --- LEO: Initializing Databases ---      
     Initializing databases...
    [Init] Creating predictions.csv...
    [Init] Creating schedules.csv...
    [Init] Creating standings.csv...
    [Init] Creating teams.csv...
    [Init] Creating region_league.csv...

      --- LEO: Starting new cycle at 2025-12-12 11:33:29 --- 
     Launching new browser instance...

   [Phase 0] Checking for past matches to review...
--- LEO V2.5: Outcome Review Engine (Concurrent) ---
[Review] Found 0 past predictions to review (Limit: 50).
--- No new past matches to review. ---

   [Phase 1] Starting analysis engine (Flashscore)...

--- Running Flashscore Analysis ---
  [Navigation] Going to Flashscore...
  [Navigation] Flashscore loaded successfully.
    [AI INTEL] Selectors found for 'home_page'. Skipping AI analysis.

--- ANALYZING DATE: 12.12.2025 ---
    [AI INTEL] Selectors found for 'home_page'. Skipping AI analysis.
    [Extractor] Extracting match data from page...
    [Time Filter] Removed 11 past matches for today.
    [Matches Found] 124 valid fixtures. (Sorted by Time)
    [Batching] Processing 124 matches concurrently...
    [Batch Start] Anse Reunion vs Foresters FC: 12.12.2025 - 11:45
    [Popup Handler] Clicked 'I understand' button via: button:has-text('I understand')
    [AI INTEL] Selectors found for 'match_page'. Skipping AI analysis.
    [Popup Handler] Clicked 'I understand' button via: button:has-text('I understand')

   --- LEO: Shutting down gracefully. ---
