    --- LEO: Initializing Databases ---      
     Initializing databases...

      --- LEO: Starting new cycle at 2025-12-12 11:35:13 --- 
     Launching new browser instance...

   [Phase 0] Checking for past matches to review...
--- LEO V2.5: Outcome Review Engine (Concurrent) ---
[Review] Found 0 past predictions to review (Limit: 50).
--- No new past matches to review. ---

   [Phase 1] Starting analysis engine (Flashscore)...

--- Running Flashscore Analysis ---
  [Navigation] Going to Flashscore...
  [Navigation] Flashscore loaded successfully.
    [AI INTEL] Selectors found for 'home_page'. Skipping AI analysis.

--- ANALYZING DATE: 12.12.2025 ---
    [AI INTEL] Selectors found for 'home_page'. Skipping AI analysis.
    [Extractor] Extracting match data from page...
    [Time Filter] Removed 11 past matches for today.
    [Matches Found] 124 valid fixtures. (Sorted by Time)
    [Batching] Processing 124 matches concurrently...
    [Batch Start] Anse Reunion vs Foresters FC: 12.12.2025 - 11:45
    [Popup Handler] Clicked 'I understand' button via: button:has-text('I understand')
    [AI INTEL] Selectors found for 'match_page'. Skipping AI analysis.
    [Cookies] Accepted via text: I Accept
    [Popup Handler] Clicked 'I understand' button via: button:has-text('I understand')
    [Popup Handler] Clicked 'I understand' button via: button:has-text('I understand')
    [H2H Expansion] Expanding available match history...
    [AI INTEL] Selectors found for 'h2h_tab'. Skipping AI analysis.
      [Extractor] Extracting H2H tab...
      [Extractor] Found 10 home, 10 away, 5 H2H matches.
      [OK H2H] H2H tab data extracted for Anse Reunion_vs_Foresters FC (25 matches found)
    [Enrichment] Starting to enrich 25 newly found past matches...
    [Popup Handler] Clicked 'I understand' button via: button:has-text('I understand')
    [Popup Handler] Clicked 'I understand' button via: button:has-text('I understand')
      [Enrichment] Updated Lightstars vs Anse Reunion with score 1-1
      [Enrichment Error] Failed to enrich IsAJR5kd: Page.goto: Timeout 60000ms exceeded.
Call log:
  - navigating to "https://www.flashscore.com/match/football/anse-reunion-j5JKOfug/st-michel-united-vBqEk5c4/?mid=IsAJR5kd", waiting until "domcontentloaded"

      [Enrichment] Updated Bel Air vs Anse Reunion with score 1-1

   --- LEO: Shutting down gracefully. ---
