--- LEO: Initializing Databases ---
Initializing databases...

--- LEO: Starting new cycle at 2025-12-08 16:27:18 ---

[Phase 0] Checking for past matches to review...
--- LEO V2.5: Outcome Review Engine (Concurrent) ---
[Review] Found 0 past predictions to review (Limit: 50).
--- No new past matches to review. ---

[Phase 1] Starting analysis engine (Flashscore)...

--- Running Flashscore Analysis ---
  [Navigation] Going to Flashscore...
  [Navigation] Flashscore loaded successfully.
    [AI INTEL] Selectors found for 'home_page'. Skipping AI analysis.

--- ANALYZING DATE: 08.12.2025 ---
    [AI INTEL] Selectors found for 'home_page'. Skipping AI analysis.
    [Info] Clicked scheduled tab.
    [Extractor] Extracting match data from page...
    [Time Filter] Removed 8 past matches for today.
    [Matches Found] 60 valid fixtures. (Sorted by Time)
    [Batching] Processing 60 matches concurrently...
    [Batch Start] Ludogorets vs Slavia Sofia: 08.12.2025 - 16:30
    [Batch Start] ISCA vs Agboville: 08.12.2025 - 16:30
    [Batch Start] SC Farense vs Vizela: 08.12.2025 - 16:30
    [Batch Start] Mouna vs San Pedro: 08.12.2025 - 16:30
    [Popup Handler] Clicked 'I understand' button via: button:has-text('I understand')
    [Popup Handler] Clicked 'I understand' button via: button:has-text('I understand')
    [Popup Handler] Clicked 'I understand' button via: button:has-text('I understand')
    [Popup Handler] Clicked 'I understand' button via: button:has-text('I understand')
    [AI INTEL] Selectors found for 'h2h_tab'. Skipping AI analysis.
    [Cookies] Accepted via OneTrust
    [Popup Handler] Clicked 'I understand' button via: button:has-text('I understand')
    [H2H Expansion] Found 2 'Show more matches' buttons. Clicking them...
      [Extractor] Extracting H2H tab...
      [Warning] Failed to fully load/expand H2H tab for Mouna_vs_San Pedro: Page.evaluate: SyntaxError: Failed to execute 'querySelectorAll' on 'Document': 'div.h2h__section:has([data-testid="wcl-headerSection-text"] span[data-testid="wcl-scores-overline-02"]:contains("Last matches: Chengdu Rongcheng")) .h2h__row' is not a valid selector.
    at eval (eval at evaluate (:291:30), <anonymous>:31:50)
    at UtilityScript.evaluate (<anonymous>:298:18)
    at UtilityScript.<anonymous> (<anonymous>:1:44)
    [AI INTEL] Selectors found for 'h2h_tab'. Skipping AI analysis.
    [AI INTEL] Selectors found for 'h2h_tab'. Skipping AI analysis.
    [Cookies] Accepted via OneTrust
    [AI INTEL] Selectors found for 'standings_tab'. Skipping AI analysis.
    [Popup Handler] Clicked 'I understand' button via: button:has-text('I understand')
    [Cookies] Accepted via OneTrust
    [H2H Expansion] Found 3 'Show more matches' buttons. Clicking them...
    [Popup Handler] Clicked 'I understand' button via: button:has-text('I understand')
    [H2H Expansion] Found 2 'Show more matches' buttons. Clicking them...
      [Extractor] Extracting Standings tab...
      [Extractor] Found 0 teams in the standings table.
      [❌ No Signal] Mouna_vs_San Pedro
      [Extractor] Extracting H2H tab...
      [Extractor] Extracting H2H tab...
      [Warning] Failed to fully load/expand H2H tab for Ludogorets_vs_Slavia Sofia: Page.evaluate: SyntaxError: Failed to execute 'querySelectorAll' on 'Document': 'div.h2h__section:has([data-testid="wcl-headerSection-text"] span[data-testid="wcl-scores-overline-02"]:contains("Last matches: Chengdu Rongcheng")) .h2h__row' is not a valid selector.
    at eval (eval at evaluate (:291:30), <anonymous>:31:50)
    at UtilityScript.evaluate (<anonymous>:298:18)
    at UtilityScript.<anonymous> (<anonymous>:1:44)
      [Warning] Failed to fully load/expand H2H tab for SC Farense_vs_Vizela: Page.evaluate: SyntaxError: Failed to execute 'querySelectorAll' on 'Document': 'div.h2h__section:has([data-testid="wcl-headerSection-text"] span[data-testid="wcl-scores-overline-02"]:contains("Last matches: Chengdu Rongcheng")) .h2h__row' is not a valid selector.
    at eval (eval at evaluate (:291:30), <anonymous>:31:50)
    at UtilityScript.evaluate (<anonymous>:298:18)
    at UtilityScript.<anonymous> (<anonymous>:1:44)
    [Batch Start] UTA Arad vs Petrolul: 08.12.2025 - 16:30
    [AI INTEL] Selectors found for 'standings_tab'. Skipping AI analysis.
      [Warning] Failed to load Standings tab for SC Farense_vs_Vizela: Page.click: Timeout 5000ms exceeded.
Call log:
  - waiting for locator("div.detailOver [data-testid=\"wcl-tabs\"][data-type=\"primary\"] button[data-selected=\"false\"]:has-text(\"Standings\")")
    - locator resolved to <button role="tab" data-testid="wcl-tab" data-selected="false" class="wcl-tab_GS7ig">Standings</button>
  - attempting click action
    - waiting for element to be visible, enabled and stable

      [❌ No Signal] SC Farense_vs_Vizela
      [Extractor] Extracting Standings tab...
      [Extractor] Found 16 teams in the standings table.
      [❌ No Signal] Ludogorets_vs_Slavia Sofia
