--- LEO: Initializing Databases ---
Initializing databases...

--- LEO: Starting new cycle at 2025-12-08 15:55:35 ---

[Phase 0] Checking for past matches to review...
--- LEO V2.5: Outcome Review Engine (Concurrent) ---
[Review] Found 0 past predictions to review (Limit: 50).
--- No new past matches to review. ---

[Phase 1] Starting analysis engine (Flashscore)...

--- Running Flashscore Analysis ---
  [Navigation] Going to Flashscore...
  [Navigation] Flashscore loaded successfully.
    [AI INTEL] Selectors found for 'home_page'. Skipping AI analysis.

--- ANALYZING DATE: 08.12.2025 ---
    [AI INTEL] Selectors found for 'home_page'. Skipping AI analysis.
    [Info] Clicked scheduled tab.
    [Extractor] Extracting match data from page...
    [Time Filter] Removed 5 past matches for today.
    [Matches Found] 69 valid fixtures. (Sorted by Time)
    [Batching] Processing 69 matches concurrently...
    [Batch Start] Egnatia vs Vora: 08.12.2025 - 16:00
    [Batch Start] Dormaa vs KAC Soccer: 08.12.2025 - 16:00
    [Batch Start] Siroki Brijeg vs Radnik Bijeljina: 08.12.2025 - 16:00
    [Batch Start] Inter Allies vs WAFA: 08.12.2025 - 16:00
