    --- LEO: Initializing Databases ---      
     Initializing databases...
    [Init] Creating standings.csv...

      --- LEO: Starting new cycle at 2025-12-10 11:48:38 --- 
     Launching new browser instance...

   [Phase 0] Checking for past matches to review...
--- LEO V2.5: Outcome Review Engine (Concurrent) ---
[Review] Found 0 past predictions to review (Limit: 50).
--- No new past matches to review. ---

   [Phase 1] Starting analysis engine (Flashscore)...

--- Running Flashscore Analysis ---
  [Navigation] Going to Flashscore...
  [Navigation] Flashscore loaded successfully.
    [AI INTEL] Selectors found for 'home_page'. Skipping AI analysis.

--- ANALYZING DATE: 10.12.2025 ---
    [AI INTEL] Selectors found for 'home_page'. Skipping AI analysis.
    [Info] Clicked scheduled tab.
    [Cookies] Accepted via OneTrust
    [Extractor] Extracting match data from page...
    [Time Filter] Removed 1 past matches for today.
    [Matches Found] 110 valid fixtures. (Sorted by Time)
    [Batching] Processing 110 matches concurrently...
    [Batch Start] Benfica U19 vs Napoli U19: 10.12.2025 - 12:00
    [Cookies] Accepted via text: I Accept
    [Popup Handler] Clicked 'I understand' button via: button:has-text('I understand')
    [AI INTEL] Selectors found for 'match_page'. Skipping AI analysis.
    [H2H Expansion] Found 2 'Show more matches' buttons. Clicking them...
    [AI INTEL] Selectors found for 'h2h_tab'. Skipping AI analysis.
      [Extractor] Extracting H2H tab...
      [Warning] Failed to fully load/expand H2H tab for Benfica U19_vs_Napoli U19: Page.evaluate() takes from 2 to 3 positional arguments but 5 were given
    [AI INTEL] Selectors found for 'standings_tab'. Skipping AI analysis.
      [Extractor] Extracting Standings tab...
      [Extractor] Found 36 teams in standings for 'EUROPE - UEFA YOUTH LEAGUE - LEAGUE PHASE - ROUND 6'.
      [DB] Updated standings for EUROPE - UEFA YOUTH LEAGUE - LEAGUE PHASE - ROUND 6
      [✅ Standing] Standings tab data extracted for EUROPE - UEFA YOUTH LEAGUE - LEAGUE PHASE - ROUND 6
      [Extractor Validation] Updated League to: EUROPE - UEFA YOUTH LEAGUE - LEAGUE PHASE - ROUND 6
      [❌ No Signal] Benfica U19_vs_Napoli U19
    [Batch Start] Villarreal U19 vs FC Copenhagen U19: 10.12.2025 - 12:00
    [Popup Handler] Clicked 'I understand' button via: button:has-text('I understand')
    [AI INTEL] Selectors found for 'match_page'. Skipping AI analysis.
    [Cookies] Accepted via OneTrust
    [Popup Handler] Clicked 'I understand' button via: button:has-text('I understand')
    [H2H Expansion] Found 2 'Show more matches' buttons. Clicking them...
      [Warning] Failed to fully load/expand H2H tab for Villarreal U19_vs_FC Copenhagen U19: Locator.click: Timeout 3000ms exceeded.
Call log:
  - waiting for locator("button:has-text('Show more matches'), a:has-text('Show more matches')").nth(1)

    [AI INTEL] Selectors found for 'standings_tab'. Skipping AI analysis.
      [Extractor] Extracting Standings tab...
      [Extractor] Found 36 teams in standings for 'EUROPE - UEFA YOUTH LEAGUE - LEAGUE PHASE - ROUND 6'.
      [DB] Updated standings for EUROPE - UEFA YOUTH LEAGUE - LEAGUE PHASE - ROUND 6
      [✅ Standing] Standings tab data extracted for EUROPE - UEFA YOUTH LEAGUE - LEAGUE PHASE - ROUND 6
      [Extractor Validation] Updated League to: EUROPE - UEFA YOUTH LEAGUE - LEAGUE PHASE - ROUND 6
      [❌ No Signal] Villarreal U19_vs_FC Copenhagen U19
    [Batch Start] North Macedonia U18 vs Montenegro U18: 10.12.2025 - 12:00
    [Popup Handler] Clicked 'I understand' button via: button:has-text('I understand')
    [AI INTEL] Selectors found for 'match_page'. Skipping AI analysis.
    [Cookies] Accepted via text: I Accept
    [Popup Handler] Clicked 'I understand' button via: button:has-text('I understand')
    [Popup Handler] Clicked 'I understand' button via: button:has-text('I understand')
    [H2H Expansion] Found 2 'Show more matches' buttons. Clicking them...
      [Warning] Failed to fully load/expand H2H tab for North Macedonia U18_vs_Montenegro U18: Locator.click: Timeout 3000ms exceeded.
Call log:
  - waiting for locator("button:has-text('Show more matches'), a:has-text('Show more matches')").first
    - locator resolved to <button data-testid="wcl-buttonLink" class="wclButtonLink wclButtonLink--h2h wcl-buttonLink_jmSkY wcl-primary_aIST5 wcl-underline_rL72U">…</button>
  - attempting click action
    - waiting for element to be visible, enabled and stable
    - element is visible, enabled and stable
    - scrolling into view if needed

      [❌ No Signal] North Macedonia U18_vs_Montenegro U18
    [Batch Start] Thailand W vs Singapore W: 10.12.2025 - 12:30
    [Popup Handler] Clicked 'I understand' button via: button:has-text('I understand')
    [AI INTEL] Selectors found for 'match_page'. Skipping AI analysis.
    [Popup Handler] Clicked 'I understand' button via: button:has-text('I understand')
    [Cookies] Accepted via OneTrust
    [Popup Handler] Clicked 'I understand' button via: button:has-text('I understand')
    [H2H Expansion] Found 2 'Show more matches' buttons. Clicking them...
    [AI INTEL] Selectors found for 'h2h_tab'. Skipping AI analysis.
      [Extractor] Extracting H2H tab...
      [Warning] Failed to fully load/expand H2H tab for Thailand W_vs_Singapore W: Page.evaluate() takes from 2 to 3 positional arguments but 5 were given
    [AI INTEL] Selectors found for 'standings_tab'. Skipping AI analysis.
      [Extractor] Extracting Standings tab...
      [Extractor] Found 4 teams in standings for 'ASIA - SOUTHEAST ASIAN GAMES WOMEN - ROUND 3'.
      [DB] Updated standings for ASIA - SOUTHEAST ASIAN GAMES WOMEN - ROUND 3
      [✅ Standing] Standings tab data extracted for ASIA - SOUTHEAST ASIAN GAMES WOMEN - ROUND 3
      [Extractor Validation] Updated League to: ASIA - SOUTHEAST ASIAN GAMES WOMEN - ROUND 3
      [❌ No Signal] Thailand W_vs_Singapore W
    [Batch Start] Vlasim (Cze) vs Z. Moravce-Vrable (Svk): 10.12.2025 - 12:30
    [Cookies] Accepted via OneTrust
    [Popup Handler] Clicked 'I understand' button via: button:has-text('I understand')
    [AI INTEL] Selectors found for 'match_page'. Skipping AI analysis.
    [H2H Expansion] Found 2 'Show more matches' buttons. Clicking them...
    [AI INTEL] Selectors found for 'h2h_tab'. Skipping AI analysis.
      [Extractor] Extracting H2H tab...
      [Warning] Failed to fully load/expand H2H tab for Vlasim (Cze)_vs_Z. Moravce-Vrable (Svk): Page.evaluate() takes from 2 to 3 positional arguments but 5 were given
      [❌ No Signal] Vlasim (Cze)_vs_Z. Moravce-Vrable (Svk)
    [Batch Start] Iraq U23 vs United Arab Emirates U23: 10.12.2025 - 13:00
    [Cookies] Accepted via text: I Accept
    [Popup Handler] Clicked 'I understand' button via: button:has-text('I understand')
    [AI INTEL] Selectors found for 'match_page'. Skipping AI analysis.
    [H2H Expansion] Found 3 'Show more matches' buttons. Clicking them...
    [AI INTEL] Selectors found for 'h2h_tab'. Skipping AI analysis.
      [Extractor] Extracting H2H tab...
      [Warning] Failed to fully load/expand H2H tab for Iraq U23_vs_United Arab Emirates U23: Page.evaluate() takes from 2 to 3 positional arguments but 5 were given
    [AI INTEL] Selectors found for 'standings_tab'. Skipping AI analysis.
      [Extractor] Extracting Standings tab...
      [Extractor] Found 4 teams in standings for 'ASIA - ARABIAN GULF CUP U23 - ROUND 3'.
      [DB] Updated standings for ASIA - ARABIAN GULF CUP U23 - ROUND 3
      [✅ Standing] Standings tab data extracted for ASIA - ARABIAN GULF CUP U23 - ROUND 3
      [Extractor Validation] Updated League to: ASIA - ARABIAN GULF CUP U23 - ROUND 3
      [❌ No Signal] Iraq U23_vs_United Arab Emirates U23
    [Batch Start] Oman U23 vs Yemen U23: 10.12.2025 - 13:00
    [Popup Handler] Clicked 'I understand' button via: button:has-text('I understand')
    [AI INTEL] Selectors found for 'match_page'. Skipping AI analysis.
    [Cookies] Accepted via OneTrust
    [Popup Handler] Clicked 'I understand' button via: button:has-text('I understand')
    [H2H Expansion] Found 2 'Show more matches' buttons. Clicking them...
    [AI INTEL] Selectors found for 'h2h_tab'. Skipping AI analysis.
      [Extractor] Extracting H2H tab...
      [Warning] Failed to fully load/expand H2H tab for Oman U23_vs_Yemen U23: Page.evaluate() takes from 2 to 3 positional arguments but 5 were given
    [AI INTEL] Selectors found for 'standings_tab'. Skipping AI analysis.
      [Extractor] Extracting Standings tab...
      [Extractor] Found 4 teams in standings for 'ASIA - ARABIAN GULF CUP U23 - ROUND 3'.
      [DB] Updated standings for ASIA - ARABIAN GULF CUP U23 - ROUND 3
      [✅ Standing] Standings tab data extracted for ASIA - ARABIAN GULF CUP U23 - ROUND 3
      [Extractor Validation] Updated League to: ASIA - ARABIAN GULF CUP U23 - ROUND 3
      [❌ No Signal] Oman U23_vs_Yemen U23

   --- LEO: Shutting down gracefully. ---
