    --- LEO: Initializing Databases ---      
     Initializing databases...

      --- LEO: Starting new cycle at 2025-12-12 13:49:00 --- 
     Launching new browser instance...

   [Phase 0] Checking for past matches to review...
--- LEO V2.5: Outcome Review Engine (Concurrent) ---
[Review] Found 0 past predictions to review (Limit: 50).
--- No new past matches to review. ---

   [Phase 1] Starting analysis engine (Flashscore)...

--- Running Flashscore Analysis ---
  [Navigation] Going to Flashscore...
  [Navigation] Flashscore loaded successfully.
    [AI INTEL] Selectors found for 'home_page'. Skipping AI analysis.
    [Resume] Last processed: ID drhLQNON on 12.12.2025

--- ANALYZING DATE: 12.12.2025 ---
    [AI INTEL] Selectors found for 'home_page'. Skipping AI analysis.
    [Extractor] Extracting match data from page...
    [Time Filter] Removed 28 past matches for today.
    [Matches Found] 106 valid fixtures. (Sorted by Time)
    [Resume] Checking for last processed ID: drhLQNON on this date.
    [Resume] Match found at index 39. Skipping 40 previously processed matches.
    [Batching] Processing 66 matches concurrently...
    [Batch Start] Vukovar 1991 vs Varazdin: 12.12.2025 - 18:00
    [Batch Start] AS Roma U20 vs Lazio U20: 12.12.2025 - 18:00
    [Batch Start] Nea Salamis vs Karmiotissa: 12.12.2025 - 18:00
    [Batch Start] Kasimpasa vs Genclerbirligi: 12.12.2025 - 18:00
      [Error] Match failed Kasimpasa_vs_Genclerbirligi: Page.goto: net::ERR_CONNECTION_RESET at https://www.flashscore.com/match/football/genclerbirligi-GOPqBIRK/kasimpasa-dOlaIG4l/?mid=bi6hejKG
Call log:
  - navigating to "https://www.flashscore.com/match/football/genclerbirligi-GOPqBIRK/kasimpasa-dOlaIG4l/?mid=bi6hejKG", waiting until "domcontentloaded"

  [CRITICAL ERROR] Logging state for 'process_match_task_Kasimpasa_vs_Genclerbirligi'. See 'Logs/Errors' folder.
    [Popup Handler] Clicked 'I understand' button via: button:has-text('I understand')
    [AI INTEL] Selectors found for 'match_page'. Skipping AI analysis.
    [Popup Handler] Clicked 'I understand' button via: button:has-text('I understand')
    [H2H Expansion] Expanding available match history...
    [Batch Start] Kampala City vs NEC FC: 12.12.2025 - 18:00
    [AI INTEL] Selectors found for 'h2h_tab'. Skipping AI analysis.
      [Extractor] Extracting H2H tab...
      [Extractor] Found 10 home, 10 away, 2 H2H matches.
      [OK H2H] H2H tab data extracted for AS Roma U20_vs_Lazio U20 (22 matches found)
    [AI INTEL] Selectors found for 'standings_tab'. Skipping AI analysis.
      [Extractor] Extracting Standings tab...
      [Extractor] Warning: No standings table rows found.
      [Extractor Validation] Updated League to: ITALY - PRIMAVERA 1 - ROUND 15
            [OK Signal] AS Roma U20_vs_Lazio U20
    [Popup Handler] Clicked 'I understand' button via: button:has-text('I understand')
    [AI INTEL] Selectors found for 'match_page'. Skipping AI analysis.
    [Batch Start] Greuther Furth vs Hertha Berlin: 12.12.2025 - 18:30
    [Popup Handler] Clicked 'I understand' button via: button:has-text('I understand')
    [H2H Expansion] Expanding available match history...
    [AI INTEL] Selectors found for 'h2h_tab'. Skipping AI analysis.
      [Extractor] Extracting H2H tab...
      [Extractor] Found 10 home, 10 away, 4 H2H matches.
      [OK H2H] H2H tab data extracted for Kampala City_vs_NEC FC (24 matches found)
    [AI INTEL] Selectors found for 'standings_tab'. Skipping AI analysis.
    [Cookies] Accepted via OneTrust
    [Popup Handler] Clicked 'I understand' button via: button:has-text('I understand')
    [AI INTEL] Selectors found for 'match_page'. Skipping AI analysis.
    [Cookies] Accepted via OneTrust
      [Extractor] Extracting Standings tab...
      [Extractor] Found 16 teams in standings for 'UGANDA - PREMIER LEAGUE - ROUND 10'.
      [DB] Updated standings for UGANDA - PREMIER LEAGUE - ROUND 10
      [OK Standing] Standings tab data extracted for UGANDA - PREMIER LEAGUE - ROUND 10
      [Extractor Validation] Updated League to: UGANDA - PREMIER LEAGUE - ROUND 10
      [DB] Updated standings for UGANDA - PREMIER LEAGUE - ROUND 10
      [OK Standing] Standings tab data extracted for UGANDA - PREMIER LEAGUE - ROUND 10
            [OK Signal] Kampala City_vs_NEC FC
    [H2H Expansion] Expanding available match history...
    [Batch Start] SG Dynamo Dresden vs Braunschweig: 12.12.2025 - 18:30
    [AI INTEL] Selectors found for 'h2h_tab'. Skipping AI analysis.
      [Extractor] Extracting H2H tab...
      [Extractor] Found 10 home, 10 away, 5 H2H matches.
      [OK H2H] H2H tab data extracted for Greuther Furth_vs_Hertha Berlin (25 matches found)
    [AI INTEL] Selectors found for 'standings_tab'. Skipping AI analysis.
      [Extractor] Extracting Standings tab...
      [Extractor] Warning: No standings table rows found.
      [Extractor Validation] Updated League to: GERMANY - 2. BUNDESLIGA - ROUND 16
            [OK Signal] Greuther Furth_vs_Hertha Berlin
    [Popup Handler] Clicked 'I understand' button via: button:has-text('I understand')
    [AI INTEL] Selectors found for 'match_page'. Skipping AI analysis.
    [Batch Start] Werder Bremen W vs Bayer Leverkusen W: 12.12.2025 - 18:30
    [H2H Expansion] Expanding available match history...
    [Popup Handler] Clicked 'I understand' button via: button:has-text('I understand')
    [AI INTEL] Selectors found for 'h2h_tab'. Skipping AI analysis.
      [Extractor] Extracting H2H tab...
    [AI INTEL] Selectors found for 'match_page'. Skipping AI analysis.
      [Extractor] Found 10 home, 10 away, 5 H2H matches.
      [OK H2H] H2H tab data extracted for SG Dynamo Dresden_vs_Braunschweig (25 matches found)
    [Popup Handler] Clicked 'I understand' button via: button:has-text('I understand')
    [AI INTEL] Selectors found for 'standings_tab'. Skipping AI analysis.
    [Cookies] Accepted via OneTrust
      [Extractor] Extracting Standings tab...
      [Extractor] Warning: No standings table rows found.
      [Extractor Validation] Updated League to: GERMANY - 2. BUNDESLIGA - ROUND 16
            [OK Signal] SG Dynamo Dresden_vs_Braunschweig
    [H2H Expansion] Expanding available match history...
    [Batch Start] Mosta vs Zabbar: 12.12.2025 - 18:30
    [AI INTEL] Selectors found for 'h2h_tab'. Skipping AI analysis.
      [Extractor] Extracting H2H tab...
      [Extractor] Found 10 home, 10 away, 5 H2H matches.
      [OK H2H] H2H tab data extracted for Werder Bremen W_vs_Bayer Leverkusen W (25 matches found)
    [AI INTEL] Selectors found for 'standings_tab'. Skipping AI analysis.
    [Cookies] Accepted via OneTrust
      [Extractor] Extracting Standings tab...
      [Extractor] Found 14 teams in standings for 'GERMANY - BUNDESLIGA WOMEN - ROUND 13'.
      [DB] Updated standings for GERMANY - BUNDESLIGA WOMEN - ROUND 13
      [OK Standing] Standings tab data extracted for GERMANY - BUNDESLIGA WOMEN - ROUND 13
      [Extractor Validation] Updated League to: GERMANY - BUNDESLIGA WOMEN - ROUND 13
      [DB] Updated standings for GERMANY - BUNDESLIGA WOMEN - ROUND 13
      [OK Standing] Standings tab data extracted for GERMANY - BUNDESLIGA WOMEN - ROUND 13
            [OK Signal] Werder Bremen W_vs_Bayer Leverkusen W
    [Popup Handler] Clicked 'I understand' button via: button:has-text('I understand')
    [AI INTEL] Selectors found for 'match_page'. Skipping AI analysis.
    [Popup Handler] Clicked 'I understand' button via: button:has-text('I understand')
    [Batch Start] Al Ahly vs Enppi: 12.12.2025 - 19:00
    [H2H Expansion] Expanding available match history...
    [AI INTEL] Selectors found for 'h2h_tab'. Skipping AI analysis.
      [Extractor] Extracting H2H tab...
      [Extractor] Found 10 home, 10 away, 5 H2H matches.
      [OK H2H] H2H tab data extracted for Mosta_vs_Zabbar (25 matches found)
      [Error] Match failed Vukovar 1991_vs_Varazdin: Page.goto: Timeout 360000ms exceeded.
Call log:
  - navigating to "https://www.flashscore.com/match/football/varazdin-Wv0GNPrm/vukovar-1991-nDCpAOpa/?mid=tCD0aIgt", waiting until "domcontentloaded"

  [CRITICAL ERROR] Logging state for 'process_match_task_Vukovar 1991_vs_Varazdin'. See 'Logs/Errors' folder.
      [Error] Match failed Nea Salamis_vs_Karmiotissa: Page.goto: Timeout 360000ms exceeded.
Call log:
  - navigating to "https://www.flashscore.com/match/football/karmiotissa-rgI3oA08/nea-salamis-jcbJ6Sv2/?mid=Sr04jMQH", waiting until "domcontentloaded"

  [CRITICAL ERROR] Logging state for 'process_match_task_Nea Salamis_vs_Karmiotissa'. See 'Logs/Errors' folder.
    [AI INTEL] Selectors found for 'standings_tab'. Skipping AI analysis.
      [Extractor] Extracting Standings tab...
      [Extractor] Found 6 teams in standings for 'MALTA - PREMIER LEAGUE - FIRST STAGE - PLAY OUT - ROUND 13'.
      [DB] Updated standings for MALTA - PREMIER LEAGUE - FIRST STAGE - PLAY OUT - ROUND 13
      [OK Standing] Standings tab data extracted for MALTA - PREMIER LEAGUE - FIRST STAGE - PLAY OUT - ROUND 13
      [Extractor Validation] Updated League to: MALTA - PREMIER LEAGUE - FIRST STAGE - PLAY OUT - ROUND 13
      [DB] Updated standings for MALTA - PREMIER LEAGUE - FIRST STAGE - PLAY OUT - ROUND 13
      [OK Standing] Standings tab data extracted for MALTA - PREMIER LEAGUE - FIRST STAGE - PLAY OUT - ROUND 13
            [OK Signal] Mosta_vs_Zabbar
    [Batch Start] Ulm vs VfL Osnabruck: 12.12.2025 - 19:00
    [Popup Handler] Clicked 'I understand' button via: button:has-text('I understand')
    [AI INTEL] Selectors found for 'match_page'. Skipping AI analysis.
    [Cookies] Accepted via OneTrust
    [Popup Handler] Clicked 'I understand' button via: button:has-text('I understand')
    [Logger Failure] Could not write error state: Page.screenshot: Timeout 30000ms exceeded.
Call log:
  - taking page screenshot
  - waiting for fonts to load...

    [Logger Failure] Could not write error state: Page.screenshot: Timeout 30000ms exceeded.
Call log:
  - taking page screenshot
  - waiting for fonts to load...

    [Batch Start] FC Porto B vs Penafiel: 12.12.2025 - 19:00
    [Batch Start] Oliveirense vs Chaves: 12.12.2025 - 19:00
    [Popup Handler] Clicked 'I understand' button via: button:has-text('I understand')
    [AI INTEL] Selectors found for 'match_page'. Skipping AI analysis.
    [Popup Handler] Clicked 'I understand' button via: button:has-text('I understand')
    [H2H Expansion] Expanding available match history...
    [AI INTEL] Selectors found for 'h2h_tab'. Skipping AI analysis.
      [Extractor] Extracting H2H tab...
    [H2H Expansion] Expanding available match history...
    [AI INTEL] Selectors found for 'h2h_tab'. Skipping AI analysis.
      [Extractor] Extracting H2H tab...
      [Extractor] Found 10 home, 10 away, 2 H2H matches.
      [OK H2H] H2H tab data extracted for Ulm_vs_VfL Osnabruck (22 matches found)
      [Warning] Failed to load Standings tab for Ulm_vs_VfL Osnabruck: Page.click: Timeout 5000ms exceeded.
Call log:
  - waiting for locator("div.detailOver [data-testid=\"wcl-tabs\"] a[data-analytics-alias=\"stats-detail\"] button")
    - locator resolved to <button role="tab" data-testid="wcl-tab" data-selected="false" class="wcl-tab_GS7ig">Standings</button>
  - attempting click action
    - waiting for element to be visible, enabled and stable
    - element is visible, enabled and stable
    - scrolling into view if needed
    - done scrolling
    - performing click action

      [Extractor Validation] Updated League to: GERMANY - 3. LIGA - ROUND 18
            [OK Signal] Ulm_vs_VfL Osnabruck
    [Popup Handler] Clicked 'I understand' button via: button:has-text('I understand')
    [AI INTEL] Selectors found for 'match_page'. Skipping AI analysis.
    [Popup Handler] Clicked 'I understand' button via: button:has-text('I understand')
    [Cookies] Accepted via OneTrust
    [Popup Handler] Clicked 'I understand' button via: button:has-text('I understand')
    [AI INTEL] Selectors found for 'match_page'. Skipping AI analysis.
    [Batch Start] Betis B vs Alcorcon: 12.12.2025 - 19:00
      [Warning] Failed to fully load/expand H2H tab for FC Porto B_vs_Penafiel: Page.click: Timeout 5000ms exceeded.
Call log:
  - waiting for locator("div.detailOver [data-testid=\"wcl-tabs\"] a[data-analytics-alias=\"h2h\"] button")
    - locator resolved to <button role="tab" data-testid="wcl-tab" data-selected="false" class="wcl-tab_GS7ig">H2H</button>
  - attempting click action
    2 × waiting for element to be visible, enabled and stable
      - element is visible, enabled and stable
      - scrolling into view if needed
      - done scrolling
      - <iframe width="728px" height="90px" scrolling="no" class="zone__content"></iframe> from <div data-zone-group="responsive_detail_fixed_bottom" id="zoneContainer-responsive_detail_fixed_bottom" class="zone zone__responsive_detail_fixed_bottom zone--skeletonEnabled zone--placeholderDisabled zone--labelPositionBottom zone--loaded">…</div> subtree intercepts pointer events
    - retrying click action
    - waiting 20ms
    - waiting for element to be visible, enabled and stable
    - element is visible, enabled and stable
    - scrolling into view if needed
    - done scrolling
    - performing click action

    [AI INTEL] Selectors found for 'standings_tab'. Skipping AI analysis.

   --- LEO: Shutting down gracefully. ---
