    --- LEO: Initializing Databases ---      
     Initializing databases...

      --- LEO: Starting new cycle at 2025-12-10 21:29:54 --- 
     Launching new browser instance...

   [Phase 0] Checking for past matches to review...
--- LEO V2.5: Outcome Review Engine (Concurrent) ---
[Review] Found 0 past predictions to review (Limit: 50).
--- No new past matches to review. ---

   [Phase 1] Starting analysis engine (Flashscore)...

--- Running Flashscore Analysis ---
  [Navigation] Going to Flashscore...
  [Navigation] Flashscore loaded successfully.
    [AI INTEL] Selectors found for 'home_page'. Skipping AI analysis.
    [Resume] Last processed: ID xWK88gqB on 10.12.2025

--- ANALYZING DATE: 10.12.2025 ---
    [AI INTEL] Selectors found for 'home_page'. Skipping AI analysis.
    [Info] Clicked scheduled tab.
    [Extractor] Extracting match data from page...
    [Time Filter] Removed 0 past matches for today.
    [Matches Found] 4 valid fixtures. (Sorted by Time)
    [Resume] Checking for last processed ID: xWK88gqB on this date.
    [Resume] Last processed ID xWK88gqB not found in current scan. Starting day from beginning.
    [Batching] Processing 4 matches concurrently...
    [Batch Start] Universitario de Vinto vs Independiente: 10.12.2025 - 22:30
    [AI INTEL] Selectors found for 'match_page'. Skipping AI analysis.
    [Cookies] Accepted via OneTrust
    [Popup Handler] Clicked 'I understand' button via: button:has-text('I understand')
    [H2H Expansion] Expanding available match history...
    [AI INTEL] Selectors found for 'h2h_tab'. Skipping AI analysis.
      [Extractor] Extracting H2H tab...
      [Extractor] Found 10 home, 10 away, 5 H2H matches.
      [✅ H2H] H2H tab data extracted for Universitario de Vinto_vs_Independiente (25 matches found)
    [Enrichment] Starting to enrich 25 newly found past matches...
      [Enrichment Error] Failed to enrich phpxQS1K: Page.goto: net::ERR_TIMED_OUT at https://www.flashscore.com/match/football/club-universitario-de-vinto-Crksl26f/nacional-potosi-hUyau0Vc/?mid=phpxQS1K
Call log:
  - navigating to "https://www.flashscore.com/match/football/club-universitario-de-vinto-Crksl26f/nacional-potosi-hUyau0Vc/?mid=phpxQS1K", waiting until "domcontentloaded"

      [Enrichment Error] Failed to enrich rPBfEpLb: Page.goto: net::ERR_TIMED_OUT at https://www.flashscore.com/match/football/aurora-A3aRoJc3/club-universitario-de-vinto-Crksl26f/?mid=rPBfEpLb
Call log:
  - navigating to "https://www.flashscore.com/match/football/aurora-A3aRoJc3/club-universitario-de-vinto-Crksl26f/?mid=rPBfEpLb", waiting until "domcontentloaded"

      [Enrichment Error] Failed to enrich 6R6oMvIq: Page.goto: net::ERR_TIMED_OUT at https://www.flashscore.com/match/football/club-universitario-de-vinto-Crksl26f/the-strongest-Wfi42xS2/?mid=6R6oMvIq
Call log:
  - navigating to "https://www.flashscore.com/match/football/club-universitario-de-vinto-Crksl26f/the-strongest-Wfi42xS2/?mid=6R6oMvIq", waiting until "domcontentloaded"

      [Enrichment Error] Failed to enrich 42GXE2gJ: Page.goto: net::ERR_TIMED_OUT at https://www.flashscore.com/match/football/club-universitario-de-vinto-Crksl26f/san-antonio-bulo-bulo-AoMZyUBM/?mid=42GXE2gJ
Call log:
  - navigating to "https://www.flashscore.com/match/football/club-universitario-de-vinto-Crksl26f/san-antonio-bulo-bulo-AoMZyUBM/?mid=42GXE2gJ", waiting until "domcontentloaded"


   --- LEO: Shutting down gracefully. ---
