    --- LEO: Initializing Databases ---      
     Initializing databases...

      --- LEO: Starting new cycle at 2025-12-10 22:29:30 --- 
     Launching new browser instance...

   [Phase 0] Checking for past matches to review...
--- LEO V2.5: Outcome Review Engine (Concurrent) ---
[Review] Found 0 past predictions to review (Limit: 50).
--- No new past matches to review. ---

   [Phase 1] Starting analysis engine (Flashscore)...

--- Running Flashscore Analysis ---
  [Navigation] Going to Flashscore...
  [Navigation] Flashscore loaded successfully.
    [AI INTEL] Selectors found for 'home_page'. Skipping AI analysis.

--- ANALYZING DATE: 10.12.2025 ---
    [AI INTEL] Selectors found for 'home_page'. Skipping AI analysis.
    [Info] Clicked scheduled tab.
    [Cookies] Accepted via OneTrust
    [Extractor] Extracting match data from page...
    [Time Filter] Removed 0 past matches for today.
    [Matches Found] 4 valid fixtures. (Sorted by Time)
    [Batching] Processing 4 matches concurrently...
    [Batch Start] Universitario de Vinto vs Independiente: 10.12.2025 - 22:30
    [Cookies] Accepted via text: I Accept
    [Popup Handler] Clicked 'I understand' button via: button:has-text('I understand')
    [AI INTEL] Selectors found for 'match_page'. Skipping AI analysis.
      [Warning] Failed to fully load/expand H2H tab for Universitario de Vinto_vs_Independiente: Page.click: Timeout 5000ms exceeded.
Call log:
  - waiting for locator("div[data-testid=\"wcl-tabs\"][data-type=\"primary\"] a[data-analytics-alias=\"h2h\"]")
    - locator resolved to <a class="" data-discover="true" data-analytics-alias="h2h" data-analytics-element="SCN_TAB" href="/match/football/club-universitario-de-vinto-Crksl26f/independiente-8AXozsR8/h2h/?mid=IgO69az9">…</a>

    [AI INTEL] Selectors found for 'standings_tab'. Skipping AI analysis.
      [Extractor] Extracting Standings tab...
    [Auto-Heal Skipped] Selector 'standings_filter_draw' in 'standings_tab' invalid/missing. Skipping AI repair to save quota.
      [Warning] Failed to load Standings tab for Universitario de Vinto_vs_Independiente: Page.evaluate: SyntaxError: Failed to execute 'querySelector' on 'Document': The provided selector is empty.
    at eval (eval at evaluate (:291:30), <anonymous>:133:40)
    at UtilityScript.evaluate (<anonymous>:298:18)
    at UtilityScript.<anonymous> (<anonymous>:1:44)
      [NO Signal] Universitario de Vinto_vs_Independiente
    [Batch Start] Ind. del Valle vs LDU Quito: 10.12.2025 - 23:00
    [Popup Handler] Clicked 'I understand' button via: button:has-text('I understand')
    [AI INTEL] Selectors found for 'match_page'. Skipping AI analysis.
    [Cookies] Accepted via OneTrust
    [Popup Handler] Clicked 'I understand' button via: button:has-text('I understand')
    [H2H Expansion] Expanding available match history...
    [AI INTEL] Selectors found for 'h2h_tab'. Skipping AI analysis.
      [Extractor] Extracting H2H tab...
      [Extractor] Found 10 home, 10 away, 5 H2H matches.
      [OK H2H] H2H tab data extracted for Ind. del Valle_vs_LDU Quito (25 matches found)
    [AI INTEL] Selectors found for 'standings_tab'. Skipping AI analysis.
      [Extractor] Extracting Standings tab...
    [Selector Stale] 'standings_relegation_row' ('.ui-table__row:has(.tableCellRank[title*="Relegation"])') not found after 2 min wait.
    [Auto-Heal Skipped] Selector 'standings_relegation_row' in 'standings_tab' invalid/missing. Skipping AI repair to save quota.
    [Auto-Heal Skipped] Selector 'standings_filter_draw' in 'standings_tab' invalid/missing. Skipping AI repair to save quota.
    [Selector Stale] 'meta_breadcrumb_country' ('[data-testid="wcl-flag-bo"] + a span') not found after 2 min wait.
    [Auto-Heal Skipped] Selector 'meta_breadcrumb_country' in 'standings_tab' invalid/missing. Skipping AI repair to save quota.
      [Warning] Failed to load Standings tab for Ind. del Valle_vs_LDU Quito: Page.evaluate: SyntaxError: Failed to execute 'querySelector' on 'Document': The provided selector is empty.
    at eval (eval at evaluate (:291:30), <anonymous>:133:40)
    at UtilityScript.evaluate (<anonymous>:298:18)
    at UtilityScript.<anonymous> (<anonymous>:1:44)
      [Extractor Validation] Updated League to: ECUADOR - LIGA PRO - CHAMPIONSHIP GROUP - ROUND 3
      [OK Signal] Ind. del Valle_vs_LDU Quito
    [Batch Start] Inter Moengotapoe vs Robinhood: 10.12.2025 - 23:00
    [Popup Handler] Clicked 'I understand' button via: button:has-text('I understand')
    [AI INTEL] Selectors found for 'match_page'. Skipping AI analysis.
    [Popup Handler] Clicked 'I understand' button via: button:has-text('I understand')
    [Cookies] Accepted via OneTrust
    [Popup Handler] Clicked 'I understand' button via: button:has-text('I understand')
    [H2H Expansion] Expanding available match history...
    [AI INTEL] Selectors found for 'h2h_tab'. Skipping AI analysis.
      [Extractor] Extracting H2H tab...
      [Extractor] Found 10 home, 10 away, 4 H2H matches.
      [OK H2H] H2H tab data extracted for Inter Moengotapoe_vs_Robinhood (24 matches found)
    [AI INTEL] Selectors found for 'standings_tab'. Skipping AI analysis.
      [Extractor] Extracting Standings tab...
    [Selector Stale] 'standings_relegation_row' ('.ui-table__row:has(.tableCellRank[title*="Relegation"])') not found after 2 min wait.
    [Auto-Heal Skipped] Selector 'standings_relegation_row' in 'standings_tab' invalid/missing. Skipping AI repair to save quota.
    [Auto-Heal Skipped] Selector 'standings_filter_draw' in 'standings_tab' invalid/missing. Skipping AI repair to save quota.
    [Selector Stale] 'meta_breadcrumb_country' ('[data-testid="wcl-flag-bo"] + a span') not found after 2 min wait.
    [Auto-Heal Skipped] Selector 'meta_breadcrumb_country' in 'standings_tab' invalid/missing. Skipping AI repair to save quota.
      [Warning] Failed to load Standings tab for Inter Moengotapoe_vs_Robinhood: Page.evaluate: SyntaxError: Failed to execute 'querySelector' on 'Document': The provided selector is empty.
    at eval (eval at evaluate (:291:30), <anonymous>:133:40)
    at UtilityScript.evaluate (<anonymous>:298:18)
    at UtilityScript.<anonymous> (<anonymous>:1:44)
      [Extractor Validation] Updated League to: SURINAME - SML - ROUND 7
      [NO Signal] Inter Moengotapoe_vs_Robinhood
    [Batch Start] Morvant Caledonia Utd vs Port Of Spain: 10.12.2025 - 23:00
    [Popup Handler] Clicked 'I understand' button via: button:has-text('I understand')
    [AI INTEL] Selectors found for 'match_page'. Skipping AI analysis.
    [Cookies] Accepted via OneTrust
    [Popup Handler] Clicked 'I understand' button via: button:has-text('I understand')
    [H2H Expansion] Expanding available match history...
    [AI INTEL] Selectors found for 'h2h_tab'. Skipping AI analysis.
      [Extractor] Extracting H2H tab...
      [Extractor] Found 10 home, 10 away, 5 H2H matches.
      [OK H2H] H2H tab data extracted for Morvant Caledonia Utd_vs_Port Of Spain (25 matches found)
    [AI INTEL] Selectors found for 'standings_tab'. Skipping AI analysis.
      [Extractor] Extracting Standings tab...
    [Selector Stale] 'standings_relegation_row' ('.ui-table__row:has(.tableCellRank[title*="Relegation"])') not found after 2 min wait.
    [Auto-Heal Skipped] Selector 'standings_relegation_row' in 'standings_tab' invalid/missing. Skipping AI repair to save quota.
    [Auto-Heal Skipped] Selector 'standings_filter_draw' in 'standings_tab' invalid/missing. Skipping AI repair to save quota.
    [Selector Stale] 'meta_breadcrumb_country' ('[data-testid="wcl-flag-bo"] + a span') not found after 2 min wait.
    [Auto-Heal Skipped] Selector 'meta_breadcrumb_country' in 'standings_tab' invalid/missing. Skipping AI repair to save quota.
      [Warning] Failed to load Standings tab for Morvant Caledonia Utd_vs_Port Of Spain: Page.evaluate: SyntaxError: Failed to execute 'querySelector' on 'Document': The provided selector is empty.
    at eval (eval at evaluate (:291:30), <anonymous>:133:40)
    at UtilityScript.evaluate (<anonymous>:298:18)
    at UtilityScript.<anonymous> (<anonymous>:1:44)
      [Extractor Validation] Updated League to: TRINIDAD AND TOBAGO - TT PREMIER LEAGUE - ROUND 7
      [OK Signal] Morvant Caledonia Utd_vs_Port Of Spain
  [Navigation] Clicking next day...
    [Success] Next day clicked and page updated.

--- ANALYZING DATE: 11.12.2025 ---
    [AI INTEL] Selectors found for 'home_page'. Skipping AI analysis.
    [Info] Could not click Scheduled tab.
    [Extractor] Extracting match data from page...
    [Matches Found] 115 valid fixtures. (Sorted by Time)
    [Batching] Processing 115 matches concurrently...
    [Batch Start] Huachipato vs Limache: 11.12.2025 - 00:00
    [Popup Handler] Clicked 'I understand' button via: button:has-text('I understand')
    [AI INTEL] Selectors found for 'match_page'. Skipping AI analysis.
    [Popup Handler] Clicked 'I understand' button via: button:has-text('I understand')
    [Cookies] Accepted via OneTrust
    [H2H Expansion] Expanding available match history...
    [AI INTEL] Selectors found for 'h2h_tab'. Skipping AI analysis.
      [Extractor] Extracting H2H tab...
      [Extractor] Found 10 home, 10 away, 2 H2H matches.
      [OK H2H] H2H tab data extracted for Huachipato_vs_Limache (22 matches found)
    [AI INTEL] Selectors found for 'standings_tab'. Skipping AI analysis.
      [Extractor] Extracting Standings tab...

   --- LEO: Shutting down gracefully. ---
