    --- LEO: Initializing Databases ---      
     Initializing databases...

      --- LEO: Starting new cycle at 2025-12-12 12:25:25 --- 
     Launching new browser instance...

   [Phase 0] Checking for past matches to review...
--- LEO V2.5: Outcome Review Engine (Concurrent) ---
[Review] Found 0 past predictions to review (Limit: 50).
--- No new past matches to review. ---

   [Phase 1] Starting analysis engine (Flashscore)...

--- Running Flashscore Analysis ---
  [Navigation] Going to Flashscore...
  [Navigation] Flashscore loaded successfully.
    [AI INTEL] Selectors found for 'home_page'. Skipping AI analysis.
    [Resume] Last processed: ID MkkJaZvq on 12.12.2025

--- ANALYZING DATE: 12.12.2025 ---
    [AI INTEL] Selectors found for 'home_page'. Skipping AI analysis.
    [Extractor] Extracting match data from page...
    [Time Filter] Removed 15 past matches for today.
    [Matches Found] 120 valid fixtures. (Sorted by Time)
    [Resume] Checking for last processed ID: MkkJaZvq on this date.
    [Resume] Match found at index 1. Skipping 2 previously processed matches.
    [Batching] Processing 118 matches concurrently...
    [Batch Start] APS Bomet vs Posta Rangers: 12.12.2025 - 13:00
    [Batch Start] Bidco United vs Mathare Utd.: 12.12.2025 - 13:00
    [Batch Start] Bandari vs Gor Mahia: 12.12.2025 - 13:00
    [Batch Start] Kakamega Homeboyz vs Shabana: 12.12.2025 - 13:00
    [Popup Handler] Clicked 'I understand' button via: button:has-text('I understand')
    [AI INTEL] Selectors found for 'match_page'. Skipping AI analysis.
    [Popup Handler] Clicked 'I understand' button via: button:has-text('I understand')
    [Popup Handler] Clicked 'I understand' button via: button:has-text('I understand')
    [Popup Handler] Clicked 'I understand' button via: button:has-text('I understand')
    [AI INTEL] Selectors found for 'match_page'. Skipping AI analysis.
    [AI INTEL] Selectors found for 'match_page'. Skipping AI analysis.
    [Popup Handler] Clicked 'I understand' button via: button:has-text('I understand')
    [Popup Handler] Clicked 'I understand' button via: button:has-text('I understand')
    [H2H Expansion] Expanding available match history...
    [AI INTEL] Selectors found for 'h2h_tab'. Skipping AI analysis.
      [Extractor] Extracting H2H tab...
      [Extractor] Found 10 home, 10 away, 0 H2H matches.
      [OK H2H] H2H tab data extracted for APS Bomet_vs_Posta Rangers (20 matches found)
    [H2H Expansion] No expansion buttons found or failed to load.
    [H2H Expansion] Expanding available match history...
    [AI INTEL] Selectors found for 'h2h_tab'. Skipping AI analysis.
      [Extractor] Extracting H2H tab...
    [AI INTEL] Selectors found for 'standings_tab'. Skipping AI analysis.
      [Extractor] Found 5 home, 5 away, 5 H2H matches.
      [OK H2H] H2H tab data extracted for Kakamega Homeboyz_vs_Shabana (15 matches found)
    [Cookies] Accepted via OneTrust
    [AI INTEL] Selectors found for 'standings_tab'. Skipping AI analysis.
    [Cookies] Accepted via text: I Accept
    [Cookies] Accepted via OneTrust
    [AI INTEL] Selectors found for 'h2h_tab'. Skipping AI analysis.
      [Extractor] Extracting H2H tab...
    [Popup Handler] Clicked 'I understand' button via: button:has-text('I understand')
      [Extractor] Found 10 home, 10 away, 5 H2H matches.
      [OK H2H] H2H tab data extracted for Bandari_vs_Gor Mahia (25 matches found)
    [AI INTEL] Selectors found for 'match_page'. Skipping AI analysis.
      [Extractor] Extracting Standings tab...
      [Extractor] Extracting Standings tab...
      [Extractor] Found 18 teams in standings for 'KENYA - PREMIER LEAGUE - ROUND 13'.
      [DB] Updated standings for KENYA - PREMIER LEAGUE - ROUND 13
      [OK Standing] Standings tab data extracted for KENYA - PREMIER LEAGUE - ROUND 13
      [Extractor Validation] Updated League to: KENYA - PREMIER LEAGUE - ROUND 13
      [DB] Updated standings for KENYA - PREMIER LEAGUE - ROUND 13
      [OK Standing] Standings tab data extracted for KENYA - PREMIER LEAGUE - ROUND 13
            [OK Signal] Kakamega Homeboyz_vs_Shabana
      [Extractor] Found 18 teams in standings for 'KENYA - PREMIER LEAGUE - ROUND 13'.
      [DB] Updated standings for KENYA - PREMIER LEAGUE - ROUND 13
      [OK Standing] Standings tab data extracted for KENYA - PREMIER LEAGUE - ROUND 13
      [Extractor Validation] Updated League to: KENYA - PREMIER LEAGUE - ROUND 13
      [DB] Updated standings for KENYA - PREMIER LEAGUE - ROUND 13
      [OK Standing] Standings tab data extracted for KENYA - PREMIER LEAGUE - ROUND 13
            [OK Signal] APS Bomet_vs_Posta Rangers
    [AI INTEL] Selectors found for 'standings_tab'. Skipping AI analysis.
    [Cookies] Accepted via OneTrust
      [Extractor] Extracting Standings tab...
    [Batch Start] Lightstars vs Cote d'Or: 12.12.2025 - 13:00
    [Batch Start] Usce vs Dinamo Jug: 12.12.2025 - 13:00
      [Extractor] Warning: No standings table rows found.
      [Extractor Validation] Updated League to: KENYA - PREMIER LEAGUE - ROUND 13
            [OK Signal] Bandari_vs_Gor Mahia
      [Error] Match failed Lightstars_vs_Cote d'Or: Page.goto: net::ERR_CONNECTION_CLOSED at https://www.flashscore.com/match/football/cote-d-or-EuDj3M54/lightstars-z1fAInfF/?mid=8lzxtdA6
Call log:
  - navigating to "https://www.flashscore.com/match/football/cote-d-or-EuDj3M54/lightstars-z1fAInfF/?mid=8lzxtdA6", waiting until "domcontentloaded"

  [CRITICAL ERROR] Logging state for 'process_match_task_Lightstars_vs_Cote d'Or'. See 'Logs/Errors' folder.
      [Error] Match failed Usce_vs_Dinamo Jug: Page.goto: net::ERR_CONNECTION_CLOSED at https://www.flashscore.com/match/football/dinamo-jug-ADvRvuVg/usce-fNA8iNmq/?mid=hEX5MuR6
Call log:
  - navigating to "https://www.flashscore.com/match/football/dinamo-jug-ADvRvuVg/usce-fNA8iNmq/?mid=hEX5MuR6", waiting until "domcontentloaded"

  [CRITICAL ERROR] Logging state for 'process_match_task_Usce_vs_Dinamo Jug'. See 'Logs/Errors' folder.
    [H2H Expansion] No expansion buttons found or failed to load.
    [AI INTEL] Selectors found for 'h2h_tab'. Skipping AI analysis.
      [Extractor] Extracting H2H tab...
      [Extractor] Found 5 home, 5 away, 5 H2H matches.
      [OK H2H] H2H tab data extracted for Bidco United_vs_Mathare Utd. (15 matches found)
    [AI INTEL] Selectors found for 'standings_tab'. Skipping AI analysis.
      [Extractor] Extracting Standings tab...
      [Extractor] Found 18 teams in standings for 'KENYA - PREMIER LEAGUE - ROUND 13'.
      [DB] Updated standings for KENYA - PREMIER LEAGUE - ROUND 13
      [OK Standing] Standings tab data extracted for KENYA - PREMIER LEAGUE - ROUND 13
      [Extractor Validation] Updated League to: KENYA - PREMIER LEAGUE - ROUND 13
      [DB] Updated standings for KENYA - PREMIER LEAGUE - ROUND 13
      [OK Standing] Standings tab data extracted for KENYA - PREMIER LEAGUE - ROUND 13
            [OK Signal] Bidco United_vs_Mathare Utd.
    [Batch Start] Chonburi vs Kanchanaburi: 12.12.2025 - 13:00
    [Batch Start] Bourj FC vs Racing: 12.12.2025 - 13:15
    [Batch Start] Tadamon vs Nejmeh SC: 12.12.2025 - 13:15
    [Batch Start] Al Jandal vs Al Jubail: 12.12.2025 - 13:25
    [Popup Handler] Clicked 'I understand' button via: button:has-text('I understand')
    [AI INTEL] Selectors found for 'match_page'. Skipping AI analysis.
    [Popup Handler] Clicked 'I understand' button via: button:has-text('I understand')
    [AI INTEL] Selectors found for 'match_page'. Skipping AI analysis.
    [Popup Handler] Clicked 'I understand' button via: button:has-text('I understand')
    [Popup Handler] Clicked 'I understand' button via: button:has-text('I understand')
    [Popup Handler] Clicked 'I understand' button via: button:has-text('I understand')
    [AI INTEL] Selectors found for 'match_page'. Skipping AI analysis.
    [Popup Handler] Clicked 'I understand' button via: button:has-text('I understand')
    [Popup Handler] Clicked 'I understand' button via: button:has-text('I understand')
    [AI INTEL] Selectors found for 'match_page'. Skipping AI analysis.
    [Popup Handler] Clicked 'I understand' button via: button:has-text('I understand')
    [H2H Expansion] No expansion buttons found or failed to load.
    [H2H Expansion] No expansion buttons found or failed to load.
    [AI INTEL] Selectors found for 'h2h_tab'. Skipping AI analysis.
      [Extractor] Extracting H2H tab...
    [AI INTEL] Selectors found for 'h2h_tab'. Skipping AI analysis.
      [Extractor] Extracting H2H tab...
    [H2H Expansion] No expansion buttons found or failed to load.
    [H2H Expansion] No expansion buttons found or failed to load.
    [AI INTEL] Selectors found for 'h2h_tab'. Skipping AI analysis.
      [Extractor] Extracting H2H tab...
    [AI INTEL] Selectors found for 'h2h_tab'. Skipping AI analysis.
      [Extractor] Extracting H2H tab...

   --- LEO: Shutting down gracefully. ---
