--- LEO: A loop that observes, decides, and acts. ---
Initializing databases...

[Phase 0] Checking for past matches to review...
--- LEO V2.5: Outcome Review Engine (Concurrent) ---
[Review] Found 0 past predictions to review (Limit: 50).
--- No new past matches to review. ---

--- Running Flashscore Analysis ---
  [Navigation] Going to Flashscore...
  [Navigation] Flashscore loaded successfully.
    [AI INTEL] Starting Full Discovery for context: 'home_page' (Force: False)...
    [AI INTEL] Taking Screenshot and HTML capture of: 'home_page'...
    [VISION] Loading UI/UX analysis from logged screenshot...
    [VISION] Using logged screenshot: home_page_20251208_122008.png
    [VISION] UI/UX Analysis complete.
    [AI INTEL ERROR] No HTML file found for context: home_page
    [Cookies] Accepted via OneTrust

--- ANALYZING DATE: 08.12.2025 ---
    [AI INTEL] Starting Full Discovery for context: 'home_page' (Force: False)...
    [AI INTEL] Taking Screenshot and HTML capture of: 'home_page'...
    [VISION] Loading UI/UX analysis from logged screenshot...
    [VISION] Using logged screenshot: home_page_20251208_122100.png
    [VISION] UI/UX Analysis complete.
    [AI INTEL ERROR] No HTML file found for context: home_page
  [Dynamic Extraction] Extracting match URLs using AI selectors...
    [Auto-Heal] Selector 'match_rows' in 'home_page' invalid/missing. Initiating AI repair...
    [AI INTEL] Starting Full Discovery for context: 'home_page' (Force: True)...
    [AI INTEL] Taking Screenshot and HTML capture of: 'home_page'...
    [VISION] Loading UI/UX analysis from logged screenshot...
    [VISION] Using logged screenshot: home_page_20251208_122142.png
    [VISION] UI/UX Analysis complete.
    [AI INTEL ERROR] No HTML file found for context: home_page
    [Auto-Heal Failed] AI could not find 'match_rows' even after refresh.
    [Auto-Heal] Selector 'match_row_home_team_name' in 'home_page' invalid/missing. Initiating AI repair...
    [AI INTEL] Starting Full Discovery for context: 'home_page' (Force: True)...
    [AI INTEL] Taking Screenshot and HTML capture of: 'home_page'...
    [VISION] Loading UI/UX analysis from logged screenshot...
    [VISION] Using logged screenshot: home_page_20251208_122218.png
    [VISION] UI/UX Analysis complete.
    [AI INTEL ERROR] No HTML file found for context: home_page
    [Auto-Heal Failed] AI could not find 'match_row_home_team_name' even after refresh.
    [Auto-Heal] Selector 'match_row_away_team_name' in 'home_page' invalid/missing. Initiating AI repair...
    [AI INTEL] Starting Full Discovery for context: 'home_page' (Force: True)...
    [AI INTEL] Taking Screenshot and HTML capture of: 'home_page'...
    [VISION] Loading UI/UX analysis from logged screenshot...
    [VISION] Using logged screenshot: home_page_20251208_122301.png
    [VISION] UI/UX Analysis complete.
    [AI INTEL ERROR] No HTML file found for context: home_page
    [Auto-Heal Failed] AI could not find 'match_row_away_team_name' even after refresh.
    [Auto-Heal] Selector 'league_header' in 'home_page' invalid/missing. Initiating AI repair...
    [AI INTEL] Starting Full Discovery for context: 'home_page' (Force: True)...
    [AI INTEL] Taking Screenshot and HTML capture of: 'home_page'...
    [VISION] Loading UI/UX analysis from logged screenshot...
    [VISION] Using logged screenshot: home_page_20251208_122345.png
    [VISION] UI/UX Analysis complete.
    [AI INTEL ERROR] No HTML file found for context: home_page
    [Auto-Heal Failed] AI could not find 'league_header' even after refresh.
    [Auto-Heal] Selector 'league_category' in 'home_page' invalid/missing. Initiating AI repair...
    [AI INTEL] Starting Full Discovery for context: 'home_page' (Force: True)...
    [AI INTEL] Taking Screenshot and HTML capture of: 'home_page'...
    [VISION] Loading UI/UX analysis from logged screenshot...
    [VISION] Using logged screenshot: home_page_20251208_122436.png
    [VISION] UI/UX Analysis complete.
    [AI INTEL ERROR] No HTML file found for context: home_page
    [Auto-Heal Failed] AI could not find 'league_category' even after refresh.
    [Auto-Heal] Selector 'league_title_link' in 'home_page' invalid/missing. Initiating AI repair...
    [AI INTEL] Starting Full Discovery for context: 'home_page' (Force: True)...
    [AI INTEL] Taking Screenshot and HTML capture of: 'home_page'...
    [VISION] Loading UI/UX analysis from logged screenshot...
    [VISION] Using logged screenshot: home_page_20251208_122523.png
    [VISION] UI/UX Analysis complete.
    [AI INTEL ERROR] No HTML file found for context: home_page
    [Auto-Heal Failed] AI could not find 'league_title_link' even after refresh.
