    --- LEO: Initializing Databases ---      
     Initializing databases...

      --- LEO: Starting new cycle at 2025-12-12 15:13:48 --- 
     Launching new browser instance...

   [Phase 0] Checking for past matches to review...
--- LEO V2.5: Outcome Review Engine (Concurrent) ---
[Review] Found 0 past predictions to review (Limit: 50).
--- No new past matches to review. ---

   [Phase 1] Starting analysis engine (Flashscore)...

--- Running Flashscore Analysis ---
  [Navigation] Going to Flashscore...
  [Navigation] Flashscore loaded successfully.
    [AI INTEL] Selectors found for 'home_page'. Skipping AI analysis.
    [Resume] Last processed: ID xWCan3lI on 12.12.2025

--- ANALYZING DATE: 12.12.2025 ---
    [AI INTEL] Selectors found for 'home_page'. Skipping AI analysis.
    [Cookies] Accepted via text: I Accept
    [Extractor] Extracting match data from page...
    [Time Filter] Removed 59 past matches for today.
    [Matches Found] 75 valid fixtures. (Sorted by Time)
    [Resume] Checking for last processed ID: xWCan3lI on this date.
    [Resume] Match found at index 72. Skipping 73 previously processed matches.
    [Batching] Processing 2 matches concurrently...
    [Batch Start] Vega Real vs Delfines Del Este: 12.12.2025 - 21:00
    [Batch Start] Prison Service vs Defence Force: 12.12.2025 - 22:00
    [Cookies] Accepted via text: I Accept
    [Cookies] Accepted via text: I Accept
    [AI INTEL] Selectors found for 'match_page'. Skipping AI analysis.
    [AI INTEL] Selectors found for 'match_page'. Skipping AI analysis.
    [Popup Handler] Clicked 'I understand' button via: button:has-text('I understand')
    [Popup Handler] Clicked 'I understand' button via: button:has-text('I understand')
    [H2H Expansion] Expanding available match history...
    [H2H Expansion] Expanding available match history...
    [AI INTEL] Selectors found for 'h2h_tab'. Skipping AI analysis.
      [Extractor] Extracting H2H tab...
    [AI INTEL] Selectors found for 'h2h_tab'. Skipping AI analysis.
      [Extractor] Extracting H2H tab...
    [Selector Stale] 'meta_breadcrumb_country' ('ol.wcl-breadcrumbList_lC9sI > li:nth-child(2) span.wcl-breadcrumbItemLabel_2QT1M') not found after 2 min wait.
    [Auto-Heal] Selector 'meta_breadcrumb_country' in 'h2h_tab' invalid/missing. Initiating AI repair...
    [AI INTEL] Starting Full Discovery for context: 'h2h_tab' (Force: True)...
    [AI INTEL] Capturing page state for 'h2h_tab'...
    [Selector Stale] 'meta_breadcrumb_country' ('ol.wcl-breadcrumbList_lC9sI > li:nth-child(2) span.wcl-breadcrumbItemLabel_2QT1M') not found after 2 min wait.
    [Auto-Heal] Selector 'meta_breadcrumb_country' in 'h2h_tab' invalid/missing. Initiating AI repair...
    [AI INTEL] Starting Full Discovery for context: 'h2h_tab' (Force: True)...
    [AI INTEL] Capturing page state for 'h2h_tab'...
    [VISION] Analyzing screenshot: h2h_tab.png
    [VISION] Analyzing screenshot: h2h_tab.png

   --- LEO: Shutting down gracefully. ---
