    --- LEO: Initializing Databases ---      
     Initializing databases...

      --- LEO: Starting new cycle at 2025-12-12 10:31:02 --- 
     Launching new browser instance...

   [Phase 0] Checking for past matches to review...
--- LEO V2.5: Outcome Review Engine (Concurrent) ---
[Review] Found 0 past predictions to review (Limit: 50).
--- No new past matches to review. ---

   [Phase 1] Starting analysis engine (Flashscore)...

--- Running Flashscore Analysis ---
  [Navigation] Going to Flashscore...
  [Navigation] Flashscore loaded successfully.
    [AI INTEL] Selectors found for 'home_page'. Skipping AI analysis.

--- ANALYZING DATE: 12.12.2025 ---
    [AI INTEL] Selectors found for 'home_page'. Skipping AI analysis.
    [Extractor] Extracting match data from page...
    [Time Filter] Removed 10 past matches for today.
    [Matches Found] 125 valid fixtures. (Sorted by Time)
    [Batching] Processing 125 matches concurrently...
    [Batch Start] North Macedonia U18 vs Montenegro U18: 12.12.2025 - 11:00
    [Popup Handler] Clicked 'I understand' button via: button:has-text('I understand')
    [AI INTEL] Selectors found for 'match_page'. Skipping AI analysis.
    [Popup Handler] Clicked 'I understand' button via: button:has-text('I understand')
    [Cookies] Accepted via OneTrust
    [H2H Expansion] Expanding available match history...
    [AI INTEL] Selectors found for 'h2h_tab'. Skipping AI analysis.
      [Extractor] Extracting H2H tab...
      [Extractor] Found 10 home, 10 away, 5 H2H matches.
      [OK H2H] H2H tab data extracted for North Macedonia U18_vs_Montenegro U18 (25 matches found)
      [Extractor Validation] Updated League to: WORLD - FRIENDLY INTERNATIONAL
      [NO Signal] North Macedonia U18_vs_Montenegro U18
    [Batch Start] Anse Reunion vs Foresters FC: 12.12.2025 - 11:45
    [Popup Handler] Clicked 'I understand' button via: button:has-text('I understand')
    [AI INTEL] Selectors found for 'match_page'. Skipping AI analysis.
    [Popup Handler] Clicked 'I understand' button via: button:has-text('I understand')
    [H2H Expansion] Expanding available match history...
    [AI INTEL] Selectors found for 'h2h_tab'. Skipping AI analysis.
      [Extractor] Extracting H2H tab...
      [Extractor] Found 10 home, 10 away, 5 H2H matches.
      [OK H2H] H2H tab data extracted for Anse Reunion_vs_Foresters FC (25 matches found)
    [AI INTEL] Selectors found for 'standings_tab'. Skipping AI analysis.
    [Cookies] Accepted via OneTrust
      [Extractor] Extracting Standings tab...
      [Extractor] Found 10 teams in standings for 'SEYCHELLES - PREMIER LEAGUE - ROUND 7'.
      [DB] Updated standings for SEYCHELLES - PREMIER LEAGUE - ROUND 7
      [OK Standing] Standings tab data extracted for SEYCHELLES - PREMIER LEAGUE - ROUND 7
      [Extractor Validation] Updated League to: SEYCHELLES - PREMIER LEAGUE - ROUND 7
      [DB] Updated standings for SEYCHELLES - PREMIER LEAGUE - ROUND 7
      [OK Standing] Standings tab data extracted for SEYCHELLES - PREMIER LEAGUE - ROUND 7
      [OK Signal] Anse Reunion_vs_Foresters FC
    [Batch Start] Indonesia U22 vs Myanmar U22: 12.12.2025 - 12:00
    [Popup Handler] Clicked 'I understand' button via: button:has-text('I understand')
    [AI INTEL] Selectors found for 'match_page'. Skipping AI analysis.
    [Popup Handler] Clicked 'I understand' button via: button:has-text('I understand')
    [Cookies] Accepted via OneTrust
    [H2H Expansion] Expanding available match history...
    [AI INTEL] Selectors found for 'h2h_tab'. Skipping AI analysis.
      [Extractor] Extracting H2H tab...
      [Extractor] Found 10 home, 10 away, 2 H2H matches.
      [OK H2H] H2H tab data extracted for Indonesia U22_vs_Myanmar U22 (22 matches found)
    [AI INTEL] Selectors found for 'standings_tab'. Skipping AI analysis.
      [Extractor] Extracting Standings tab...
      [Extractor] Found 6 teams in standings for 'ASIA - SOUTHEAST ASIAN GAMES - ROUND 3'.
      [DB] Updated standings for ASIA - SOUTHEAST ASIAN GAMES - ROUND 3
      [OK Standing] Standings tab data extracted for ASIA - SOUTHEAST ASIAN GAMES - ROUND 3
      [Extractor Validation] Updated League to: ASIA - SOUTHEAST ASIAN GAMES - ROUND 3
      [DB] Updated standings for ASIA - SOUTHEAST ASIAN GAMES - ROUND 3
      [OK Standing] Standings tab data extracted for ASIA - SOUTHEAST ASIAN GAMES - ROUND 3
      [OK Signal] Indonesia U22_vs_Myanmar U22
    [Batch Start] Perth W vs Wellington Phoenix W: 12.12.2025 - 12:00
    [Popup Handler] Clicked 'I understand' button via: button:has-text('I understand')
    [AI INTEL] Selectors found for 'match_page'. Skipping AI analysis.
    [Popup Handler] Clicked 'I understand' button via: button:has-text('I understand')
    [H2H Expansion] Expanding available match history...
    [AI INTEL] Selectors found for 'h2h_tab'. Skipping AI analysis.
      [Extractor] Extracting H2H tab...
      [Extractor] Found 10 home, 10 away, 5 H2H matches.
      [OK H2H] H2H tab data extracted for Perth W_vs_Wellington Phoenix W (25 matches found)
    [AI INTEL] Selectors found for 'standings_tab'. Skipping AI analysis.
    [Cookies] Accepted via OneTrust
      [Extractor] Extracting Standings tab...
      [Extractor] Found 11 teams in standings for 'AUSTRALIA - A-LEAGUE WOMEN - ROUND 7'.
      [DB] Updated standings for AUSTRALIA - A-LEAGUE WOMEN - ROUND 7
      [OK Standing] Standings tab data extracted for AUSTRALIA - A-LEAGUE WOMEN - ROUND 7
      [Extractor Validation] Updated League to: AUSTRALIA - A-LEAGUE WOMEN - ROUND 7
      [DB] Updated standings for AUSTRALIA - A-LEAGUE WOMEN - ROUND 7
      [OK Standing] Standings tab data extracted for AUSTRALIA - A-LEAGUE WOMEN - ROUND 7
      [NO Signal] Perth W_vs_Wellington Phoenix W
    [Batch Start] Parma U20 vs Monza U20: 12.12.2025 - 12:00
    [Popup Handler] Clicked 'I understand' button via: button:has-text('I understand')
    [AI INTEL] Selectors found for 'match_page'. Skipping AI analysis.
    [Popup Handler] Clicked 'I understand' button via: button:has-text('I understand')
    [Cookies] Accepted via OneTrust
    [H2H Expansion] Expanding available match history...
    [AI INTEL] Selectors found for 'h2h_tab'. Skipping AI analysis.
      [Extractor] Extracting H2H tab...
      [Extractor] Found 10 home, 10 away, 0 H2H matches.
      [OK H2H] H2H tab data extracted for Parma U20_vs_Monza U20 (20 matches found)
    [AI INTEL] Selectors found for 'standings_tab'. Skipping AI analysis.
      [Extractor] Extracting Standings tab...
      [Extractor] Warning: No standings table rows found.
      [Extractor Validation] Updated League to: ITALY - PRIMAVERA 1 - ROUND 15
      [NO Signal] Parma U20_vs_Monza U20
    [Batch Start] Bashundara Kings vs Mohammedan: 12.12.2025 - 12:30
      [Error] Match failed Bashundara Kings_vs_Mohammedan: Page.goto: net::ERR_CONNECTION_CLOSED at https://www.flashscore.com/match/football/bashundara-kings-htcj68ms/mohammedan-6gHbafQi/?mid=p4OczZKF
Call log:
  - navigating to "https://www.flashscore.com/match/football/bashundara-kings-htcj68ms/mohammedan-6gHbafQi/?mid=p4OczZKF", waiting until "domcontentloaded"

  [CRITICAL ERROR] Logging state for 'process_match_task_Bashundara Kings_vs_Mohammedan'. See 'Logs/Errors' folder.
    [Batch Start] Adana Demirspor vs Boluspor: 12.12.2025 - 12:30
    [Popup Handler] Clicked 'I understand' button via: button:has-text('I understand')
    [AI INTEL] Selectors found for 'match_page'. Skipping AI analysis.
    [Popup Handler] Clicked 'I understand' button via: button:has-text('I understand')
    [Cookies] Accepted via OneTrust
    [H2H Expansion] Expanding available match history...
    [AI INTEL] Selectors found for 'h2h_tab'. Skipping AI analysis.
      [Extractor] Extracting H2H tab...
      [Extractor] Found 10 home, 10 away, 5 H2H matches.
      [OK H2H] H2H tab data extracted for Adana Demirspor_vs_Boluspor (25 matches found)
    [AI INTEL] Selectors found for 'standings_tab'. Skipping AI analysis.
      [Extractor] Extracting Standings tab...
      [Extractor] Warning: No standings table rows found.
      [Extractor Validation] Updated League to: TURKEY - 1. LIG - ROUND 17
      [NO Signal] Adana Demirspor_vs_Boluspor
    [Batch Start] APS Bomet vs Posta Rangers: 12.12.2025 - 13:00
      [Error] Match failed APS Bomet_vs_Posta Rangers: Page.goto: net::ERR_CONNECTION_CLOSED at https://www.flashscore.com/match/football/aps-bomet-KScUSuRF/posta-rangers-WfxlGWpg/?mid=4hTyi8Gi
Call log:
  - navigating to "https://www.flashscore.com/match/football/aps-bomet-KScUSuRF/posta-rangers-WfxlGWpg/?mid=4hTyi8Gi", waiting until "domcontentloaded"

  [CRITICAL ERROR] Logging state for 'process_match_task_APS Bomet_vs_Posta Rangers'. See 'Logs/Errors' folder.
    [Batch Start] Bandari vs Gor Mahia: 12.12.2025 - 13:00
    [Popup Handler] Clicked 'I understand' button via: button:has-text('I understand')
    [AI INTEL] Selectors found for 'match_page'. Skipping AI analysis.
    [Popup Handler] Clicked 'I understand' button via: button:has-text('I understand')
    [H2H Expansion] Expanding available match history...
    [AI INTEL] Selectors found for 'h2h_tab'. Skipping AI analysis.
      [Extractor] Extracting H2H tab...
      [Extractor] Found 10 home, 10 away, 5 H2H matches.
      [OK H2H] H2H tab data extracted for Bandari_vs_Gor Mahia (25 matches found)
    [AI INTEL] Selectors found for 'standings_tab'. Skipping AI analysis.
    [Cookies] Accepted via OneTrust
      [Extractor] Extracting Standings tab...
      [Extractor] Warning: No standings table rows found.
      [Extractor Validation] Updated League to: KENYA - PREMIER LEAGUE - ROUND 13
      [OK Signal] Bandari_vs_Gor Mahia
    [Batch Start] Bidco United vs Mathare Utd.: 12.12.2025 - 13:00
      [Error] Match failed Bidco United_vs_Mathare Utd.: Page.goto: net::ERR_NAME_NOT_RESOLVED at https://www.flashscore.com/match/football/bidco-united-0zjHr0CN/mathare-united-lzS777jQ/?mid=QotAx91b
Call log:
  - navigating to "https://www.flashscore.com/match/football/bidco-united-0zjHr0CN/mathare-united-lzS777jQ/?mid=QotAx91b", waiting until "domcontentloaded"

  [CRITICAL ERROR] Logging state for 'process_match_task_Bidco United_vs_Mathare Utd.'. See 'Logs/Errors' folder.
    [Batch Start] Kakamega Homeboyz vs Shabana: 12.12.2025 - 13:00
      [Error] Match failed Kakamega Homeboyz_vs_Shabana: Page.goto: net::ERR_NAME_NOT_RESOLVED at https://www.flashscore.com/match/football/kakamega-homeboyz-OfdPtDuK/shabana-YXH9gwV9/?mid=ADEWur8j
Call log:
  - navigating to "https://www.flashscore.com/match/football/kakamega-homeboyz-OfdPtDuK/shabana-YXH9gwV9/?mid=ADEWur8j", waiting until "domcontentloaded"

  [CRITICAL ERROR] Logging state for 'process_match_task_Kakamega Homeboyz_vs_Shabana'. See 'Logs/Errors' folder.
    [Batch Start] Usce vs Dinamo Jug: 12.12.2025 - 13:00
      [Error] Match failed Usce_vs_Dinamo Jug: Page.goto: net::ERR_NAME_NOT_RESOLVED at https://www.flashscore.com/match/football/dinamo-jug-ADvRvuVg/usce-fNA8iNmq/?mid=hEX5MuR6
Call log:
  - navigating to "https://www.flashscore.com/match/football/dinamo-jug-ADvRvuVg/usce-fNA8iNmq/?mid=hEX5MuR6", waiting until "domcontentloaded"

  [CRITICAL ERROR] Logging state for 'process_match_task_Usce_vs_Dinamo Jug'. See 'Logs/Errors' folder.
    [Batch Start] Lightstars vs Cote d'Or: 12.12.2025 - 13:00

   --- LEO: Shutting down gracefully. ---
