    --- LEO: Initializing Databases ---      
     Initializing databases...

      --- LEO: Starting new cycle at 2025-12-10 11:55:51 --- 
     Launching new browser instance...

   [Phase 0] Checking for past matches to review...
--- LEO V2.5: Outcome Review Engine (Concurrent) ---
[Review] Found 0 past predictions to review (Limit: 50).
--- No new past matches to review. ---

   [Phase 1] Starting analysis engine (Flashscore)...

--- Running Flashscore Analysis ---
  [Navigation] Going to Flashscore...
  [Navigation] Flashscore loaded successfully.
    [AI INTEL] Selectors found for 'home_page'. Skipping AI analysis.

--- ANALYZING DATE: 10.12.2025 ---
    [AI INTEL] Selectors found for 'home_page'. Skipping AI analysis.
    [Cookies] Accepted via OneTrust
    [Info] Clicked scheduled tab.
    [Extractor] Extracting match data from page...
    [Time Filter] Removed 1 past matches for today.
    [Matches Found] 110 valid fixtures. (Sorted by Time)
    [Batching] Processing 110 matches concurrently...
    [Batch Start] Benfica U19 vs Napoli U19: 10.12.2025 - 12:00
    [Cookies] Accepted via text: I Accept
    [Popup Handler] Clicked 'I understand' button via: button:has-text('I understand')
    [AI INTEL] Selectors found for 'match_page'. Skipping AI analysis.
    [H2H Expansion] Found 2 'Show more matches' buttons. Clicking them...
    [AI INTEL] Selectors found for 'h2h_tab'. Skipping AI analysis.
      [Extractor] Extracting H2H tab...
      [Extractor] Found 0 home, 0 away, 0 H2H matches.
      [✅ H2H] H2H tab data extracted for Benfica U19_vs_Napoli U19
    [AI INTEL] Selectors found for 'standings_tab'. Skipping AI analysis.
      [Extractor] Extracting Standings tab...
      [Extractor] Found 36 teams in standings for 'EUROPE - UEFA YOUTH LEAGUE - LEAGUE PHASE - ROUND 6'.
      [DB] Updated standings for EUROPE - UEFA YOUTH LEAGUE - LEAGUE PHASE - ROUND 6
      [✅ Standing] Standings tab data extracted for EUROPE - UEFA YOUTH LEAGUE - LEAGUE PHASE - ROUND 6
      [Extractor Validation] Updated League to: EUROPE - UEFA YOUTH LEAGUE - LEAGUE PHASE - ROUND 6
      [❌ No Signal] Benfica U19_vs_Napoli U19
    [Batch Start] Villarreal U19 vs FC Copenhagen U19: 10.12.2025 - 12:00
    [Popup Handler] Clicked 'I understand' button via: button:has-text('I understand')
    [AI INTEL] Selectors found for 'match_page'. Skipping AI analysis.
    [Cookies] Accepted via OneTrust
    [Popup Handler] Clicked 'I understand' button via: button:has-text('I understand')
    [H2H Expansion] Found 2 'Show more matches' buttons. Clicking them...
      [Warning] Failed to fully load/expand H2H tab for Villarreal U19_vs_FC Copenhagen U19: Locator.click: Timeout 3000ms exceeded.
Call log:
  - waiting for locator("button:has-text('Show more matches'), a:has-text('Show more matches')").nth(1)

    [AI INTEL] Selectors found for 'standings_tab'. Skipping AI analysis.
      [Extractor] Extracting Standings tab...
      [Extractor] Found 36 teams in standings for 'EUROPE - UEFA YOUTH LEAGUE - LEAGUE PHASE - ROUND 6'.
      [DB] Updated standings for EUROPE - UEFA YOUTH LEAGUE - LEAGUE PHASE - ROUND 6
      [✅ Standing] Standings tab data extracted for EUROPE - UEFA YOUTH LEAGUE - LEAGUE PHASE - ROUND 6
      [Extractor Validation] Updated League to: EUROPE - UEFA YOUTH LEAGUE - LEAGUE PHASE - ROUND 6
      [❌ No Signal] Villarreal U19_vs_FC Copenhagen U19

   --- LEO: Shutting down gracefully. ---
