--- LEO: Initializing Databases ---
Initializing databases...

--- LEO: Starting new cycle at 2025-12-09 13:36:16 ---

[Phase 0] Checking for past matches to review...
--- LEO V2.5: Outcome Review Engine (Concurrent) ---
[Review] Found 0 past predictions to review (Limit: 50).
--- No new past matches to review. ---

[Phase 1] Starting analysis engine (Flashscore)...

--- Running Flashscore Analysis ---
  [Navigation] Going to Flashscore...
  [Navigation] Flashscore loaded successfully.
    [AI INTEL] Selectors found for 'home_page'. Skipping AI analysis.
    [Resume] Last processed: ID 8ph09lne on 08.12.2025

--- ANALYZING DATE: 09.12.2025 ---
    [AI INTEL] Selectors found for 'home_page'. Skipping AI analysis.
    [Extractor] Extracting match data from page...
    [Time Filter] Removed 15 past matches for today.
    [Matches Found] 100 valid fixtures. (Sorted by Time)
    [Batching] Processing 100 matches concurrently...
    [Batch Start] Shams Azar Qazvin vs Gol Gohar: 09.12.2025 - 13:45
    [Popup Handler] Clicked 'I understand' button via: button[data-testid="wcl-tooltip-actionButton"]
      [Error] Match failed Shams Azar Qazvin_vs_Gol Gohar: Timeout 180000ms exceeded.
  [CRITICAL ERROR] Logging state for 'process_match_task_Shams Azar Qazvin_vs_Gol Gohar'. See 'Logs/Errors' folder.
    [Batch Start] Zob Ahan vs Tractor: 09.12.2025 - 13:45
      [Error] Match failed Zob Ahan_vs_Tractor: Page.goto: Timeout 180000ms exceeded.
Call log:
  - navigating to "https://www.flashscore.com/match/football/tractor-IVy1ZyxH/zob-ahan-6HP7tgt2/?mid=KdHuVcsT", waiting until "domcontentloaded"

  [CRITICAL ERROR] Logging state for 'process_match_task_Zob Ahan_vs_Tractor'. See 'Logs/Errors' folder.
    [Batch Start] Araz vs Kapaz: 09.12.2025 - 14:00
