    --- LEO: Initializing Databases ---      
     Initializing databases...

      --- LEO: Starting new cycle at 2025-12-10 19:35:48 --- 
     Launching new browser instance...

   [Phase 0] Checking for past matches to review...
--- LEO V2.5: Outcome Review Engine (Concurrent) ---
[Review] Found 0 past predictions to review (Limit: 50).
--- No new past matches to review. ---

   [Phase 1] Starting analysis engine (Flashscore)...

--- Running Flashscore Analysis ---
  [Navigation] Going to Flashscore...
  [Navigation] Flashscore loaded successfully.
    [AI INTEL] Selectors found for 'home_page'. Skipping AI analysis.

--- ANALYZING DATE: 10.12.2025 ---
    [AI INTEL] Selectors found for 'home_page'. Skipping AI analysis.
    [Info] Clicked scheduled tab.
    [Cookies] Accepted via OneTrust
    [Extractor] Extracting match data from page...
    [Time Filter] Removed 1 past matches for today.
    [Matches Found] 37 valid fixtures. (Sorted by Time)
    [Batching] Processing 37 matches concurrently...
    [Batch Start] Blooming vs Aurora: 10.12.2025 - 20:00
    [AI INTEL] Selectors found for 'match_page'. Skipping AI analysis.
      [Warning] H2H tab inaccessible for Blooming_vs_Aurora
      [❌ No Signal] Blooming_vs_Aurora
    [Batch Start] Coventry U21 vs Watford U21: 10.12.2025 - 20:00
    [Popup Handler] Clicked 'I understand' button via: button:has-text('I understand')
    [AI INTEL] Selectors found for 'match_page'. Skipping AI analysis.
    [Popup Handler] Clicked 'I understand' button via: button:has-text('I understand')
    [H2H Expansion] Expanding available match history...
    [AI INTEL] Selectors found for 'h2h_tab'. Skipping AI analysis.
      [Extractor] Extracting H2H tab...
      [Extractor] Found 10 home, 10 away, 4 H2H matches.
      [✅ H2H] H2H tab data extracted for Coventry U21_vs_Watford U21 (24 matches found)
{'date': '05.12.25', 'home_team': 'Coventry U21', 'away_team': 'Barnsley U21', 'score': '1-1', 'match_link': None}
{'date': '25.11.25', 'home_team': 'Leyton Orient U21', 'away_team': 'Coventry U21', 'score': '4-3', 'match_link': None}
{'date': '10.11.25', 'home_team': 'Sheffield Utd U21', 'away_team': 'Coventry U21', 'score': '1-0', 'match_link': None}
{'date': '05.11.25', 'home_team': 'Coventry U21', 'away_team': 'Peterborough U21', 'score': '1-2', 'match_link': None}
{'date': '24.10.25', 'home_team': 'Sheffield Wed U21', 'away_team': 'Coventry U21', 'score': '1-2', 'match_link': None}
{'date': '21.10.25', 'home_team': 'Coventry U21', 'away_team': 'Wigan U21', 'score': '0-9', 'match_link': None}
{'date': '17.10.25', 'home_team': 'Watford U21', 'away_team': 'Coventry U21', 'score': '4-1', 'match_link': None}
{'date': '07.10.25', 'home_team': 'Coventry U21', 'away_team': 'Hull U21', 'score': '2-3', 'match_link': None}
{'date': '22.09.25', 'home_team': 'Crewe U21', 'away_team': 'Coventry U21', 'score': '0-4', 'match_link': None}
{'date': '15.09.25', 'home_team': 'Coventry U21', 'away_team': 'Bournemouth U21', 'score': '3-2', 'match_link': None}
{'date': '03.12.25', 'home_team': 'Watford U21', 'away_team': 'Leyton Orient U21', 'score': '2-1', 'match_link': None}
{'date': '21.11.25', 'home_team': 'Watford U21', 'away_team': 'Blackburn U21', 'score': '2-1', 'match_link': None}
{'date': '17.11.25', 'home_team': 'Watford U21', 'away_team': 'Bristol City U21', 'score': '3-1', 'match_link': None}
{'date': '08.11.25', 'home_team': 'Brentford U21', 'away_team': 'Watford U21', 'score': '4-0', 'match_link': None}
{'date': '04.11.25', 'home_team': 'Watford U21', 'away_team': 'Colchester U21', 'score': '6-0', 'match_link': None}
{'date': '27.10.25', 'home_team': 'Watford U21', 'away_team': 'Swansea U21', 'score': '5-4', 'match_link': None}
{'date': '21.10.25', 'home_team': 'Charlton U21', 'away_team': 'Watford U21', 'score': '3-1', 'match_link': None}
{'date': '17.10.25', 'home_team': 'Watford U21', 'away_team': 'Coventry U21', 'score': '4-1', 'match_link': None}
{'date': '10.10.25', 'home_team': 'QPR U21', 'away_team': 'Watford U21', 'score': '1-1', 'match_link': None}
{'date': '06.10.25', 'home_team': 'Watford U21', 'away_team': 'Millwall U21', 'score': '3-1', 'match_link': None}
{'date': '17.10.25', 'home_team': 'Watford U21', 'away_team': 'Coventry U21', 'score': '4-1', 'match_link': None}
{'date': '31.03.25', 'home_team': 'Watford U21', 'away_team': 'Coventry U21', 'score': '1-2', 'match_link': None}
{'date': '23.04.24', 'home_team': 'Watford U21', 'away_team': 'Coventry U21', 'score': '1-0', 'match_link': None}
{'date': '01.05.23', 'home_team': 'Coventry U21', 'away_team': 'Watford U21', 'score': '3-0', 'match_link': None}
    [Enrichment] Starting to enrich 24 newly found past matches...
    [Enrichment] Past match enrichment complete.
    [AI INTEL] Selectors found for 'standings_tab'. Skipping AI analysis.
    [Cookies] Accepted via OneTrust
      [Extractor] Extracting Standings tab...
    [Auto-Heal] Selector 'standings_relegation_row' in 'standings_tab' invalid/missing. Initiating AI repair...
    [AI INTEL] Starting Full Discovery for context: 'standings_tab' (Force: True)...
    [AI INTEL] Capturing page state for 'standings_tab'...
    [VISION] Analyzing screenshot: standings_tab.png
    [VISION] Analysis complete.
    [AI INTEL] Using logged HTML: standings_tab.html
    [AI INTEL] Mapping UI Elements to HTML Selectors...
    [AI INTEL] Successfully mapped 95 elements.
    [Auto-Heal Failed] AI could not find 'standings_relegation_row' even after refresh.
    [Auto-Heal] Selector 'standings_filter_draw' in 'standings_tab' invalid/missing. Initiating AI repair...
    [AI INTEL] Starting Full Discovery for context: 'standings_tab' (Force: True)...
    [AI INTEL] Capturing page state for 'standings_tab'...
    [VISION] Analyzing screenshot: standings_tab.png
    [VISION] Analysis complete.
    [AI INTEL] Using logged HTML: standings_tab.html
    [AI INTEL] Mapping UI Elements to HTML Selectors...
    [AI INTEL] Successfully mapped 84 elements.
    [Auto-Heal Failed] AI could not find 'standings_filter_draw' even after refresh.
      [Warning] Failed to load Standings tab for Coventry U21_vs_Watford U21: Page.evaluate: SyntaxError: Failed to execute 'querySelector' on 'Document': The provided selector is empty.
    at eval (eval at evaluate (:291:30), <anonymous>:133:40)
    at UtilityScript.evaluate (<anonymous>:298:18)
    at UtilityScript.<anonymous> (<anonymous>:1:44)
      [Extractor Validation] Updated League to: ENGLAND - PREMIER LEAGUE CUP
      [✅ Signal] Coventry U21_vs_Watford U21
    [Batch Start] Hibernian U19 vs Dyn. Kyiv U19: 10.12.2025 - 20:00
    [Popup Handler] Clicked 'I understand' button via: button:has-text('I understand')
    [AI INTEL] Selectors found for 'match_page'. Skipping AI analysis.
    [Popup Handler] Clicked 'I understand' button via: button:has-text('I understand')
    [Cookies] Accepted via OneTrust
    [H2H Expansion] Expanding available match history...
    [AI INTEL] Selectors found for 'h2h_tab'. Skipping AI analysis.
      [Extractor] Extracting H2H tab...
      [Extractor] Found 10 home, 10 away, 1 H2H matches.
      [✅ H2H] H2H tab data extracted for Hibernian U19_vs_Dyn. Kyiv U19 (21 matches found)
{'date': '26.11.25', 'home_team': 'Dyn. Kyiv U19', 'away_team': 'Hibernian U19', 'score': '1-0', 'match_link': None}
{'date': '05.11.25', 'home_team': '2 Korriku U19', 'away_team': 'Hibernian U19', 'score': '1-0', 'match_link': None}
{'date': '22.10.25', 'home_team': 'Hibernian U19', 'away_team': '2 Korriku U19', 'score': '4-0', 'match_link': None}
{'date': '07.02.23', 'home_team': 'Hibernian U19', 'away_team': 'Dortmund U19', 'score': '1-2', 'match_link': None}
{'date': '02.11.22', 'home_team': 'Nantes U19', 'away_team': 'Hibernian U19', 'score': '1-2', 'match_link': None}
{'date': '26.10.22', 'home_team': 'Hibernian U19', 'away_team': 'Nantes U19', 'score': '1-0', 'match_link': None}
{'date': '05.10.22', 'home_team': 'Hibernian U19', 'away_team': 'Molde U19', 'score': '3-1', 'match_link': None}
{'date': '14.09.22', 'home_team': 'Molde U19', 'away_team': 'Hibernian U19', 'score': '1-0', 'match_link': None}
{'date': '14.07.11', 'home_team': 'Sogndal U19', 'away_team': 'Hibernian U19', 'score': '4-1', 'match_link': None}
{'date': '13.07.11', 'home_team': 'Fredrikstad U19', 'away_team': 'Hibernian U19', 'score': '0-0', 'match_link': None}
{'date': '05.12.25', 'home_team': 'FC Kudrivka U19', 'away_team': 'Dyn. Kyiv U19', 'score': '0-6', 'match_link': None}
{'date': '30.11.25', 'home_team': 'Dyn. Kyiv U19', 'away_team': 'SC Poltava U19', 'score': '4-0', 'match_link': None}
{'date': '26.11.25', 'home_team': 'Dyn. Kyiv U19', 'away_team': 'Hibernian U19', 'score': '1-0', 'match_link': None}
{'date': '21.11.25', 'home_team': 'Kolos Kovalivka U19', 'away_team': 'Dyn. Kyiv U19', 'score': '0-1', 'match_link': None}
{'date': '15.11.25', 'home_team': 'Dyn. Kyiv U19', 'away_team': 'Veres Rivne U19', 'score': '2-2', 'match_link': None}
{'date': '09.11.25', 'home_team': 'Dyn. Kyiv U19', 'away_team': 'LNZ Cherkasy U19', 'score': '7-0', 'match_link': None}
{'date': '05.11.25', 'home_team': 'Brommapojkarna U19', 'away_team': 'Dyn. Kyiv U19', 'score': '1-2', 'match_link': None}
{'date': '31.10.25', 'home_team': 'Shakhtar Donetsk U19', 'away_team': 'Dyn. Kyiv U19', 'score': '2-3', 'match_link': None}
{'date': '26.10.25', 'home_team': 'Dyn. Kyiv U19', 'away_team': 'Kryvbas 2020 U19', 'score': '6-0', 'match_link': None}
{'date': '22.10.25', 'home_team': 'Dyn. Kyiv U19', 'away_team': 'Brommapojkarna U19', 'score': '1-0', 'match_link': None}
{'date': '26.11.25', 'home_team': 'Dyn. Kyiv U19', 'away_team': 'Hibernian U19', 'score': '1-0', 'match_link': None}
    [Enrichment] Starting to enrich 21 newly found past matches...
    [Enrichment] Past match enrichment complete.
    [AI INTEL] Selectors found for 'standings_tab'. Skipping AI analysis.
      [Extractor] Extracting Standings tab...
    [Selector Stale] 'standings_table' ('div.ui-table') not found after 2 min wait.
    [Auto-Heal] Selector 'standings_table' in 'standings_tab' invalid/missing. Initiating AI repair...
    [AI INTEL] Starting Full Discovery for context: 'standings_tab' (Force: True)...
    [AI INTEL] Capturing page state for 'standings_tab'...
    [VISION] Analyzing screenshot: standings_tab.png
    [VISION] Analysis complete.
    [AI INTEL] Using logged HTML: standings_tab.html
    [AI INTEL] Mapping UI Elements to HTML Selectors...
    [AI INTEL] Successfully mapped 62 elements.
    [Auto-Heal Failed] AI could not find 'standings_table' even after refresh.
    [Auto-Heal] Selector 'standings_table_body' in 'standings_tab' invalid/missing. Initiating AI repair...
    [AI INTEL] Starting Full Discovery for context: 'standings_tab' (Force: True)...
    [AI INTEL] Capturing page state for 'standings_tab'...
    [VISION] Analyzing screenshot: standings_tab.png
    [VISION] Analysis complete.
    [AI INTEL] Using logged HTML: standings_tab.html
    [AI INTEL] Mapping UI Elements to HTML Selectors...

   --- LEO: Shutting down gracefully. ---
