    --- LEO: Initializing Databases ---      
     Initializing databases...
    [Init] Creating predictions.csv...
    [Init] Creating standings.csv...
    [Init] Creating teams.csv...
    [Init] Creating region_league.csv...

      --- LEO: Starting new cycle at 2025-12-10 23:22:23 --- 
     Launching new browser instance...

   [Phase 0] Checking for past matches to review...
--- LEO V2.5: Outcome Review Engine (Concurrent) ---
[Review] Found 0 past predictions to review (Limit: 50).
--- No new past matches to review. ---

   [Phase 1] Starting analysis engine (Flashscore)...

--- Running Flashscore Analysis ---
  [Navigation] Going to Flashscore...
  [Navigation] Flashscore loaded successfully.
    [AI INTEL] Selectors found for 'home_page'. Skipping AI analysis.

--- ANALYZING DATE: 10.12.2025 ---
    [AI INTEL] Selectors found for 'home_page'. Skipping AI analysis.
    [Info] Clicked scheduled tab.
    [Extractor] Extracting match data from page...
    [Time Filter] Removed 1 past matches for today.
    [Matches Found] 0 valid fixtures. (Sorted by Time)
    [Info] No new matches to process for this day.
  [Navigation] Clicking next day...
    [Success] Next day clicked and page updated.

--- ANALYZING DATE: 11.12.2025 ---
    [AI INTEL] Selectors found for 'home_page'. Skipping AI analysis.
    [Cookies] Accepted via OneTrust
    [Info] Could not click Scheduled tab.
    [Extractor] Extracting match data from page...
    [Matches Found] 115 valid fixtures. (Sorted by Time)
    [Batching] Processing 115 matches concurrently...
    [Batch Start] Huachipato vs Limache: 11.12.2025 - 00:00
    [Cookies] Accepted via OneTrust
    [AI INTEL] Selectors found for 'match_page'. Skipping AI analysis.
    [Popup Handler] Clicked 'I understand' button via: button:has-text('I understand')
    [H2H Expansion] Expanding available match history...
    [AI INTEL] Selectors found for 'h2h_tab'. Skipping AI analysis.
      [Extractor] Extracting H2H tab...
      [Extractor] Found 10 home, 10 away, 2 H2H matches.
      [OK H2H] H2H tab data extracted for Huachipato_vs_Limache (22 matches found)
    [AI INTEL] Starting Full Discovery for context: 'standings_tab' (Force: False)...
    [AI INTEL] Capturing page state for 'standings_tab'...
    [VISION] Analyzing screenshot: standings_tab.png
    [VISION] Analysis complete.
    [AI INTEL] Using logged HTML: standings_tab.html
    [AI INTEL] Mapping UI Elements to HTML Selectors...

   --- LEO: Shutting down gracefully. ---
