--- LEO: Initializing Databases ---
Initializing databases...

--- LEO: Starting new cycle at 2025-12-08 18:21:09 ---

[Phase 0] Checking for past matches to review...
--- LEO V2.5: Outcome Review Engine (Concurrent) ---
[Review] Found 0 past predictions to review (Limit: 50).
--- No new past matches to review. ---

[Phase 1] Starting analysis engine (Flashscore)...

--- Running Flashscore Analysis ---
  [Navigation] Going to Flashscore...
  [Navigation] Flashscore loaded successfully.
    [AI INTEL] Selectors found for 'home_page'. Skipping AI analysis.

--- ANALYZING DATE: 08.12.2025 ---
    [AI INTEL] Selectors found for 'home_page'. Skipping AI analysis.
    [Info] Clicked scheduled tab.
    [Extractor] Extracting match data from page...
    [Time Filter] Removed 14 past matches for today.
    [Matches Found] 31 valid fixtures. (Sorted by Time)
    [Batching] Processing 31 matches concurrently...
    [Batch Start] Las Palmas vs Mirandes: 08.12.2025 - 18:30
    [Batch Start] Maccabi Bnei Raina vs Sakhnin: 08.12.2025 - 18:45
    [Batch Start] Tarazona vs CE Europa: 08.12.2025 - 18:30
    [Batch Start] SC Ashdod vs Ironi Tiberias: 08.12.2025 - 18:45
    [Popup Handler] Clicked 'I understand' button via: button:has-text('I understand')
    [Popup Handler] Clicked 'I understand' button via: button:has-text('I understand')
    [Popup Handler] Clicked 'I understand' button via: button:has-text('I understand')
    [Popup Handler] Clicked 'I understand' button via: button:has-text('I understand')
