--- LEO: Initializing Databases ---
Initializing databases...

--- LEO: Starting new cycle at 2025-12-09 07:12:52 ---

[Phase 0] Checking for past matches to review...
--- LEO V2.5: Outcome Review Engine (Concurrent) ---
[Review] Found 1 past predictions to review (Limit: 50).
[Processing] Starting batch review for 1 matches...
  [Web Check] Wolves U21 vs Millwall U21
    [Error] 8ph09lne: Page.goto: net::ERR_NAME_NOT_RESOLVED at https://www.flashscore.comhttps//www.flashscore.com/match/football/millwall-6FRLlnfU/wolves-6aLnhd7F/?mid=8ph09lne
Call log:
  - navigating to "https://www.flashscore.comhttps//www.flashscore.com/match/football/millwall-6FRLlnfU/wolves-6aLnhd7F/?mid=8ph09lne", waiting until "domcontentloaded"

--- Review Process Complete ---

[Phase 1] Starting analysis engine (Flashscore)...

--- Running Flashscore Analysis ---
  [Navigation] Going to Flashscore...
  [Navigation Error] Attempt 1/5 failed: Page.goto: net::ERR_NAME_NOT_RESOLVED at https://www.flashscore.com/football/
Call log:
  - navigating to "https://www.flashscore.com/football/", waiting until "domcontentloaded"

  Retrying in 5 seconds...
  [Navigation Error] Attempt 2/5 failed: Page.goto: net::ERR_NAME_NOT_RESOLVED at https://www.flashscore.com/football/
Call log:
  - navigating to "https://www.flashscore.com/football/", waiting until "domcontentloaded"

  Retrying in 5 seconds...
