    --- LEO: Initializing Databases ---      
     Initializing databases...

      --- LEO: Starting new cycle at 2025-12-10 06:03:55 --- 
     Launching new browser instance...

   [Phase 0] Checking for past matches to review...
--- LEO V2.5: Outcome Review Engine (Concurrent) ---
[Review] Found 0 past predictions to review (Limit: 50).
--- No new past matches to review. ---

   [Phase 1] Starting analysis engine (Flashscore)...

--- Running Flashscore Analysis ---
  [Navigation] Going to Flashscore...
  [Navigation] Flashscore loaded successfully.
    [AI INTEL] Selectors found for 'home_page'. Skipping AI analysis.

--- ANALYZING DATE: 10.12.2025 ---
    [AI INTEL] Selectors found for 'home_page'. Skipping AI analysis.
    [Info] Clicked scheduled tab.
    [Extractor] Extracting match data from page...
    [Time Filter] Removed 1 past matches for today.
    [Matches Found] 116 valid fixtures. (Sorted by Time)
    [Batching] Processing 116 matches concurrently...
    [Batch Start] Canberra W vs Sydney W: 10.12.2025 - 07:00
    [Popup Handler] Clicked 'I understand' button via: button:has-text('I understand')
    [AI INTEL] Selectors found for 'match_page'. Skipping AI analysis.
    [Popup Handler] Clicked 'I understand' button via: button:has-text('I understand')
    [Cookies] Accepted via OneTrust
    [Popup Handler] Clicked 'I understand' button via: button:has-text('I understand')
    [H2H Expansion] Found 3 'Show more matches' buttons. Clicking them...
      [Warning] Failed to fully load/expand H2H tab for Canberra W_vs_Sydney W: Locator.click: Timeout 3000ms exceeded.
Call log:
  - waiting for locator("button:has-text('Show more matches'), a:has-text('Show more matches')").nth(2)
    - locator resolved to <button data-testid="wcl-buttonLink" class="wclButtonLink wclButtonLink--h2h wcl-buttonLink_jmSkY wcl-primary_aIST5 wcl-underline_rL72U">…</button>
  - attempting click action
    - waiting for element to be visible, enabled and stable

    [AI INTEL] Starting Full Discovery for context: 'standings_tab' (Force: False)...
    [AI INTEL] Capturing page state for 'standings_tab'...
      [Warning] Failed to load Standings tab for Canberra W_vs_Sydney W: Page.screenshot: Timeout 30000ms exceeded.
Call log:
  - taking page screenshot
  - waiting for fonts to load...

      [❌ No Signal] Canberra W_vs_Sydney W
    [Batch Start] Meshakhte Tkibuli vs Telavi: 10.12.2025 - 10:30
    [Popup Handler] Clicked 'I understand' button via: button:has-text('I understand')
    [AI INTEL] Selectors found for 'match_page'. Skipping AI analysis.
    [Popup Handler] Clicked 'I understand' button via: button:has-text('I understand')
    [Cookies] Accepted via OneTrust
    [H2H Expansion] Found 2 'Show more matches' buttons. Clicking them...
    [AI INTEL] Starting Full Discovery for context: 'h2h_tab' (Force: False)...
    [AI INTEL] Capturing page state for 'h2h_tab'...
    [VISION] Loading UI/UX analysis from logged screenshot...
    [VISION] Using logged screenshot: h2h_tab.png
    [VISION] UI/UX Analysis complete.
    [AI INTEL] Using logged HTML: h2h_tab.html
    [AI INTEL] Mapping UI Elements to HTML Selectors...
    [AI INTEL] Successfully mapped 82 elements.
      [Extractor] Extracting H2H tab...
      [Extractor] Found 0 home, 0 away, 0 H2H matches.
      [✅ H2H] H2H tab data extracted for Meshakhte Tkibuli_vs_Telavi
    [AI INTEL] Starting Full Discovery for context: 'standings_tab' (Force: False)...
    [AI INTEL] Capturing page state for 'standings_tab'...
    [VISION] Loading UI/UX analysis from logged screenshot...
    [VISION] Using logged screenshot: standings_tab.png
    [VISION] UI/UX Analysis complete.
    [AI INTEL] Using logged HTML: standings_tab.html
    [AI INTEL] Mapping UI Elements to HTML Selectors...
    [AI INTEL] Successfully mapped 182 elements.
      [Extractor] Extracting Standings tab...
      [Extractor] Warning: Standings table rows 'div.ui-table__body > div.ui-table__row' not found. Table may be empty.
      [Extractor] Found 0 teams in the standings table.
      [Extractor Validation] Updated League to: FOOTBALL - GEORGIA
      [❌ No Signal] Meshakhte Tkibuli_vs_Telavi
    [Batch Start] UE Santa Coloma vs FC Rangers: 10.12.2025 - 11:00

   --- LEO: Shutting down gracefully. ---
