--- LEO: Initializing Databases ---
Initializing databases...

--- LEO: Starting new cycle at 2025-12-08 18:13:12 ---

[Phase 0] Checking for past matches to review...
--- LEO V2.5: Outcome Review Engine (Concurrent) ---
[Review] Found 0 past predictions to review (Limit: 50).
--- No new past matches to review. ---

[Phase 1] Starting analysis engine (Flashscore)...

--- Running Flashscore Analysis ---
  [Navigation] Going to Flashscore...
  [Navigation] Flashscore loaded successfully.
    [AI INTEL] Starting Full Discovery for context: 'home_page' (Force: False)...
    [AI INTEL] Capturing page state for 'home_page'...
    [VISION] Loading UI/UX analysis from logged screenshot...
    [VISION] Using logged screenshot: home_page.png
    [VISION] UI/UX Analysis complete.
    [AI INTEL] Using logged HTML: home_page.html
    [AI INTEL] Mapping UI Elements to HTML Selectors...
    [AI INTEL] Successfully mapped 55 elements.
    [Cookies] Accepted via OneTrust

--- ANALYZING DATE: 08.12.2025 ---
    [AI INTEL] Selectors found for 'home_page'. Skipping AI analysis.
    [Info] Clicked scheduled tab.
    [Extractor] Extracting match data from page...
    [Time Filter] Removed 14 past matches for today.
    [Matches Found] 31 valid fixtures. (Sorted by Time)
    [Batching] Processing 31 matches concurrently...
    [Batch Start] Las Palmas vs Mirandes: 08.12.2025 - 18:30
    [Batch Start] Tarazona vs CE Europa: 08.12.2025 - 18:30
    [Batch Start] Maccabi Bnei Raina vs Sakhnin: 08.12.2025 - 18:45
    [Batch Start] SC Ashdod vs Ironi Tiberias: 08.12.2025 - 18:45
    [Popup Handler] Clicked 'I understand' button via: button:has-text('I understand')
      [Warning] H2H tab inaccessible for Tarazona_vs_CE Europa
      [❌ No Signal] Tarazona_vs_CE Europa
    [Popup Handler] Clicked 'I understand' button via: button:has-text('I understand')
      [Warning] H2H tab inaccessible for Las Palmas_vs_Mirandes
      [❌ No Signal] Las Palmas_vs_Mirandes
    [Batch Start] AF Elbasani vs Vllaznia: 08.12.2025 - 19:00
    [Batch Start] Flamurtari vs Dinamo Tirana: 08.12.2025 - 19:00
    [Popup Handler] Clicked 'I understand' button via: button:has-text('I understand')
      [Warning] H2H tab inaccessible for Maccabi Bnei Raina_vs_Sakhnin
      [❌ No Signal] Maccabi Bnei Raina_vs_Sakhnin
    [Popup Handler] Clicked 'I understand' button via: button:has-text('I understand')
      [Warning] H2H tab inaccessible for SC Ashdod_vs_Ironi Tiberias
      [❌ No Signal] SC Ashdod_vs_Ironi Tiberias
    [Batch Start] Vejle vs Brondby: 08.12.2025 - 19:00
    [Batch Start] Beitar Jerusalem vs Hapoel Jerusalem: 08.12.2025 - 19:00
    [Popup Handler] Clicked 'I understand' button via: button:has-text('I understand')
      [Warning] H2H tab inaccessible for Flamurtari_vs_Dinamo Tirana
      [❌ No Signal] Flamurtari_vs_Dinamo Tirana
    [Popup Handler] Clicked 'I understand' button via: button:has-text('I understand')
      [Warning] H2H tab inaccessible for AF Elbasani_vs_Vllaznia
      [❌ No Signal] AF Elbasani_vs_Vllaznia
    [Batch Start] Korona Kielce vs Wisla Plock: 08.12.2025 - 19:00
    [Batch Start] Slask Wroclaw vs S. Rzeszow: 08.12.2025 - 19:00
    [Popup Handler] Clicked 'I understand' button via: button:has-text('I understand')
      [Warning] H2H tab inaccessible for Vejle_vs_Brondby
      [❌ No Signal] Vejle_vs_Brondby
      [Error] Match failed Slask Wroclaw_vs_S. Rzeszow: Page.goto: net::ERR_SOCKET_NOT_CONNECTED at https://www.flashscore.com/match/football/s-rzeszow-IkpY1q92/slask-wroclaw-E1Oxemse/?mid=hG0Tonkl
Call log:
  - navigating to "https://www.flashscore.com/match/football/s-rzeszow-IkpY1q92/slask-wroclaw-E1Oxemse/?mid=hG0Tonkl", waiting until "domcontentloaded"

  [CRITICAL ERROR] Logging state for 'process_match_task_Slask Wroclaw_vs_S. Rzeszow'. See 'Logs/Errors' folder.
    [Batch Start] Sp. Subotica vs TSC: 08.12.2025 - 19:00
    [Popup Handler] Clicked 'I understand' button via: button:has-text('I understand')
      [Warning] H2H tab inaccessible for Beitar Jerusalem_vs_Hapoel Jerusalem
      [❌ No Signal] Beitar Jerusalem_vs_Hapoel Jerusalem
    [Batch Start] Entella vs Spezia: 08.12.2025 - 19:30
    [Popup Handler] Clicked 'I understand' button via: button:has-text('I understand')
      [Warning] H2H tab inaccessible for Sp. Subotica_vs_TSC
      [❌ No Signal] Sp. Subotica_vs_TSC
    [Popup Handler] Clicked 'I understand' button via: button:has-text('I understand')
      [Warning] H2H tab inaccessible for Korona Kielce_vs_Wisla Plock
      [❌ No Signal] Korona Kielce_vs_Wisla Plock
    [Batch Start] FC Botosani vs FC Rapid Bucuresti: 08.12.2025 - 19:30
    [Batch Start] SA Bulo Bulo vs Tomayapo: 08.12.2025 - 20:00
    [Batch Start] MC Alger vs CR Belouizdad: 08.12.2025 - 20:00
    [Popup Handler] Clicked 'I understand' button via: button:has-text('I understand')
      [Warning] H2H tab inaccessible for Entella_vs_Spezia
      [❌ No Signal] Entella_vs_Spezia
    [Batch Start] Brentford U21 vs West Brom U21: 08.12.2025 - 20:00
    [Popup Handler] Clicked 'I understand' button via: button:has-text('I understand')
      [Warning] H2H tab inaccessible for FC Botosani_vs_FC Rapid Bucuresti
      [❌ No Signal] FC Botosani_vs_FC Rapid Bucuresti
