    --- LEO: Initializing Databases ---      
     Initializing databases...

      --- LEO: Starting new cycle at 2025-12-10 18:44:43 --- 
     Launching new browser instance...

   [Phase 0] Checking for past matches to review...
--- LEO V2.5: Outcome Review Engine (Concurrent) ---
[Review] Found 0 past predictions to review (Limit: 50).
--- No new past matches to review. ---

   [Phase 1] Starting analysis engine (Flashscore)...

--- Running Flashscore Analysis ---
  [Navigation] Going to Flashscore...
  [Navigation] Flashscore loaded successfully.
    [AI INTEL] Selectors found for 'home_page'. Skipping AI analysis.

--- ANALYZING DATE: 10.12.2025 ---
    [AI INTEL] Selectors found for 'home_page'. Skipping AI analysis.
    [Cookies] Accepted via OneTrust
    [Info] Clicked scheduled tab.
    [Extractor] Extracting match data from page...
    [Time Filter] Removed 9 past matches for today.
    [Matches Found] 41 valid fixtures. (Sorted by Time)
    [Batching] Processing 41 matches concurrently...
    [Batch Start] El Ismaily vs El Gouna: 10.12.2025 - 19:00
    [Popup Handler] Clicked 'I understand' button via: button:has-text('I understand')
    [AI INTEL] Selectors found for 'match_page'. Skipping AI analysis.
    [Cookies] Accepted via OneTrust
    [Popup Handler] Clicked 'I understand' button via: button:has-text('I understand')
    [H2H Expansion] Expanding available match history...
    [AI INTEL] Selectors found for 'h2h_tab'. Skipping AI analysis.
      [Extractor] Extracting H2H tab...
      [Extractor] Found 10 home, 10 away, 5 H2H matches.
      [✅ H2H] H2H tab data extracted for El Ismaily_vs_El Gouna (25 matches found)
{'date': '01.12.25', 'home_team': 'Haras El Hodood', 'away_team': 'El Ismaily', 'score': '3-1', 'match_link': None}
{'date': '01.11.25', 'home_team': 'El Ismaily', 'away_team': 'Kahrabaa Ismailia', 'score': '2-1', 'match_link': None}
{'date': '26.10.25', 'home_team': 'Pharco', 'away_team': 'El Ismaily', 'score': '1-0', 'match_link': None}
{'date': '18.10.25', 'home_team': 'El Ismaily', 'away_team': 'Haras El Hodood', 'score': '3-1', 'match_link': None}
{'date': '03.10.25', 'home_team': 'Smouha', 'away_team': 'El Ismaily', 'score': '2-0', 'match_link': None}
{'date': '29.09.25', 'home_team': 'El Ismaily', 'away_team': 'National Bank Egypt', 'score': '1-2', 'match_link': None}
{'date': '24.09.25', 'home_team': 'Enppi', 'away_team': 'El Ismaily', 'score': '1-0', 'match_link': None}
{'date': '18.09.25', 'home_team': 'El Ismaily', 'away_team': 'Zamalek', 'score': '0-2', 'match_link': None}
{'date': '12.09.25', 'home_team': 'ZED', 'away_team': 'El Ismaily', 'score': '1-0', 'match_link': None}
{'date': '30.08.25', 'home_team': 'El Ismaily', 'away_team': 'Ghazl El Mahallah', 'score': '0-3', 'match_link': None}
{'date': '04.12.25', 'home_team': 'El Gouna', 'away_team': 'Asyut Petroleum', 'score': '2-1', 'match_link': None}
{'date': '23.11.25', 'home_team': 'Al Ittihad', 'away_team': 'El Gouna', 'score': '0-2', 'match_link': None}
{'date': '01.11.25', 'home_team': 'El Gouna', 'away_team': 'Pharco', 'score': '0-1', 'match_link': None}
{'date': '27.10.25', 'home_team': 'Smouha', 'away_team': 'El Gouna', 'score': '0-1', 'match_link': None}
{'date': '18.10.25', 'home_team': 'El Gouna', 'away_team': 'National Bank Egypt', 'score': '0-3', 'match_link': None}
{'date': '04.10.25', 'home_team': 'El Gaish', 'away_team': 'El Gouna', 'score': '0-1', 'match_link': None}
{'date': '29.09.25', 'home_team': 'El Gouna', 'away_team': 'Ceramica Cleopatra', 'score': '1-1', 'match_link': None}
{'date': '23.09.25', 'home_team': 'Zamalek', 'away_team': 'El Gouna', 'score': '1-1', 'match_link': None}
{'date': '17.09.25', 'home_team': 'El Gouna', 'away_team': 'Petrojet', 'score': '1-1', 'match_link': None}
{'date': '13.09.25', 'home_team': 'Haras El Hodood', 'away_team': 'El Gouna', 'score': '2-1', 'match_link': None}
{'date': '25.05.25', 'home_team': 'El Ismaily', 'away_team': 'El Gouna', 'score': '3-0', 'match_link': None}
{'date': '12.02.25', 'home_team': 'El Gouna', 'away_team': 'El Ismaily', 'score': '2-0', 'match_link': None}
{'date': '22.07.24', 'home_team': 'El Ismaily', 'away_team': 'El Gouna', 'score': '1-1', 'match_link': None}
{'date': '26.02.24', 'home_team': 'El Gouna', 'away_team': 'El Ismaily', 'score': '0-0', 'match_link': None}
{'date': '28.07.22', 'home_team': 'El Gouna', 'away_team': 'El Ismaily', 'score': '0-3', 'match_link': None}
    [Enrichment] Starting to enrich 25 newly found past matches...
    [Enrichment] Past match enrichment complete.
    [AI INTEL] Selectors found for 'standings_tab'. Skipping AI analysis.
      [Extractor] Extracting Standings tab...

   --- LEO: Shutting down gracefully. ---
