    --- LEO: Initializing Databases ---      
     Initializing databases...
    [Init] Creating predictions.csv...
    [Init] Creating schedules.csv...
    [Init] Creating standings.csv...
    [Init] Creating teams.csv...
    [Init] Creating region_league.csv...

      --- LEO: Starting new cycle at 2025-12-12 12:18:19 --- 
     Launching new browser instance...

   [Phase 0] Checking for past matches to review...
--- LEO V2.5: Outcome Review Engine (Concurrent) ---
[Review] Found 0 past predictions to review (Limit: 50).
--- No new past matches to review. ---

   [Phase 1] Starting analysis engine (Flashscore)...

--- Running Flashscore Analysis ---
  [Navigation] Going to Flashscore...
  [Navigation] Flashscore loaded successfully.
    [AI INTEL] Selectors found for 'home_page'. Skipping AI analysis.

--- ANALYZING DATE: 12.12.2025 ---
    [AI INTEL] Selectors found for 'home_page'. Skipping AI analysis.
    [Extractor] Extracting match data from page...
    [Time Filter] Removed 15 past matches for today.
    [Matches Found] 120 valid fixtures. (Sorted by Time)
    [Batching] Processing 120 matches concurrently...
    [Batch Start] Bashundara Kings vs Mohammedan: 12.12.2025 - 12:30
    [Popup Handler] Clicked 'I understand' button via: button:has-text('I understand')
    [AI INTEL] Selectors found for 'match_page'. Skipping AI analysis.
    [Popup Handler] Clicked 'I understand' button via: button:has-text('I understand')
    [Cookies] Accepted via OneTrust
    [H2H Expansion] Expanding available match history...
    [AI INTEL] Selectors found for 'h2h_tab'. Skipping AI analysis.
      [Extractor] Extracting H2H tab...
      [Extractor] Found 10 home, 10 away, 5 H2H matches.
      [OK H2H] H2H tab data extracted for Bashundara Kings_vs_Mohammedan (25 matches found)
      [Warning] Failed to load Standings tab for Bashundara Kings_vs_Mohammedan: Page.click: Timeout 5000ms exceeded.
Call log:
  - waiting for locator("div.detailOver [data-testid=\"wcl-tabs\"] a[data-analytics-alias=\"stats-detail\"] button")
    - locator resolved to <button role="tab" data-testid="wcl-tab" data-selected="false" class="wcl-tab_GS7ig">Standings</button>
  - attempting click action
    - waiting for element to be visible, enabled and stable
    - element is visible, enabled and stable
    - scrolling into view if needed
    - done scrolling
    - performing click action

      [Extractor Validation] Updated League to: BANGLADESH - BFL - ROUND 6
            [OK Signal] Bashundara Kings_vs_Mohammedan

   --- LEO: Shutting down gracefully. ---
