    --- LEO: Initializing Databases ---      
     Initializing databases...

      --- LEO: Starting new cycle at 2025-12-12 13:41:09 --- 
     Launching new browser instance...

   [Phase 0] Checking for past matches to review...
--- LEO V2.5: Outcome Review Engine (Concurrent) ---
[Review] Found 0 past predictions to review (Limit: 50).
--- No new past matches to review. ---

   [Phase 1] Starting analysis engine (Flashscore)...

--- Running Flashscore Analysis ---
  [Navigation] Going to Flashscore...
  [Navigation] Flashscore loaded successfully.
    [AI INTEL] Selectors found for 'home_page'. Skipping AI analysis.
    [Resume] Last processed: ID YTtVb5B7 on 12.12.2025

--- ANALYZING DATE: 12.12.2025 ---
    [AI INTEL] Selectors found for 'home_page'. Skipping AI analysis.
    [Extractor] Extracting match data from page...
    [Time Filter] Removed 28 past matches for today.
    [Matches Found] 106 valid fixtures. (Sorted by Time)
    [Resume] Checking for last processed ID: YTtVb5B7 on this date.
    [Resume] Match found at index 34. Skipping 35 previously processed matches.
    [Batching] Processing 71 matches concurrently...
    [Batch Start] Austria Vienna (Am) vs A. Klagenfurt: 12.12.2025 - 18:00
    [Batch Start] Bregenz vs St. Polten: 12.12.2025 - 18:00
    [Batch Start] Hertha Wels vs A. Lustenau: 12.12.2025 - 18:00
    [Batch Start] Kapfenberg vs Floridsdorfer AC: 12.12.2025 - 18:00
    [Popup Handler] Clicked 'I understand' button via: button:has-text('I understand')
    [AI INTEL] Selectors found for 'match_page'. Skipping AI analysis.
    [Popup Handler] Clicked 'I understand' button via: button:has-text('I understand')
    [Popup Handler] Clicked 'I understand' button via: button:has-text('I understand')
    [AI INTEL] Selectors found for 'match_page'. Skipping AI analysis.
    [Popup Handler] Clicked 'I understand' button via: button:has-text('I understand')
    [H2H Expansion] No expansion buttons found or failed to load.
    [AI INTEL] Selectors found for 'h2h_tab'. Skipping AI analysis.
      [Extractor] Extracting H2H tab...
    [Popup Handler] Clicked 'I understand' button via: button:has-text('I understand')
    [AI INTEL] Selectors found for 'match_page'. Skipping AI analysis.
    [Popup Handler] Clicked 'I understand' button via: button:has-text('I understand')
      [Extractor] Found 5 home, 5 away, 5 H2H matches.
      [OK H2H] H2H tab data extracted for Kapfenberg_vs_Floridsdorfer AC (15 matches found)
    [H2H Expansion] No expansion buttons found or failed to load.
    [H2H Expansion] No expansion buttons found or failed to load.
    [AI INTEL] Selectors found for 'standings_tab'. Skipping AI analysis.
    [Cookies] Accepted via OneTrust
    [AI INTEL] Selectors found for 'h2h_tab'. Skipping AI analysis.
      [Extractor] Extracting H2H tab...
    [AI INTEL] Selectors found for 'h2h_tab'. Skipping AI analysis.
      [Extractor] Extracting H2H tab...
      [Extractor] Found 5 home, 5 away, 5 H2H matches.
      [OK H2H] H2H tab data extracted for Austria Vienna (Am)_vs_A. Klagenfurt (15 matches found)
      [Extractor] Extracting Standings tab...
      [Extractor] Found 16 teams in standings for 'AUSTRIA - 2. LIGA - ROUND 17'.
      [DB] Updated standings for AUSTRIA - 2. LIGA - ROUND 17
      [OK Standing] Standings tab data extracted for AUSTRIA - 2. LIGA - ROUND 17
      [Extractor Validation] Updated League to: AUSTRIA - 2. LIGA - ROUND 17
      [DB] Updated standings for AUSTRIA - 2. LIGA - ROUND 17
      [OK Standing] Standings tab data extracted for AUSTRIA - 2. LIGA - ROUND 17
            [OK Signal] Kapfenberg_vs_Floridsdorfer AC
      [Extractor] Found 5 home, 5 away, 1 H2H matches.
      [OK H2H] H2H tab data extracted for Hertha Wels_vs_A. Lustenau (11 matches found)
    [AI INTEL] Selectors found for 'standings_tab'. Skipping AI analysis.
    [AI INTEL] Selectors found for 'standings_tab'. Skipping AI analysis.
    [Cookies] Accepted via OneTrust
    [Batch Start] Liefering vs SK Rapid II: 12.12.2025 - 18:00
    [Cookies] Accepted via OneTrust
      [Extractor] Extracting Standings tab...
      [Extractor] Found 16 teams in standings for 'AUSTRIA - 2. LIGA - ROUND 17'.
      [DB] Updated standings for AUSTRIA - 2. LIGA - ROUND 17
      [OK Standing] Standings tab data extracted for AUSTRIA - 2. LIGA - ROUND 17
      [Extractor Validation] Updated League to: AUSTRIA - 2. LIGA - ROUND 17
      [DB] Updated standings for AUSTRIA - 2. LIGA - ROUND 17
      [OK Standing] Standings tab data extracted for AUSTRIA - 2. LIGA - ROUND 17
            [OK Signal] Austria Vienna (Am)_vs_A. Klagenfurt
      [Extractor] Extracting Standings tab...
    [Batch Start] Vukovar 1991 vs Varazdin: 12.12.2025 - 18:00
      [Extractor] Found 16 teams in standings for 'AUSTRIA - 2. LIGA - ROUND 17'.
      [DB] Updated standings for AUSTRIA - 2. LIGA - ROUND 17
      [OK Standing] Standings tab data extracted for AUSTRIA - 2. LIGA - ROUND 17
      [Extractor Validation] Updated League to: AUSTRIA - 2. LIGA - ROUND 17
      [DB] Updated standings for AUSTRIA - 2. LIGA - ROUND 17
      [OK Standing] Standings tab data extracted for AUSTRIA - 2. LIGA - ROUND 17
            [OK Signal] Hertha Wels_vs_A. Lustenau
    [Batch Start] Nea Salamis vs Karmiotissa: 12.12.2025 - 18:00
      [Error] Match failed Nea Salamis_vs_Karmiotissa: Page.goto: net::ERR_CONNECTION_CLOSED at https://www.flashscore.com/match/football/karmiotissa-rgI3oA08/nea-salamis-jcbJ6Sv2/?mid=Sr04jMQH
Call log:
  - navigating to "https://www.flashscore.com/match/football/karmiotissa-rgI3oA08/nea-salamis-jcbJ6Sv2/?mid=Sr04jMQH", waiting until "domcontentloaded"

  [CRITICAL ERROR] Logging state for 'process_match_task_Nea Salamis_vs_Karmiotissa'. See 'Logs/Errors' folder.
    [Batch Start] AS Roma U20 vs Lazio U20: 12.12.2025 - 18:00
    [AI INTEL] Selectors found for 'match_page'. Skipping AI analysis.
    [Popup Handler] Clicked 'I understand' button via: button:has-text('I understand')
    [Popup Handler] Clicked 'I understand' button via: button:has-text('I understand')
    [AI INTEL] Selectors found for 'match_page'. Skipping AI analysis.
    [AI INTEL] Selectors found for 'match_page'. Skipping AI analysis.
    [Popup Handler] Clicked 'I understand' button via: button:has-text('I understand')
    [Popup Handler] Clicked 'I understand' button via: button:has-text('I understand')
    [Popup Handler] Clicked 'I understand' button via: button:has-text('I understand')
    [H2H Expansion] No expansion buttons found or failed to load.
    [H2H Expansion] No expansion buttons found or failed to load.
    [H2H Expansion] No expansion buttons found or failed to load.
    [AI INTEL] Selectors found for 'h2h_tab'. Skipping AI analysis.
      [Extractor] Extracting H2H tab...
    [AI INTEL] Selectors found for 'h2h_tab'. Skipping AI analysis.
      [Extractor] Extracting H2H tab...
    [AI INTEL] Selectors found for 'h2h_tab'. Skipping AI analysis.
      [Extractor] Extracting H2H tab...
    [AI INTEL] Selectors found for 'match_page'. Skipping AI analysis.
      [Warning] H2H tab inaccessible for Bregenz_vs_St. Polten
      [NO Signal] Bregenz_vs_St. Polten
      [Extractor] Found 5 home, 5 away, 5 H2H matches.
      [OK H2H] H2H tab data extracted for Liefering_vs_SK Rapid II (15 matches found)
    [AI INTEL] Selectors found for 'standings_tab'. Skipping AI analysis.
    [Batch Start] Kasimpasa vs Genclerbirligi: 12.12.2025 - 18:00
      [Extractor] Found 5 home, 5 away, 2 H2H matches.
      [OK H2H] H2H tab data extracted for AS Roma U20_vs_Lazio U20 (12 matches found)
      [Extractor] Extracting Standings tab...
    [AI INTEL] Selectors found for 'standings_tab'. Skipping AI analysis.
      [Extractor] Found 16 teams in standings for 'AUSTRIA - 2. LIGA - ROUND 17'.
      [DB] Updated standings for AUSTRIA - 2. LIGA - ROUND 17
      [OK Standing] Standings tab data extracted for AUSTRIA - 2. LIGA - ROUND 17
      [Extractor Validation] Updated League to: AUSTRIA - 2. LIGA - ROUND 17
      [DB] Updated standings for AUSTRIA - 2. LIGA - ROUND 17
      [OK Standing] Standings tab data extracted for AUSTRIA - 2. LIGA - ROUND 17
            [OK Signal] Liefering_vs_SK Rapid II
      [Extractor] Found 5 home, 5 away, 5 H2H matches.
      [OK H2H] H2H tab data extracted for Vukovar 1991_vs_Varazdin (15 matches found)
    [Cookies] Accepted via OneTrust
    [Cookies] Accepted via OneTrust

   --- LEO: Shutting down gracefully. ---
