--- LEO: Initializing Databases ---
Initializing databases...

--- LEO: Starting new cycle at 2025-12-08 18:11:20 ---

[Phase 0] Checking for past matches to review...
--- LEO V2.5: Outcome Review Engine (Concurrent) ---
[Review] Found 0 past predictions to review (Limit: 50).
--- No new past matches to review. ---

[Phase 1] Starting analysis engine (Flashscore)...

--- Running Flashscore Analysis ---
  [Navigation] Going to Flashscore...
  [Navigation] Flashscore loaded successfully.
    [AI INTEL] Selectors found for 'home_page'. Skipping AI analysis.

--- ANALYZING DATE: 08.12.2025 ---
    [AI INTEL] Selectors found for 'home_page'. Skipping AI analysis.
    [Info] Clicked scheduled tab.
    [Extractor] Extracting match data from page...
    [Time Filter] Removed 14 past matches for today.
    [Matches Found] 32 valid fixtures. (Sorted by Time)
    [Batching] Processing 32 matches concurrently...
    [Batch Start] FC Cartagena SAD vs Murcia: 08.12.2025 - 18:15
    [Batch Start] Las Palmas vs Mirandes: 08.12.2025 - 18:30
    [Batch Start] Maccabi Bnei Raina vs Sakhnin: 08.12.2025 - 18:45
    [Batch Start] Tarazona vs CE Europa: 08.12.2025 - 18:30
    [Popup Handler] Clicked 'I understand' button via: button:has-text('I understand')
      [Warning] H2H tab inaccessible for Las Palmas_vs_Mirandes
      [❌ No Signal] Las Palmas_vs_Mirandes
    [Batch Start] SC Ashdod vs Ironi Tiberias: 08.12.2025 - 18:45
    [Popup Handler] Clicked 'I understand' button via: button:has-text('I understand')
      [Warning] H2H tab inaccessible for Tarazona_vs_CE Europa
      [❌ No Signal] Tarazona_vs_CE Europa
    [Popup Handler] Clicked 'I understand' button via: button:has-text('I understand')
      [Warning] H2H tab inaccessible for Maccabi Bnei Raina_vs_Sakhnin
      [❌ No Signal] Maccabi Bnei Raina_vs_Sakhnin
    [Batch Start] AF Elbasani vs Vllaznia: 08.12.2025 - 19:00
    [Batch Start] Flamurtari vs Dinamo Tirana: 08.12.2025 - 19:00
    [Popup Handler] Clicked 'I understand' button via: button:has-text('I understand')
      [Warning] H2H tab inaccessible for FC Cartagena SAD_vs_Murcia
      [❌ No Signal] FC Cartagena SAD_vs_Murcia
    [Batch Start] Vejle vs Brondby: 08.12.2025 - 19:00
