    --- LEO: Initializing Databases ---      
     Initializing databases...

      --- LEO: Starting new cycle at 2025-12-09 21:34:14 --- 
     Launching new browser instance...

   [Phase 0] Checking for past matches to review...
--- LEO V2.5: Outcome Review Engine (Concurrent) ---
[Review] Found 0 past predictions to review (Limit: 50).
--- No new past matches to review. ---

   [Phase 1] Starting analysis engine (Flashscore)...

--- Running Flashscore Analysis ---
  [Navigation] Going to Flashscore...
  [Navigation] Flashscore loaded successfully.
    [AI INTEL] Selectors found for 'home_page'. Skipping AI analysis.

--- ANALYZING DATE: 09.12.2025 ---
    [AI INTEL] Selectors found for 'home_page'. Skipping AI analysis.
    [Info] Clicked scheduled tab.
    [Extractor] Extracting match data from page...
    [Selector Stale] 'match_rows' ('div.event__match[data-event-row="true"]') not found after 2 min wait.
    [Auto-Heal] Selector 'match_rows' in 'home_page' invalid/missing. Initiating AI repair...
    [AI INTEL] Starting Full Discovery for context: 'home_page' (Force: True)...
    [AI INTEL] Capturing page state for 'home_page'...
    [VISION] Loading UI/UX analysis from logged screenshot...
    [VISION] Using logged screenshot: home_page.png

   --- LEO: Shutting down gracefully. ---
