--- LEO: Initializing Databases ---
Initializing databases...

--- LEO: Starting new cycle at 2025-12-09 13:19:15 ---

[Phase 0] Checking for past matches to review...
--- LEO V2.5: Outcome Review Engine (Concurrent) ---
[Review] Found 0 past predictions to review (Limit: 50).
--- No new past matches to review. ---

[Phase 1] Starting analysis engine (Flashscore)...

--- Running Flashscore Analysis ---
  [Navigation] Going to Flashscore...
  [Navigation] Flashscore loaded successfully.
    [AI INTEL] Selectors found for 'home_page'. Skipping AI analysis.
    [Resume] Last processed: ID 8ph09lne on 08.12.2025

--- ANALYZING DATE: 09.12.2025 ---
    [AI INTEL] Selectors found for 'home_page'. Skipping AI analysis.
    [Info] Clicked scheduled tab.
    [Extractor] Extracting match data from page...
    [Time Filter] Removed 1 past matches for today.
    [Matches Found] 101 valid fixtures. (Sorted by Time)
    [Batching] Processing 101 matches concurrently...
    [Batch Start] Bayern U19 vs Sporting CP U19: 09.12.2025 - 13:30
    [Popup Handler] Clicked 'I understand' button via: button[data-testid="wcl-tooltip-actionButton"]
    [AI INTEL] Selectors found for 'match_page'. Skipping AI analysis.
    [Cookies] Accepted via OneTrust
    [Popup Handler] Clicked 'I understand' button via: button[data-testid="wcl-tooltip-actionButton"]
    [AI INTEL] Selectors found for 'h2h_tab'. Skipping AI analysis.
    [H2H Expansion] Found 2 'Show more matches' buttons. Clicking them...
      [Extractor] Extracting H2H tab...
      [Extractor] Found 0 home, 0 away, 0 H2H matches.
      [✅ H2H] H2H tab data extracted for Bayern U19_vs_Sporting CP U19
    [AI INTEL] Selectors found for 'standings_tab'. Skipping AI analysis.
      [Extractor] Extracting Standings tab...
      [Extractor] Found 36 teams in the standings table.
      [DB] Updated standings for FOOTBALL - EUROPE
      [✅ Standing] Standings tab data extracted for Bayern U19_vs_Sporting CP U19
      [Extractor Validation] Updated League to: FOOTBALL - EUROPE
      [❌ No Signal] Bayern U19_vs_Sporting CP U19
