--- LEO: Initializing Databases ---
Initializing databases...
    [Init] Creating schedules.csv...
    [Init] Creating teams.csv...

--- LEO: Starting new cycle at 2025-12-08 16:03:23 ---

[Phase 0] Checking for past matches to review...
--- LEO V2.5: Outcome Review Engine (Concurrent) ---
[Review] Found 0 past predictions to review (Limit: 50).
--- No new past matches to review. ---

[Phase 1] Starting analysis engine (Flashscore)...

--- Running Flashscore Analysis ---
  [Navigation] Going to Flashscore...
  [Navigation] Flashscore loaded successfully.
    [AI INTEL] Selectors found for 'home_page'. Skipping AI analysis.

--- ANALYZING DATE: 08.12.2025 ---
    [AI INTEL] Selectors found for 'home_page'. Skipping AI analysis.
    [Info] Clicked scheduled tab.
    [Extractor] Extracting match data from page...
    [Time Filter] Removed 9 past matches for today.
    [Matches Found] 61 valid fixtures. (Sorted by Time)
    [Batching] Processing 61 matches concurrently...
