    --- LEO: Initializing Databases ---      
     Initializing databases...

      --- LEO: Starting new cycle at 2025-12-10 12:08:50 --- 
     Launching new browser instance...

   [Phase 0] Checking for past matches to review...
--- LEO V2.5: Outcome Review Engine (Concurrent) ---
[Review] Found 0 past predictions to review (Limit: 50).
--- No new past matches to review. ---

   [Phase 1] Starting analysis engine (Flashscore)...

--- Running Flashscore Analysis ---
  [Navigation] Going to Flashscore...
  [Navigation] Flashscore loaded successfully.
    [AI INTEL] Selectors found for 'home_page'. Skipping AI analysis.

--- ANALYZING DATE: 10.12.2025 ---
    [AI INTEL] Selectors found for 'home_page'. Skipping AI analysis.
    [Info] Clicked scheduled tab.
    [Cookies] Accepted via text: I Accept
    [Extractor] Extracting match data from page...
    [Time Filter] Removed 2 past matches for today.
    [Matches Found] 107 valid fixtures. (Sorted by Time)
    [Batching] Processing 107 matches concurrently...
    [Batch Start] Thailand W vs Singapore W: 10.12.2025 - 12:30
    [Popup Handler] Clicked 'I understand' button via: button:has-text('I understand')
    [AI INTEL] Selectors found for 'match_page'. Skipping AI analysis.
    [Cookies] Accepted via OneTrust
    [Popup Handler] Clicked 'I understand' button via: button:has-text('I understand')
    [H2H Expansion] Expanding available match history...
    [AI INTEL] Selectors found for 'h2h_tab'. Skipping AI analysis.
      [Extractor] Extracting H2H tab...
    [Auto-Heal] Selector 'h2h_section' in 'h2h_tab' invalid/missing. Initiating AI repair...
    [AI INTEL] Starting Full Discovery for context: 'h2h_tab' (Force: True)...
    [AI INTEL] Capturing page state for 'h2h_tab'...
    [VISION] Analyzing screenshot: h2h_tab.png
    [VISION] Analysis complete.
    [AI INTEL] Using logged HTML: h2h_tab.html
    [AI INTEL] Mapping UI Elements to HTML Selectors...
    [AI INTEL] Successfully mapped 99 elements.
    [Auto-Heal Failed] AI could not find 'h2h_section' even after refresh.
      [Extractor] Found 10 home, 10 away, 4 H2H matches.
      [✅ H2H] H2H tab data extracted for Thailand W_vs_Singapore W (24 matches found)
    [Enrichment] Starting to enrich 24 newly found past matches...
    [Enrichment] Past match enrichment complete.
    [AI INTEL] Selectors found for 'standings_tab'. Skipping AI analysis.
      [Extractor] Extracting Standings tab...
    [Auto-Heal] Selector 'standings_col_rank' in 'standings_tab' invalid/missing. Initiating AI repair...
    [AI INTEL] Starting Full Discovery for context: 'standings_tab' (Force: True)...
    [AI INTEL] Capturing page state for 'standings_tab'...
    [VISION] Analyzing screenshot: standings_tab.png
    [VISION] Analysis complete.
    [AI INTEL] Using logged HTML: standings_tab.html
    [AI INTEL] Mapping UI Elements to HTML Selectors...
    [AI INTEL] Successfully mapped 186 elements.
    [Auto-Heal Success] New selector for 'standings_col_rank': div.tableCellRank
    [Selector Stale] 'meta_breadcrumb_country' ('ol.wcl-breadcrumbList_lC9sI li:nth-child(2) span.wcl-breadcrumbItemLabel_2QT1M') not found after 2 min wait.
    [Auto-Heal] Selector 'meta_breadcrumb_country' in 'standings_tab' invalid/missing. Initiating AI repair...
    [AI INTEL] Starting Full Discovery for context: 'standings_tab' (Force: True)...
    [AI INTEL] Capturing page state for 'standings_tab'...
    [VISION] Analyzing screenshot: standings_tab.png
    [VISION] Analysis complete.
    [AI INTEL] Using logged HTML: standings_tab.html
    [AI INTEL] Mapping UI Elements to HTML Selectors...
    [AI INTEL] Successfully mapped 88 elements.
    [Auto-Heal Success] New selector for 'meta_breadcrumb_country': ol.wcl-breadcrumbList_lC9sI li:nth-child(2) a.wcl-breadcrumbItemLabel_2QT1M span[itemprop="name"]
      [Extractor] Found 4 teams in standings for 'ASIA - SOUTHEAST ASIAN GAMES WOMEN - ROUND 3'.
      [DB] Updated standings for ASIA - SOUTHEAST ASIAN GAMES WOMEN - ROUND 3
      [✅ Standing] Standings tab data extracted for ASIA - SOUTHEAST ASIAN GAMES WOMEN - ROUND 3
      [Extractor Validation] Updated League to: ASIA - SOUTHEAST ASIAN GAMES WOMEN - ROUND 3
      [✅ Signal] Thailand W_vs_Singapore W
    [Batch Start] Iraq U23 vs United Arab Emirates U23: 10.12.2025 - 13:00
    [Popup Handler] Clicked 'I understand' button via: button:has-text('I understand')
    [AI INTEL] Selectors found for 'match_page'. Skipping AI analysis.
    [Cookies] Accepted via OneTrust
    [Popup Handler] Clicked 'I understand' button via: button:has-text('I understand')
      [Warning] Failed to fully load/expand H2H tab for Iraq U23_vs_United Arab Emirates U23: Page.click: Timeout 5000ms exceeded.
Call log:
  - waiting for locator("div[data-testid=\"wcl-tabs\"][data-type=\"primary\"] a[data-analytics-alias=\"h2h\"]")
    - locator resolved to <a class="" data-discover="true" data-analytics-alias="h2h" data-analytics-element="SCN_TAB" href="/match/football/iraq-6H4JTV2m/united-arab-emirates-88mfeE0h/h2h/?mid=KlPj66fB">…</a>
  - attempting click action
    2 × waiting for element to be visible, enabled and stable
      - element is visible, enabled and stable
      - scrolling into view if needed
      - done scrolling
      - <iframe width="728px" height="90px" scrolling="no" class="zone__content"></iframe> from <div data-zone-group="responsive_detail_fixed_bottom" id="zoneContainer-responsive_detail_fixed_bottom" class="zone zone__responsive_detail_fixed_bottom zone--skeletonEnabled zone--placeholderDisabled zone--labelPositionBottom zone--loaded">…</div> subtree intercepts pointer events
    - retrying click action
    - waiting 20ms
    - waiting for element to be visible, enabled and stable
    - element is visible, enabled and stable
    - scrolling into view if needed
    - done scrolling
    - performing click action

    [AI INTEL] Selectors found for 'standings_tab'. Skipping AI analysis.
      [Extractor] Extracting Standings tab...
      [Extractor] Found 4 teams in standings for 'ASIA - ARABIAN GULF CUP U23 - ROUND 3'.
      [DB] Updated standings for ASIA - ARABIAN GULF CUP U23 - ROUND 3
      [✅ Standing] Standings tab data extracted for ASIA - ARABIAN GULF CUP U23 - ROUND 3
      [Extractor Validation] Updated League to: ASIA - ARABIAN GULF CUP U23 - ROUND 3
      [❌ No Signal] Iraq U23_vs_United Arab Emirates U23
    [Batch Start] Oman U23 vs Yemen U23: 10.12.2025 - 13:00
    [Popup Handler] Clicked 'I understand' button via: button:has-text('I understand')
    [AI INTEL] Selectors found for 'match_page'. Skipping AI analysis.
    [Cookies] Accepted via OneTrust
    [Popup Handler] Clicked 'I understand' button via: button:has-text('I understand')
    [H2H Expansion] Expanding available match history...
    [AI INTEL] Selectors found for 'h2h_tab'. Skipping AI analysis.
      [Extractor] Extracting H2H tab...
    [Auto-Heal] Selector 'h2h_section' in 'h2h_tab' invalid/missing. Initiating AI repair...
    [AI INTEL] Starting Full Discovery for context: 'h2h_tab' (Force: True)...
    [AI INTEL] Capturing page state for 'h2h_tab'...
    [VISION] Analyzing screenshot: h2h_tab.png
    [VISION] Analysis complete.
    [AI INTEL] Using logged HTML: h2h_tab.html
    [AI INTEL] Mapping UI Elements to HTML Selectors...
    [AI INTEL] Successfully mapped 99 elements.
    [Auto-Heal Failed] AI could not find 'h2h_section' even after refresh.
      [Extractor] Found 10 home, 10 away, 2 H2H matches.
      [✅ H2H] H2H tab data extracted for Oman U23_vs_Yemen U23 (22 matches found)
    [Enrichment] Starting to enrich 22 newly found past matches...
    [Enrichment] Past match enrichment complete.
    [AI INTEL] Selectors found for 'standings_tab'. Skipping AI analysis.
      [Extractor] Extracting Standings tab...
      [Extractor] Found 4 teams in standings for 'ASIA - ARABIAN GULF CUP U23 - ROUND 3'.
      [DB] Updated standings for ASIA - ARABIAN GULF CUP U23 - ROUND 3
      [✅ Standing] Standings tab data extracted for ASIA - ARABIAN GULF CUP U23 - ROUND 3
      [Extractor Validation] Updated League to: ASIA - ARABIAN GULF CUP U23 - ROUND 3
      [✅ Signal] Oman U23_vs_Yemen U23
    [Batch Start] Ath Bilbao U19 vs PSG U19: 10.12.2025 - 13:00
    [Popup Handler] Clicked 'I understand' button via: button:has-text('I understand')
    [AI INTEL] Selectors found for 'match_page'. Skipping AI analysis.
    [Popup Handler] Clicked 'I understand' button via: button:has-text('I understand')
    [H2H Expansion] Expanding available match history...
    [AI INTEL] Selectors found for 'h2h_tab'. Skipping AI analysis.
      [Extractor] Extracting H2H tab...
    [Auto-Heal] Selector 'h2h_section' in 'h2h_tab' invalid/missing. Initiating AI repair...
    [AI INTEL] Starting Full Discovery for context: 'h2h_tab' (Force: True)...
    [AI INTEL] Capturing page state for 'h2h_tab'...
    [VISION] Analyzing screenshot: h2h_tab.png

   --- LEO: Shutting down gracefully. ---
