    --- LEO: Initializing Databases ---      
     Initializing databases...

      --- LEO: Starting new cycle at 2025-12-12 18:59:56 --- 
     Launching new browser instance...

   [Phase 0] Checking for past matches to review...
--- LEO V2.5: Outcome Review Engine (Concurrent) ---
[Review] Found 0 past predictions to review (Limit: 50).
--- No new past matches to review. ---

   [Phase 1] Starting analysis engine (Flashscore)...

--- Running Flashscore Analysis ---
  [Navigation] Going to Flashscore...
  [Navigation] Flashscore loaded successfully.
    [AI INTEL] Selectors found for 'home_page'. Skipping AI analysis.
    [Resume] Last processed: ID ARkCqbaE on 14.12.2025

--- SKIPPING DAY: 12.12.2025 (advancing to resume date) ---
  [Navigation] Clicking next day...
    [Success] Next day clicked and page updated.

--- SKIPPING DAY: 13.12.2025 (advancing to resume date) ---
  [Navigation] Clicking next day...
    [Cookies] Accepted via OneTrust
    [Success] Next day clicked and page updated.

--- ANALYZING DATE: 14.12.2025 ---
    [AI INTEL] Selectors found for 'home_page'. Skipping AI analysis.
    [Extractor] Extracting match data from page...
    [Matches Found] 352 valid fixtures. (Sorted by Time)
    [Resume] Checking for last processed ID: ARkCqbaE on this date.
    [Resume] Match found at index 260. Skipping 261 previously processed matches.
    [Batching] Processing 91 matches concurrently...
    [Batch Start] Diamond Stars vs Wusum Stars: 14.12.2025 - 16:15
    [Batch Start] Kamboi Eagles vs Wilberforce Strikers: 14.12.2025 - 16:15
    [Batch Start] Brentford vs Leeds: 14.12.2025 - 16:30
    [Batch Start] Bayern Munich vs Mainz: 14.12.2025 - 16:30
    [Cookies] Accepted via OneTrust
    [Cookies] Accepted via OneTrust
    [Cookies] Accepted via OneTrust
    [Popup Handler] Clicked 'I understand' button via: button:has-text('I understand')
    [Cookies] Accepted via text: I Accept
    [AI INTEL] Selectors found for 'match_page'. Skipping AI analysis.
    [Popup Handler] Clicked 'I understand' button via: button:has-text('I understand')
    [Popup Handler] Clicked 'I understand' button via: button:has-text('I understand')
    [AI INTEL] Selectors found for 'match_page'. Skipping AI analysis.
    [AI INTEL] Selectors found for 'match_page'. Skipping AI analysis.
    [AI INTEL] Selectors found for 'match_page'. Skipping AI analysis.
    [H2H Expansion] Expanding available match history...
    [H2H Expansion] Expanding available match history...
    [H2H Expansion] Expanding available match history...
    [AI INTEL] Selectors found for 'h2h_tab'. Skipping AI analysis.
      [Extractor] Extracting H2H tab...
    [AI INTEL] Selectors found for 'h2h_tab'. Skipping AI analysis.
      [Extractor] Extracting H2H tab...
      [Extractor] Found 10 home, 10 away, 5 H2H matches.
      [OK H2H] H2H tab data extracted for Kamboi Eagles_vs_Wilberforce Strikers (25 matches found)
    [AI INTEL] Selectors found for 'h2h_tab'. Skipping AI analysis.
      [Extractor] Extracting H2H tab...
    [AI INTEL] Selectors found for 'standings_tab'. Skipping AI analysis.
      [Extractor] Found 10 home, 10 away, 5 H2H matches.
      [OK H2H] H2H tab data extracted for Brentford_vs_Leeds (25 matches found)
      [Extractor] Found 10 home, 10 away, 5 H2H matches.
      [OK H2H] H2H tab data extracted for Bayern Munich_vs_Mainz (25 matches found)
      [Extractor] Extracting Standings tab...
    [AI INTEL] Selectors found for 'standings_tab'. Skipping AI analysis.
      [Extractor] Found 18 teams in standings for 'SIERRA LEONE - PREMIER LEAGUE - ROUND 6'.
      [DB] Updated standings for SIERRA LEONE - PREMIER LEAGUE - ROUND 6
      [OK Standing] Standings tab data extracted for SIERRA LEONE - PREMIER LEAGUE - ROUND 6
      [Extractor Validation] Updated League to: SIERRA LEONE - PREMIER LEAGUE - ROUND 6
      [DB] Updated standings for SIERRA LEONE - PREMIER LEAGUE - ROUND 6
      [OK Standing] Standings tab data extracted for SIERRA LEONE - PREMIER LEAGUE - ROUND 6
            [OK Signal] Kamboi Eagles_vs_Wilberforce Strikers
    [AI INTEL] Selectors found for 'standings_tab'. Skipping AI analysis.
      [Extractor] Extracting Standings tab...
      [Extractor] Extracting Standings tab...
      [Extractor] Found 20 teams in standings for 'ENGLAND - PREMIER LEAGUE - ROUND 16'.
      [DB] Updated standings for ENGLAND - PREMIER LEAGUE - ROUND 16
      [OK Standing] Standings tab data extracted for ENGLAND - PREMIER LEAGUE - ROUND 16
      [Extractor Validation] Updated League to: ENGLAND - PREMIER LEAGUE - ROUND 16
      [DB] Updated standings for ENGLAND - PREMIER LEAGUE - ROUND 16
      [OK Standing] Standings tab data extracted for ENGLAND - PREMIER LEAGUE - ROUND 16
            [OK Signal] Brentford_vs_Leeds
      [Extractor] Found 18 teams in standings for 'GERMANY - BUNDESLIGA - ROUND 14'.
      [DB] Updated standings for GERMANY - BUNDESLIGA - ROUND 14
      [OK Standing] Standings tab data extracted for GERMANY - BUNDESLIGA - ROUND 14
      [Extractor Validation] Updated League to: GERMANY - BUNDESLIGA - ROUND 14
      [DB] Updated standings for GERMANY - BUNDESLIGA - ROUND 14
      [OK Standing] Standings tab data extracted for GERMANY - BUNDESLIGA - ROUND 14
            [OK Signal] Bayern Munich_vs_Mainz
    [Batch Start] Zrinjski vs FK Sarajevo: 14.12.2025 - 16:30
    [Batch Start] Triestina vs AlbinoLeffe: 14.12.2025 - 16:30
    [Batch Start] Ospitaletto vs Pro Vercelli: 14.12.2025 - 16:30
    [Cookies] Accepted via OneTrust
    [AI INTEL] Selectors found for 'match_page'. Skipping AI analysis.
    [Popup Handler] Clicked 'I understand' button via: button:has-text('I understand')
    [AI INTEL] Selectors found for 'match_page'. Skipping AI analysis.
    [Cookies] Accepted via OneTrust
    [Popup Handler] Clicked 'I understand' button via: button:has-text('I understand')
    [Cookies] Accepted via text: I Accept
    [Popup Handler] Clicked 'I understand' button via: button:has-text('I understand')
    [AI INTEL] Selectors found for 'match_page'. Skipping AI analysis.
    [H2H Expansion] Expanding available match history...
    [AI INTEL] Selectors found for 'h2h_tab'. Skipping AI analysis.
      [Extractor] Extracting H2H tab...
    [H2H Expansion] Expanding available match history...
      [Extractor] Found 10 home, 10 away, 5 H2H matches.
      [OK H2H] H2H tab data extracted for Zrinjski_vs_FK Sarajevo (25 matches found)
    [AI INTEL] Selectors found for 'standings_tab'. Skipping AI analysis.
    [Popup Handler] Clicked 'I understand' button via: button:has-text('I understand')
      [Extractor] Extracting Standings tab...
      [Extractor] Found 10 teams in standings for 'BOSNIA AND HERZEGOVINA - WWIN LIGA BIH - ROUND 19'.
      [DB] Updated standings for BOSNIA AND HERZEGOVINA - WWIN LIGA BIH - ROUND 19
      [OK Standing] Standings tab data extracted for BOSNIA AND HERZEGOVINA - WWIN LIGA BIH - ROUND 19
      [Extractor Validation] Updated League to: BOSNIA AND HERZEGOVINA - WWIN LIGA BIH - ROUND 19
      [DB] Updated standings for BOSNIA AND HERZEGOVINA - WWIN LIGA BIH - ROUND 19
      [OK Standing] Standings tab data extracted for BOSNIA AND HERZEGOVINA - WWIN LIGA BIH - ROUND 19
            [OK Signal] Zrinjski_vs_FK Sarajevo
    [H2H Expansion] Expanding available match history...
    [AI INTEL] Selectors found for 'h2h_tab'. Skipping AI analysis.
      [Extractor] Extracting H2H tab...
      [Extractor] Found 10 home, 10 away, 5 H2H matches.
      [OK H2H] H2H tab data extracted for Triestina_vs_AlbinoLeffe (25 matches found)
    [Batch Start] Guidonia vs Ascoli: 14.12.2025 - 16:30
    [AI INTEL] Selectors found for 'standings_tab'. Skipping AI analysis.
    [AI INTEL] Selectors found for 'h2h_tab'. Skipping AI analysis.
      [Extractor] Extracting H2H tab...
      [Extractor] Found 10 home, 10 away, 0 H2H matches.
      [OK H2H] H2H tab data extracted for Ospitaletto_vs_Pro Vercelli (20 matches found)
      [Extractor] Extracting Standings tab...
      [Extractor] Found 20 teams in standings for 'ITALY - SERIE C - GROUP A - ROUND 18'.
      [DB] Updated standings for ITALY - SERIE C - GROUP A - ROUND 18
      [OK Standing] Standings tab data extracted for ITALY - SERIE C - GROUP A - ROUND 18
      [Extractor Validation] Updated League to: ITALY - SERIE C - GROUP A - ROUND 18
      [DB] Updated standings for ITALY - SERIE C - GROUP A - ROUND 18
      [OK Standing] Standings tab data extracted for ITALY - SERIE C - GROUP A - ROUND 18
            [OK Signal] Triestina_vs_AlbinoLeffe
    [AI INTEL] Selectors found for 'standings_tab'. Skipping AI analysis.
    [Cookies] Accepted via OneTrust
    [Popup Handler] Clicked 'I understand' button via: button:has-text('I understand')
    [AI INTEL] Selectors found for 'match_page'. Skipping AI analysis.
      [Extractor] Extracting Standings tab...
      [Extractor] Found 20 teams in standings for 'ITALY - SERIE C - GROUP A - ROUND 18'.
      [DB] Updated standings for ITALY - SERIE C - GROUP A - ROUND 18
      [OK Standing] Standings tab data extracted for ITALY - SERIE C - GROUP A - ROUND 18
      [Extractor Validation] Updated League to: ITALY - SERIE C - GROUP A - ROUND 18
      [DB] Updated standings for ITALY - SERIE C - GROUP A - ROUND 18
      [OK Standing] Standings tab data extracted for ITALY - SERIE C - GROUP A - ROUND 18
            [OK Signal] Ospitaletto_vs_Pro Vercelli
    [Batch Start] Benevento vs Giugliano: 14.12.2025 - 16:30
    [Batch Start] Casertana vs Latina: 14.12.2025 - 16:30
    [H2H Expansion] Expanding available match history...
    [Cookies] Accepted via text: I Accept
    [Popup Handler] Clicked 'I understand' button via: button:has-text('I understand')
    [AI INTEL] Selectors found for 'match_page'. Skipping AI analysis.
    [Cookies] Accepted via OneTrust
    [AI INTEL] Selectors found for 'h2h_tab'. Skipping AI analysis.
      [Extractor] Extracting H2H tab...
      [Extractor] Found 10 home, 10 away, 0 H2H matches.
      [OK H2H] H2H tab data extracted for Guidonia_vs_Ascoli (20 matches found)
    [AI INTEL] Selectors found for 'match_page'. Skipping AI analysis.
    [AI INTEL] Selectors found for 'standings_tab'. Skipping AI analysis.
    [H2H Expansion] Expanding available match history...
    [Popup Handler] Clicked 'I understand' button via: button:has-text('I understand')
      [Extractor] Extracting Standings tab...
      [Extractor] Found 20 teams in standings for 'ITALY - SERIE C - GROUP B - ROUND 18'.
      [DB] Updated standings for ITALY - SERIE C - GROUP B - ROUND 18
      [OK Standing] Standings tab data extracted for ITALY - SERIE C - GROUP B - ROUND 18
      [Extractor Validation] Updated League to: ITALY - SERIE C - GROUP B - ROUND 18
      [DB] Updated standings for ITALY - SERIE C - GROUP B - ROUND 18
      [OK Standing] Standings tab data extracted for ITALY - SERIE C - GROUP B - ROUND 18
            [OK Signal] Guidonia_vs_Ascoli
    [H2H Expansion] Expanding available match history...
    [AI INTEL] Selectors found for 'h2h_tab'. Skipping AI analysis.
      [Extractor] Extracting H2H tab...
      [Extractor] Found 10 home, 10 away, 5 H2H matches.
      [OK H2H] H2H tab data extracted for Benevento_vs_Giugliano (25 matches found)
    [Batch Start] Motor Lublin vs Jagiellonia: 14.12.2025 - 16:30
    [AI INTEL] Selectors found for 'standings_tab'. Skipping AI analysis.
    [AI INTEL] Selectors found for 'h2h_tab'. Skipping AI analysis.
      [Extractor] Extracting H2H tab...
      [Extractor] Extracting Standings tab...
      [Extractor] Found 20 teams in standings for 'ITALY - SERIE C - GROUP C - ROUND 18'.
      [DB] Updated standings for ITALY - SERIE C - GROUP C - ROUND 18
      [OK Standing] Standings tab data extracted for ITALY - SERIE C - GROUP C - ROUND 18
      [Extractor Validation] Updated League to: ITALY - SERIE C - GROUP C - ROUND 18
      [DB] Updated standings for ITALY - SERIE C - GROUP C - ROUND 18
      [OK Standing] Standings tab data extracted for ITALY - SERIE C - GROUP C - ROUND 18
            [OK Signal] Benevento_vs_Giugliano
      [Extractor] Found 10 home, 10 away, 5 H2H matches.
      [OK H2H] H2H tab data extracted for Casertana_vs_Latina (25 matches found)
    [Batch Start] Al-Shahaniya vs Al-Duhail: 14.12.2025 - 16:30
    [AI INTEL] Selectors found for 'standings_tab'. Skipping AI analysis.
    [Cookies] Accepted via OneTrust
    [Popup Handler] Clicked 'I understand' button via: button:has-text('I understand')
    [AI INTEL] Selectors found for 'match_page'. Skipping AI analysis.
      [Extractor] Extracting Standings tab...
      [Extractor] Found 20 teams in standings for 'ITALY - SERIE C - GROUP C - ROUND 18'.
      [DB] Updated standings for ITALY - SERIE C - GROUP C - ROUND 18
      [OK Standing] Standings tab data extracted for ITALY - SERIE C - GROUP C - ROUND 18
      [Extractor Validation] Updated League to: ITALY - SERIE C - GROUP C - ROUND 18
      [DB] Updated standings for ITALY - SERIE C - GROUP C - ROUND 18
      [OK Standing] Standings tab data extracted for ITALY - SERIE C - GROUP C - ROUND 18
            [OK Signal] Casertana_vs_Latina
    [Cookies] Accepted via OneTrust
    [Batch Start] Shamal vs Al Ahli Doha: 14.12.2025 - 16:30
    [Popup Handler] Clicked 'I understand' button via: button:has-text('I understand')
    [AI INTEL] Selectors found for 'match_page'. Skipping AI analysis.
    [H2H Expansion] Expanding available match history...
    [Cookies] Accepted via text: I Accept
    [AI INTEL] Selectors found for 'match_page'. Skipping AI analysis.
    [AI INTEL] Selectors found for 'h2h_tab'. Skipping AI analysis.
      [Extractor] Extracting H2H tab...
      [Extractor] Found 10 home, 10 away, 5 H2H matches.
      [OK H2H] H2H tab data extracted for Motor Lublin_vs_Jagiellonia (25 matches found)
    [H2H Expansion] Expanding available match history...
    [Popup Handler] Clicked 'I understand' button via: button:has-text('I understand')
    [AI INTEL] Selectors found for 'standings_tab'. Skipping AI analysis.
      [Extractor] Extracting Standings tab...
      [Extractor] Found 18 teams in standings for 'POLAND - EKSTRAKLASA - ROUND 3'.
      [DB] Updated standings for POLAND - EKSTRAKLASA - ROUND 3
      [OK Standing] Standings tab data extracted for POLAND - EKSTRAKLASA - ROUND 3
      [Extractor Validation] Updated League to: POLAND - EKSTRAKLASA - ROUND 3
      [DB] Updated standings for POLAND - EKSTRAKLASA - ROUND 3
      [OK Standing] Standings tab data extracted for POLAND - EKSTRAKLASA - ROUND 3
            [OK Signal] Motor Lublin_vs_Jagiellonia
    [H2H Expansion] Expanding available match history...
    [AI INTEL] Selectors found for 'h2h_tab'. Skipping AI analysis.
      [Extractor] Extracting H2H tab...
      [Extractor] Found 10 home, 10 away, 5 H2H matches.
      [OK H2H] H2H tab data extracted for Al-Shahaniya_vs_Al-Duhail (25 matches found)
    [Batch Start] AS Camberene vs Mbour: 14.12.2025 - 16:30
    [AI INTEL] Selectors found for 'standings_tab'. Skipping AI analysis.
    [AI INTEL] Selectors found for 'h2h_tab'. Skipping AI analysis.
      [Extractor] Extracting H2H tab...
      [Extractor] Found 10 home, 10 away, 5 H2H matches.
      [OK H2H] H2H tab data extracted for Shamal_vs_Al Ahli Doha (25 matches found)
      [Extractor] Extracting Standings tab...
      [Extractor] Found 20 teams in standings for 'QATAR - QSL CUP - ROUND 9'.
      [DB] Updated standings for QATAR - QSL CUP - ROUND 9
      [OK Standing] Standings tab data extracted for QATAR - QSL CUP - ROUND 9
      [Extractor Validation] Updated League to: QATAR - QSL CUP - ROUND 9
      [DB] Updated standings for QATAR - QSL CUP - ROUND 9
      [OK Standing] Standings tab data extracted for QATAR - QSL CUP - ROUND 9
            [OK Signal] Al-Shahaniya_vs_Al-Duhail
    [AI INTEL] Selectors found for 'standings_tab'. Skipping AI analysis.
    [Cookies] Accepted via OneTrust
    [Popup Handler] Clicked 'I understand' button via: button:has-text('I understand')
    [AI INTEL] Selectors found for 'match_page'. Skipping AI analysis.
      [Extractor] Extracting Standings tab...
      [Extractor] Found 20 teams in standings for 'QATAR - QSL CUP - ROUND 9'.
      [DB] Updated standings for QATAR - QSL CUP - ROUND 9
      [OK Standing] Standings tab data extracted for QATAR - QSL CUP - ROUND 9
      [Extractor Validation] Updated League to: QATAR - QSL CUP - ROUND 9
      [DB] Updated standings for QATAR - QSL CUP - ROUND 9
      [OK Standing] Standings tab data extracted for QATAR - QSL CUP - ROUND 9
            [OK Signal] Shamal_vs_Al Ahli Doha
    [Batch Start] ASC HLM vs Wally Daan: 14.12.2025 - 16:30
    [H2H Expansion] Expanding available match history...
    [Batch Start] Casa vs Teungueth: 14.12.2025 - 16:30
    [Cookies] Accepted via OneTrust
    [AI INTEL] Selectors found for 'h2h_tab'. Skipping AI analysis.
      [Extractor] Extracting H2H tab...
      [Extractor] Found 6 home, 5 away, 0 H2H matches.
      [OK H2H] H2H tab data extracted for AS Camberene_vs_Mbour (11 matches found)
    [AI INTEL] Selectors found for 'match_page'. Skipping AI analysis.
    [Popup Handler] Clicked 'I understand' button via: button:has-text('I understand')
    [AI INTEL] Selectors found for 'standings_tab'. Skipping AI analysis.
    [Cookies] Accepted via OneTrust
    [Popup Handler] Clicked 'I understand' button via: button:has-text('I understand')
    [AI INTEL] Selectors found for 'match_page'. Skipping AI analysis.
      [Extractor] Extracting Standings tab...
      [Extractor] Found 16 teams in standings for 'SENEGAL - LIGUE 1 - ROUND 6'.
      [DB] Updated standings for SENEGAL - LIGUE 1 - ROUND 6
      [OK Standing] Standings tab data extracted for SENEGAL - LIGUE 1 - ROUND 6
      [Extractor Validation] Updated League to: SENEGAL - LIGUE 1 - ROUND 6
      [DB] Updated standings for SENEGAL - LIGUE 1 - ROUND 6
      [OK Standing] Standings tab data extracted for SENEGAL - LIGUE 1 - ROUND 6
            [OK Signal] AS Camberene_vs_Mbour
    [H2H Expansion] Expanding available match history...
    [Batch Start] Guediawaye vs Jaraaf: 14.12.2025 - 16:30
    [H2H Expansion] Expanding available match history...
    [AI INTEL] Selectors found for 'h2h_tab'. Skipping AI analysis.
      [Extractor] Extracting H2H tab...
      [Extractor] Found 10 home, 10 away, 2 H2H matches.
      [OK H2H] H2H tab data extracted for ASC HLM_vs_Wally Daan (22 matches found)
    [AI INTEL] Selectors found for 'standings_tab'. Skipping AI analysis.
    [Cookies] Accepted via OneTrust
      [Extractor] Extracting Standings tab...
      [Extractor] Found 16 teams in standings for 'SENEGAL - LIGUE 1 - ROUND 6'.
      [DB] Updated standings for SENEGAL - LIGUE 1 - ROUND 6
      [OK Standing] Standings tab data extracted for SENEGAL - LIGUE 1 - ROUND 6
      [Extractor Validation] Updated League to: SENEGAL - LIGUE 1 - ROUND 6
      [DB] Updated standings for SENEGAL - LIGUE 1 - ROUND 6
      [OK Standing] Standings tab data extracted for SENEGAL - LIGUE 1 - ROUND 6
            [OK Signal] ASC HLM_vs_Wally Daan
    [Popup Handler] Clicked 'I understand' button via: button:has-text('I understand')
    [AI INTEL] Selectors found for 'match_page'. Skipping AI analysis.
    [AI INTEL] Selectors found for 'h2h_tab'. Skipping AI analysis.
      [Extractor] Extracting H2H tab...
      [Extractor] Found 10 home, 10 away, 5 H2H matches.
      [OK H2H] H2H tab data extracted for Casa_vs_Teungueth (25 matches found)
    [Batch Start] Linguere vs Sonacos: 14.12.2025 - 16:30
    [AI INTEL] Selectors found for 'standings_tab'. Skipping AI analysis.
      [Extractor] Extracting Standings tab...
    [H2H Expansion] Expanding available match history...
      [Extractor] Found 16 teams in standings for 'SENEGAL - LIGUE 1 - ROUND 6'.
      [DB] Updated standings for SENEGAL - LIGUE 1 - ROUND 6
      [OK Standing] Standings tab data extracted for SENEGAL - LIGUE 1 - ROUND 6
      [Extractor Validation] Updated League to: SENEGAL - LIGUE 1 - ROUND 6
      [DB] Updated standings for SENEGAL - LIGUE 1 - ROUND 6
      [OK Standing] Standings tab data extracted for SENEGAL - LIGUE 1 - ROUND 6
            [OK Signal] Casa_vs_Teungueth
    [Cookies] Accepted via OneTrust
    [AI INTEL] Selectors found for 'match_page'. Skipping AI analysis.
    [AI INTEL] Selectors found for 'h2h_tab'. Skipping AI analysis.
      [Extractor] Extracting H2H tab...
    [Batch Start] Ouakam vs AJEL: 14.12.2025 - 16:30
      [Extractor] Found 10 home, 10 away, 5 H2H matches.
      [OK H2H] H2H tab data extracted for Guediawaye_vs_Jaraaf (25 matches found)
    [Popup Handler] Clicked 'I understand' button via: button:has-text('I understand')
    [AI INTEL] Selectors found for 'standings_tab'. Skipping AI analysis.
    [Cookies] Accepted via OneTrust
    [Popup Handler] Clicked 'I understand' button via: button:has-text('I understand')
      [Extractor] Extracting Standings tab...
      [Extractor] Found 16 teams in standings for 'SENEGAL - LIGUE 1 - ROUND 6'.
      [DB] Updated standings for SENEGAL - LIGUE 1 - ROUND 6
      [OK Standing] Standings tab data extracted for SENEGAL - LIGUE 1 - ROUND 6
      [Extractor Validation] Updated League to: SENEGAL - LIGUE 1 - ROUND 6
      [DB] Updated standings for SENEGAL - LIGUE 1 - ROUND 6
      [OK Standing] Standings tab data extracted for SENEGAL - LIGUE 1 - ROUND 6
            [OK Signal] Guediawaye_vs_Jaraaf
    [AI INTEL] Selectors found for 'match_page'. Skipping AI analysis.
    [H2H Expansion] Expanding available match history...
    [Batch Start] US Goree vs Pikine: 14.12.2025 - 16:30
    [AI INTEL] Selectors found for 'h2h_tab'. Skipping AI analysis.
      [Extractor] Extracting H2H tab...
    [H2H Expansion] Expanding available match history...
      [Extractor] Found 10 home, 10 away, 5 H2H matches.
      [OK H2H] H2H tab data extracted for Linguere_vs_Sonacos (25 matches found)
    [AI INTEL] Selectors found for 'standings_tab'. Skipping AI analysis.
    [Cookies] Accepted via OneTrust
    [Popup Handler] Clicked 'I understand' button via: button:has-text('I understand')
    [AI INTEL] Selectors found for 'match_page'. Skipping AI analysis.
      [Extractor] Extracting Standings tab...
      [Extractor] Found 16 teams in standings for 'SENEGAL - LIGUE 1 - ROUND 6'.
      [DB] Updated standings for SENEGAL - LIGUE 1 - ROUND 6
      [OK Standing] Standings tab data extracted for SENEGAL - LIGUE 1 - ROUND 6
      [Extractor Validation] Updated League to: SENEGAL - LIGUE 1 - ROUND 6
      [DB] Updated standings for SENEGAL - LIGUE 1 - ROUND 6
      [OK Standing] Standings tab data extracted for SENEGAL - LIGUE 1 - ROUND 6
            [OK Signal] Linguere_vs_Sonacos
    [AI INTEL] Selectors found for 'h2h_tab'. Skipping AI analysis.
      [Extractor] Extracting H2H tab...
      [Extractor] Found 10 home, 10 away, 2 H2H matches.
      [OK H2H] H2H tab data extracted for Ouakam_vs_AJEL (22 matches found)
    [Batch Start] Istra 1961 vs Rijeka: 14.12.2025 - 16:45
    [AI INTEL] Selectors found for 'standings_tab'. Skipping AI analysis.
    [H2H Expansion] Expanding available match history...
      [Extractor] Extracting Standings tab...
      [Extractor] Found 16 teams in standings for 'SENEGAL - LIGUE 1 - ROUND 6'.
      [DB] Updated standings for SENEGAL - LIGUE 1 - ROUND 6
      [OK Standing] Standings tab data extracted for SENEGAL - LIGUE 1 - ROUND 6
      [Extractor Validation] Updated League to: SENEGAL - LIGUE 1 - ROUND 6
      [DB] Updated standings for SENEGAL - LIGUE 1 - ROUND 6
      [OK Standing] Standings tab data extracted for SENEGAL - LIGUE 1 - ROUND 6
            [OK Signal] Ouakam_vs_AJEL
    [Cookies] Accepted via OneTrust
    [AI INTEL] Selectors found for 'h2h_tab'. Skipping AI analysis.
      [Extractor] Extracting H2H tab...
      [Extractor] Found 10 home, 10 away, 5 H2H matches.
      [OK H2H] H2H tab data extracted for US Goree_vs_Pikine (25 matches found)
    [AI INTEL] Selectors found for 'match_page'. Skipping AI analysis.
    [Batch Start] Genoa vs Inter: 14.12.2025 - 17:00
    [AI INTEL] Selectors found for 'standings_tab'. Skipping AI analysis.
    [Popup Handler] Clicked 'I understand' button via: button:has-text('I understand')
      [Extractor] Extracting Standings tab...
      [Extractor] Found 16 teams in standings for 'SENEGAL - LIGUE 1 - ROUND 6'.
      [DB] Updated standings for SENEGAL - LIGUE 1 - ROUND 6
      [OK Standing] Standings tab data extracted for SENEGAL - LIGUE 1 - ROUND 6
      [Extractor Validation] Updated League to: SENEGAL - LIGUE 1 - ROUND 6
      [DB] Updated standings for SENEGAL - LIGUE 1 - ROUND 6
      [OK Standing] Standings tab data extracted for SENEGAL - LIGUE 1 - ROUND 6
            [OK Signal] US Goree_vs_Pikine
    [H2H Expansion] Expanding available match history...
    [Cookies] Accepted via OneTrust
    [AI INTEL] Selectors found for 'match_page'. Skipping AI analysis.
    [Batch Start] Apollon vs Aris: 14.12.2025 - 17:00
    [AI INTEL] Selectors found for 'h2h_tab'. Skipping AI analysis.
      [Extractor] Extracting H2H tab...
      [Extractor] Found 10 home, 10 away, 5 H2H matches.
      [OK H2H] H2H tab data extracted for Istra 1961_vs_Rijeka (25 matches found)
    [AI INTEL] Selectors found for 'standings_tab'. Skipping AI analysis.
    [Cookies] Accepted via OneTrust
    [Popup Handler] Clicked 'I understand' button via: button:has-text('I understand')
    [H2H Expansion] Expanding available match history...
    [AI INTEL] Selectors found for 'match_page'. Skipping AI analysis.
      [Extractor] Extracting Standings tab...
      [Extractor] Found 10 teams in standings for 'CROATIA - HNL - ROUND 17'.
      [DB] Updated standings for CROATIA - HNL - ROUND 17
      [OK Standing] Standings tab data extracted for CROATIA - HNL - ROUND 17
      [Extractor Validation] Updated League to: CROATIA - HNL - ROUND 17
      [DB] Updated standings for CROATIA - HNL - ROUND 17
      [OK Standing] Standings tab data extracted for CROATIA - HNL - ROUND 17
            [OK Signal] Istra 1961_vs_Rijeka
    [H2H Expansion] Expanding available match history...
    [AI INTEL] Selectors found for 'h2h_tab'. Skipping AI analysis.
      [Extractor] Extracting H2H tab...
    [Batch Start] Paralimni vs Pafos: 14.12.2025 - 17:00
      [Extractor] Found 10 home, 10 away, 5 H2H matches.
      [OK H2H] H2H tab data extracted for Genoa_vs_Inter (25 matches found)
    [AI INTEL] Selectors found for 'standings_tab'. Skipping AI analysis.
    [Cookies] Accepted via OneTrust
    [Popup Handler] Clicked 'I understand' button via: button:has-text('I understand')
    [AI INTEL] Selectors found for 'h2h_tab'. Skipping AI analysis.
      [Extractor] Extracting H2H tab...
      [Extractor] Found 10 home, 10 away, 5 H2H matches.
      [OK H2H] H2H tab data extracted for Apollon_vs_Aris (25 matches found)
      [Extractor] Extracting Standings tab...
    [AI INTEL] Selectors found for 'match_page'. Skipping AI analysis.
      [Extractor] Found 20 teams in standings for 'ITALY - SERIE A - ROUND 15'.
      [DB] Updated standings for ITALY - SERIE A - ROUND 15
      [OK Standing] Standings tab data extracted for ITALY - SERIE A - ROUND 15
      [Extractor Validation] Updated League to: ITALY - SERIE A - ROUND 15
      [DB] Updated standings for ITALY - SERIE A - ROUND 15
      [OK Standing] Standings tab data extracted for ITALY - SERIE A - ROUND 15
            [OK Signal] Genoa_vs_Inter
    [AI INTEL] Selectors found for 'standings_tab'. Skipping AI analysis.
      [Extractor] Extracting Standings tab...
      [Extractor] Found 14 teams in standings for 'CYPRUS - CYPRUS LEAGUE - ROUND 14'.
      [DB] Updated standings for CYPRUS - CYPRUS LEAGUE - ROUND 14
      [OK Standing] Standings tab data extracted for CYPRUS - CYPRUS LEAGUE - ROUND 14
      [Extractor Validation] Updated League to: CYPRUS - CYPRUS LEAGUE - ROUND 14
      [DB] Updated standings for CYPRUS - CYPRUS LEAGUE - ROUND 14
      [OK Standing] Standings tab data extracted for CYPRUS - CYPRUS LEAGUE - ROUND 14
            [OK Signal] Apollon_vs_Aris
    [H2H Expansion] Expanding available match history...
    [Batch Start] Slovan Bratislava vs Zilina: 14.12.2025 - 17:00
    [Batch Start] Samsunspor vs Basaksehir: 14.12.2025 - 17:00
    [Cookies] Accepted via OneTrust
    [AI INTEL] Selectors found for 'h2h_tab'. Skipping AI analysis.
      [Extractor] Extracting H2H tab...
      [Extractor] Found 10 home, 10 away, 5 H2H matches.
      [OK H2H] H2H tab data extracted for Paralimni_vs_Pafos (25 matches found)
    [AI INTEL] Selectors found for 'match_page'. Skipping AI analysis.
      [Error] Match failed Slovan Bratislava_vs_Zilina: Locator.is_visible: Target crashed 
Call log:
    - checking visibility of locator("div.detailOver [data-testid=\"wcl-tabs\"] a[data-analytics-alias=\"h2h\"] button")

  [CRITICAL ERROR] Logging state for 'process_match_task_Slovan Bratislava_vs_Zilina'. See 'Logs/Errors' folder.
    [Logger Failure] Could not write error state: Page.screenshot: Target crashed 
Call log:
  - taking page screenshot
  - waiting for fonts to load...
  - fonts loaded

    [AI INTEL] Selectors found for 'standings_tab'. Skipping AI analysis.
    [Cookies] Accepted via OneTrust
    [Popup Handler] Clicked 'I understand' button via: button:has-text('I understand')
      [Extractor] Extracting Standings tab...
      [Extractor] Found 14 teams in standings for 'CYPRUS - CYPRUS LEAGUE - ROUND 14'.
      [DB] Updated standings for CYPRUS - CYPRUS LEAGUE - ROUND 14
      [OK Standing] Standings tab data extracted for CYPRUS - CYPRUS LEAGUE - ROUND 14
      [Extractor Validation] Updated League to: CYPRUS - CYPRUS LEAGUE - ROUND 14
      [DB] Updated standings for CYPRUS - CYPRUS LEAGUE - ROUND 14
      [OK Standing] Standings tab data extracted for CYPRUS - CYPRUS LEAGUE - ROUND 14
            [OK Signal] Paralimni_vs_Pafos
    [AI INTEL] Selectors found for 'match_page'. Skipping AI analysis.
    [Batch Start] Trabzonspor vs Besiktas: 14.12.2025 - 17:00
    [Batch Start] Valletta vs Sliema: 14.12.2025 - 17:15
    [H2H Expansion] Expanding available match history...
    [Cookies] Accepted via OneTrust
    [Popup Handler] Clicked 'I understand' button via: button:has-text('I understand')
    [AI INTEL] Selectors found for 'match_page'. Skipping AI analysis.
    [Cookies] Accepted via text: I Accept
    [Popup Handler] Clicked 'I understand' button via: button:has-text('I understand')
    [AI INTEL] Selectors found for 'match_page'. Skipping AI analysis.
    [H2H Expansion] Some expansion buttons failed, but continuing...
      [Warning] Failed to fully load/expand H2H tab for Valletta_vs_Sliema: Page.click: Target crashed 
Browser logs:

[pid=244739][err] [1212/190858.904724:INFO:CONSOLE:1] "Tooltip is changing from uncontrolled to controlled. Components should not switch from controlled to uncontrolled (or vice versa). Decide between using a controlled or uncontrolled value for the lifetime of the component.", source: https://static.flashscore.com/res/_fs/build/vendors.c8f9af7.js (1)
[pid=244739][err] [1212/190858.904755:INFO:CONSOLE:1] "Tooltip is changing from uncontrolled to controlled. Components should not switch from controlled to uncontrolled (or vice versa). Decide between using a controlled or uncontrolled value for the lifetime of the component.", source: https://static.flashscore.com/res/_fs/build/vendors.c8f9af7.js (1)
[pid=244739][err] [1212/190858.904769:INFO:CONSOLE:1] "Tooltip is changing from uncontrolled to controlled. Components should not switch from controlled to uncontrolled (or vice versa). Decide between using a controlled or uncontrolled value for the lifetime of the component.", source: https://static.flashscore.com/res/_fs/build/vendors.c8f9af7.js (1)
[pid=244739][err] [1212/190858.904782:INFO:CONSOLE:1] "Tooltip is changing from uncontrolled to controlled. Components should not switch from controlled to uncontrolled (or vice versa). Decide between using a controlled or uncontrolled value for the lifetime of the component.", source: https://static.flashscore.com/res/_fs/build/vendors.c8f9af7.js (1)
[pid=244739][err] [1212/190858.908460:INFO:CONSOLE:1] "Tooltip is changing from uncontrolled to controlled. Components should not switch from controlled to uncontrolled (or vice versa). Decide between using a controlled or uncontrolled value for the lifetime of the component.", source: https://static.flashscore.com/res/_fs/build/vendors.c8f9af7.js (1)
[pid=244739][err] [1212/190858.908493:INFO:CONSOLE:1] "Tooltip is changing from uncontrolled to controlled. Components should not switch from controlled to uncontrolled (or vice versa). Decide between using a controlled or uncontrolled value for the lifetime of the component.", source: https://static.flashscore.com/res/_fs/build/vendors.c8f9af7.js (1)
[pid=244739][err] [1212/190858.911517:INFO:CONSOLE:1] "Tooltip is changing from uncontrolled to controlled. Components should not switch from controlled to uncontrolled (or vice versa). Decide between using a controlled or uncontrolled value for the lifetime of the component.", source: https://static.flashscore.com/res/_fs/build/vendors.c8f9af7.js (1)
[pid=244739][err] [1212/190858.911540:INFO:CONSOLE:1] "Tooltip is changing from uncontrolled to controlled. Components should not switch from controlled to uncontrolled (or vice versa). Decide between using a controlled or uncontrolled value for the lifetime of the component.", source: https://static.flashscore.com/res/_fs/build/vendors.c8f9af7.js (1)
[pid=244739][err] [1212/190858.921366:INFO:CONSOLE:1] "Tooltip is changing from uncontrolled to controlled. Components should not switch from controlled to uncontrolled (or vice versa). Decide between using a controlled or uncontrolled value for the lifetime of the component.", source: https://static.flashscore.com/res/_fs/build/vendors.c8f9af7.js (1)
[pid=244739][err] [1212/190858.921669:INFO:CONSOLE:1] "Tooltip is changing from uncontrolled to controlled. Components should not switch from controlled to uncontrolled (or vice versa). Decide between using a controlled or uncontrolled value for the lifetime of the component.", source: https://static.flashscore.com/res/_fs/build/vendors.c8f9af7.js (1)
[pid=244739][err] [1212/190858.921929:INFO:CONSOLE:1] "Tooltip is changing from uncontrolled to controlled. Components should not switch from controlled to uncontrolled (or vice versa). Decide between using a controlled or uncontrolled value for the lifetime of the component.", source: https://static.flashscore.com/res/_fs/build/vendors.c8f9af7.js (1)
[pid=244739][err] [1212/190858.922276:INFO:CONSOLE:1] "Tooltip is changing from uncontrolled to controlled. Components should not switch from controlled to uncontrolled (or vice versa). Decide between using a controlled or uncontrolled value for the lifetime of the component.", source: https://static.flashscore.com/res/_fs/build/vendors.c8f9af7.js (1)
[pid=244739][err] [1212/190858.925447:INFO:CONSOLE:1] "Tooltip is changing from uncontrolled to controlled. Components should not switch from controlled to uncontrolled (or vice versa). Decide between using a controlled or uncontrolled value for the lifetime of the component.", source: https://static.flashscore.com/res/_fs/build/vendors.c8f9af7.js (1)
[pid=244739][err] [1212/190858.925478:INFO:CONSOLE:1] "Tooltip is changing from uncontrolled to controlled. Components should not switch from controlled to uncontrolled (or vice versa). Decide between using a controlled or uncontrolled value for the lifetime of the component.", source: https://static.flashscore.com/res/_fs/build/vendors.c8f9af7.js (1)
[pid=244739][err] [1212/190858.925516:INFO:CONSOLE:1] "Tooltip is changing from uncontrolled to controlled. Components should not switch from controlled to uncontrolled (or vice versa). Decide between using a controlled or uncontrolled value for the lifetime of the component.", source: https://static.flashscore.com/res/_fs/build/vendors.c8f9af7.js (1)
[pid=244739][err] [1212/190858.929574:INFO:CONSOLE:1] "Tooltip is changing from uncontrolled to controlled. Components should not switch from controlled to uncontrolled (or vice versa). Decide between using a controlled or uncontrolled value for the lifetime of the component.", source: https://static.flashscore.com/res/_fs/build/vendors.c8f9af7.js (1)
[pid=244739][err] [1212/190858.929622:INFO:CONSOLE:1] "Tooltip is changing from uncontrolled to controlled. Components should not switch from controlled to uncontrolled (or vice versa). Decide between using a controlled or uncontrolled value for the lifetime of the component.", source: https://static.flashscore.com/res/_fs/build/vendors.c8f9af7.js (1)
[pid=244739][err] [1212/190858.929662:INFO:CONSOLE:1] "Tooltip is changing from uncontrolled to controlled. Components should not switch from controlled to uncontrolled (or vice versa). Decide between using a controlled or uncontrolled value for the lifetime of the component.", source: https://static.flashscore.com/res/_fs/build/vendors.c8f9af7.js (1)
[pid=244739][err] [1212/190858.931743:INFO:CONSOLE:1] "Tooltip is changing from uncontrolled to controlled. Components should not switch from controlled to uncontrolled (or vice versa). Decide between using a controlled or uncontrolled value for the lifetime of the component.", source: https://static.flashscore.com/res/_fs/build/vendors.c8f9af7.js (1)
[pid=244739][err] [1212/190858.932697:INFO:CONSOLE:1] "Tooltip is changing from uncontrolled to controlled. Components should not switch from controlled to uncontrolled (or vice versa). Decide between using a controlled or uncontrolled value for the lifetime of the component.", source: https://static.flashscore.com/res/_fs/build/vendors.c8f9af7.js (1)
[pid=244739][err] [1212/190858.933410:INFO:CONSOLE:1] "Tooltip is changing from uncontrolled to controlled. Components should not switch from controlled to uncontrolled (or vice versa). Decide between using a controlled or uncontrolled value for the lifetime of the component.", source: https://static.flashscore.com/res/_fs/build/vendors.c8f9af7.js (1)
[pid=244739][err] [1212/190858.935474:INFO:CONSOLE:1] "Tooltip is changing from uncontrolled to controlled. Components should not switch from controlled to uncontrolled (or vice versa). Decide between using a controlled or uncontrolled value for the lifetime of the component.", source: https://static.flashscore.com/res/_fs/build/vendors.c8f9af7.js (1)
[pid=244739][err] [1212/190858.935498:INFO:CONSOLE:1] "Tooltip is changing from uncontrolled to controlled. Components should not switch from controlled to uncontrolled (or vice versa). Decide between using a controlled or uncontrolled value for the lifetime of the component.", source: https://static.flashscore.com/res/_fs/build/vendors.c8f9af7.js (1)
[pid=244739][err] [1212/190858.935512:INFO:CONSOLE:1] "Tooltip is changing from uncontrolled to controlled. Components should not switch from controlled to uncontrolled (or vice versa). Decide between using a controlled or uncontrolled value for the lifetime of the component.", source: https://static.flashscore.com/res/_fs/build/vendors.c8f9af7.js (1)
[pid=244739][err] [1212/190858.939275:INFO:CONSOLE:1] "Tooltip is changing from uncontrolled to controlled. Components should not switch from controlled to uncontrolled (or vice versa). Decide between using a controlled or uncontrolled value for the lifetime of the component.", source: https://static.flashscore.com/res/_fs/build/vendors.c8f9af7.js (1)
[pid=244739][err] [1212/190858.939310:INFO:CONSOLE:1] "Tooltip is changing from uncontrolled to controlled. Components should not switch from controlled to uncontrolled (or vice versa). Decide between using a controlled or uncontrolled value for the lifetime of the component.", source: https://static.flashscore.com/res/_fs/build/vendors.c8f9af7.js (1)
[pid=244739][err] [1212/190858.943446:INFO:CONSOLE:1] "Tooltip is changing from uncontrolled to controlled. Components should not switch from controlled to uncontrolled (or vice versa). Decide between using a controlled or uncontrolled value for the lifetime of the component.", source: https://static.flashscore.com/res/_fs/build/vendors.c8f9af7.js (1)
[pid=244739][err] [1212/190858.943468:INFO:CONSOLE:1] "Tooltip is changing from uncontrolled to controlled. Components should not switch from controlled to uncontrolled (or vice versa). Decide between using a controlled or uncontrolled value for the lifetime of the component.", source: https://static.flashscore.com/res/_fs/build/vendors.c8f9af7.js (1)
[pid=244739][err] [1212/190858.946680:INFO:CONSOLE:1] "Tooltip is changing from uncontrolled to controlled. Components should not switch from controlled to uncontrolled (or vice versa). Decide between using a controlled or uncontrolled value for the lifetime of the component.", source: https://static.flashscore.com/res/_fs/build/vendors.c8f9af7.js (1)
[pid=244739][err] [1212/190858.946712:INFO:CONSOLE:1] "Tooltip is changing from uncontrolled to controlled. Components should not switch from controlled to uncontrolled (or vice versa). Decide between using a controlled or uncontrolled value for the lifetime of the component.", source: https://static.flashscore.com/res/_fs/build/vendors.c8f9af7.js (1)
[pid=244739][err] [1212/190858.946726:INFO:CONSOLE:1] "Tooltip is changing from uncontrolled to controlled. Components should not switch from controlled to uncontrolled (or vice versa). Decide between using a controlled or uncontrolled value for the lifetime of the component.", source: https://static.flashscore.com/res/_fs/build/vendors.c8f9af7.js (1)
[pid=244739][err] [1212/190858.946739:INFO:CONSOLE:1] "Tooltip is changing from uncontrolled to controlled. Components should not switch from controlled to uncontrolled (or vice versa). Decide between using a controlled or uncontrolled value for the lifetime of the component.", source: https://static.flashscore.com/res/_fs/build/vendors.c8f9af7.js (1)
[pid=244739][err] [1212/190858.950667:INFO:CONSOLE:1] "Tooltip is changing from uncontrolled to controlled. Components should not switch from controlled to uncontrolled (or vice versa). Decide between using a controlled or uncontrolled value for the lifetime of the component.", source: https://static.flashscore.com/res/_fs/build/vendors.c8f9af7.js (1)
[pid=244739][err] [1212/190858.951661:INFO:CONSOLE:1] "Tooltip is changing from uncontrolled to controlled. Components should not switch from controlled to uncontrolled (or vice versa). Decide between using a controlled or uncontrolled value for the lifetime of the component.", source: https://static.flashscore.com/res/_fs/build/vendors.c8f9af7.js (1)
[pid=244739][err] [1212/190858.954434:INFO:CONSOLE:1] "Tooltip is changing from uncontrolled to controlled. Components should not switch from controlled to uncontrolled (or vice versa). Decide between using a controlled or uncontrolled value for the lifetime of the component.", source: https://static.flashscore.com/res/_fs/build/vendors.c8f9af7.js (1)
[pid=244739][err] [1212/190904.761511:ERROR:dbus/bus.cc:406] Failed to connect to the bus: Failed to connect to socket /run/dbus/system_bus_socket: No such file or directory
[pid=244739][err] [1212/190904.761567:ERROR:dbus/bus.cc:406] Failed to connect to the bus: Failed to connect to socket /run/dbus/system_bus_socket: No such file or directory
[pid=244739][err] [1212/190904.761799:WARNING:dbus/property.cc:94] Failed to connect to PropertiesChangedsignal.
[pid=244739][err] [1212/190904.761818:ERROR:dbus/object_proxy.cc:573] Failed to call method: org.freedesktop.DBus.Properties.GetAll: object_path= /org/freedesktop/UPower/devices/DisplayDevice: unknown error type: 
[pid=244739][err] [1212/190904.761825:WARNING:dbus/property.cc:174] GetAll request failed for: org.freedesktop.UPower.Device
[pid=244739][err] [1212/190906.800891:INFO:CONSOLE:1] "Tooltip is changing from uncontrolled to controlled. Components should not switch from controlled to uncontrolled (or vice versa). Decide between using a controlled or uncontrolled value for the lifetime of the component.", source: https://static.flashscore.com/res/_fs/build/vendors.c8f9af7.js (1)
[pid=244739][err] [1212/190906.802677:INFO:CONSOLE:1] "Tooltip is changing from uncontrolled to controlled. Components should not switch from controlled to uncontrolled (or vice versa). Decide between using a controlled or uncontrolled value for the lifetime of the component.", source: https://static.flashscore.com/res/_fs/build/vendors.c8f9af7.js (1)
[pid=244739][err] [1212/190906.810373:INFO:CONSOLE:1] "Tooltip is changing from uncontrolled to controlled. Components should not switch from controlled to uncontrolled (or vice versa). Decide between using a controlled or uncontrolled value for the lifetime of the component.", source: https://static.flashscore.com/res/_fs/build/vendors.c8f9af7.js (1)
[pid=244739][err] [1212/190907.267629:WARNING:net/spdy/spdy_session.cc:3071] Received HEADERS for invalid stream 29
[pid=244739][err] [1212/190907.306000:INFO:CONSOLE:1] "Tooltip is changing from uncontrolled to controlled. Components should not switch from controlled to uncontrolled (or vice versa). Decide between using a controlled or uncontrolled value for the lifetime of the component.", source: https://static.flashscore.com/res/_fs/build/vendors.c8f9af7.js (1)
[pid=244739][err] [1212/190907.318062:INFO:CONSOLE:1] "Tooltip is changing from uncontrolled to controlled. Components should not switch from controlled to uncontrolled (or vice versa). Decide between using a controlled or uncontrolled value for the lifetime of the component.", source: https://static.flashscore.com/res/_fs/build/vendors.c8f9af7.js (1)
[pid=244739][err] [1212/190907.318420:INFO:CONSOLE:1] "Tooltip is changing from uncontrolled to controlled. Components should not switch from controlled to uncontrolled (or vice versa). Decide between using a controlled or uncontrolled value for the lifetime of the component.", source: https://static.flashscore.com/res/_fs/build/vendors.c8f9af7.js (1)
[pid=244739][err] [1212/190907.318472:INFO:CONSOLE:1] "Tooltip is changing from uncontrolled to controlled. Components should not switch from controlled to uncontrolled (or vice versa). Decide between using a controlled or uncontrolled value for the lifetime of the component.", source: https://static.flashscore.com/res/_fs/build/vendors.c8f9af7.js (1)
[pid=244739][err] [1212/190907.318501:INFO:CONSOLE:1] "Tooltip is changing from uncontrolled to controlled. Components should not switch from controlled to uncontrolled (or vice versa). Decide between using a controlled or uncontrolled value for the lifetime of the component.", source: https://static.flashscore.com/res/_fs/build/vendors.c8f9af7.js (1)
[pid=244739][err] [1212/190907.319378:INFO:CONSOLE:1] "Tooltip is changing from uncontrolled to controlled. Components should not switch from controlled to uncontrolled (or vice versa). Decide between using a controlled or uncontrolled value for the lifetime of the component.", source: https://static.flashscore.com/res/_fs/build/vendors.c8f9af7.js (1)
[pid=244739][err] [1212/190907.326121:INFO:CONSOLE:1] "Tooltip is changing from uncontrolled to controlled. Components should not switch from controlled to uncontrolled (or vice versa). Decide between using a controlled or uncontrolled value for the lifetime of the component.", source: https://static.flashscore.com/res/_fs/build/vendors.c8f9af7.js (1)
[pid=244739][err] [1212/190907.326147:INFO:CONSOLE:1] "Tooltip is changing from uncontrolled to controlled. Components should not switch from controlled to uncontrolled (or vice versa). Decide between using a controlled or uncontrolled value for the lifetime of the component.", source: https://static.flashscore.com/res/_fs/build/vendors.c8f9af7.js (1)
[pid=244739][err] [1212/190907.326167:INFO:CONSOLE:1] "Tooltip is changing from uncontrolled to controlled. Components should not switch from controlled to uncontrolled (or vice versa). Decide between using a controlled or uncontrolled value for the lifetime of the component.", source: https://static.flashscore.com/res/_fs/build/vendors.c8f9af7.js (1)
[pid=244739][err] [1212/190907.328557:INFO:CONSOLE:1] "Tooltip is changing from uncontrolled to controlled. Components should not switch from controlled to uncontrolled (or vice versa). Decide between using a controlled or uncontrolled value for the lifetime of the component.", source: https://static.flashscore.com/res/_fs/build/vendors.c8f9af7.js (1)
[pid=244739][err] [1212/190907.331804:INFO:CONSOLE:1] "Tooltip is changing from uncontrolled to controlled. Components should not switch from controlled to uncontrolled (or vice versa). Decide between using a controlled or uncontrolled value for the lifetime of the component.", source: https://static.flashscore.com/res/_fs/build/vendors.c8f9af7.js (1)
[pid=244739][err] [1212/190907.331829:INFO:CONSOLE:1] "Tooltip is changing from uncontrolled to controlled. Components should not switch from controlled to uncontrolled (or vice versa). Decide between using a controlled or uncontrolled value for the lifetime of the component.", source: https://static.flashscore.com/res/_fs/build/vendors.c8f9af7.js (1)
[pid=244739][err] [1212/190908.645231:ERROR:gpu/command_buffer/service/gles2_cmd_decoder_passthrough.cc:1091] [GroupMarkerNotSet(crbug.com/242999)!:A05018003C2D0000]Automatic fallback to software WebGL has been deprecated. Please use the --enable-unsafe-swiftshader (about:flags#enable-unsafe-swiftshader) flag to opt in to lower security guarantees for trusted content.
[pid=244739][err] [1212/190908.871030:INFO:CONSOLE:0] "[GroupMarkerNotSet(crbug.com/242999)!:A05018003C2D0000]Automatic fallback to software WebGL has been deprecated. Please use the --enable-unsafe-swiftshader (about:flags#enable-unsafe-swiftshader) flag to opt in to lower security guarantees for trusted content.", source: https://www.flashscore.com/match/football/basaksehir-YqP5NmC1/samsunspor-pSc6z7bf/h2h/overall/?mid=W29KbPQ8 (0)
[pid=244739][err] [1212/190909.405387:INFO:CONSOLE:0] "Refused to display 'https://pr-bh.ybp.yahoo.com/' in a frame because it set 'X-Frame-Options' to 'deny'.", source: chrome-error://chromewebdata/ (0)
[pid=244739][err] [1212/190909.536224:INFO:CONSOLE:23] "bgColor1 transparent", source: https://z.cdn.ftd.agency/load?z=1532848062&div=r4nntowqjkg&cw=728&ch=90&sr=1280x720&bh=3&tl=1440&me=8&hc=2&n=1765566548654&url=www.flashscore.com%2Fmatch%2Ffootball%2Fbasaksehir-YqP5NmC1%2Fsamsunspor-pSc6z7bf%2Fh2h%2Foverall%2F%3Fmid%3DW29KbPQ8&vc=ANGLE%20(Google%2C%20Vulkan%201.3.0%20(SwiftShader%20Device%20(Subzero)%20(0x0000C0DE))%2C%20SwiftShader%20driver)&ref=www.flashscore.com%2Fmatch%2Ffootball%2Fbasaksehir-YqP5NmC1%2Fsamsunspor-pSc6z7bf%2Fh2h%2Foverall%2F%3Fmid%3DW29KbPQ8&zyx=1452961234 (23)
[pid=244739][err] [1212/190909.536265:INFO:CONSOLE:25] "position ", source: https://z.cdn.ftd.agency/load?z=1532848062&div=r4nntowqjkg&cw=728&ch=90&sr=1280x720&bh=3&tl=1440&me=8&hc=2&n=1765566548654&url=www.flashscore.com%2Fmatch%2Ffootball%2Fbasaksehir-YqP5NmC1%2Fsamsunspor-pSc6z7bf%2Fh2h%2Foverall%2F%3Fmid%3DW29KbPQ8&vc=ANGLE%20(Google%2C%20Vulkan%201.3.0%20(SwiftShader%20Device%20(Subzero)%20(0x0000C0DE))%2C%20SwiftShader%20driver)&ref=www.flashscore.com%2Fmatch%2Ffootball%2Fbasaksehir-YqP5NmC1%2Fsamsunspor-pSc6z7bf%2Fh2h%2Foverall%2F%3Fmid%3DW29KbPQ8&zyx=1452961234 (25)
[pid=244739][err] [1212/190910.120827:WARNING:net/spdy/spdy_session.cc:3071] Received HEADERS for invalid stream 13
[pid=244739][err] [1212/190911.263337:INFO:CONSOLE:1] "Tooltip is changing from uncontrolled to controlled. Components should not switch from controlled to uncontrolled (or vice versa). Decide between using a controlled or uncontrolled value for the lifetime of the component.", source: https://static.flashscore.com/res/_fs/build/vendors.c8f9af7.js (1)
[pid=244739][err] [1212/190911.266871:INFO:CONSOLE:1] "Tooltip is changing from uncontrolled to controlled. Components should not switch from controlled to uncontrolled (or vice versa). Decide between using a controlled or uncontrolled value for the lifetime of the component.", source: https://static.flashscore.com/res/_fs/build/vendors.c8f9af7.js (1)
[pid=244739][err] [1212/190911.266903:INFO:CONSOLE:1] "Tooltip is changing from uncontrolled to controlled. Components should not switch from controlled to uncontrolled (or vice versa). Decide between using a controlled or uncontrolled value for the lifetime of the component.", source: https://static.flashscore.com/res/_fs/build/vendors.c8f9af7.js (1)
[pid=244739][err] [1212/190911.940947:INFO:CONSOLE:2173] "SW registered: [object ServiceWorkerRegistration]", source: https://www.flashscore.com/match/football/sliema-WAHVfceE/valletta-WMTGoox8/?mid=fsz1Dlie (2173)
[pid=244739][err] [1212/190913.923039:INFO:CONSOLE:1] "Tooltip is changing from uncontrolled to controlled. Components should not switch from controlled to uncontrolled (or vice versa). Decide between using a controlled or uncontrolled value for the lifetime of the component.", source: https://static.flashscore.com/res/_fs/build/vendors.c8f9af7.js (1)
[pid=244739][err] [1212/190913.923121:INFO:CONSOLE:1] "Tooltip is changing from uncontrolled to controlled. Components should not switch from controlled to uncontrolled (or vice versa). Decide between using a controlled or uncontrolled value for the lifetime of the component.", source: https://static.flashscore.com/res/_fs/build/vendors.c8f9af7.js (1)
[pid=244739][err] [1212/190913.923143:INFO:CONSOLE:1] "Tooltip is changing from uncontrolled to controlled. Components should not switch from controlled to uncontrolled (or vice versa). Decide between using a controlled or uncontrolled value for the lifetime of the component.", source: https://static.flashscore.com/res/_fs/build/vendors.c8f9af7.js (1)
[pid=244739][err] [1212/190913.925615:INFO:CONSOLE:1] "Tooltip is changing from uncontrolled to controlled. Components should not switch from controlled to uncontrolled (or vice versa). Decide between using a controlled or uncontrolled value for the lifetime of the component.", source: https://static.flashscore.com/res/_fs/build/vendors.c8f9af7.js (1)
[pid=244739][err] [1212/190913.926140:INFO:CONSOLE:1] "Tooltip is changing from uncontrolled to controlled. Components should not switch from controlled to uncontrolled (or vice versa). Decide between using a controlled or uncontrolled value for the lifetime of the component.", source: https://static.flashscore.com/res/_fs/build/vendors.c8f9af7.js (1)
[pid=244739][err] [1212/190913.928024:INFO:CONSOLE:1] "Tooltip is changing from uncontrolled to controlled. Components should not switch from controlled to uncontrolled (or vice versa). Decide between using a controlled or uncontrolled value for the lifetime of the component.", source: https://static.flashscore.com/res/_fs/build/vendors.c8f9af7.js (1)
[pid=244739][err] [1212/190913.928045:INFO:CONSOLE:1] "Tooltip is changing from uncontrolled to controlled. Components should not switch from controlled to uncontrolled (or vice versa). Decide between using a controlled or uncontrolled value for the lifetime of the component.", source: https://static.flashscore.com/res/_fs/build/vendors.c8f9af7.js (1)
[pid=244739][err] [1212/190913.931928:INFO:CONSOLE:1] "Tooltip is changing from uncontrolled to controlled. Components should not switch from controlled to uncontrolled (or vice versa). Decide between using a controlled or uncontrolled value for the lifetime of the component.", source: https://static.flashscore.com/res/_fs/build/vendors.c8f9af7.js (1)
[pid=244739][err] [1212/190913.936594:INFO:CONSOLE:1] "Tooltip is changing from uncontrolled to controlled. Components should not switch from controlled to uncontrolled (or vice versa). Decide between using a controlled or uncontrolled value for the lifetime of the component.", source: https://static.flashscore.com/res/_fs/build/vendors.c8f9af7.js (1)
[pid=244739][err] [1212/190913.936665:INFO:CONSOLE:1] "Tooltip is changing from uncontrolled to controlled. Components should not switch from controlled to uncontrolled (or vice versa). Decide between using a controlled or uncontrolled value for the lifetime of the component.", source: https://static.flashscore.com/res/_fs/build/vendors.c8f9af7.js (1)
[pid=244739][err] [1212/190913.940805:INFO:CONSOLE:1] "Tooltip is changing from uncontrolled to controlled. Components should not switch from controlled to uncontrolled (or vice versa). Decide between using a controlled or uncontrolled value for the lifetime of the component.", source: https://static.flashscore.com/res/_fs/build/vendors.c8f9af7.js (1)
[pid=244739][err] [1212/190913.942929:INFO:CONSOLE:1] "Tooltip is changing from uncontrolled to controlled. Components should not switch from controlled to uncontrolled (or vice versa). Decide between using a controlled or uncontrolled value for the lifetime of the component.", source: https://static.flashscore.com/res/_fs/build/vendors.c8f9af7.js (1)
[pid=244739][err] [1212/190913.982847:ERROR:gpu/command_buffer/service/gles2_cmd_decoder_passthrough.cc:1091] [GroupMarkerNotSet(crbug.com/242999)!:A02018003C2D0000]Automatic fallback to software WebGL has been deprecated. Please use the --enable-unsafe-swiftshader (about:flags#enable-unsafe-swiftshader) flag to opt in to lower security guarantees for trusted content.
[pid=244739][err] [1212/190914.060408:WARNING:net/spdy/spdy_session.cc:3071] Received HEADERS for invalid stream 1
[pid=244739][err] [1212/190918.471396:INFO:CONSOLE:1] "Tooltip is changing from uncontrolled to controlled. Components should not switch from controlled to uncontrolled (or vice versa). Decide between using a controlled or uncontrolled value for the lifetime of the component.", source: https://static.flashscore.com/res/_fs/build/vendors.c8f9af7.js (1)
[pid=244739][err] [1212/190918.471493:INFO:CONSOLE:1] "Tooltip is changing from uncontrolled to controlled. Components should not switch from controlled to uncontrolled (or vice versa). Decide between using a controlled or uncontrolled value for the lifetime of the component.", source: https://static.flashscore.com/res/_fs/build/vendors.c8f9af7.js (1)
[pid=244739][err] [1212/190918.474838:INFO:CONSOLE:1] "Tooltip is changing from uncontrolled to controlled. Components should not switch from controlled to uncontrolled (or vice versa). Decide between using a controlled or uncontrolled value for the lifetime of the component.", source: https://static.flashscore.com/res/_fs/build/vendors.c8f9af7.js (1)
[pid=244739][err] [1212/190918.477007:INFO:CONSOLE:1] "Tooltip is changing from uncontrolled to controlled. Components should not switch from controlled to uncontrolled (or vice versa). Decide between using a controlled or uncontrolled value for the lifetime of the component.", source: https://static.flashscore.com/res/_fs/build/vendors.c8f9af7.js (1)
[pid=244739][err] [1212/190918.478446:INFO:CONSOLE:1] "Tooltip is changing from uncontrolled to controlled. Components should not switch from controlled to uncontrolled (or vice versa). Decide between using a controlled or uncontrolled value for the lifetime of the component.", source: https://static.flashscore.com/res/_fs/build/vendors.c8f9af7.js (1)
[pid=244739][err] [1212/190918.479229:INFO:CONSOLE:1] "Tooltip is changing from uncontrolled to controlled. Components should not switch from controlled to uncontrolled (or vice versa). Decide between using a controlled or uncontrolled value for the lifetime of the component.", source: https://static.flashscore.com/res/_fs/build/vendors.c8f9af7.js (1)
[pid=244739][err] [1212/190918.480114:INFO:CONSOLE:1] "Tooltip is changing from uncontrolled to controlled. Components should not switch from controlled to uncontrolled (or vice versa). Decide between using a controlled or uncontrolled value for the lifetime of the component.", source: https://static.flashscore.com/res/_fs/build/vendors.c8f9af7.js (1)
[pid=244739][err] [1212/190918.481456:INFO:CONSOLE:1] "Tooltip is changing from uncontrolled to controlled. Components should not switch from controlled to uncontrolled (or vice versa). Decide between using a controlled or uncontrolled value for the lifetime of the component.", source: https://static.flashscore.com/res/_fs/build/vendors.c8f9af7.js (1)
[pid=244739][err] [1212/190918.481542:INFO:CONSOLE:1] "Tooltip is changing from uncontrolled to controlled. Components should not switch from controlled to uncontrolled (or vice versa). Decide between using a controlled or uncontrolled value for the lifetime of the component.", source: https://static.flashscore.com/res/_fs/build/vendors.c8f9af7.js (1)
[pid=244739][err] [1212/190918.483649:INFO:CONSOLE:1] "Tooltip is changing from uncontrolled to controlled. Components should not switch from controlled to uncontrolled (or vice versa). Decide between using a controlled or uncontrolled value for the lifetime of the component.", source: https://static.flashscore.com/res/_fs/build/vendors.c8f9af7.js (1)
[pid=244739][err] [1212/190918.484540:INFO:CONSOLE:1] "Tooltip is changing from uncontrolled to controlled. Components should not switch from controlled to uncontrolled (or vice versa). Decide between using a controlled or uncontrolled value for the lifetime of the component.", source: https://static.flashscore.com/res/_fs/build/vendors.c8f9af7.js (1)
[pid=244739][err] [1212/190918.484707:INFO:CONSOLE:1] "Tooltip is changing from uncontrolled to controlled. Components should not switch from controlled to uncontrolled (or vice versa). Decide between using a controlled or uncontrolled value for the lifetime of the component.", source: https://static.flashscore.com/res/_fs/build/vendors.c8f9af7.js (1)
[pid=244739][err] [1212/190918.485230:INFO:CONSOLE:1] "Tooltip is changing from uncontrolled to controlled. Components should not switch from controlled to uncontrolled (or vice versa). Decide between using a controlled or uncontrolled value for the lifetime of the component.", source: https://static.flashscore.com/res/_fs/build/vendors.c8f9af7.js (1)
[pid=244739][err] [1212/190918.488832:INFO:CONSOLE:1] "Tooltip is changing from uncontrolled to controlled. Components should not switch from controlled to uncontrolled (or vice versa). Decide between using a controlled or uncontrolled value for the lifetime of the component.", source: https://static.flashscore.com/res/_fs/build/vendors.c8f9af7.js (1)
[pid=244739][err] [1212/190918.488860:INFO:CONSOLE:1] "Tooltip is changing from uncontrolled to controlled. Components should not switch from controlled to uncontrolled (or vice versa). Decide between using a controlled or uncontrolled value for the lifetime of the component.", source: https://static.flashscore.com/res/_fs/build/vendors.c8f9af7.js (1)
[pid=244739][err] [1212/190918.488878:INFO:CONSOLE:1] "Tooltip is changing from uncontrolled to controlled. Components should not switch from controlled to uncontrolled (or vice versa). Decide between using a controlled or uncontrolled value for the lifetime of the component.", source: https://static.flashscore.com/res/_fs/build/vendors.c8f9af7.js (1)
[pid=244739][err] [1212/190918.488896:INFO:CONSOLE:1] "Tooltip is changing from uncontrolled to controlled. Components should not switch from controlled to uncontrolled (or vice versa). Decide between using a controlled or uncontrolled value for the lifetime of the component.", source: https://static.flashscore.com/res/_fs/build/vendors.c8f9af7.js (1)
[pid=244739][err] [1212/190918.488912:INFO:CONSOLE:1] "Tooltip is changing from uncontrolled to controlled. Components should not switch from controlled to uncontrolled (or vice versa). Decide between using a controlled or uncontrolled value for the lifetime of the component.", source: https://static.flashscore.com/res/_fs/build/vendors.c8f9af7.js (1)
[pid=244739][err] [1212/190918.490707:INFO:CONSOLE:1] "Tooltip is changing from uncontrolled to controlled. Components should not switch from controlled to uncontrolled (or vice versa). Decide between using a controlled or uncontrolled value for the lifetime of the component.", source: https://static.flashscore.com/res/_fs/build/vendors.c8f9af7.js (1)
[pid=244739][err] [1212/190918.491560:INFO:CONSOLE:1] "Tooltip is changing from uncontrolled to controlled. Components should not switch from controlled to uncontrolled (or vice versa). Decide between using a controlled or uncontrolled value for the lifetime of the component.", source: https://static.flashscore.com/res/_fs/build/vendors.c8f9af7.js (1)
[pid=244739][err] [1212/190918.494098:INFO:CONSOLE:1] "Tooltip is changing from uncontrolled to controlled. Components should not switch from controlled to uncontrolled (or vice versa). Decide between using a controlled or uncontrolled value for the lifetime of the component.", source: https://static.flashscore.com/res/_fs/build/vendors.c8f9af7.js (1)
[pid=244739][err] [1212/190918.494121:INFO:CONSOLE:1] "Tooltip is changing from uncontrolled to controlled. Components should not switch from controlled to uncontrolled (or vice versa). Decide between using a controlled or uncontrolled value for the lifetime of the component.", source: https://static.flashscore.com/res/_fs/build/vendors.c8f9af7.js (1)
[pid=244739][err] [1212/190918.494137:INFO:CONSOLE:1] "Tooltip is changing from uncontrolled to controlled. Components should not switch from controlled to uncontrolled (or vice versa). Decide between using a controlled or uncontrolled value for the lifetime of the component.", source: https://static.flashscore.com/res/_fs/build/vendors.c8f9af7.js (1)
[pid=244739][err] [1212/190918.494150:INFO:CONSOLE:1] "Tooltip is changing from uncontrolled to controlled. Components should not switch from controlled to uncontrolled (or vice versa). Decide between using a controlled or uncontrolled value for the lifetime of the component.", source: https://static.flashscore.com/res/_fs/build/vendors.c8f9af7.js (1)
[pid=244739][err] [1212/190918.496585:INFO:CONSOLE:1] "Tooltip is changing from uncontrolled to controlled. Components should not switch from controlled to uncontrolled (or vice versa). Decide between using a controlled or uncontrolled value for the lifetime of the component.", source: https://static.flashscore.com/res/_fs/build/vendors.c8f9af7.js (1)
[pid=244739][err] [1212/190918.496635:INFO:CONSOLE:1] "Tooltip is changing from uncontrolled to controlled. Components should not switch from controlled to uncontrolled (or vice versa). Decide between using a controlled or uncontrolled value for the lifetime of the component.", source: https://static.flashscore.com/res/_fs/build/vendors.c8f9af7.js (1)
[pid=244739][err] [1212/190918.496769:INFO:CONSOLE:1] "Tooltip is changing from uncontrolled to controlled. Components should not switch from controlled to uncontrolled (or vice versa). Decide between using a controlled or uncontrolled value for the lifetime of the component.", source: https://static.flashscore.com/res/_fs/build/vendors.c8f9af7.js (1)
[pid=244739][err] [1212/190918.499324:INFO:CONSOLE:1] "Tooltip is changing from uncontrolled to controlled. Components should not switch from controlled to uncontrolled (or vice versa). Decide between using a controlled or uncontrolled value for the lifetime of the component.", source: https://static.flashscore.com/res/_fs/build/vendors.c8f9af7.js (1)
[pid=244739][err] [1212/190918.499376:INFO:CONSOLE:1] "Tooltip is changing from uncontrolled to controlled. Components should not switch from controlled to uncontrolled (or vice versa). Decide between using a controlled or uncontrolled value for the lifetime of the component.", source: https://static.flashscore.com/res/_fs/build/vendors.c8f9af7.js (1)
[pid=244739][err] [1212/190918.499393:INFO:CONSOLE:1] "Tooltip is changing from uncontrolled to controlled. Components should not switch from controlled to uncontrolled (or vice versa). Decide between using a controlled or uncontrolled value for the lifetime of the component.", source: https://static.flashscore.com/res/_fs/build/vendors.c8f9af7.js (1)
[pid=244739][err] [1212/190918.499799:INFO:CONSOLE:1] "Tooltip is changing from uncontrolled to controlled. Components should not switch from controlled to uncontrolled (or vice versa). Decide between using a controlled or uncontrolled value for the lifetime of the component.", source: https://static.flashscore.com/res/_fs/build/vendors.c8f9af7.js (1)
[pid=244739][err] [1212/190918.500354:INFO:CONSOLE:1] "Tooltip is changing from uncontrolled to controlled. Components should not switch from controlled to uncontrolled (or vice versa). Decide between using a controlled or uncontrolled value for the lifetime of the component.", source: https://static.flashscore.com/res/_fs/build/vendors.c8f9af7.js (1)
[pid=244739][err] [1212/190918.503620:INFO:CONSOLE:1] "Tooltip is changing from uncontrolled to controlled. Components should not switch from controlled to uncontrolled (or vice versa). Decide between using a controlled or uncontrolled value for the lifetime of the component.", source: https://static.flashscore.com/res/_fs/build/vendors.c8f9af7.js (1)
[pid=244739][err] [1212/190918.503651:INFO:CONSOLE:1] "Tooltip is changing from uncontrolled to controlled. Components should not switch from controlled to uncontrolled (or vice versa). Decide between using a controlled or uncontrolled value for the lifetime of the component.", source: https://static.flashscore.com/res/_fs/build/vendors.c8f9af7.js (1)
[pid=244739][err] [1212/190918.503675:INFO:CONSOLE:1] "Tooltip is changing from uncontrolled to controlled. Components should not switch from controlled to uncontrolled (or vice versa). Decide between using a controlled or uncontrolled value for the lifetime of the component.", source: https://static.flashscore.com/res/_fs/build/vendors.c8f9af7.js (1)
[pid=244739][err] [1212/190918.503690:INFO:CONSOLE:1] "Tooltip is changing from uncontrolled to controlled. Components should not switch from controlled to uncontrolled (or vice versa). Decide between using a controlled or uncontrolled value for the lifetime of the component.", source: https://static.flashscore.com/res/_fs/build/vendors.c8f9af7.js (1)
[pid=244739][err] [1212/190918.596418:ERROR:gpu/command_buffer/service/gles2_cmd_decoder_passthrough.cc:1091] [GroupMarkerNotSet(crbug.com/242999)!:A02018003C2D0000]Automatic fallback to software WebGL has been deprecated. Please use the --enable-unsafe-swiftshader (about:flags#enable-unsafe-swiftshader) flag to opt in to lower security guarantees for trusted content.
[pid=244739][err] [1212/190918.616383:INFO:CONSOLE:0] "[GroupMarkerNotSet(crbug.com/242999)!:A02018003C2D0000]Automatic fallback to software WebGL has been deprecated. Please use the --enable-unsafe-swiftshader (about:flags#enable-unsafe-swiftshader) flag to opt in to lower security guarantees for trusted content.", source: https://www.flashscore.com/match/football/sliema-WAHVfceE/valletta-WMTGoox8/?mid=fsz1Dlie (0)
[pid=244739][err] [1212/190918.734600:WARNING:net/spdy/spdy_session.cc:3026] Received WINDOW_UPDATE for invalid stream 1
[pid=244739][err] [1212/190918.741310:WARNING:net/spdy/spdy_session.cc:3071] Received HEADERS for invalid stream 1
[pid=244739][err] [1212/190918.743572:WARNING:net/spdy/spdy_session.cc:3026] Received WINDOW_UPDATE for invalid stream 1
[pid=244739][err] [1212/190918.743846:WARNING:net/spdy/spdy_session.cc:3071] Received HEADERS for invalid stream 1
[pid=244739][err] [1212/190918.810983:WARNING:net/spdy/spdy_session.cc:3071] Received HEADERS for invalid stream 1
[pid=244739][err] [1212/190920.853902:ERROR:dbus/bus.cc:406] Failed to connect to the bus: Failed to connect to socket /run/dbus/system_bus_socket: No such file or directory
[pid=244739][err] [1212/190920.854109:WARNING:dbus/property.cc:94] Failed to connect to PropertiesChangedsignal.
[pid=244739][err] [1212/190920.854204:ERROR:dbus/bus.cc:406] Failed to connect to the bus: Failed to connect to socket /run/dbus/system_bus_socket: No such file or directory
[pid=244739][err] [1212/190920.854273:ERROR:dbus/object_proxy.cc:573] Failed to call method: org.freedesktop.DBus.Properties.GetAll: object_path= /org/freedesktop/UPower/devices/DisplayDevice: unknown error type: 
[pid=244739][err] [1212/190920.854285:WARNING:dbus/property.cc:174] GetAll request failed for: org.freedesktop.UPower.Device
[pid=244739][err] [1212/190925.778541:ERROR:content/browser/gpu/gpu_process_host.cc:1006] GPU process exited unexpectedly: exit_code=15
[pid=244739][err] [1212/190925.778702:WARNING:content/browser/gpu/gpu_process_host.cc:1448] The GPU process has crashed 1 time(s)
[pid=244739][err] [1212/190925.971635:ERROR:content/browser/gpu/gpu_process_host.cc:1006] GPU process exited unexpectedly: exit_code=15
[pid=244739][err] [1212/190925.971653:WARNING:content/browser/gpu/gpu_process_host.cc:1448] The GPU process has crashed 2 time(s)
[pid=244739][err] [1212/190926.185130:ERROR:content/browser/gpu/gpu_process_host.cc:1006] GPU process exited unexpectedly: exit_code=15
[pid=244739][err] [1212/190926.185150:WARNING:content/browser/gpu/gpu_process_host.cc:1448] The GPU process has crashed 3 time(s)
[pid=244739][err] [1212/190926.421792:ERROR:content/browser/gpu/gpu_process_host.cc:1006] GPU process exited unexpectedly: exit_code=15
[pid=244739][err] [1212/190926.421810:WARNING:content/browser/gpu/gpu_process_host.cc:1448] The GPU process has crashed 4 time(s)
[pid=244739][err] [1212/190926.614216:ERROR:content/browser/gpu/gpu_process_host.cc:1006] GPU process exited unexpectedly: exit_code=15
[pid=244739][err] [1212/190926.614233:WARNING:content/browser/gpu/gpu_process_host.cc:1448] The GPU process has crashed 5 time(s)
[pid=244739][err] [1212/190926.827733:ERROR:content/browser/gpu/gpu_process_host.cc:1006] GPU process exited unexpectedly: exit_code=15
[pid=244739][err] [1212/190926.827749:WARNING:content/browser/gpu/gpu_process_host.cc:1448] The GPU process has crashed 6 time(s)
[pid=244739][err] [1212/190926.902717:WARNING:content/browser/gpu/gpu_process_host.cc:1028] Reinitialized the GPU process after a crash. The reported initialization time was 0 ms
[pid=244739][err] [1212/190927.059268:ERROR:content/browser/gpu/gpu_process_host.cc:1006] GPU process exited unexpectedly: exit_code=15
[pid=244739][err] [1212/190927.059285:WARNING:content/browser/gpu/gpu_process_host.cc:1448] The GPU process has crashed 7 time(s)
[pid=244739][err] [1212/190927.148007:WARNING:content/browser/gpu/gpu_process_host.cc:1028] Reinitialized the GPU process after a crash. The reported initialization time was 0 ms
[pid=244739][err] [1212/190927.262411:ERROR:content/browser/gpu/gpu_process_host.cc:1006] GPU process exited unexpectedly: exit_code=15
[pid=244739][err] [1212/190927.262564:WARNING:content/browser/gpu/gpu_process_host.cc:1448] The GPU process has crashed 8 time(s)
[pid=244739][err] [1212/190927.293730:WARNING:content/browser/gpu/gpu_process_host.cc:1028] Reinitialized the GPU process after a crash. The reported initialization time was 0 ms
[pid=244739][err] [1212/190927.473469:ERROR:content/browser/gpu/gpu_process_host.cc:1006] GPU process exited unexpectedly: exit_code=15
[pid=244739][err] [1212/190927.473486:WARNING:content/browser/gpu/gpu_process_host.cc:1448] The GPU process has crashed 9 time(s)
[pid=244739][err] [1212/190927.473497:FATAL:content/browser/gpu/gpu_data_manager_impl_private.cc:415] GPU process isn't usable. Goodbye.
Call log:
  - waiting for locator("div.detailOver [data-testid=\"wcl-tabs\"] a[data-analytics-alias=\"h2h\"] button")
    - locator resolved to <button role="tab" data-testid="wcl-tab" data-selected="false" class="wcl-tab_GS7ig">H2H</button>
  - attempting click action
    - waiting for element to be visible, enabled and stable
    - element is visible, enabled and stable
    - scrolling into view if needed
    - done scrolling

      [Error] Match failed Valletta_vs_Sliema: Locator.is_visible: Target page, context or browser has been closed
  [CRITICAL ERROR] Logging state for 'process_match_task_Valletta_vs_Sliema'. See 'Logs/Errors' folder.
    [H2H Expansion] No expansion buttons found or failed to load.
      [Error] Match failed Trabzonspor_vs_Besiktas: Locator.is_visible: Target page, context or browser has been closed
  [CRITICAL ERROR] Logging state for 'process_match_task_Trabzonspor_vs_Besiktas'. See 'Logs/Errors' folder.
    [AI INTEL] Selectors found for 'h2h_tab'. Skipping AI analysis.
      [Extractor] Extracting H2H tab...
    [Selector Stale] 'h2h_section_home_last_5' ('div.h2h__section:nth-of-type(1)') not found after 2 min wait.
    [Auto-Heal] Selector 'h2h_section_home_last_5' in 'h2h_tab' invalid/missing. Initiating AI repair...
    [AI INTEL] Starting Full Discovery for context: 'h2h_tab' (Force: True)...
    [AI INTEL] Capturing page state for 'h2h_tab'...
      [Warning] Failed to fully load/expand H2H tab for Samsunspor_vs_Basaksehir: Page.screenshot: Target page, context or browser has been closed
      [Error] Match failed Samsunspor_vs_Basaksehir: Locator.is_visible: Target page, context or browser has been closed
  [CRITICAL ERROR] Logging state for 'process_match_task_Samsunspor_vs_Basaksehir'. See 'Logs/Errors' folder.
    [AI INTEL] Selectors found for 'h2h_tab'. Skipping AI analysis.
      [Extractor] Extracting H2H tab...
    [Selector Stale] 'h2h_section_home_last_5' ('div.h2h__section:nth-of-type(1)') not found after 2 min wait.
    [Auto-Heal] Selector 'h2h_section_home_last_5' in 'h2h_tab' invalid/missing. Initiating AI repair...
    [AI INTEL] Starting Full Discovery for context: 'h2h_tab' (Force: True)...
    [AI INTEL] Capturing page state for 'h2h_tab'...
      [Warning] Failed to fully load/expand H2H tab for Diamond Stars_vs_Wusum Stars: Page.screenshot: Target page, context or browser has been closed
      [Error] Match failed Diamond Stars_vs_Wusum Stars: Locator.is_visible: Target page, context or browser has been closed
  [CRITICAL ERROR] Logging state for 'process_match_task_Diamond Stars_vs_Wusum Stars'. See 'Logs/Errors' folder.
[ERROR] An unexpected error occurred in the main loop: Browser.new_context: Target page, context or browser has been closed
Restarting cycle after a short delay...

      --- LEO: Starting new cycle at 2025-12-12 19:10:33 --- 
     Launching new browser instance...

   [Phase 0] Checking for past matches to review...
--- LEO V2.5: Outcome Review Engine (Concurrent) ---
[Review] Found 0 past predictions to review (Limit: 50).
--- No new past matches to review. ---

   [Phase 1] Starting analysis engine (Flashscore)...

--- Running Flashscore Analysis ---
  [Navigation] Going to Flashscore...
  [Navigation] Flashscore loaded successfully.
    [AI INTEL] Selectors found for 'home_page'. Skipping AI analysis.
    [Resume] Last processed: ID YyJr9Sh3 on 14.12.2025

--- SKIPPING DAY: 12.12.2025 (advancing to resume date) ---
  [Navigation] Clicking next day...
    [Success] Next day clicked and page updated.

--- SKIPPING DAY: 13.12.2025 (advancing to resume date) ---
  [Navigation] Clicking next day...
    [Cookies] Accepted via OneTrust
    [Success] Next day clicked and page updated.

--- ANALYZING DATE: 14.12.2025 ---
    [AI INTEL] Selectors found for 'home_page'. Skipping AI analysis.
    [Extractor] Extracting match data from page...
    [Matches Found] 352 valid fixtures. (Sorted by Time)
    [Resume] Checking for last processed ID: YyJr9Sh3 on this date.
    [Resume] Match found at index 284. Skipping 285 previously processed matches.
    [Batching] Processing 67 matches concurrently...
[ERROR] An unexpected error occurred in the main loop: Browser.new_context: Target page, context or browser has been closed
Restarting cycle after a short delay...

   --- LEO: Shutting down gracefully. ---
