--- LEO: Initializing Databases ---
Initializing databases...
    [Init] Creating schedules.csv...

--- LEO: Starting new cycle at 2025-12-08 16:33:24 ---

[Phase 0] Checking for past matches to review...
--- LEO V2.5: Outcome Review Engine (Concurrent) ---
[Review] Found 0 past predictions to review (Limit: 50).
--- No new past matches to review. ---

[Phase 1] Starting analysis engine (Flashscore)...

--- Running Flashscore Analysis ---
  [Navigation] Going to Flashscore...
  [Navigation] Flashscore loaded successfully.
    [AI INTEL] Selectors found for 'home_page'. Skipping AI analysis.

--- ANALYZING DATE: 08.12.2025 ---
    [AI INTEL] Selectors found for 'home_page'. Skipping AI analysis.
    [Info] Clicked scheduled tab.
    [Extractor] Extracting match data from page...
    [Time Filter] Removed 9 past matches for today.
    [Matches Found] 55 valid fixtures. (Sorted by Time)
    [Batching] Processing 55 matches concurrently...
    [Batch Start] Sabah Baku vs Neftci Baku: 08.12.2025 - 17:00
    [Batch Start] Panserraikos vs Panetolikos: 08.12.2025 - 17:00
    [Batch Start] Discoveries vs Wologizi: 08.12.2025 - 17:00
    [Batch Start] Jubilee vs Fassell: 08.12.2025 - 17:00
    [Popup Handler] Clicked 'I understand' button via: button:has-text('I understand')
    [Popup Handler] Clicked 'I understand' button via: button:has-text('I understand')
      [Warning] Failed to fully load/expand H2H tab for Jubilee_vs_Fassell: Page.click: Timeout 5000ms exceeded.
Call log:
  - waiting for locator("div.detailOver [data-testid=\"wcl-tabs\"][data-type=\"primary\"] button[data-selected=\"false\"]:has-text(\"H2H\")")
    - locator resolved to <button role="tab" data-testid="wcl-tab" data-selected="false" class="wcl-tab_GS7ig">H2H</button>
  - attempting click action
    2 × waiting for element to be visible, enabled and stable
      - element is visible, enabled and stable
      - scrolling into view if needed
      - done scrolling
      - <div class="zone__inner" data-event-bind="true"></div> from <div data-zone-group="responsive_detail_fixed_bottom" id="zoneContainer-responsive_detail_fixed_bottom" class="zone zone__responsive_detail_fixed_bottom zone--loading zone--skeletonEnabled zone--placeholderDisabled zone--labelPositionBottom">…</div> subtree intercepts pointer events
    - retrying click action
    - waiting 20ms
    - waiting for element to be visible, enabled and stable
    - element is not stable
  - retrying click action
    - waiting 100ms
    - waiting for element to be visible, enabled and stable
    - element is visible, enabled and stable
    - scrolling into view if needed
    - done scrolling
    - <iframe width="688px" height="85px" scrolling="no" class="zone__content"></iframe> from <div id="box-over-content-revive" class="boxOverContentRevive bellowFixedHeader">…</div> subtree intercepts pointer events
  - retrying click action
    - waiting 100ms
    - waiting for element to be visible, enabled and stable
    - element is visible, enabled and stable
    - scrolling into view if needed
    - done scrolling
    - <div class="fixedHeaderDuel__homeLogo">…</div> from <div class="duelParticipant__container">…</div> subtree intercepts pointer events
  - retrying click action
    - waiting 500ms

    [AI INTEL] Selectors found for 'standings_tab'. Skipping AI analysis.
      [Warning] Failed to fully load/expand H2H tab for Panserraikos_vs_Panetolikos: Page.click: Timeout 5000ms exceeded.
Call log:
  - waiting for locator("div.detailOver [data-testid=\"wcl-tabs\"][data-type=\"primary\"] button[data-selected=\"false\"]:has-text(\"H2H\")")
    - locator resolved to <button role="tab" data-testid="wcl-tab" data-selected="false" class="wcl-tab_GS7ig">H2H</button>
  - attempting click action
    - waiting for element to be visible, enabled and stable
    - element is visible, enabled and stable
    - scrolling into view if needed
    - done scrolling

      [Extractor] Extracting Standings tab...
      [Extractor] Found 0 teams in the standings table.
      [❌ No Signal] Jubilee_vs_Fassell
    [AI INTEL] Selectors found for 'standings_tab'. Skipping AI analysis.
    [Cookies] Accepted via OneTrust
    [Popup Handler] Clicked 'I understand' button via: button:has-text('I understand')
    [Batch Start] Watanga vs Black Man Warrior: 08.12.2025 - 17:00
      [Extractor] Extracting Standings tab...
      [Extractor] Found 14 teams in the standings table.
      [❌ No Signal] Panserraikos_vs_Panetolikos
    [AI INTEL] Selectors found for 'h2h_tab'. Skipping AI analysis.
    [Batch Start] Al-Hilal Omdurman vs Mukura Victory Sports: 08.12.2025 - 17:00
    [AI INTEL] Selectors found for 'h2h_tab'. Skipping AI analysis.
    [Cookies] Accepted via OneTrust
    [Popup Handler] Clicked 'I understand' button via: button:has-text('I understand')
    [Cookies] Accepted via OneTrust
    [H2H Expansion] Found 2 'Show more matches' buttons. Clicking them...
    [Popup Handler] Clicked 'I understand' button via: button:has-text('I understand')
    [H2H Expansion] Found 3 'Show more matches' buttons. Clicking them...
    [Popup Handler] Clicked 'I understand' button via: button:has-text('I understand')
      [Warning] Failed to fully load/expand H2H tab for Discoveries_vs_Wologizi: Locator.click: Timeout 3000ms exceeded.
Call log:
  - waiting for locator("button:has-text('Show more matches'), a:has-text('Show more matches')").nth(1)

      [Extractor] Extracting H2H tab...
      [Warning] Failed to fully load/expand H2H tab for Sabah Baku_vs_Neftci Baku: Page.evaluate: SyntaxError: Failed to execute 'querySelectorAll' on 'Document': 'div.h2h__section:has([data-testid="wcl-headerSection-text"] span[data-testid="wcl-scores-overline-02"]:contains("Last matches: Chengdu Rongcheng")) .h2h__row' is not a valid selector.
    at eval (eval at evaluate (:291:30), <anonymous>:31:50)
    at UtilityScript.evaluate (<anonymous>:298:18)
    at UtilityScript.<anonymous> (<anonymous>:1:44)
      [Warning] Failed to fully load/expand H2H tab for Watanga_vs_Black Man Warrior: Page.click: Timeout 5000ms exceeded.
Call log:
  - waiting for locator("div.detailOver [data-testid=\"wcl-tabs\"][data-type=\"primary\"] button[data-selected=\"false\"]:has-text(\"H2H\")")
    - locator resolved to <button role="tab" data-testid="wcl-tab" data-selected="false" class="wcl-tab_GS7ig">H2H</button>
  - attempting click action
    - waiting for element to be visible, enabled and stable
    - element is visible, enabled and stable
    - scrolling into view if needed
    - done scrolling
    - <iframe width="728px" height="90px" scrolling="no" class="zone__content"></iframe> from <div data-zone-group="responsive_detail_fixed_bottom" id="zoneContainer-responsive_detail_fixed_bottom" class="zone zone__responsive_detail_fixed_bottom zone--skeletonEnabled zone--placeholderDisabled zone--labelPositionBottom zone--loaded">…</div> subtree intercepts pointer events
  - retrying click action
    - waiting for element to be visible, enabled and stable
    - element is visible, enabled and stable
    - scrolling into view if needed
    - done scrolling
    - <div id="onetrust-policy-text">…</div> from <div data-nosnippet="true" id="onetrust-consent-sdk">…</div> subtree intercepts pointer events
  - retrying click action
    - waiting 20ms
    - waiting for element to be visible, enabled and stable
    - element is visible, enabled and stable
    - scrolling into view if needed
    - done scrolling

    [AI INTEL] Selectors found for 'standings_tab'. Skipping AI analysis.
    [AI INTEL] Selectors found for 'standings_tab'. Skipping AI analysis.
    [Cookies] Accepted via OneTrust
    [AI INTEL] Selectors found for 'standings_tab'. Skipping AI analysis.
    [Popup Handler] Clicked 'I understand' button via: button:has-text('I understand')
    [Popup Handler] Clicked 'I understand' button via: button:has-text('I understand')
      [Extractor] Extracting Standings tab...
      [Extractor] Found 0 teams in the standings table.
      [❌ No Signal] Sabah Baku_vs_Neftci Baku
      [Extractor] Extracting Standings tab...
      [Extractor] Found 0 teams in the standings table.
      [❌ No Signal] Watanga_vs_Black Man Warrior
      [Extractor] Extracting Standings tab...
      [Extractor] Found 0 teams in the standings table.
      [❌ No Signal] Discoveries_vs_Wologizi
    [Batch Start] Radnicki Nis vs Cukaricki: 08.12.2025 - 17:00
    [Batch Start] Bari vs Pescara: 08.12.2025 - 17:15
    [Batch Start] Freetown City vs SLIFA: 08.12.2025 - 17:15
    [AI INTEL] Selectors found for 'h2h_tab'. Skipping AI analysis.
    [Cookies] Accepted via OneTrust
    [Popup Handler] Clicked 'I understand' button via: button:has-text('I understand')
    [Popup Handler] Clicked 'I understand' button via: button:has-text('I understand')
    [H2H Expansion] Found 2 'Show more matches' buttons. Clicking them...
    [Popup Handler] Clicked 'I understand' button via: button:has-text('I understand')
      [Extractor] Extracting H2H tab...
      [Warning] Failed to fully load/expand H2H tab for Al-Hilal Omdurman_vs_Mukura Victory Sports: Page.evaluate: SyntaxError: Failed to execute 'querySelectorAll' on 'Document': 'div.h2h__section:has([data-testid="wcl-headerSection-text"] span[data-testid="wcl-scores-overline-02"]:contains("Last matches: Chengdu Rongcheng")) .h2h__row' is not a valid selector.
    at eval (eval at evaluate (:291:30), <anonymous>:31:50)
    at UtilityScript.evaluate (<anonymous>:298:18)
    at UtilityScript.<anonymous> (<anonymous>:1:44)
    [AI INTEL] Selectors found for 'standings_tab'. Skipping AI analysis.
