    --- LEO: Initializing Databases ---      
     Initializing databases...

      --- LEO: Starting new cycle at 2025-12-12 13:09:44 --- 
     Launching new browser instance...

   [Phase 0] Checking for past matches to review...
--- LEO V2.5: Outcome Review Engine (Concurrent) ---
[Review] Found 0 past predictions to review (Limit: 50).
--- No new past matches to review. ---

   [Phase 1] Starting analysis engine (Flashscore)...

--- Running Flashscore Analysis ---
  [Navigation] Going to Flashscore...
  [Navigation] Flashscore loaded successfully.
    [AI INTEL] Selectors found for 'home_page'. Skipping AI analysis.
    [Resume] Last processed: ID I3uRj1Ns on 12.12.2025

--- ANALYZING DATE: 12.12.2025 ---
    [AI INTEL] Selectors found for 'home_page'. Skipping AI analysis.
    [Extractor] Extracting match data from page...
    [Time Filter] Removed 24 past matches for today.
    [Matches Found] 111 valid fixtures. (Sorted by Time)
    [Resume] Checking for last processed ID: I3uRj1Ns on this date.
    [Resume] Match found at index 4. Skipping 5 previously processed matches.
    [Batching] Processing 106 matches concurrently...
    [Batch Start] H. Raanana vs Nof Hagalil: 12.12.2025 - 14:00
    [Batch Start] Hapoel Hadera vs Hap. Ramat Gan: 12.12.2025 - 14:00
    [Batch Start] Maccabi Jaffa vs Hapoel Kfar Shalem: 12.12.2025 - 14:00
    [Batch Start] Maccabi Petah Tikva vs H. Ironi Rishon: 12.12.2025 - 14:00
    [Popup Handler] Clicked 'I understand' button via: button:has-text('I understand')
    [AI INTEL] Selectors found for 'match_page'. Skipping AI analysis.
    [Popup Handler] Clicked 'I understand' button via: button:has-text('I understand')
    [Popup Handler] Clicked 'I understand' button via: button:has-text('I understand')
    [AI INTEL] Selectors found for 'match_page'. Skipping AI analysis.
    [Popup Handler] Clicked 'I understand' button via: button:has-text('I understand')
    [Popup Handler] Clicked 'I understand' button via: button:has-text('I understand')
    [AI INTEL] Selectors found for 'match_page'. Skipping AI analysis.
    [Popup Handler] Clicked 'I understand' button via: button:has-text('I understand')
    [H2H Expansion] Expanding available match history...
    [H2H Expansion] No expansion buttons found or failed to load.
    [AI INTEL] Selectors found for 'h2h_tab'. Skipping AI analysis.
      [Extractor] Extracting H2H tab...
    [H2H Expansion] Expanding available match history...
    [AI INTEL] Selectors found for 'h2h_tab'. Skipping AI analysis.
      [Extractor] Extracting H2H tab...
      [Extractor] Found 10 home, 10 away, 5 H2H matches.
      [OK H2H] H2H tab data extracted for Maccabi Jaffa_vs_Hapoel Kfar Shalem (25 matches found)
    [AI INTEL] Selectors found for 'standings_tab'. Skipping AI analysis.
      [Extractor] Found 5 home, 5 away, 5 H2H matches.
      [OK H2H] H2H tab data extracted for Maccabi Petah Tikva_vs_H. Ironi Rishon (15 matches found)
    [Cookies] Accepted via OneTrust
    [AI INTEL] Selectors found for 'standings_tab'. Skipping AI analysis.
    [Cookies] Accepted via OneTrust
      [Extractor] Extracting Standings tab...
      [Extractor] Found 16 teams in standings for 'ISRAEL - LEUMIT LEAGUE - ROUND 15'.
      [DB] Updated standings for ISRAEL - LEUMIT LEAGUE - ROUND 15
      [OK Standing] Standings tab data extracted for ISRAEL - LEUMIT LEAGUE - ROUND 15
      [Extractor Validation] Updated League to: ISRAEL - LEUMIT LEAGUE - ROUND 15
      [DB] Updated standings for ISRAEL - LEUMIT LEAGUE - ROUND 15
      [OK Standing] Standings tab data extracted for ISRAEL - LEUMIT LEAGUE - ROUND 15
            [OK Signal] Maccabi Jaffa_vs_Hapoel Kfar Shalem
    [AI INTEL] Selectors found for 'h2h_tab'. Skipping AI analysis.
      [Extractor] Extracting H2H tab...
      [Extractor] Extracting Standings tab...
      [Extractor] Found 10 home, 10 away, 5 H2H matches.
      [OK H2H] H2H tab data extracted for H. Raanana_vs_Nof Hagalil (25 matches found)
      [Extractor] Found 16 teams in standings for 'ISRAEL - LEUMIT LEAGUE - ROUND 15'.
      [DB] Updated standings for ISRAEL - LEUMIT LEAGUE - ROUND 15
      [OK Standing] Standings tab data extracted for ISRAEL - LEUMIT LEAGUE - ROUND 15
      [Extractor Validation] Updated League to: ISRAEL - LEUMIT LEAGUE - ROUND 15
      [DB] Updated standings for ISRAEL - LEUMIT LEAGUE - ROUND 15
      [OK Standing] Standings tab data extracted for ISRAEL - LEUMIT LEAGUE - ROUND 15
            [OK Signal] Maccabi Petah Tikva_vs_H. Ironi Rishon
    [AI INTEL] Selectors found for 'standings_tab'. Skipping AI analysis.
    [Batch Start] MS Kafr Qasim vs Ironi Modiin: 12.12.2025 - 14:00
    [Cookies] Accepted via OneTrust
    [Batch Start] Bologna U20 vs AC Milan U20: 12.12.2025 - 14:00
      [Extractor] Extracting Standings tab...
      [Extractor] Found 16 teams in standings for 'ISRAEL - LEUMIT LEAGUE - ROUND 15'.
      [DB] Updated standings for ISRAEL - LEUMIT LEAGUE - ROUND 15
      [OK Standing] Standings tab data extracted for ISRAEL - LEUMIT LEAGUE - ROUND 15
      [Extractor Validation] Updated League to: ISRAEL - LEUMIT LEAGUE - ROUND 15
      [DB] Updated standings for ISRAEL - LEUMIT LEAGUE - ROUND 15
      [OK Standing] Standings tab data extracted for ISRAEL - LEUMIT LEAGUE - ROUND 15
            [OK Signal] H. Raanana_vs_Nof Hagalil
    [Cookies] Accepted via OneTrust
    [Popup Handler] Clicked 'I understand' button via: button:has-text('I understand')
    [AI INTEL] Selectors found for 'match_page'. Skipping AI analysis.
    [Batch Start] Nairobi United vs Muranga: 12.12.2025 - 14:00
    [H2H Expansion] Expanding available match history...
    [Popup Handler] Clicked 'I understand' button via: button:has-text('I understand')
    [AI INTEL] Selectors found for 'match_page'. Skipping AI analysis.
    [Popup Handler] Clicked 'I understand' button via: button:has-text('I understand')
    [AI INTEL] Selectors found for 'h2h_tab'. Skipping AI analysis.
      [Extractor] Extracting H2H tab...
    [Popup Handler] Clicked 'I understand' button via: button:has-text('I understand')
      [Extractor] Found 10 home, 10 away, 2 H2H matches.
      [OK H2H] H2H tab data extracted for Hapoel Hadera_vs_Hap. Ramat Gan (22 matches found)
    [AI INTEL] Selectors found for 'match_page'. Skipping AI analysis.
    [AI INTEL] Selectors found for 'standings_tab'. Skipping AI analysis.
    [Cookies] Accepted via OneTrust
    [Cookies] Accepted via OneTrust
    [H2H Expansion] Expanding available match history...
    [Popup Handler] Clicked 'I understand' button via: button:has-text('I understand')
      [Extractor] Extracting Standings tab...
    [AI INTEL] Selectors found for 'h2h_tab'. Skipping AI analysis.
      [Extractor] Extracting H2H tab...
      [Extractor] Found 10 home, 10 away, 0 H2H matches.
      [OK H2H] H2H tab data extracted for MS Kafr Qasim_vs_Ironi Modiin (20 matches found)
      [Extractor] Found 16 teams in standings for 'ISRAEL - LEUMIT LEAGUE - ROUND 15'.
      [DB] Updated standings for ISRAEL - LEUMIT LEAGUE - ROUND 15
      [OK Standing] Standings tab data extracted for ISRAEL - LEUMIT LEAGUE - ROUND 15
      [Extractor Validation] Updated League to: ISRAEL - LEUMIT LEAGUE - ROUND 15
      [DB] Updated standings for ISRAEL - LEUMIT LEAGUE - ROUND 15
      [OK Standing] Standings tab data extracted for ISRAEL - LEUMIT LEAGUE - ROUND 15
            [OK Signal] Hapoel Hadera_vs_Hap. Ramat Gan
    [H2H Expansion] Expanding available match history...
    [H2H Expansion] Some expansion buttons failed, but continuing...
      [Warning] Failed to load Standings tab for MS Kafr Qasim_vs_Ironi Modiin: Page.click: Timeout 5000ms exceeded.
Call log:
  - waiting for locator("div.detailOver [data-testid=\"wcl-tabs\"] a[data-analytics-alias=\"stats-detail\"] button")

      [Extractor Validation] Updated League to: ISRAEL - LEUMIT LEAGUE - ROUND 15
            [OK Signal] MS Kafr Qasim_vs_Ironi Modiin
    [Batch Start] Police vs Gasogi United: 12.12.2025 - 14:00
    [AI INTEL] Selectors found for 'h2h_tab'. Skipping AI analysis.
      [Extractor] Extracting H2H tab...
    [Batch Start] Kitara vs Maroons: 12.12.2025 - 14:00
      [Extractor] Found 5 home, 5 away, 2 H2H matches.
      [OK H2H] H2H tab data extracted for Bologna U20_vs_AC Milan U20 (12 matches found)
    [AI INTEL] Selectors found for 'standings_tab'. Skipping AI analysis.
    [Popup Handler] Clicked 'I understand' button via: button:has-text('I understand')
    [AI INTEL] Selectors found for 'match_page'. Skipping AI analysis.
    [Popup Handler] Clicked 'I understand' button via: button:has-text('I understand')
    [Popup Handler] Clicked 'I understand' button via: button:has-text('I understand')
    [AI INTEL] Selectors found for 'match_page'. Skipping AI analysis.
      [Extractor] Extracting Standings tab...
      [Extractor] Found 20 teams in standings for 'ITALY - PRIMAVERA 1 - ROUND 15'.
      [DB] Updated standings for ITALY - PRIMAVERA 1 - ROUND 15
      [OK Standing] Standings tab data extracted for ITALY - PRIMAVERA 1 - ROUND 15
      [Extractor Validation] Updated League to: ITALY - PRIMAVERA 1 - ROUND 15
      [DB] Updated standings for ITALY - PRIMAVERA 1 - ROUND 15
      [OK Standing] Standings tab data extracted for ITALY - PRIMAVERA 1 - ROUND 15
            [OK Signal] Bologna U20_vs_AC Milan U20
    [Popup Handler] Clicked 'I understand' button via: button:has-text('I understand')
    [H2H Expansion] Expanding available match history...
    [Batch Start] OLS Oulu (Fin) vs AC Oulu (Fin): 12.12.2025 - 14:15
    [Cookies] Accepted via OneTrust
    [AI INTEL] Selectors found for 'h2h_tab'. Skipping AI analysis.
      [Extractor] Extracting H2H tab...
      [Extractor] Found 10 home, 10 away, 5 H2H matches.
      [OK H2H] H2H tab data extracted for Police_vs_Gasogi United (25 matches found)
    [H2H Expansion] No expansion buttons found or failed to load.
    [AI INTEL] Selectors found for 'h2h_tab'. Skipping AI analysis.
      [Extractor] Extracting H2H tab...
    [AI INTEL] Selectors found for 'standings_tab'. Skipping AI analysis.
      [Extractor] Found 5 home, 5 away, 4 H2H matches.
      [OK H2H] H2H tab data extracted for Kitara_vs_Maroons (14 matches found)
    [Cookies] Accepted via OneTrust
    [Cookies] Accepted via OneTrust
    [AI INTEL] Selectors found for 'standings_tab'. Skipping AI analysis.
    [Popup Handler] Clicked 'I understand' button via: button:has-text('I understand')
    [AI INTEL] Selectors found for 'match_page'. Skipping AI analysis.
      [Extractor] Extracting Standings tab...
      [Extractor] Extracting Standings tab...
      [Extractor] Found 18 teams in standings for 'RWANDA - PREMIER LEAGUE'.
      [DB] Updated standings for RWANDA - PREMIER LEAGUE
      [OK Standing] Standings tab data extracted for RWANDA - PREMIER LEAGUE
      [Extractor Validation] Updated League to: RWANDA - PREMIER LEAGUE
      [DB] Updated standings for RWANDA - PREMIER LEAGUE
      [OK Standing] Standings tab data extracted for RWANDA - PREMIER LEAGUE
            [OK Signal] Police_vs_Gasogi United
      [Extractor] Found 16 teams in standings for 'UGANDA - PREMIER LEAGUE - ROUND 10'.
      [DB] Updated standings for UGANDA - PREMIER LEAGUE - ROUND 10
      [OK Standing] Standings tab data extracted for UGANDA - PREMIER LEAGUE - ROUND 10
      [Extractor Validation] Updated League to: UGANDA - PREMIER LEAGUE - ROUND 10
      [DB] Updated standings for UGANDA - PREMIER LEAGUE - ROUND 10
      [OK Standing] Standings tab data extracted for UGANDA - PREMIER LEAGUE - ROUND 10
            [OK Signal] Kitara_vs_Maroons
    [H2H Expansion] Expanding available match history...
    [Batch Start] Oleksandriya vs Kudrivka: 12.12.2025 - 14:30
    [Batch Start] Renaissance vs Maniema: 12.12.2025 - 15:00
    [AI INTEL] Selectors found for 'h2h_tab'. Skipping AI analysis.
      [Extractor] Extracting H2H tab...
      [Extractor] Found 10 home, 10 away, 5 H2H matches.
      [OK H2H] H2H tab data extracted for OLS Oulu (Fin)_vs_AC Oulu (Fin) (25 matches found)
      [Error] Match failed Nairobi United_vs_Muranga: Page.goto: Timeout 360000ms exceeded.
Call log:
  - navigating to "https://www.flashscore.com/match/football/muranga-xxIkEOUS/nairobi-united-6m8PWkft/?mid=xnyjT4Op", waiting until "domcontentloaded"

  [CRITICAL ERROR] Logging state for 'process_match_task_Nairobi United_vs_Muranga'. See 'Logs/Errors' folder.

   --- LEO: Shutting down gracefully. ---
