--- LEO: Initializing Databases ---
Initializing databases...

--- LEO: Starting new cycle at 2025-12-08 20:09:30 ---

[Phase 0] Checking for past matches to review...
--- LEO V2.5: Outcome Review Engine (Concurrent) ---
[Review] Found 0 past predictions to review (Limit: 50).
--- No new past matches to review. ---

[Phase 1] Starting analysis engine (Flashscore)...

--- Running Flashscore Analysis ---
  [Navigation] Going to Flashscore...
  [Navigation] Flashscore loaded successfully.
    [AI INTEL] Selectors found for 'home_page'. Skipping AI analysis.
    [Resume] Last processed: ID 8ph09lne on 08.12.2025

--- ANALYZING DATE: 08.12.2025 ---
    [AI INTEL] Selectors found for 'home_page'. Skipping AI analysis.
    [Extractor] Extracting match data from page...
    [Time Filter] Removed 101 past matches for today.
    [Matches Found] 13 valid fixtures. (Sorted by Time)
    [Resume] Checking for last processed ID: 8ph09lne on this date.
    [Resume] Last processed ID 8ph09lne not found in current scan. Starting day from beginning.
    [Batching] Processing 13 matches concurrently...
    [Batch Start] Brackley Town vs Burton: 08.12.2025 - 20:30
    [Popup Handler] Clicked 'I understand' button via: button[data-testid="wcl-tooltip-actionButton"]
    [AI INTEL] Selectors found for 'match_page'. Skipping AI analysis.
    [Cookies] Accepted via OneTrust
    [Popup Handler] Clicked 'I understand' button via: button[data-testid="wcl-tooltip-actionButton"]
    [AI INTEL] Selectors found for 'h2h_tab'. Skipping AI analysis.
      [Extractor] Extracting H2H tab...
      [Extractor] Found 0 home, 0 away, 0 H2H matches.
      [✅ H2H] H2H tab data extracted for Brackley Town_vs_Burton
    [AI INTEL] Selectors found for 'standings_tab'. Skipping AI analysis.
      [Extractor] Extracting Standings tab...
      [Extractor] Found 0 teams in the standings table.
      [Extractor Validation] Updated League to: ENGLAND - FA CUP - 1/64-FINALS
      [❌ No Signal] Brackley Town_vs_Burton
    [Batch Start] Malaga vs Zaragoza: 08.12.2025 - 20:30
