    --- LEO: Initializing Databases ---      
     Initializing databases...

      --- LEO: Starting new cycle at 2025-12-12 10:23:05 --- 
     Launching new browser instance...

   [Phase 0] Checking for past matches to review...
--- LEO V2.5: Outcome Review Engine (Concurrent) ---
[Review] Found 0 past predictions to review (Limit: 50).
--- No new past matches to review. ---

   [Phase 1] Starting analysis engine (Flashscore)...

--- Running Flashscore Analysis ---
  [Navigation] Going to Flashscore...
  [Navigation] Flashscore loaded successfully.
    [AI INTEL] Selectors found for 'home_page'. Skipping AI analysis.

--- ANALYZING DATE: 12.12.2025 ---
    [AI INTEL] Selectors found for 'home_page'. Skipping AI analysis.
    [Extractor] Extracting match data from page...
    [Time Filter] Removed 10 past matches for today.
    [Matches Found] 125 valid fixtures. (Sorted by Time)
    [Batching] Processing 125 matches concurrently...
    [Batch Start] North Macedonia U18 vs Montenegro U18: 12.12.2025 - 11:00
    [Popup Handler] Clicked 'I understand' button via: button:has-text('I understand')
    [AI INTEL] Selectors found for 'match_page'. Skipping AI analysis.
    [Popup Handler] Clicked 'I understand' button via: button:has-text('I understand')
    [Cookies] Accepted via OneTrust
    [H2H Expansion] Expanding available match history...
    [AI INTEL] Selectors found for 'h2h_tab'. Skipping AI analysis.
      [Extractor] Extracting H2H tab...
      [Extractor] Found 10 home, 10 away, 5 H2H matches.
      [OK H2H] H2H tab data extracted for North Macedonia U18_vs_Montenegro U18 (25 matches found)
      [Extractor Validation] Updated League to: WORLD - FRIENDLY INTERNATIONAL
      [NO Signal] North Macedonia U18_vs_Montenegro U18
    [Batch Start] Anse Reunion vs Foresters FC: 12.12.2025 - 11:45
    [Popup Handler] Clicked 'I understand' button via: button:has-text('I understand')
    [AI INTEL] Selectors found for 'match_page'. Skipping AI analysis.
    [Popup Handler] Clicked 'I understand' button via: button:has-text('I understand')
    [H2H Expansion] Expanding available match history...
    [AI INTEL] Selectors found for 'h2h_tab'. Skipping AI analysis.
      [Extractor] Extracting H2H tab...
      [Extractor] Found 10 home, 10 away, 5 H2H matches.
      [OK H2H] H2H tab data extracted for Anse Reunion_vs_Foresters FC (25 matches found)
    [AI INTEL] Selectors found for 'standings_tab'. Skipping AI analysis.
    [Cookies] Accepted via OneTrust
      [Extractor] Extracting Standings tab...
      [Extractor] Found 10 teams in standings for 'SEYCHELLES - PREMIER LEAGUE - ROUND 7'.
      [DB] Updated standings for SEYCHELLES - PREMIER LEAGUE - ROUND 7
      [OK Standing] Standings tab data extracted for SEYCHELLES - PREMIER LEAGUE - ROUND 7
      [Extractor Validation] Updated League to: SEYCHELLES - PREMIER LEAGUE - ROUND 7
      [DB] Updated standings for SEYCHELLES - PREMIER LEAGUE - ROUND 7
      [OK Standing] Standings tab data extracted for SEYCHELLES - PREMIER LEAGUE - ROUND 7
      [Error] Match failed Anse Reunion_vs_Foresters FC: 'team'
  [CRITICAL ERROR] Logging state for 'process_match_task_Anse Reunion_vs_Foresters FC'. See 'Logs/Errors' folder.
    [Batch Start] Indonesia U22 vs Myanmar U22: 12.12.2025 - 12:00
    [Popup Handler] Clicked 'I understand' button via: button:has-text('I understand')
    [AI INTEL] Selectors found for 'match_page'. Skipping AI analysis.
    [Popup Handler] Clicked 'I understand' button via: button:has-text('I understand')
    [Cookies] Accepted via OneTrust
    [H2H Expansion] Expanding available match history...
    [AI INTEL] Selectors found for 'h2h_tab'. Skipping AI analysis.
      [Extractor] Extracting H2H tab...
      [Extractor] Found 10 home, 10 away, 2 H2H matches.
      [OK H2H] H2H tab data extracted for Indonesia U22_vs_Myanmar U22 (22 matches found)
    [AI INTEL] Selectors found for 'standings_tab'. Skipping AI analysis.
      [Extractor] Extracting Standings tab...
      [Extractor] Found 6 teams in standings for 'ASIA - SOUTHEAST ASIAN GAMES - ROUND 3'.
      [DB] Updated standings for ASIA - SOUTHEAST ASIAN GAMES - ROUND 3
      [OK Standing] Standings tab data extracted for ASIA - SOUTHEAST ASIAN GAMES - ROUND 3
      [Extractor Validation] Updated League to: ASIA - SOUTHEAST ASIAN GAMES - ROUND 3
      [DB] Updated standings for ASIA - SOUTHEAST ASIAN GAMES - ROUND 3
      [OK Standing] Standings tab data extracted for ASIA - SOUTHEAST ASIAN GAMES - ROUND 3
      [Error] Match failed Indonesia U22_vs_Myanmar U22: 'team'
  [CRITICAL ERROR] Logging state for 'process_match_task_Indonesia U22_vs_Myanmar U22'. See 'Logs/Errors' folder.

   --- LEO: Shutting down gracefully. ---
