--- LEO: Initializing Databases ---
Initializing databases...

--- LEO: Starting new cycle at 2025-12-08 17:13:33 ---

[Phase 0] Checking for past matches to review...
--- LEO V2.5: Outcome Review Engine (Concurrent) ---
[Review] Found 0 past predictions to review (Limit: 50).
--- No new past matches to review. ---

[Phase 1] Starting analysis engine (Flashscore)...

--- Running Flashscore Analysis ---
  [Navigation] Going to Flashscore...
  [Navigation] Flashscore loaded successfully.
    [AI INTEL] Selectors found for 'home_page'. Skipping AI analysis.

--- ANALYZING DATE: 08.12.2025 ---
    [AI INTEL] Selectors found for 'home_page'. Skipping AI analysis.
    [Info] Clicked scheduled tab.
    [Extractor] Extracting match data from page...
    [Time Filter] Removed 11 past matches for today.
    [Matches Found] 48 valid fixtures. (Sorted by Time)
    [Batching] Processing 48 matches concurrently...
    [Batch Start] Bari vs Pescara: 08.12.2025 - 17:15
    [Batch Start] Freetown City vs SLIFA: 08.12.2025 - 17:15
    [Batch Start] Kabylie vs USM Alger: 08.12.2025 - 17:45
    [Batch Start] Old Edwardians vs Bullom Stars: 08.12.2025 - 17:15
    [Popup Handler] Clicked 'I understand' button via: button:has-text('I understand')
    [Popup Handler] Clicked 'I understand' button via: button:has-text('I understand')
      [Warning] Failed to fully load/expand H2H tab for Freetown City_vs_SLIFA: Page.click: Timeout 5000ms exceeded.
Call log:
  - waiting for locator("div.detailOver [data-testid=\"wcl-tabs\"][data-type=\"primary\"] button[data-selected=\"false\"]:has-text(\"H2H\")")
    - locator resolved to <button role="tab" data-testid="wcl-tab" data-selected="false" class="wcl-tab_GS7ig">H2H</button>
  - attempting click action
    2 × waiting for element to be visible, enabled and stable
      - element is visible, enabled and stable
      - scrolling into view if needed
      - done scrolling
      - <iframe width="728px" height="90px" scrolling="no" class="zone__content"></iframe> from <div data-zone-group="responsive_detail_fixed_bottom" id="zoneContainer-responsive_detail_fixed_bottom" class="zone zone__responsive_detail_fixed_bottom zone--skeletonEnabled zone--placeholderDisabled zone--labelPositionBottom zone--loaded">…</div> subtree intercepts pointer events
    - retrying click action
    - waiting 20ms
    - waiting for element to be visible, enabled and stable
    - element is visible, enabled and stable
    - scrolling into view if needed
    - done scrolling
    - performing click action

      [Warning] Failed to fully load/expand H2H tab for Old Edwardians_vs_Bullom Stars: Page.click: Timeout 5000ms exceeded.
Call log:
  - waiting for locator("div.detailOver [data-testid=\"wcl-tabs\"][data-type=\"primary\"] button[data-selected=\"false\"]:has-text(\"H2H\")")
    - locator resolved to <button role="tab" data-testid="wcl-tab" data-selected="false" class="wcl-tab_GS7ig">H2H</button>
  - attempting click action
    - waiting for element to be visible, enabled and stable
    - element is visible, enabled and stable
    - scrolling into view if needed
    - done scrolling
    - <div class="skOT__co">…</div> from <div class="otPlaceholder">…</div> subtree intercepts pointer events
  - retrying click action
    - waiting for element to be visible, enabled and stable
    - element is visible, enabled and stable
    - scrolling into view if needed
    - done scrolling
    - <div id="onetrust-policy-text">…</div> from <div data-nosnippet="true" id="onetrust-consent-sdk">…</div> subtree intercepts pointer events
  - retrying click action
    - waiting 20ms
    - waiting for element to be visible, enabled and stable
    - element is visible, enabled and stable
    - scrolling into view if needed
    - done scrolling
    - performing click action

    [AI INTEL] Selectors found for 'standings_tab'. Skipping AI analysis.
    [AI INTEL] Selectors found for 'standings_tab'. Skipping AI analysis.
    [Cookies] Accepted via OneTrust
    [Cookies] Accepted via text: I Accept
    [Popup Handler] Clicked 'I understand' button via: button:has-text('I understand')
    [Popup Handler] Clicked 'I understand' button via: button:has-text('I understand')
      [Extractor] Extracting Standings tab...
      [Extractor] Found 0 teams in the standings table.
      [❌ No Signal] Freetown City_vs_SLIFA
      [Extractor] Extracting Standings tab...
      [Extractor] Found 0 teams in the standings table.
      [❌ No Signal] Old Edwardians_vs_Bullom Stars
    [Batch Start] Udinese vs Genoa: 08.12.2025 - 18:00
    [Batch Start] Morocco vs Saudi Arabia: 08.12.2025 - 18:00
    [AI INTEL] Selectors found for 'h2h_tab'. Skipping AI analysis.
    [AI INTEL] Selectors found for 'h2h_tab'. Skipping AI analysis.
    [Cookies] Accepted via OneTrust
    [Cookies] Accepted via OneTrust
    [Popup Handler] Clicked 'I understand' button via: button:has-text('I understand')
    [Popup Handler] Clicked 'I understand' button via: button:has-text('I understand')
    [H2H Expansion] Found 3 'Show more matches' buttons. Clicking them...
    [H2H Expansion] Found 3 'Show more matches' buttons. Clicking them...
      [Extractor] Extracting H2H tab...
      [Warning] Failed to fully load/expand H2H tab for Kabylie_vs_USM Alger: Page.evaluate: SyntaxError: Failed to execute 'querySelectorAll' on 'Document': 'div.h2h__section:has([data-testid="wcl-headerSection-text"] span[data-testid="wcl-scores-overline-02"]:contains("Last matches: Chengdu Rongcheng")) .h2h__row' is not a valid selector.
    at eval (eval at evaluate (:291:30), <anonymous>:31:50)
    at UtilityScript.evaluate (<anonymous>:298:18)
    at UtilityScript.<anonymous> (<anonymous>:1:44)
      [Extractor] Extracting H2H tab...
      [Warning] Failed to fully load/expand H2H tab for Bari_vs_Pescara: Page.evaluate: SyntaxError: Failed to execute 'querySelectorAll' on 'Document': 'div.h2h__section:has([data-testid="wcl-headerSection-text"] span[data-testid="wcl-scores-overline-02"]:contains("Last matches: Chengdu Rongcheng")) .h2h__row' is not a valid selector.
    at eval (eval at evaluate (:291:30), <anonymous>:31:50)
    at UtilityScript.evaluate (<anonymous>:298:18)
    at UtilityScript.<anonymous> (<anonymous>:1:44)
    [AI INTEL] Selectors found for 'standings_tab'. Skipping AI analysis.
    [AI INTEL] Selectors found for 'standings_tab'. Skipping AI analysis.
      [Extractor] Extracting Standings tab...
      [Extractor] Extracting Standings tab...
      [Extractor] Found 16 teams in the standings table.
      [❌ No Signal] Kabylie_vs_USM Alger
      [Extractor] Found 20 teams in the standings table.
      [❌ No Signal] Bari_vs_Pescara
    [Cookies] Accepted via text: I Accept
    [Popup Handler] Clicked 'I understand' button via: button:has-text('I understand')
    [Batch Start] Oman vs Comoros: 08.12.2025 - 18:00
    [Batch Start] Sloga Doboj vs Prijedor: 08.12.2025 - 18:00
