    --- LEO: Initializing Databases ---      
     Initializing databases...

      --- LEO: Starting new cycle at 2025-12-10 10:48:49 --- 
     Launching new browser instance...

   [Phase 0] Checking for past matches to review...
--- LEO V2.5: Outcome Review Engine (Concurrent) ---
[Review] Found 0 past predictions to review (Limit: 50).
--- No new past matches to review. ---

   [Phase 1] Starting analysis engine (Flashscore)...

--- Running Flashscore Analysis ---
  [Navigation] Going to Flashscore...
  [Navigation] Flashscore loaded successfully.
    [AI INTEL] Selectors found for 'home_page'. Skipping AI analysis.

--- ANALYZING DATE: 10.12.2025 ---
    [AI INTEL] Selectors found for 'home_page'. Skipping AI analysis.
    [Cookies] Accepted via OneTrust
    [Info] Clicked scheduled tab.
    [Extractor] Extracting match data from page...
    [Time Filter] Removed 1 past matches for today.
    [Matches Found] 115 valid fixtures. (Sorted by Time)
    [Batching] Processing 115 matches concurrently...
    [Batch Start] UE Santa Coloma vs FC Rangers: 10.12.2025 - 11:00
    [Popup Handler] Clicked 'I understand' button via: button:has-text('I understand')
    [AI INTEL] Selectors found for 'match_page'. Skipping AI analysis.
    [Cookies] Accepted via text: I Accept
    [Popup Handler] Clicked 'I understand' button via: button:has-text('I understand')
    [H2H Expansion] Found 3 'Show more matches' buttons. Clicking them...
    [AI INTEL] Selectors found for 'h2h_tab'. Skipping AI analysis.
      [Extractor] Extracting H2H tab...
    [Selector Stale] 'meta_breadcrumb_country' ('ol.wcl-breadcrumbList_lC9sI > li.wcl-breadcrumbItem_8btmf:nth-child(2) span.wcl-breadcrumbItemLabel_2QT1M span') not found after 2 min wait.
    [Auto-Heal] Selector 'meta_breadcrumb_country' in 'h2h_tab' invalid/missing. Initiating AI repair...
    [AI INTEL] Starting Full Discovery for context: 'h2h_tab' (Force: True)...
    [AI INTEL] Capturing page state for 'h2h_tab'...
    [VISION] Loading UI/UX analysis from logged screenshot...
    [VISION] Using logged screenshot: h2h_tab.png
    [VISION] UI/UX Analysis complete.
    [AI INTEL] Using logged HTML: h2h_tab.html
    [AI INTEL] Mapping UI Elements to HTML Selectors...
    [AI INTEL] Successfully mapped 101 elements.
    [Auto-Heal Success] New selector for 'meta_breadcrumb_country': .wcl-breadcrumbList_lC9sI > li:nth-child(2) .wcl-breadcrumbItemLabel_2QT1M span
      [Warning] Failed to fully load/expand H2H tab for UE Santa Coloma_vs_FC Rangers: Page.evaluate() takes from 2 to 3 positional arguments but 5 were given
    [AI INTEL] Selectors found for 'standings_tab'. Skipping AI analysis.
      [Extractor] Extracting Standings tab...
      [Extractor] Found 10 teams in standings for 'ANDORRA - PRIMERA DIVISIÓ - ROUND 4'.
      [DB] Updated standings for ANDORRA - PRIMERA DIVISIÓ - ROUND 4
      [✅ Standing] Standings tab data extracted for ANDORRA - PRIMERA DIVISIÓ - ROUND 4
      [Extractor Validation] Updated League to: ANDORRA - PRIMERA DIVISIÓ - ROUND 4
      [❌ No Signal] UE Santa Coloma_vs_FC Rangers
    [Batch Start] Sanfrecce Hiroshima (Jpn) vs Shanghai Shenhua (Chn): 10.12.2025 - 11:00
    [Popup Handler] Clicked 'I understand' button via: button:has-text('I understand')
    [AI INTEL] Selectors found for 'match_page'. Skipping AI analysis.
    [Popup Handler] Clicked 'I understand' button via: button:has-text('I understand')
    [Cookies] Accepted via OneTrust
    [Popup Handler] Clicked 'I understand' button via: button:has-text('I understand')
    [H2H Expansion] Found 2 'Show more matches' buttons. Clicking them...
      [Warning] Failed to fully load/expand H2H tab for Sanfrecce Hiroshima (Jpn)_vs_Shanghai Shenhua (Chn): Locator.click: Timeout 3000ms exceeded.
Call log:
  - waiting for locator("button:has-text('Show more matches'), a:has-text('Show more matches')").nth(1)
    - locator resolved to <button data-testid="wcl-buttonLink" class="wclButtonLink wclButtonLink--h2h wcl-buttonLink_jmSkY wcl-primary_aIST5 wcl-underline_rL72U">…</button>
  - attempting click action
    - waiting for element to be visible, enabled and stable
    - element is visible, enabled and stable
    - scrolling into view if needed
    - done scrolling
    - performing click action

    [AI INTEL] Selectors found for 'standings_tab'. Skipping AI analysis.
      [Extractor] Extracting Standings tab...
      [Extractor] Found 12 teams in standings for 'ASIA - AFC CHAMPIONS LEAGUE - LEAGUE PHASE - ROUND 6'.
      [DB] Updated standings for ASIA - AFC CHAMPIONS LEAGUE - LEAGUE PHASE - ROUND 6
      [✅ Standing] Standings tab data extracted for ASIA - AFC CHAMPIONS LEAGUE - LEAGUE PHASE - ROUND 6
      [Extractor Validation] Updated League to: ASIA - AFC CHAMPIONS LEAGUE - LEAGUE PHASE - ROUND 6
      [❌ No Signal] Sanfrecce Hiroshima (Jpn)_vs_Shanghai Shenhua (Chn)
    [Batch Start] Seoul (Kor) vs Melbourne City (Aus): 10.12.2025 - 11:00
    [Popup Handler] Clicked 'I understand' button via: button:has-text('I understand')
    [AI INTEL] Selectors found for 'match_page'. Skipping AI analysis.
    [Cookies] Accepted via text: I Accept
    [Popup Handler] Clicked 'I understand' button via: button:has-text('I understand')
    [H2H Expansion] Found 2 'Show more matches' buttons. Clicking them...
    [AI INTEL] Selectors found for 'h2h_tab'. Skipping AI analysis.
      [Extractor] Extracting H2H tab...
      [Warning] Failed to fully load/expand H2H tab for Seoul (Kor)_vs_Melbourne City (Aus): Page.evaluate() takes from 2 to 3 positional arguments but 5 were given
    [AI INTEL] Selectors found for 'standings_tab'. Skipping AI analysis.
      [Extractor] Extracting Standings tab...

   --- LEO: Shutting down gracefully. ---
