--- LEO: Initializing Databases ---
Initializing databases...

--- LEO: Starting new cycle at 2025-12-09 12:17:34 ---

[Phase 0] Checking for past matches to review...
--- LEO V2.5: Outcome Review Engine (Concurrent) ---
[Review] Found 0 past predictions to review (Limit: 50).
--- No new past matches to review. ---

[Phase 1] Starting analysis engine (Flashscore)...

--- Running Flashscore Analysis ---
  [Navigation] Going to Flashscore...
  [Navigation] Flashscore loaded successfully.
    [AI INTEL] Selectors found for 'home_page'. Skipping AI analysis.
    [Resume] Last processed: ID 8ph09lne on 08.12.2025

--- ANALYZING DATE: 09.12.2025 ---
    [AI INTEL] Selectors found for 'home_page'. Skipping AI analysis.
    [Info] Clicked scheduled tab.
    [Extractor] Extracting match data from page...
    [Time Filter] Removed 1 past matches for today.
    [Matches Found] 103 valid fixtures. (Sorted by Time)
    [Batching] Processing 103 matches concurrently...
    [Batch Start] Buriram (Tha) vs Gangwon (Kor): 09.12.2025 - 13:15
    [Cookies] Accepted via OneTrust
    [Popup Handler] Clicked 'I understand' button via: button[data-testid="wcl-tooltip-actionButton"]
      [Error] Match failed Buriram (Tha)_vs_Gangwon (Kor): Timeout 180000ms exceeded.
=========================== logs ===========================
"load" event fired
============================================================
  [CRITICAL ERROR] Logging state for 'process_match_task_Buriram (Tha)_vs_Gangwon (Kor)'. See 'Logs/Errors' folder.
    [Batch Start] Johor DT (Mys) vs Shanghai Port (Chn): 09.12.2025 - 13:15
    [Cookies] Accepted via OneTrust
    [Popup Handler] Clicked 'I understand' button via: button[data-testid="wcl-tooltip-actionButton"]
      [Error] Match failed Johor DT (Mys)_vs_Shanghai Port (Chn): Timeout 180000ms exceeded.
  [CRITICAL ERROR] Logging state for 'process_match_task_Johor DT (Mys)_vs_Shanghai Port (Chn)'. See 'Logs/Errors' folder.
    [Batch Start] Bayern U19 vs Sporting CP U19: 09.12.2025 - 13:30
    [Cookies] Accepted via text: I Accept
