--- LEO: Initializing Databases ---
Initializing databases...

--- LEO: Starting new cycle at 2025-12-09 16:42:50 ---
Launching new browser instance...

[Phase 0] Checking for past matches to review...
--- LEO V2.5: Outcome Review Engine (Concurrent) ---
[Review] Found 0 past predictions to review (Limit: 50).
--- No new past matches to review. ---

[Phase 1] Starting analysis engine (Flashscore)...

--- Running Flashscore Analysis ---
  [Navigation] Going to Flashscore...
  [Navigation] Flashscore loaded successfully.
    [AI INTEL] Selectors found for 'home_page'. Skipping AI analysis.

--- ANALYZING DATE: 09.12.2025 ---
    [AI INTEL] Selectors found for 'home_page'. Skipping AI analysis.
    [Info] Clicked scheduled tab.
    [Extractor] Extracting match data from page...
    [Time Filter] Removed 6 past matches for today.
    [Matches Found] 72 valid fixtures. (Sorted by Time)
    [Batching] Processing 72 matches concurrently...
    [Batch Start] Hafia vs Sangaredi: 09.12.2025 - 17:00
    [Popup Handler] Clicked 'I understand' button via: button[data-testid="wcl-tooltip-actionButton"]
    [AI INTEL] Selectors found for 'match_page'. Skipping AI analysis.
    [Cookies] Accepted via OneTrust
    [Popup Handler] Clicked 'I understand' button via: button[data-testid="wcl-tooltip-actionButton"]
    [AI INTEL] Selectors found for 'h2h_tab'. Skipping AI analysis.
    [H2H Expansion] Found 3 'Show more matches' buttons. Clicking them...
      [Extractor] Extracting H2H tab...
      [Extractor Warning] Encountered 26 parsing errors.
        - Error 1: Failed to parse row: Missing home team, Missing away team
        - Error 2: Failed to parse row: Missing home team, Missing away team
        - Error 3: Failed to parse row: Missing home team, Missing away team
      [Extractor] Found 0 home, 0 away, 0 H2H matches.
      [✅ H2H] H2H tab data extracted for Hafia_vs_Sangaredi
    [AI INTEL] Selectors found for 'standings_tab'. Skipping AI analysis.
      [Extractor] Extracting Standings tab...

--- LEO: Shutting down gracefully. ---
