    --- LEO: Initializing Databases ---      
     Initializing databases...

      --- LEO: Starting new cycle at 2025-12-10 05:55:40 --- 
     Launching new browser instance...

   [Phase 0] Checking for past matches to review...
--- LEO V2.5: Outcome Review Engine (Concurrent) ---
[Review] Found 0 past predictions to review (Limit: 50).
--- No new past matches to review. ---

   [Phase 1] Starting analysis engine (Flashscore)...

--- Running Flashscore Analysis ---
  [Navigation] Going to Flashscore...
  [Navigation] Flashscore loaded successfully.
    [AI INTEL] Selectors found for 'home_page'. Skipping AI analysis.

--- ANALYZING DATE: 10.12.2025 ---
    [AI INTEL] Selectors found for 'home_page'. Skipping AI analysis.
    [Info] Clicked scheduled tab.
    [Extractor] Extracting match data from page...
    [Time Filter] Removed 1 past matches for today.
    [Matches Found] 116 valid fixtures. (Sorted by Time)
    [Batching] Processing 116 matches concurrently...
    [Batch Start] Canberra W vs Sydney W: 10.12.2025 - 07:00
    [Popup Handler] Clicked 'I understand' button via: button:has-text('I understand')
    [AI INTEL] Starting Full Discovery for context: 'match_page' (Force: False)...
    [AI INTEL] Capturing page state for 'match_page'...
    [VISION] Loading UI/UX analysis from logged screenshot...
    [VISION] Using logged screenshot: match_page.png
    [VISION] UI/UX Analysis complete.
    [AI INTEL] Using logged HTML: match_page.html
    [AI INTEL] Mapping UI Elements to HTML Selectors...
    [AI INTEL] Successfully mapped 130 elements.
    [Cookies] Accepted via OneTrust
    [Popup Handler] Clicked 'I understand' button via: button:has-text('I understand')
      [Warning] H2H tab inaccessible for Canberra W_vs_Sydney W
      [❌ No Signal] Canberra W_vs_Sydney W
    [Batch Start] Meshakhte Tkibuli vs Telavi: 10.12.2025 - 10:30

   --- LEO: Shutting down gracefully. ---
