--- LEO: Initializing Databases ---
Initializing databases...

--- LEO: Starting new cycle at 2025-12-08 17:53:11 ---

[Phase 0] Checking for past matches to review...
--- LEO V2.5: Outcome Review Engine (Concurrent) ---
[Review] Found 0 past predictions to review (Limit: 50).
--- No new past matches to review. ---

[Phase 1] Starting analysis engine (Flashscore)...

--- Running Flashscore Analysis ---
  [Navigation] Going to Flashscore...
  [Navigation] Flashscore loaded successfully.
    [AI INTEL] Selectors found for 'home_page'. Skipping AI analysis.

--- ANALYZING DATE: 08.12.2025 ---
    [AI INTEL] Selectors found for 'home_page'. Skipping AI analysis.
    [Info] Clicked scheduled tab.
    [Extractor] Extracting match data from page...
    [Time Filter] Removed 13 past matches for today.
    [Matches Found] 44 valid fixtures. (Sorted by Time)
    [Batching] Processing 44 matches concurrently...
    [Batch Start] Morocco vs Saudi Arabia: 08.12.2025 - 18:00
    [Batch Start] Sloga Doboj vs Prijedor: 08.12.2025 - 18:00
    [Batch Start] Oman vs Comoros: 08.12.2025 - 18:00
    [Batch Start] Udinese vs Genoa: 08.12.2025 - 18:00
    [Popup Handler] Clicked 'I understand' button via: button:has-text('I understand')
    [Popup Handler] Clicked 'I understand' button via: button:has-text('I understand')
    [Popup Handler] Clicked 'I understand' button via: button:has-text('I understand')
    [Popup Handler] Clicked 'I understand' button via: button:has-text('I understand')
    [AI INTEL] Selectors found for 'h2h_tab'. Skipping AI analysis.
    [Cookies] Accepted via OneTrust
    [Popup Handler] Clicked 'I understand' button via: button:has-text('I understand')
    [H2H Expansion] Found 2 'Show more matches' buttons. Clicking them...
    [AI INTEL] Selectors found for 'h2h_tab'. Skipping AI analysis.
    [AI INTEL] Selectors found for 'h2h_tab'. Skipping AI analysis.
    [Cookies] Accepted via OneTrust
    [Cookies] Accepted via OneTrust
    [Popup Handler] Clicked 'I understand' button via: button:has-text('I understand')
    [Popup Handler] Clicked 'I understand' button via: button:has-text('I understand')
    [AI INTEL] Selectors found for 'h2h_tab'. Skipping AI analysis.
    [H2H Expansion] Found 3 'Show more matches' buttons. Clicking them...
    [H2H Expansion] Found 2 'Show more matches' buttons. Clicking them...
    [Cookies] Accepted via OneTrust
    [Popup Handler] Clicked 'I understand' button via: button:has-text('I understand')
    [H2H Expansion] Found 3 'Show more matches' buttons. Clicking them...
      [Extractor] Extracting H2H tab...
      [Warning] Failed to fully load/expand H2H tab for Morocco_vs_Saudi Arabia: Page.evaluate: SyntaxError: Failed to execute 'querySelectorAll' on 'Document': 'div.h2h__section:has([data-testid="wcl-headerSection-text"] span[data-testid="wcl-scores-overline-02"]:contains("Last matches: Chengdu Rongcheng"))' is not a valid selector.
    at eval (eval at evaluate (:291:30), <anonymous>:35:38)
    at UtilityScript.evaluate (<anonymous>:298:18)
    at UtilityScript.<anonymous> (<anonymous>:1:44)
    [AI INTEL] Selectors found for 'standings_tab'. Skipping AI analysis.
      [Extractor] Extracting H2H tab...
      [Warning] Failed to fully load/expand H2H tab for Oman_vs_Comoros: Page.evaluate: SyntaxError: Failed to execute 'querySelectorAll' on 'Document': 'div.h2h__section:has([data-testid="wcl-headerSection-text"] span[data-testid="wcl-scores-overline-02"]:contains("Last matches: Chengdu Rongcheng"))' is not a valid selector.
    at eval (eval at evaluate (:291:30), <anonymous>:35:38)
    at UtilityScript.evaluate (<anonymous>:298:18)
    at UtilityScript.<anonymous> (<anonymous>:1:44)
    [AI INTEL] Selectors found for 'standings_tab'. Skipping AI analysis.
      [Extractor] Extracting H2H tab...
      [Warning] Failed to fully load/expand H2H tab for Udinese_vs_Genoa: Page.evaluate: SyntaxError: Failed to execute 'querySelectorAll' on 'Document': 'div.h2h__section:has([data-testid="wcl-headerSection-text"] span[data-testid="wcl-scores-overline-02"]:contains("Last matches: Chengdu Rongcheng"))' is not a valid selector.
    at eval (eval at evaluate (:291:30), <anonymous>:35:38)
    at UtilityScript.evaluate (<anonymous>:298:18)
    at UtilityScript.<anonymous> (<anonymous>:1:44)
    [AI INTEL] Selectors found for 'standings_tab'. Skipping AI analysis.
      [Extractor] Extracting Standings tab...
      [Extractor] Extracting H2H tab...
      [Warning] Failed to fully load/expand H2H tab for Sloga Doboj_vs_Prijedor: Page.evaluate: SyntaxError: Failed to execute 'querySelectorAll' on 'Document': 'div.h2h__section:has([data-testid="wcl-headerSection-text"] span[data-testid="wcl-scores-overline-02"]:contains("Last matches: Chengdu Rongcheng"))' is not a valid selector.
    at eval (eval at evaluate (:291:30), <anonymous>:35:38)
    at UtilityScript.evaluate (<anonymous>:298:18)
    at UtilityScript.<anonymous> (<anonymous>:1:44)
      [Extractor] Found 0 teams in the standings table.
      [❌ No Signal] Morocco_vs_Saudi Arabia
      [Extractor] Extracting Standings tab...
      [Extractor] Extracting Standings tab...
      [Extractor] Found 0 teams in the standings table.
      [❌ No Signal] Oman_vs_Comoros
      [Extractor] Found 0 teams in the standings table.
      [❌ No Signal] Udinese_vs_Genoa
    [AI INTEL] Selectors found for 'standings_tab'. Skipping AI analysis.
    [Batch Start] Hamburger SV W vs Koln W: 08.12.2025 - 18:00
    [Batch Start] Hapoel Kfar Shalem vs H. Akko: 08.12.2025 - 18:00
    [Batch Start] Ironi Modiin vs H. Raanana: 08.12.2025 - 18:00
      [Extractor] Extracting Standings tab...
      [Extractor] Found 0 teams in the standings table.
      [❌ No Signal] Sloga Doboj_vs_Prijedor
    [Batch Start] M. Herzliya vs Maccabi Petah Tikva: 08.12.2025 - 18:00
    [Popup Handler] Clicked 'I understand' button via: button:has-text('I understand')
    [Popup Handler] Clicked 'I understand' button via: button:has-text('I understand')
    [Popup Handler] Clicked 'I understand' button via: button:has-text('I understand')
    [Popup Handler] Clicked 'I understand' button via: button:has-text('I understand')
