--- LEO: Initializing Databases ---
Initializing databases...

--- LEO: Starting new cycle at 2025-12-08 16:15:25 ---

[Phase 0] Checking for past matches to review...
--- LEO V2.5: Outcome Review Engine (Concurrent) ---
[Review] Found 0 past predictions to review (Limit: 50).
--- No new past matches to review. ---

[Phase 1] Starting analysis engine (Flashscore)...

--- Running Flashscore Analysis ---
  [Navigation] Going to Flashscore...
  [Navigation] Flashscore loaded successfully.
    [AI INTEL] Selectors found for 'home_page'. Skipping AI analysis.

--- ANALYZING DATE: 08.12.2025 ---
    [AI INTEL] Selectors found for 'home_page'. Skipping AI analysis.
    [Info] Clicked scheduled tab.
    [Extractor] Extracting match data from page...
    [Time Filter] Removed 8 past matches for today.
    [Matches Found] 60 valid fixtures. (Sorted by Time)
    [Batching] Processing 60 matches concurrently...
    [Batch Start] ISCA vs Agboville: 08.12.2025 - 16:30
    [Batch Start] Mouna vs San Pedro: 08.12.2025 - 16:30
    [Batch Start] SC Farense vs Vizela: 08.12.2025 - 16:30
    [Batch Start] Ludogorets vs Slavia Sofia: 08.12.2025 - 16:30
    [Popup Handler] Clicked 'I understand' button via: button:has-text('I understand')
    [Popup Handler] Clicked 'I understand' button via: button:has-text('I understand')
    [Popup Handler] Clicked 'I understand' button via: button:has-text('I understand')
      [Warning] Failed to fully load/expand H2H tab for Mouna_vs_San Pedro: Page.click: Timeout 5000ms exceeded.
Call log:
  - waiting for locator("div.detailOver [data-testid=\"wcl-tabs\"][data-type=\"primary\"] button[data-selected=\"false\"]:has-text(\"H2H\")")
    - locator resolved to <button role="tab" data-testid="wcl-tab" data-selected="false" class="wcl-tab_GS7ig">H2H</button>
  - attempting click action
    2 × waiting for element to be visible, enabled and stable
      - element is visible, enabled and stable
      - scrolling into view if needed
      - done scrolling
      - <div class="zone__inner"></div> from <div data-zone-group="responsive_detail_fixed_bottom" id="zoneContainer-responsive_detail_fixed_bottom" class="zone zone__responsive_detail_fixed_bottom zone--loading zone--skeletonEnabled zone--placeholderDisabled zone--labelPositionBottom">…</div> subtree intercepts pointer events
    - retrying click action
    - waiting 20ms
    - waiting for element to be visible, enabled and stable
    - element is visible, enabled and stable
    - scrolling into view if needed
    - done scrolling
    - performing click action

    [AI INTEL] Selectors found for 'standings_tab'. Skipping AI analysis.
    [Popup Handler] Clicked 'I understand' button via: button:has-text('I understand')
    [Popup Handler] Clicked 'I understand' button via: button:has-text('I understand')
      [Extractor] Extracting Standings tab...
      [Extractor] Found 0 teams in the standings table.
      [❌ No Signal] Mouna_vs_San Pedro
