    --- LEO: Initializing Databases ---      
     Initializing databases...
    [Init] Creating predictions.csv...
    [Init] Creating schedules.csv...
    [Init] Creating standings.csv...
    [Init] Creating teams.csv...
    [Init] Creating region_league.csv...

      --- LEO: Starting new cycle at 2025-12-11 09:15:21 --- 
     Launching new browser instance...

   [Phase 0] Checking for past matches to review...
--- LEO V2.5: Outcome Review Engine (Concurrent) ---
[Review] Found 0 past predictions to review (Limit: 50).
--- No new past matches to review. ---

   [Phase 1] Starting analysis engine (Flashscore)...

--- Running Flashscore Analysis ---
  [Navigation] Going to Flashscore...
  [Navigation] Flashscore loaded successfully.
    [AI INTEL] Selectors found for 'home_page'. Skipping AI analysis.

--- ANALYZING DATE: 11.12.2025 ---
    [AI INTEL] Selectors found for 'home_page'. Skipping AI analysis.
    [Cookies] Accepted via text: I Accept
    [Extractor] Extracting match data from page...
    [Time Filter] Removed 5 past matches for today.
    [Matches Found] 90 valid fixtures. (Sorted by Time)
    [Batching] Processing 90 matches concurrently...
    [Batch Start] Vietnam U22 vs Malaysia U22: 11.12.2025 - 10:00
    [Cookies] Accepted via text: I Accept
    [Popup Handler] Clicked 'I understand' button via: button:has-text('I understand')
    [AI INTEL] Selectors found for 'match_page'. Skipping AI analysis.
    [H2H Expansion] Expanding available match history...
    [AI INTEL] Selectors found for 'h2h_tab'. Skipping AI analysis.
      [Extractor] Extracting H2H tab...
      [Extractor] Found 10 home, 10 away, 2 H2H matches.
      [OK H2H] H2H tab data extracted for Vietnam U22_vs_Malaysia U22 (22 matches found)
    [AI INTEL] Selectors found for 'standings_tab'. Skipping AI analysis.
      [Extractor] Extracting Standings tab...
    [Auto-Heal] Selector 'standings_table' in 'standings_tab' invalid/missing. Initiating AI repair...
    [AI INTEL] Starting Full Discovery for context: 'standings_tab' (Force: True)...
    [AI INTEL] Capturing page state for 'standings_tab'...
    [VISION] Analyzing screenshot: standings_tab.png
    [VISION] Analysis complete.
    [AI INTEL] Using logged HTML: standings_tab.html
    [AI INTEL] Mapping UI Elements to HTML Selectors...
    [AI INTEL] Successfully mapped 90 elements.
    [Auto-Heal Success] New selector for 'standings_table': .ui-table
    [Auto-Heal] Selector 'standings_form_badge_3' in 'standings_tab' invalid/missing. Initiating AI repair...
    [AI INTEL] Starting Full Discovery for context: 'standings_tab' (Force: True)...
    [AI INTEL] Capturing page state for 'standings_tab'...
    [VISION] Analyzing screenshot: standings_tab.png
    [VISION] Analysis complete.
    [AI INTEL] Using logged HTML: standings_tab.html
    [AI INTEL] Mapping UI Elements to HTML Selectors...
    [AI INTEL] Successfully mapped 102 elements.
    [Auto-Heal Failed] AI could not find 'standings_form_badge_3' even after refresh.
    [Auto-Heal] Selector 'standings_form_badge_4' in 'standings_tab' invalid/missing. Initiating AI repair...
    [AI INTEL] Starting Full Discovery for context: 'standings_tab' (Force: True)...
    [AI INTEL] Capturing page state for 'standings_tab'...
    [VISION] Analyzing screenshot: standings_tab.png
    [VISION] Analysis complete.
    [AI INTEL] Using logged HTML: standings_tab.html
    [AI INTEL] Mapping UI Elements to HTML Selectors...
    [AI INTEL] Successfully mapped 81 elements.
    [Auto-Heal Failed] AI could not find 'standings_form_badge_4' even after refresh.
    [Auto-Heal] Selector 'standings_form_badge_5' in 'standings_tab' invalid/missing. Initiating AI repair...
    [AI INTEL] Starting Full Discovery for context: 'standings_tab' (Force: True)...
    [AI INTEL] Capturing page state for 'standings_tab'...
    [VISION] Analyzing screenshot: standings_tab.png

   --- LEO: Shutting down gracefully. ---
