--- LEO: Initializing Databases ---
Initializing databases...

--- LEO: Starting new cycle at 2025-12-09 07:50:30 ---

[Phase 0] Checking for past matches to review...
--- LEO V2.5: Outcome Review Engine (Concurrent) ---
[Review] Found 0 past predictions to review (Limit: 50).
--- No new past matches to review. ---

[Phase 1] Starting analysis engine (Flashscore)...

--- Running Flashscore Analysis ---
  [Navigation] Going to Flashscore...
  [Navigation] Flashscore loaded successfully.
    [AI INTEL] Selectors found for 'home_page'. Skipping AI analysis.
    [Resume] Last processed: ID 8ph09lne on 08.12.2025

--- ANALYZING DATE: 09.12.2025 ---
    [AI INTEL] Selectors found for 'home_page'. Skipping AI analysis.
    [Info] Clicked scheduled tab.
    [Extractor] Extracting match data from page...
    [Time Filter] Removed 0 past matches for today.
    [Matches Found] 110 valid fixtures. (Sorted by Time)
    [Batching] Processing 110 matches concurrently...
    [Batch Start] Kairat Almaty U19 vs Olympiacos Piraeus U19: 09.12.2025 - 08:00
    [Cookies] Accepted via text: I Accept
    [AI INTEL] Selectors found for 'match_page'. Skipping AI analysis.
    [Popup Handler] Clicked 'I understand' button via: button[data-testid="wcl-tooltip-actionButton"]
    [AI INTEL] Selectors found for 'h2h_tab'. Skipping AI analysis.
      [Extractor] Extracting H2H tab...
      [Warning] Failed to fully load/expand H2H tab for Kairat Almaty U19_vs_Olympiacos Piraeus U19: Page.evaluate: SyntaxError: Failed to execute 'querySelectorAll' on 'Document': 'div.h2h__section.section:has(span[data-testid='wcl-scores-overline-02']:has-text('Last matches: Kairat Almaty U19'))' is not a valid selector.
    at eval (eval at evaluate (:291:30), <anonymous>:35:38)
    at UtilityScript.evaluate (<anonymous>:298:18)
    at UtilityScript.<anonymous> (<anonymous>:1:44)
    [AI INTEL] Selectors found for 'standings_tab'. Skipping AI analysis.
      [Extractor] Extracting Standings tab...
      [Extractor] Found 36 teams in the standings table.
      [❌ No Signal] Kairat Almaty U19_vs_Olympiacos Piraeus U19
    [Batch Start] Abahani Limited vs Brothers U.: 09.12.2025 - 09:30
