    --- LEO: Initializing Databases ---      
     Initializing databases...

      --- LEO: Starting new cycle at 2025-12-12 13:21:53 --- 
     Launching new browser instance...

   [Phase 0] Checking for past matches to review...
--- LEO V2.5: Outcome Review Engine (Concurrent) ---
[Review] Found 0 past predictions to review (Limit: 50).
--- No new past matches to review. ---

   [Phase 1] Starting analysis engine (Flashscore)...

--- Running Flashscore Analysis ---
  [Navigation] Going to Flashscore...
  [Navigation] Flashscore loaded successfully.
    [AI INTEL] Selectors found for 'home_page'. Skipping AI analysis.
    [Resume] Last processed: ID CKsedyBT on 12.12.2025

--- ANALYZING DATE: 12.12.2025 ---
    [AI INTEL] Selectors found for 'home_page'. Skipping AI analysis.
    [Extractor] Extracting match data from page...
    [Time Filter] Removed 26 past matches for today.
    [Matches Found] 108 valid fixtures. (Sorted by Time)
    [Resume] Checking for last processed ID: CKsedyBT on this date.
    [Resume] Match found at index 11. Skipping 12 previously processed matches.
    [Batching] Processing 96 matches concurrently...
    [Batch Start] OLS Oulu (Fin) vs AC Oulu (Fin): 12.12.2025 - 14:15
    [Batch Start] Oleksandriya vs Kudrivka: 12.12.2025 - 14:30
    [Batch Start] Renaissance vs Maniema: 12.12.2025 - 15:00
    [Batch Start] JS Talangai vs Juk: 12.12.2025 - 15:00
    [Popup Handler] Clicked 'I understand' button via: button:has-text('I understand')
    [AI INTEL] Selectors found for 'match_page'. Skipping AI analysis.
    [Popup Handler] Clicked 'I understand' button via: button:has-text('I understand')
    [AI INTEL] Selectors found for 'match_page'. Skipping AI analysis.
    [Popup Handler] Clicked 'I understand' button via: button:has-text('I understand')
    [AI INTEL] Selectors found for 'match_page'. Skipping AI analysis.
    [Popup Handler] Clicked 'I understand' button via: button:has-text('I understand')
    [Popup Handler] Clicked 'I understand' button via: button:has-text('I understand')
    [Popup Handler] Clicked 'I understand' button via: button:has-text('I understand')
    [Popup Handler] Clicked 'I understand' button via: button:has-text('I understand')
    [AI INTEL] Selectors found for 'match_page'. Skipping AI analysis.
    [Popup Handler] Clicked 'I understand' button via: button:has-text('I understand')
    [H2H Expansion] Expanding available match history...
    [H2H Expansion] Expanding available match history...
    [AI INTEL] Selectors found for 'h2h_tab'. Skipping AI analysis.
      [Extractor] Extracting H2H tab...
      [Extractor] Found 10 home, 10 away, 5 H2H matches.
      [OK H2H] H2H tab data extracted for OLS Oulu (Fin)_vs_AC Oulu (Fin) (25 matches found)
    [H2H Expansion] No expansion buttons found or failed to load.
    [H2H Expansion] No expansion buttons found or failed to load.
    [H2H Expansion] Some expansion buttons failed, but continuing...
      [Extractor Validation] Updated League to: WORLD - CLUB FRIENDLY
            [OK Signal] OLS Oulu (Fin)_vs_AC Oulu (Fin)
    [AI INTEL] Selectors found for 'h2h_tab'. Skipping AI analysis.
      [Extractor] Extracting H2H tab...
    [AI INTEL] Selectors found for 'h2h_tab'. Skipping AI analysis.
      [Extractor] Extracting H2H tab...
    [AI INTEL] Selectors found for 'h2h_tab'. Skipping AI analysis.
      [Extractor] Extracting H2H tab...
      [Extractor] Found 5 home, 5 away, 2 H2H matches.
      [OK H2H] H2H tab data extracted for Oleksandriya_vs_Kudrivka (12 matches found)
    [Batch Start] Al Rayyan vs Al-Sadd: 12.12.2025 - 15:30
    [AI INTEL] Selectors found for 'standings_tab'. Skipping AI analysis.
      [Extractor] Found 10 home, 10 away, 5 H2H matches.
      [OK H2H] H2H tab data extracted for JS Talangai_vs_Juk (25 matches found)
    [Cookies] Accepted via OneTrust
      [Extractor] Found 5 home, 5 away, 5 H2H matches.
      [OK H2H] H2H tab data extracted for Renaissance_vs_Maniema (15 matches found)
    [AI INTEL] Selectors found for 'standings_tab'. Skipping AI analysis.
    [AI INTEL] Selectors found for 'standings_tab'. Skipping AI analysis.
    [Cookies] Accepted via OneTrust
    [Popup Handler] Clicked 'I understand' button via: button:has-text('I understand')
    [AI INTEL] Selectors found for 'match_page'. Skipping AI analysis.
    [Cookies] Accepted via OneTrust
      [Extractor] Extracting Standings tab...
    [Cookies] Accepted via OneTrust
      [Extractor] Found 16 teams in standings for 'UKRAINE - PREMIER LEAGUE - ROUND 16'.
      [DB] Updated standings for UKRAINE - PREMIER LEAGUE - ROUND 16
      [OK Standing] Standings tab data extracted for UKRAINE - PREMIER LEAGUE - ROUND 16
      [Extractor Validation] Updated League to: UKRAINE - PREMIER LEAGUE - ROUND 16
      [DB] Updated standings for UKRAINE - PREMIER LEAGUE - ROUND 16
      [OK Standing] Standings tab data extracted for UKRAINE - PREMIER LEAGUE - ROUND 16
            [OK Signal] Oleksandriya_vs_Kudrivka
      [Extractor] Extracting Standings tab...
      [Extractor] Extracting Standings tab...
      [Extractor] Found 16 teams in standings for 'REPUBLIC OF THE CONGO - LIGUE 1 - ROUND 14'.
      [DB] Updated standings for REPUBLIC OF THE CONGO - LIGUE 1 - ROUND 14
      [OK Standing] Standings tab data extracted for REPUBLIC OF THE CONGO - LIGUE 1 - ROUND 14
      [Extractor Validation] Updated League to: REPUBLIC OF THE CONGO - LIGUE 1 - ROUND 14
      [DB] Updated standings for REPUBLIC OF THE CONGO - LIGUE 1 - ROUND 14
      [OK Standing] Standings tab data extracted for REPUBLIC OF THE CONGO - LIGUE 1 - ROUND 14
            [OK Signal] JS Talangai_vs_Juk
      [Extractor] Found 15 teams in standings for 'DR CONGO - LIGUE 1 - ROUND 9'.
      [DB] Updated standings for DR CONGO - LIGUE 1 - ROUND 9
      [OK Standing] Standings tab data extracted for DR CONGO - LIGUE 1 - ROUND 9
      [Extractor Validation] Updated League to: DR CONGO - LIGUE 1 - ROUND 9
      [DB] Updated standings for DR CONGO - LIGUE 1 - ROUND 9
      [OK Standing] Standings tab data extracted for DR CONGO - LIGUE 1 - ROUND 9
            [OK Signal] Renaissance_vs_Maniema
    [Batch Start] Bel Air vs Saint Louis: 12.12.2025 - 15:30
    [Batch Start] Al Bukiryah vs Al Taee: 12.12.2025 - 15:50
    [Batch Start] ADVSA vs Port City: 12.12.2025 - 16:00
    [H2H Expansion] Expanding available match history...
    [AI INTEL] Selectors found for 'h2h_tab'. Skipping AI analysis.
      [Extractor] Extracting H2H tab...
      [Extractor] Found 10 home, 10 away, 5 H2H matches.
      [OK H2H] H2H tab data extracted for Al Rayyan_vs_Al-Sadd (25 matches found)
    [Cookies] Accepted via OneTrust
    [AI INTEL] Selectors found for 'standings_tab'. Skipping AI analysis.
    [Popup Handler] Clicked 'I understand' button via: button:has-text('I understand')
    [Cookies] Accepted via OneTrust
    [AI INTEL] Selectors found for 'match_page'. Skipping AI analysis.
    [Cookies] Accepted via OneTrust
    [Popup Handler] Clicked 'I understand' button via: button:has-text('I understand')
    [AI INTEL] Selectors found for 'match_page'. Skipping AI analysis.
    [Popup Handler] Clicked 'I understand' button via: button:has-text('I understand')
    [AI INTEL] Selectors found for 'match_page'. Skipping AI analysis.
      [Extractor] Extracting Standings tab...
      [Extractor] Warning: No standings table rows found.
      [Extractor Validation] Updated League to: QATAR - QSL CUP - ROUND 9
            [OK Signal] Al Rayyan_vs_Al-Sadd
    [H2H Expansion] Expanding available match history...
    [Batch Start] KAC Soccer vs Legon Cities: 12.12.2025 - 16:00
    [H2H Expansion] No expansion buttons found or failed to load.
    [AI INTEL] Selectors found for 'h2h_tab'. Skipping AI analysis.
      [Extractor] Extracting H2H tab...
    [H2H Expansion] No expansion buttons found or failed to load.
      [Extractor] Found 10 home, 10 away, 0 H2H matches.
      [OK H2H] H2H tab data extracted for Bel Air_vs_Saint Louis (20 matches found)
    [AI INTEL] Selectors found for 'h2h_tab'. Skipping AI analysis.
      [Extractor] Extracting H2H tab...
    [AI INTEL] Selectors found for 'h2h_tab'. Skipping AI analysis.
      [Extractor] Extracting H2H tab...
    [AI INTEL] Selectors found for 'standings_tab'. Skipping AI analysis.
      [Extractor] Found 5 home, 5 away, 2 H2H matches.
      [OK H2H] H2H tab data extracted for ADVSA_vs_Port City (12 matches found)
    [AI INTEL] Selectors found for 'standings_tab'. Skipping AI analysis.
      [Extractor] Extracting Standings tab...
      [Extractor] Extracting Standings tab...
      [Extractor] Warning: No standings table rows found.
      [Extractor Validation] Updated League to: SEYCHELLES - PREMIER LEAGUE - ROUND 7
            [OK Signal] Bel Air_vs_Saint Louis
      [Extractor] Warning: No standings table rows found.
      [Extractor Validation] Updated League to: GHANA - DIVISION ONE LEAGUE - ROUND 11
            [OK Signal] ADVSA_vs_Port City
    [Batch Start] Torino U20 vs Genoa U20: 12.12.2025 - 16:00
    [Batch Start] Salitas vs AJEB: 12.12.2025 - 16:30
      [Error] Match failed Torino U20_vs_Genoa U20: Page.goto: net::ERR_CONNECTION_CLOSED at https://www.flashscore.com/match/football/genoa-zDpdICPp/torino-OGVExYGG/?mid=OALHJm8l
Call log:
  - navigating to "https://www.flashscore.com/match/football/genoa-zDpdICPp/torino-OGVExYGG/?mid=OALHJm8l", waiting until "domcontentloaded"

  [CRITICAL ERROR] Logging state for 'process_match_task_Torino U20_vs_Genoa U20'. See 'Logs/Errors' folder.
      [Error] Match failed Salitas_vs_AJEB: Page.goto: net::ERR_CONNECTION_CLOSED at https://www.flashscore.com/match/football/aje-bobo-dioulasso-pjWljATh/salitas-t2Zj23Dg/?mid=l2nUJiB4
Call log:
  - navigating to "https://www.flashscore.com/match/football/aje-bobo-dioulasso-pjWljATh/salitas-t2Zj23Dg/?mid=l2nUJiB4", waiting until "domcontentloaded"

  [CRITICAL ERROR] Logging state for 'process_match_task_Salitas_vs_AJEB'. See 'Logs/Errors' folder.
    [Batch Start] USFA vs ASF Dioulasso: 12.12.2025 - 16:30
    [Batch Start] Heart of Lions vs Aduana: 12.12.2025 - 16:30
    [AI INTEL] Selectors found for 'match_page'. Skipping AI analysis.
      [Warning] H2H tab inaccessible for KAC Soccer_vs_Legon Cities
      [NO Signal] KAC Soccer_vs_Legon Cities
    [Batch Start] Sepsi Sf. Gheorghe vs Concordia: 12.12.2025 - 16:30
      [Extractor] Found 5 home, 5 away, 5 H2H matches.
      [OK H2H] H2H tab data extracted for Al Bukiryah_vs_Al Taee (15 matches found)
    [AI INTEL] Selectors found for 'standings_tab'. Skipping AI analysis.
    [Popup Handler] Clicked 'I understand' button via: button:has-text('I understand')
    [Popup Handler] Clicked 'I understand' button via: button:has-text('I understand')
    [AI INTEL] Selectors found for 'match_page'. Skipping AI analysis.
    [AI INTEL] Selectors found for 'match_page'. Skipping AI analysis.
    [Popup Handler] Clicked 'I understand' button via: button:has-text('I understand')
    [Cookies] Accepted via text: I Accept
    [Popup Handler] Clicked 'I understand' button via: button:has-text('I understand')
    [Popup Handler] Clicked 'I understand' button via: button:has-text('I understand')
      [Extractor] Extracting Standings tab...
    [AI INTEL] Selectors found for 'match_page'. Skipping AI analysis.
      [Extractor] Found 18 teams in standings for 'SAUDI ARABIA - DIVISION 1 - ROUND 11'.
      [DB] Updated standings for SAUDI ARABIA - DIVISION 1 - ROUND 11
      [OK Standing] Standings tab data extracted for SAUDI ARABIA - DIVISION 1 - ROUND 11
      [Extractor Validation] Updated League to: SAUDI ARABIA - DIVISION 1 - ROUND 11
      [DB] Updated standings for SAUDI ARABIA - DIVISION 1 - ROUND 11
      [OK Standing] Standings tab data extracted for SAUDI ARABIA - DIVISION 1 - ROUND 11
            [OK Signal] Al Bukiryah_vs_Al Taee
    [Batch Start] Discoveries vs Paynesville: 12.12.2025 - 17:00
    [H2H Expansion] Expanding available match history...
    [AI INTEL] Selectors found for 'h2h_tab'. Skipping AI analysis.
      [Extractor] Extracting H2H tab...
      [Extractor] Found 10 home, 10 away, 5 H2H matches.
      [OK H2H] H2H tab data extracted for USFA_vs_ASF Dioulasso (25 matches found)
    [H2H Expansion] No expansion buttons found or failed to load.
    [AI INTEL] Selectors found for 'h2h_tab'. Skipping AI analysis.
      [Extractor] Extracting H2H tab...
    [H2H Expansion] Expanding available match history...
    [AI INTEL] Selectors found for 'standings_tab'. Skipping AI analysis.
    [Cookies] Accepted via OneTrust
    [Popup Handler] Clicked 'I understand' button via: button:has-text('I understand')
      [Extractor] Found 5 home, 5 away, 5 H2H matches.
      [OK H2H] H2H tab data extracted for Sepsi Sf. Gheorghe_vs_Concordia (15 matches found)
    [AI INTEL] Selectors found for 'match_page'. Skipping AI analysis.
    [AI INTEL] Selectors found for 'h2h_tab'. Skipping AI analysis.
      [Extractor] Extracting H2H tab...
    [AI INTEL] Selectors found for 'standings_tab'. Skipping AI analysis.
    [Popup Handler] Clicked 'I understand' button via: button:has-text('I understand')
      [Extractor] Found 10 home, 10 away, 5 H2H matches.
      [OK H2H] H2H tab data extracted for Heart of Lions_vs_Aduana (25 matches found)
      [Extractor] Extracting Standings tab...
      [Extractor] Extracting Standings tab...
      [Warning] Failed to fully load/expand H2H tab for Discoveries_vs_Paynesville: Page.click: Timeout 5000ms exceeded.
Call log:
  - waiting for locator("div.detailOver [data-testid=\"wcl-tabs\"] a[data-analytics-alias=\"h2h\"] button")
    - locator resolved to <button role="tab" data-testid="wcl-tab" data-selected="false" class="wcl-tab_GS7ig">H2H</button>
  - attempting click action
    - waiting for element to be visible, enabled and stable
    - element is visible, enabled and stable
    - scrolling into view if needed
    - done scrolling
    - <div class="zone__inner" data-event-bind="true"></div> from <div data-zone-group="responsive_detail_fixed_bottom" id="zoneContainer-responsive_detail_fixed_bottom" class="zone zone__responsive_detail_fixed_bottom zone--loading zone--skeletonEnabled zone--placeholderDisabled zone--labelPositionBottom">…</div> subtree intercepts pointer events
  - retrying click action
    - waiting for element to be visible, enabled and stable
    - element is visible, enabled and stable
    - scrolling into view if needed
    - done scrolling
    - <div id="onetrust-policy-text">…</div> from <div data-nosnippet="true" id="onetrust-consent-sdk">…</div> subtree intercepts pointer events
  - retrying click action
    - waiting 20ms
    - waiting for element to be visible, enabled and stable
    - element is visible, enabled and stable
    - scrolling into view if needed
    - done scrolling
    - performing click action
    - click action done
    - waiting for scheduled navigations to finish

      [Extractor] Found 16 teams in standings for 'BURKINA FASO - PREMIER LEAGUE - ROUND 13'.
      [DB] Updated standings for BURKINA FASO - PREMIER LEAGUE - ROUND 13
      [OK Standing] Standings tab data extracted for BURKINA FASO - PREMIER LEAGUE - ROUND 13
      [Extractor Validation] Updated League to: BURKINA FASO - PREMIER LEAGUE - ROUND 13
      [DB] Updated standings for BURKINA FASO - PREMIER LEAGUE - ROUND 13
      [OK Standing] Standings tab data extracted for BURKINA FASO - PREMIER LEAGUE - ROUND 13
            [OK Signal] USFA_vs_ASF Dioulasso
      [Extractor] Found 22 teams in standings for 'ROMANIA - LIGA 2 - ROUND 17'.
      [DB] Updated standings for ROMANIA - LIGA 2 - ROUND 17
      [OK Standing] Standings tab data extracted for ROMANIA - LIGA 2 - ROUND 17
      [Extractor Validation] Updated League to: ROMANIA - LIGA 2 - ROUND 17
      [DB] Updated standings for ROMANIA - LIGA 2 - ROUND 17
      [OK Standing] Standings tab data extracted for ROMANIA - LIGA 2 - ROUND 17
            [OK Signal] Sepsi Sf. Gheorghe_vs_Concordia
    [AI INTEL] Selectors found for 'standings_tab'. Skipping AI analysis.
    [AI INTEL] Selectors found for 'standings_tab'. Skipping AI analysis.
    [Cookies] Accepted via OneTrust
    [Cookies] Accepted via OneTrust
    [Batch Start] Freeport vs Black Man Warrior: 12.12.2025 - 17:00
    [Batch Start] LPRC Oiler vs Downtown: 12.12.2025 - 17:00
      [Extractor] Extracting Standings tab...
      [Extractor] Extracting Standings tab...
      [Error] Match failed Freeport_vs_Black Man Warrior: Page.goto: net::ERR_CONNECTION_CLOSED at https://www.flashscore.com/match/football/black-man-warrior-vDxeMIAO/freeport-beMUgZJG/?mid=YRN4ep7K
Call log:
  - navigating to "https://www.flashscore.com/match/football/black-man-warrior-vDxeMIAO/freeport-beMUgZJG/?mid=YRN4ep7K", waiting until "domcontentloaded"

  [CRITICAL ERROR] Logging state for 'process_match_task_Freeport_vs_Black Man Warrior'. See 'Logs/Errors' folder.
      [Error] Match failed LPRC Oiler_vs_Downtown: Page.goto: net::ERR_CONNECTION_CLOSED at https://www.flashscore.com/match/football/downtown-E5wyuebe/lprc-oiler-jsNlszut/?mid=0x8ql2af
Call log:
  - navigating to "https://www.flashscore.com/match/football/downtown-E5wyuebe/lprc-oiler-jsNlszut/?mid=0x8ql2af", waiting until "domcontentloaded"

  [CRITICAL ERROR] Logging state for 'process_match_task_LPRC Oiler_vs_Downtown'. See 'Logs/Errors' folder.
      [Extractor] Warning: No standings table rows found.
      [NO Signal] Discoveries_vs_Paynesville
      [Extractor] Warning: No standings table rows found.
      [Extractor Validation] Updated League to: GHANA - PREMIER LEAGUE - ROUND 14
            [OK Signal] Heart of Lions_vs_Aduana
    [Batch Start] Bougouba vs Derby Academie: 12.12.2025 - 17:00
    [Batch Start] AS ZAM vs Renaissance: 12.12.2025 - 17:00
    [Batch Start] Douanes Niamey vs Olympic Niamey: 12.12.2025 - 17:00
    [Batch Start] Obolon vs Metalist 1925: 12.12.2025 - 17:00
    [Popup Handler] Clicked 'I understand' button via: button:has-text('I understand')
    [AI INTEL] Selectors found for 'match_page'. Skipping AI analysis.
    [Popup Handler] Clicked 'I understand' button via: button:has-text('I understand')
    [Popup Handler] Clicked 'I understand' button via: button:has-text('I understand')
    [AI INTEL] Selectors found for 'match_page'. Skipping AI analysis.
    [Popup Handler] Clicked 'I understand' button via: button:has-text('I understand')
    [Popup Handler] Clicked 'I understand' button via: button:has-text('I understand')
    [AI INTEL] Selectors found for 'match_page'. Skipping AI analysis.
    [Popup Handler] Clicked 'I understand' button via: button:has-text('I understand')
    [H2H Expansion] Expanding available match history...
    [AI INTEL] Selectors found for 'h2h_tab'. Skipping AI analysis.
      [Extractor] Extracting H2H tab...
    [H2H Expansion] No expansion buttons found or failed to load.
    [AI INTEL] Selectors found for 'match_page'. Skipping AI analysis.
    [AI INTEL] Selectors found for 'h2h_tab'. Skipping AI analysis.
      [Extractor] Extracting H2H tab...
    [H2H Expansion] Expanding available match history...
    [Popup Handler] Clicked 'I understand' button via: button:has-text('I understand')
      [Extractor] Found 5 home, 5 away, 5 H2H matches.
      [OK H2H] H2H tab data extracted for Obolon_vs_Metalist 1925 (15 matches found)
      [Extractor] Found 8 home, 5 away, 0 H2H matches.
      [OK H2H] H2H tab data extracted for AS ZAM_vs_Renaissance (13 matches found)
    [AI INTEL] Selectors found for 'standings_tab'. Skipping AI analysis.
    [Cookies] Accepted via OneTrust
    [Cookies] Accepted via OneTrust
    [AI INTEL] Selectors found for 'h2h_tab'. Skipping AI analysis.
      [Extractor] Extracting H2H tab...
    [AI INTEL] Selectors found for 'standings_tab'. Skipping AI analysis.
    [H2H Expansion] Expanding available match history...
      [Extractor] Found 10 home, 2 away, 0 H2H matches.
      [OK H2H] H2H tab data extracted for Bougouba_vs_Derby Academie (12 matches found)
      [Extractor] Extracting Standings tab...
    [Cookies] Accepted via OneTrust
      [Extractor] Found 16 teams in standings for 'UKRAINE - PREMIER LEAGUE - ROUND 16'.
      [DB] Updated standings for UKRAINE - PREMIER LEAGUE - ROUND 16
      [OK Standing] Standings tab data extracted for UKRAINE - PREMIER LEAGUE - ROUND 16
      [Extractor Validation] Updated League to: UKRAINE - PREMIER LEAGUE - ROUND 16
      [DB] Updated standings for UKRAINE - PREMIER LEAGUE - ROUND 16
      [OK Standing] Standings tab data extracted for UKRAINE - PREMIER LEAGUE - ROUND 16
            [OK Signal] Obolon_vs_Metalist 1925
    [AI INTEL] Selectors found for 'h2h_tab'. Skipping AI analysis.
      [Extractor] Extracting H2H tab...
    [AI INTEL] Selectors found for 'standings_tab'. Skipping AI analysis.
      [Extractor] Extracting Standings tab...
      [Extractor] Found 16 teams in standings for 'NIGER - SUPER LIGUE - ROUND 9'.
      [DB] Updated standings for NIGER - SUPER LIGUE - ROUND 9
      [OK Standing] Standings tab data extracted for NIGER - SUPER LIGUE - ROUND 9
      [Extractor Validation] Updated League to: NIGER - SUPER LIGUE - ROUND 9
      [DB] Updated standings for NIGER - SUPER LIGUE - ROUND 9
      [OK Standing] Standings tab data extracted for NIGER - SUPER LIGUE - ROUND 9
            [OK Signal] AS ZAM_vs_Renaissance
    [Cookies] Accepted via OneTrust
      [Extractor] Found 10 home, 10 away, 5 H2H matches.
      [OK H2H] H2H tab data extracted for Douanes Niamey_vs_Olympic Niamey (25 matches found)
      [Extractor] Extracting Standings tab...
      [Extractor] Found 14 teams in standings for 'MALI - PREMIERE DIVISION - ROUND 4'.
      [DB] Updated standings for MALI - PREMIERE DIVISION - ROUND 4
      [OK Standing] Standings tab data extracted for MALI - PREMIERE DIVISION - ROUND 4
      [Extractor Validation] Updated League to: MALI - PREMIERE DIVISION - ROUND 4
      [DB] Updated standings for MALI - PREMIERE DIVISION - ROUND 4
      [OK Standing] Standings tab data extracted for MALI - PREMIERE DIVISION - ROUND 4
            [OK Signal] Bougouba_vs_Derby Academie
    [Batch Start] Bhantal vs Bai Bureh Warriors: 12.12.2025 - 17:15
    [AI INTEL] Selectors found for 'standings_tab'. Skipping AI analysis.
    [Batch Start] Aigle Noir vs Musongati: 12.12.2025 - 17:30
      [Extractor] Extracting Standings tab...
    [Batch Start] Al Bidda vs Qatar SC: 12.12.2025 - 17:30
      [Extractor] Found 16 teams in standings for 'NIGER - SUPER LIGUE - ROUND 9'.
      [DB] Updated standings for NIGER - SUPER LIGUE - ROUND 9
      [OK Standing] Standings tab data extracted for NIGER - SUPER LIGUE - ROUND 9
      [Extractor Validation] Updated League to: NIGER - SUPER LIGUE - ROUND 9
      [DB] Updated standings for NIGER - SUPER LIGUE - ROUND 9
      [OK Standing] Standings tab data extracted for NIGER - SUPER LIGUE - ROUND 9
            [OK Signal] Douanes Niamey_vs_Olympic Niamey
    [Batch Start] Al Mesaimeer vs Al Sailiya: 12.12.2025 - 17:30
    [Popup Handler] Clicked 'I understand' button via: button:has-text('I understand')
    [AI INTEL] Selectors found for 'match_page'. Skipping AI analysis.
    [Popup Handler] Clicked 'I understand' button via: button:has-text('I understand')
    [Popup Handler] Clicked 'I understand' button via: button:has-text('I understand')
    [AI INTEL] Selectors found for 'match_page'. Skipping AI analysis.
    [Popup Handler] Clicked 'I understand' button via: button:has-text('I understand')
    [AI INTEL] Selectors found for 'match_page'. Skipping AI analysis.
    [Popup Handler] Clicked 'I understand' button via: button:has-text('I understand')
    [Popup Handler] Clicked 'I understand' button via: button:has-text('I understand')
    [Popup Handler] Clicked 'I understand' button via: button:has-text('I understand')
    [AI INTEL] Selectors found for 'match_page'. Skipping AI analysis.
    [H2H Expansion] Expanding available match history...
    [Popup Handler] Clicked 'I understand' button via: button:has-text('I understand')
    [Cookies] Accepted via OneTrust
    [Cookies] Accepted via OneTrust
    [H2H Expansion] Expanding available match history...
    [AI INTEL] Selectors found for 'h2h_tab'. Skipping AI analysis.
      [Extractor] Extracting H2H tab...
      [Extractor] Found 10 home, 10 away, 0 H2H matches.
      [OK H2H] H2H tab data extracted for Al Bidda_vs_Qatar SC (20 matches found)
    [H2H Expansion] No expansion buttons found or failed to load.
    [H2H Expansion] Expanding available match history...
    [AI INTEL] Selectors found for 'standings_tab'. Skipping AI analysis.
    [AI INTEL] Selectors found for 'h2h_tab'. Skipping AI analysis.
      [Extractor] Extracting H2H tab...
    [AI INTEL] Selectors found for 'h2h_tab'. Skipping AI analysis.
      [Extractor] Extracting H2H tab...
    [Cookies] Accepted via OneTrust
      [Extractor] Found 10 home, 10 away, 5 H2H matches.
      [OK H2H] H2H tab data extracted for Aigle Noir_vs_Musongati (25 matches found)
    [AI INTEL] Selectors found for 'h2h_tab'. Skipping AI analysis.
      [Extractor] Extracting H2H tab...
    [AI INTEL] Selectors found for 'standings_tab'. Skipping AI analysis.
      [Extractor] Extracting Standings tab...
      [Extractor] Found 10 home, 10 away, 5 H2H matches.
      [OK H2H] H2H tab data extracted for Al Mesaimeer_vs_Al Sailiya (25 matches found)
      [Extractor] Extracting Standings tab...
      [Extractor] Warning: No standings table rows found.
      [Extractor Validation] Updated League to: QATAR - QSL CUP - ROUND 9
            [OK Signal] Al Bidda_vs_Qatar SC
    [AI INTEL] Selectors found for 'standings_tab'. Skipping AI analysis.
    [Cookies] Accepted via OneTrust
      [Extractor] Extracting Standings tab...
    [Batch Start] Austria Vienna (Am) vs A. Klagenfurt: 12.12.2025 - 18:00
      [Extractor] Warning: No standings table rows found.
      [Extractor Validation] Updated League to: BURUNDI - PRIMUS LEAGUE - ROUND 8
            [OK Signal] Aigle Noir_vs_Musongati
    [Batch Start] Bregenz vs St. Polten: 12.12.2025 - 18:00
      [Extractor] Warning: No standings table rows found.
      [Extractor Validation] Updated League to: QATAR - QSL CUP - ROUND 9
            [OK Signal] Al Mesaimeer_vs_Al Sailiya
    [Batch Start] Hertha Wels vs A. Lustenau: 12.12.2025 - 18:00
      [Error] Match failed Austria Vienna (Am)_vs_A. Klagenfurt: Page.goto: net::ERR_CONNECTION_CLOSED at https://www.flashscore.com/match/football/a-klagenfurt-hIayizS6/austria-vienna-C4FBQHlQ/?mid=rZQwq5vh
Call log:
  - navigating to "https://www.flashscore.com/match/football/a-klagenfurt-hIayizS6/austria-vienna-C4FBQHlQ/?mid=rZQwq5vh", waiting until "domcontentloaded"

  [CRITICAL ERROR] Logging state for 'process_match_task_Austria Vienna (Am)_vs_A. Klagenfurt'. See 'Logs/Errors' folder.
      [Error] Match failed Bregenz_vs_St. Polten: Page.goto: net::ERR_CONNECTION_CLOSED at https://www.flashscore.com/match/football/st-polten-8KA7Qw1U/sw-bregenz-fmD86L0H/?mid=GnPosq94
Call log:
  - navigating to "https://www.flashscore.com/match/football/st-polten-8KA7Qw1U/sw-bregenz-fmD86L0H/?mid=GnPosq94", waiting until "domcontentloaded"

  [CRITICAL ERROR] Logging state for 'process_match_task_Bregenz_vs_St. Polten'. See 'Logs/Errors' folder.
    [Batch Start] Kapfenberg vs Floridsdorfer AC: 12.12.2025 - 18:00
      [Error] Match failed Hertha Wels_vs_A. Lustenau: Page.goto: net::ERR_CONNECTION_CLOSED at https://www.flashscore.com/match/football/a-lustenau-655zEcZJ/hogo-hertha-wels-6i1ocvXH/?mid=SQriL1no
Call log:
  - navigating to "https://www.flashscore.com/match/football/a-lustenau-655zEcZJ/hogo-hertha-wels-6i1ocvXH/?mid=SQriL1no", waiting until "domcontentloaded"

  [CRITICAL ERROR] Logging state for 'process_match_task_Hertha Wels_vs_A. Lustenau'. See 'Logs/Errors' folder.
    [Batch Start] Liefering vs SK Rapid II: 12.12.2025 - 18:00
    [Batch Start] Vukovar 1991 vs Varazdin: 12.12.2025 - 18:00
    [Selector Stale] 'h2h_badge_loss' ('[data-testid="wcl-badgeForm-lose"]') not found after 2 min wait.
    [Auto-Heal] Selector 'h2h_badge_loss' in 'h2h_tab' invalid/missing. Initiating AI repair...
    [AI INTEL] Starting Full Discovery for context: 'h2h_tab' (Force: True)...
    [AI INTEL] Capturing page state for 'h2h_tab'...
      [Error] Match failed Kapfenberg_vs_Floridsdorfer AC: Page.goto: net::ERR_CONNECTION_CLOSED at https://www.flashscore.com/match/football/floridsdorfer-ac-wien-r9HwRaWH/kapfenberg-SUpSZy5K/?mid=zkumuNwH
Call log:
  - navigating to "https://www.flashscore.com/match/football/floridsdorfer-ac-wien-r9HwRaWH/kapfenberg-SUpSZy5K/?mid=zkumuNwH", waiting until "domcontentloaded"

  [CRITICAL ERROR] Logging state for 'process_match_task_Kapfenberg_vs_Floridsdorfer AC'. See 'Logs/Errors' folder.
    [VISION] Analyzing screenshot: h2h_tab.png
    [Batch Start] Nea Salamis vs Karmiotissa: 12.12.2025 - 18:00
      [Error] Match failed Liefering_vs_SK Rapid II: Page.goto: net::ERR_CONNECTION_CLOSED at https://www.flashscore.com/match/football/fc-liefering-Cv27lapN/rapid-vienna-Yuu4T0aG/?mid=drhLQNON
Call log:
  - navigating to "https://www.flashscore.com/match/football/fc-liefering-Cv27lapN/rapid-vienna-Yuu4T0aG/?mid=drhLQNON", waiting until "domcontentloaded"

  [CRITICAL ERROR] Logging state for 'process_match_task_Liefering_vs_SK Rapid II'. See 'Logs/Errors' folder.
      [Error] Match failed Vukovar 1991_vs_Varazdin: Page.goto: net::ERR_CONNECTION_CLOSED at https://www.flashscore.com/match/football/varazdin-Wv0GNPrm/vukovar-1991-nDCpAOpa/?mid=tCD0aIgt
Call log:
  - navigating to "https://www.flashscore.com/match/football/varazdin-Wv0GNPrm/vukovar-1991-nDCpAOpa/?mid=tCD0aIgt", waiting until "domcontentloaded"

  [CRITICAL ERROR] Logging state for 'process_match_task_Vukovar 1991_vs_Varazdin'. See 'Logs/Errors' folder.
    [Batch Start] AS Roma U20 vs Lazio U20: 12.12.2025 - 18:00
    [Batch Start] Kasimpasa vs Genclerbirligi: 12.12.2025 - 18:00
      [Error] Match failed AS Roma U20_vs_Lazio U20: Page.goto: net::ERR_NETWORK_CHANGED at https://www.flashscore.com/match/football/as-roma-YF6nYqJ7/lazio-Sp2nsd2o/?mid=WCtwRVFE
Call log:
  - navigating to "https://www.flashscore.com/match/football/as-roma-YF6nYqJ7/lazio-Sp2nsd2o/?mid=WCtwRVFE", waiting until "domcontentloaded"

  [CRITICAL ERROR] Logging state for 'process_match_task_AS Roma U20_vs_Lazio U20'. See 'Logs/Errors' folder.
      [Error] Match failed Nea Salamis_vs_Karmiotissa: Page.goto: net::ERR_NETWORK_CHANGED at https://www.flashscore.com/match/football/karmiotissa-rgI3oA08/nea-salamis-jcbJ6Sv2/?mid=Sr04jMQH
Call log:
  - navigating to "https://www.flashscore.com/match/football/karmiotissa-rgI3oA08/nea-salamis-jcbJ6Sv2/?mid=Sr04jMQH", waiting until "domcontentloaded"

  [CRITICAL ERROR] Logging state for 'process_match_task_Nea Salamis_vs_Karmiotissa'. See 'Logs/Errors' folder.
    [Batch Start] Greuther Furth vs Hertha Berlin: 12.12.2025 - 18:30
    [Batch Start] Kampala City vs NEC FC: 12.12.2025 - 18:00
    [VISION] Analysis complete.
    [AI INTEL] Using logged HTML: h2h_tab.html
    [AI INTEL] Mapping UI Elements to HTML Selectors...

   --- LEO: Shutting down gracefully. ---
