    --- LEO: Initializing Databases ---      
     Initializing databases...

      --- LEO: Starting new cycle at 2025-12-12 12:22:11 --- 
     Launching new browser instance...

   [Phase 0] Checking for past matches to review...
--- LEO V2.5: Outcome Review Engine (Concurrent) ---
[Review] Found 0 past predictions to review (Limit: 50).
--- No new past matches to review. ---

   [Phase 1] Starting analysis engine (Flashscore)...

--- Running Flashscore Analysis ---
  [Navigation] Going to Flashscore...
  [Navigation] Flashscore loaded successfully.
    [AI INTEL] Selectors found for 'home_page'. Skipping AI analysis.
    [Resume] Last processed: ID p4OczZKF on 12.12.2025

--- ANALYZING DATE: 12.12.2025 ---
    [AI INTEL] Selectors found for 'home_page'. Skipping AI analysis.
    [Extractor] Extracting match data from page...
    [Time Filter] Removed 15 past matches for today.
    [Matches Found] 120 valid fixtures. (Sorted by Time)
    [Resume] Checking for last processed ID: p4OczZKF on this date.
    [Resume] Match found at index 0. Skipping 1 previously processed matches.
    [Batching] Processing 119 matches concurrently...
    [Batch Start] Adana Demirspor vs Boluspor: 12.12.2025 - 12:30
    [Popup Handler] Clicked 'I understand' button via: button:has-text('I understand')
    [AI INTEL] Selectors found for 'match_page'. Skipping AI analysis.
    [Popup Handler] Clicked 'I understand' button via: button:has-text('I understand')
    [Cookies] Accepted via OneTrust
    [H2H Expansion] Expanding available match history...
    [AI INTEL] Selectors found for 'h2h_tab'. Skipping AI analysis.
      [Extractor] Extracting H2H tab...
      [Extractor] Found 10 home, 10 away, 5 H2H matches.
      [OK H2H] H2H tab data extracted for Adana Demirspor_vs_Boluspor (25 matches found)
    [AI INTEL] Selectors found for 'standings_tab'. Skipping AI analysis.
      [Extractor] Extracting Standings tab...
      [Extractor] Found 20 teams in standings for 'TURKEY - 1. LIG - ROUND 17'.
      [DB] Updated standings for TURKEY - 1. LIG - ROUND 17
      [OK Standing] Standings tab data extracted for TURKEY - 1. LIG - ROUND 17
      [Extractor Validation] Updated League to: TURKEY - 1. LIG - ROUND 17
      [DB] Updated standings for TURKEY - 1. LIG - ROUND 17
      [OK Standing] Standings tab data extracted for TURKEY - 1. LIG - ROUND 17
            [OK Signal] Adana Demirspor_vs_Boluspor
    [Batch Start] APS Bomet vs Posta Rangers: 12.12.2025 - 13:00
    [Popup Handler] Clicked 'I understand' button via: button:has-text('I understand')
    [AI INTEL] Selectors found for 'match_page'. Skipping AI analysis.
    [Popup Handler] Clicked 'I understand' button via: button:has-text('I understand')
    [Cookies] Accepted via OneTrust
    [H2H Expansion] Expanding available match history...
    [AI INTEL] Selectors found for 'h2h_tab'. Skipping AI analysis.
      [Extractor] Extracting H2H tab...
      [Extractor] Found 10 home, 10 away, 0 H2H matches.
      [OK H2H] H2H tab data extracted for APS Bomet_vs_Posta Rangers (20 matches found)

   --- LEO: Shutting down gracefully. ---
