    --- LEO: Initializing Databases ---      
     Initializing databases...

      --- LEO: Starting new cycle at 2025-12-09 20:58:10 --- 
     Launching new browser instance...

   [Phase 0] Checking for past matches to review...
--- LEO V2.5: Outcome Review Engine (Concurrent) ---
[Review] Found 0 past predictions to review (Limit: 50).
--- No new past matches to review. ---

   [Phase 1] Starting analysis engine (Flashscore)...

--- Running Flashscore Analysis ---
  [Navigation] Going to Flashscore...
  [Navigation] Flashscore loaded successfully.
    [AI INTEL] Selectors found for 'home_page'. Skipping AI analysis.

--- ANALYZING DATE: 09.12.2025 ---
    [AI INTEL] Selectors found for 'home_page'. Skipping AI analysis.
    [Info] Clicked scheduled tab.
    [Extractor] Extracting match data from page...
    [Time Filter] Removed 0 past matches for today.
    [Matches Found] 15 valid fixtures. (Sorted by Time)
    [Batching] Processing 15 matches concurrently...
    [Batch Start] Atalanta vs Chelsea: 09.12.2025 - 21:00
      [Error] Match failed Atalanta_vs_Chelsea: Page.goto: Target page, context or browser has been closed
Call log:
  - navigating to "https://www.flashscore.com/match/football/atalanta-8C9JjMXu/chelsea-4fGZN2oK/?mid=rT1WEt5b", waiting until "domcontentloaded"

  [CRITICAL ERROR] Logging state for 'process_match_task_Atalanta_vs_Chelsea'. See 'Logs/Errors' folder.
    [Batch Start] Barcelona vs Eintracht Frankfurt: 09.12.2025 - 21:00
    [AI INTEL] Starting Full Discovery for context: 'match_page' (Force: False)...
    [AI INTEL] Capturing page state for 'match_page'...
    [VISION] Loading UI/UX analysis from logged screenshot...
    [VISION] Using logged screenshot: match_page.png

   --- LEO: Shutting down gracefully. ---
