    --- LEO: Initializing Databases ---      
     Initializing databases...

      --- LEO: Starting new cycle at 2025-12-12 09:23:07 --- 
     Launching new browser instance...

   [Phase 0] Checking for past matches to review...
--- LEO V2.5: Outcome Review Engine (Concurrent) ---
[Review] Found 1 past predictions to review (Limit: 50).
[Processing] Starting batch review for 1 matches...
  [Web Check] Beijing Guoan (Chn) vs Macarthur FC (Aus)
    [Popup Handler] Clicked 'I understand' button via: button:has-text('I understand')
    [Success] Score: 1-2
--- Review Process Complete ---

   [Phase 1] Starting analysis engine (Flashscore)...

--- Running Flashscore Analysis ---
  [Navigation] Going to Flashscore...
  [Navigation] Flashscore loaded successfully.
    [AI INTEL] Selectors found for 'home_page'. Skipping AI analysis.
    [Resume] Last processed: ID 8hK4Jq2c on 11.12.2025

--- ANALYZING DATE: 12.12.2025 ---
    [AI INTEL] Selectors found for 'home_page'. Skipping AI analysis.
    [Cookies] Accepted via text: I Accept
    [Extractor] Extracting match data from page...
    [Time Filter] Removed 6 past matches for today.
    [Matches Found] 129 valid fixtures. (Sorted by Time)
    [Batching] Processing 129 matches concurrently...
    [Batch Start] Arambagh vs Brothers U.: 12.12.2025 - 09:30
    [AI INTEL] Selectors found for 'match_page'. Skipping AI analysis.
      [Warning] H2H tab inaccessible for Arambagh_vs_Brothers U.
      [NO Signal] Arambagh_vs_Brothers U.
    [Batch Start] Rahmatgonj MFS vs Fortis: 12.12.2025 - 09:30
    [Popup Handler] Clicked 'I understand' button via: button:has-text('I understand')
    [AI INTEL] Selectors found for 'match_page'. Skipping AI analysis.
    [Cookies] Accepted via text: I Accept
    [Popup Handler] Clicked 'I understand' button via: button:has-text('I understand')
    [H2H Expansion] Expanding available match history...
    [AI INTEL] Selectors found for 'h2h_tab'. Skipping AI analysis.
      [Extractor] Extracting H2H tab...
      [Extractor] Found 10 home, 10 away, 5 H2H matches.
      [OK H2H] H2H tab data extracted for Rahmatgonj MFS_vs_Fortis (25 matches found)
    [AI INTEL] Selectors found for 'standings_tab'. Skipping AI analysis.
      [Extractor] Extracting Standings tab...
      [Extractor] Warning: No standings table rows found.
      [Extractor Validation] Updated League to: BANGLADESH - BFL - ROUND 6
      [OK Signal] Rahmatgonj MFS_vs_Fortis
    [Batch Start] Central Coast Mariners vs Auckland FC: 12.12.2025 - 09:35
      [Error] Match failed Central Coast Mariners_vs_Auckland FC: Page.goto: net::ERR_CONNECTION_CLOSED at https://www.flashscore.com/match/football/auckland-fc-2J7jacL6/central-coast-Wzp1wFWg/?mid=fHAHjCLH
Call log:
  - navigating to "https://www.flashscore.com/match/football/auckland-fc-2J7jacL6/central-coast-Wzp1wFWg/?mid=fHAHjCLH", waiting until "domcontentloaded"

  [CRITICAL ERROR] Logging state for 'process_match_task_Central Coast Mariners_vs_Auckland FC'. See 'Logs/Errors' folder.
    [Batch Start] Istaravshan vs Istiqlol Dushanbe: 12.12.2025 - 10:00
      [Error] Match failed Istaravshan_vs_Istiqlol Dushanbe: Page.goto: net::ERR_CONNECTION_CLOSED at https://www.flashscore.com/match/football/istaravshan-b7edWal7/istiqlol-dushanbe-hQRUXPon/?mid=zkk0wrrC
Call log:
  - navigating to "https://www.flashscore.com/match/football/istaravshan-b7edWal7/istiqlol-dushanbe-hQRUXPon/?mid=zkk0wrrC", waiting until "domcontentloaded"

  [CRITICAL ERROR] Logging state for 'process_match_task_Istaravshan_vs_Istiqlol Dushanbe'. See 'Logs/Errors' folder.
    [Batch Start] North Macedonia U18 vs Montenegro U18: 12.12.2025 - 11:00
      [Error] Match failed North Macedonia U18_vs_Montenegro U18: Page.goto: net::ERR_CONNECTION_CLOSED at https://www.flashscore.com/match/football/montenegro-rqPuN6y1/north-macedonia-nkVwxv5O/?mid=nw2qgp5e
Call log:
  - navigating to "https://www.flashscore.com/match/football/montenegro-rqPuN6y1/north-macedonia-nkVwxv5O/?mid=nw2qgp5e", waiting until "domcontentloaded"

  [CRITICAL ERROR] Logging state for 'process_match_task_North Macedonia U18_vs_Montenegro U18'. See 'Logs/Errors' folder.
    [Batch Start] Anse Reunion vs Foresters FC: 12.12.2025 - 11:45
    [Popup Handler] Clicked 'I understand' button via: button:has-text('I understand')
    [AI INTEL] Selectors found for 'match_page'. Skipping AI analysis.
    [Cookies] Accepted via OneTrust
    [Popup Handler] Clicked 'I understand' button via: button:has-text('I understand')
    [H2H Expansion] Expanding available match history...
    [AI INTEL] Selectors found for 'h2h_tab'. Skipping AI analysis.
      [Extractor] Extracting H2H tab...
      [Extractor] Found 10 home, 10 away, 5 H2H matches.
      [OK H2H] H2H tab data extracted for Anse Reunion_vs_Foresters FC (25 matches found)
    [AI INTEL] Selectors found for 'standings_tab'. Skipping AI analysis.

   --- LEO: Shutting down gracefully. ---
