    --- LEO: Initializing Databases ---      
     Initializing databases...
    [Init] Creating predictions.csv...
    [Init] Creating schedules.csv...
    [Init] Creating standings.csv...
    [Init] Creating teams.csv...
    [Init] Creating region_league.csv...

      --- LEO: Starting new cycle at 2025-12-12 11:51:56 --- 
     Launching new browser instance...

   [Phase 0] Checking for past matches to review...
--- LEO V2.5: Outcome Review Engine (Concurrent) ---
[Review] Found 0 past predictions to review (Limit: 50).
--- No new past matches to review. ---

   [Phase 1] Starting analysis engine (Flashscore)...

--- Running Flashscore Analysis ---
  [Navigation] Going to Flashscore...
  [Navigation] Flashscore loaded successfully.
    [AI INTEL] Selectors found for 'home_page'. Skipping AI analysis.

--- ANALYZING DATE: 12.12.2025 ---
    [AI INTEL] Selectors found for 'home_page'. Skipping AI analysis.
    [Extractor] Extracting match data from page...
    [Time Filter] Removed 12 past matches for today.
    [Matches Found] 123 valid fixtures. (Sorted by Time)
    [Batching] Processing 123 matches concurrently...
    [Batch Start] Indonesia U22 vs Myanmar U22: 12.12.2025 - 12:00
    [Popup Handler] Clicked 'I understand' button via: button:has-text('I understand')
    [AI INTEL] Selectors found for 'match_page'. Skipping AI analysis.
    [Cookies] Accepted via text: I Accept
    [Popup Handler] Clicked 'I understand' button via: button:has-text('I understand')
    [H2H Expansion] Expanding available match history...
    [AI INTEL] Selectors found for 'h2h_tab'. Skipping AI analysis.
      [Extractor] Extracting H2H tab...
      [Extractor] Found 10 home, 10 away, 2 H2H matches.
      [OK H2H] H2H tab data extracted for Indonesia U22_vs_Myanmar U22 (22 matches found)
    [AI INTEL] Selectors found for 'standings_tab'. Skipping AI analysis.
      [Extractor] Extracting Standings tab...
      [Extractor] Found 6 teams in standings for 'ASIA - SOUTHEAST ASIAN GAMES - ROUND 3'.
      [DB] Updated standings for ASIA - SOUTHEAST ASIAN GAMES - ROUND 3
      [OK Standing] Standings tab data extracted for ASIA - SOUTHEAST ASIAN GAMES - ROUND 3
      [Extractor Validation] Updated League to: ASIA - SOUTHEAST ASIAN GAMES - ROUND 3
      [DB] Updated standings for ASIA - SOUTHEAST ASIAN GAMES - ROUND 3
      [OK Standing] Standings tab data extracted for ASIA - SOUTHEAST ASIAN GAMES - ROUND 3
      [OK Signal] Indonesia U22_vs_Myanmar U22
    [Batch Start] Perth W vs Wellington Phoenix W: 12.12.2025 - 12:00
    [Popup Handler] Clicked 'I understand' button via: button:has-text('I understand')
    [AI INTEL] Selectors found for 'match_page'. Skipping AI analysis.
    [Popup Handler] Clicked 'I understand' button via: button:has-text('I understand')
    [Cookies] Accepted via OneTrust
    [H2H Expansion] Expanding available match history...
    [AI INTEL] Selectors found for 'h2h_tab'. Skipping AI analysis.
      [Extractor] Extracting H2H tab...
      [Extractor] Found 10 home, 10 away, 5 H2H matches.
      [OK H2H] H2H tab data extracted for Perth W_vs_Wellington Phoenix W (25 matches found)
    [AI INTEL] Selectors found for 'standings_tab'. Skipping AI analysis.
      [Extractor] Extracting Standings tab...
      [Extractor] Found 11 teams in standings for 'AUSTRALIA - A-LEAGUE WOMEN - ROUND 7'.
      [DB] Updated standings for AUSTRALIA - A-LEAGUE WOMEN - ROUND 7
      [OK Standing] Standings tab data extracted for AUSTRALIA - A-LEAGUE WOMEN - ROUND 7
      [Extractor Validation] Updated League to: AUSTRALIA - A-LEAGUE WOMEN - ROUND 7
      [DB] Updated standings for AUSTRALIA - A-LEAGUE WOMEN - ROUND 7
      [OK Standing] Standings tab data extracted for AUSTRALIA - A-LEAGUE WOMEN - ROUND 7
      [OK Signal] Perth W_vs_Wellington Phoenix W
    [Batch Start] Parma U20 vs Monza U20: 12.12.2025 - 12:00
    [Popup Handler] Clicked 'I understand' button via: button:has-text('I understand')
    [AI INTEL] Selectors found for 'match_page'. Skipping AI analysis.
    [Popup Handler] Clicked 'I understand' button via: button:has-text('I understand')
    [Cookies] Accepted via OneTrust
    [H2H Expansion] Expanding available match history...
    [AI INTEL] Selectors found for 'h2h_tab'. Skipping AI analysis.
      [Extractor] Extracting H2H tab...
      [Extractor] Found 10 home, 10 away, 0 H2H matches.
      [OK H2H] H2H tab data extracted for Parma U20_vs_Monza U20 (20 matches found)
    [AI INTEL] Selectors found for 'standings_tab'. Skipping AI analysis.
      [Extractor] Extracting Standings tab...
      [Extractor] Found 20 teams in standings for 'ITALY - PRIMAVERA 1 - ROUND 15'.
      [DB] Updated standings for ITALY - PRIMAVERA 1 - ROUND 15
      [OK Standing] Standings tab data extracted for ITALY - PRIMAVERA 1 - ROUND 15
      [Extractor Validation] Updated League to: ITALY - PRIMAVERA 1 - ROUND 15
      [DB] Updated standings for ITALY - PRIMAVERA 1 - ROUND 15
      [OK Standing] Standings tab data extracted for ITALY - PRIMAVERA 1 - ROUND 15
      [OK Signal] Parma U20_vs_Monza U20
    [Batch Start] Bashundara Kings vs Mohammedan: 12.12.2025 - 12:30
    [Cookies] Accepted via text: I Accept
    [Popup Handler] Clicked 'I understand' button via: button:has-text('I understand')
    [AI INTEL] Selectors found for 'match_page'. Skipping AI analysis.

   --- LEO: Shutting down gracefully. ---
