--- LEO: Initializing Databases ---
Initializing databases...

--- LEO: Starting new cycle at 2025-12-09 15:35:42 ---
Launching new browser instance...

[Phase 0] Checking for past matches to review...
--- LEO V2.5: Outcome Review Engine (Concurrent) ---
[Review] Found 0 past predictions to review (Limit: 50).
--- No new past matches to review. ---

[Phase 1] Starting analysis engine (Flashscore)...

--- Running Flashscore Analysis ---
  [Navigation] Going to Flashscore...
  [Navigation Error] Attempt 1/5 failed: Page.goto: net::ERR_SOCKET_NOT_CONNECTED at https://www.flashscore.com/football/
Call log:
  - navigating to "https://www.flashscore.com/football/", waiting until "domcontentloaded"

  Retrying in 5 seconds...
  [Navigation Error] Attempt 2/5 failed: Page.goto: net::ERR_CONNECTION_TIMED_OUT at https://www.flashscore.com/football/
Call log:
  - navigating to "https://www.flashscore.com/football/", waiting until "domcontentloaded"

  Retrying in 5 seconds...

--- LEO: Shutting down gracefully. ---
