--- LEO: Initializing Databases ---
Initializing databases...
    [Init] Creating schedules.csv...

--- LEO: Starting new cycle at 2025-12-08 14:41:49 ---

[Phase 0] Checking for past matches to review...
--- LEO V2.5: Outcome Review Engine (Concurrent) ---
[Review] Found 0 past predictions to review (Limit: 50).
--- No new past matches to review. ---

[Phase 1] Starting analysis engine (Flashscore)...

--- Running Flashscore Analysis ---
  [Navigation] Going to Flashscore...
  [Navigation] Flashscore loaded successfully.
    [AI INTEL] Selectors found for 'home_page'. Skipping AI analysis.

--- ANALYZING DATE: 08.12.2025 ---
    [AI INTEL] Selectors found for 'home_page'. Skipping AI analysis.
    [Info] Clicked scheduled tab.
    [Extractor] Extracting match data from page...
    [Time Filter] Removed 1 past matches for today.
    [Matches Found] 81 valid fixtures. (Sorted by Time)
    [Batching] Processing 81 matches concurrently...
    [Batch Start] Pisa vs Parma: 08.12.2025 - 15:00
    [Batch Start] Tanganyika vs Blessing: 08.12.2025 - 15:00
    [Batch Start] Anges Verts vs Dauphins Noirs: 08.12.2025 - 15:00
    [Batch Start] Avellino vs Venezia: 08.12.2025 - 15:00
