--- LEO: A loop that observes, decides, and acts. ---
Initializing databases...
    [Init] Creating predictions.csv...
    [Init] Creating schedules.csv...
    [Init] Creating standings.csv...
    [Init] Creating teams.csv...
    [Init] Creating region_league.csv...

[Phase 0] Checking for past matches to review...
--- LEO V2.5: Outcome Review Engine (Concurrent) ---
[Review] Found 0 past predictions to review (Limit: 50).
--- No new past matches to review. ---

--- Running Flashscore Analysis ---
  [Navigation] Going to Flashscore...
  [Navigation] Flashscore loaded successfully.
    [AI INTEL] Starting Full Discovery for context: 'home_page' (Force: False)...
    [AI INTEL] Taking Screenshot and HTML capture of: 'home_page'...
    [VISION] Loading UI/UX analysis from logged screenshot...
    [VISION ERROR] No screenshot found for context: home_page
    [Cookies] Accepted via OneTrust

--- ANALYZING DATE: 08.12.2025 ---
    [AI INTEL] Starting Full Discovery for context: 'home_page' (Force: False)...
    [AI INTEL] Taking Screenshot and HTML capture of: 'home_page'...
    [VISION] Loading UI/UX analysis from logged screenshot...
    [VISION ERROR] No screenshot found for context: home_page
  [Dynamic Extraction] Extracting match URLs using AI selectors...
