--- LEO: Initializing Databases ---
Initializing databases...

--- LEO: Starting new cycle at 2025-12-09 07:13:25 ---

[Phase 0] Checking for past matches to review...
--- LEO V2.5: Outcome Review Engine (Concurrent) ---
[Review] Found 0 past predictions to review (Limit: 50).
--- No new past matches to review. ---

[Phase 1] Starting analysis engine (Flashscore)...

--- Running Flashscore Analysis ---
  [Navigation] Going to Flashscore...
  [Navigation] Flashscore loaded successfully.
    [AI INTEL] Selectors found for 'home_page'. Skipping AI analysis.
    [Resume] Last processed: ID 8ph09lne on 08.12.2025

--- ANALYZING DATE: 09.12.2025 ---
    [AI INTEL] Selectors found for 'home_page'. Skipping AI analysis.
    [Cookies] Accepted via text: I Accept
    [Info] Clicked scheduled tab.
    [Extractor] Extracting match data from page...
    [Time Filter] Removed 0 past matches for today.
    [Matches Found] 110 valid fixtures. (Sorted by Time)
    [Batching] Processing 110 matches concurrently...
    [Batch Start] Kairat Almaty U19 vs Olympiacos Piraeus U19: 09.12.2025 - 08:00
    [Cookies] Accepted via text: I Accept
    [Popup Handler] Clicked 'I understand' button via: button[data-testid="wcl-tooltip-actionButton"]
      [Error] Match failed Kairat Almaty U19_vs_Olympiacos Piraeus U19: Timeout 180000ms exceeded.
=========================== logs ===========================
"load" event fired
============================================================
  [CRITICAL ERROR] Logging state for 'process_match_task_Kairat Almaty U19_vs_Olympiacos Piraeus U19'. See 'Logs/Errors' folder.
