--- LEO: Initializing Databases ---
Initializing databases...

--- LEO: Starting new cycle at 2025-12-08 16:53:53 ---

[Phase 0] Checking for past matches to review...
--- LEO V2.5: Outcome Review Engine (Concurrent) ---
[Review] Found 0 past predictions to review (Limit: 50).
--- No new past matches to review. ---

[Phase 1] Starting analysis engine (Flashscore)...

--- Running Flashscore Analysis ---
  [Navigation] Going to Flashscore...
  [Navigation] Flashscore loaded successfully.
    [AI INTEL] Selectors found for 'home_page'. Skipping AI analysis.

--- ANALYZING DATE: 08.12.2025 ---
    [AI INTEL] Selectors found for 'home_page'. Skipping AI analysis.
    [Info] Clicked scheduled tab.
    [Extractor] Extracting match data from page...
    [Time Filter] Removed 8 past matches for today.
    [Matches Found] 55 valid fixtures. (Sorted by Time)
    [Batching] Processing 55 matches concurrently...
    [Batch Start] Sabah Baku vs Neftci Baku: 08.12.2025 - 17:00
    [Batch Start] Panserraikos vs Panetolikos: 08.12.2025 - 17:00
    [Batch Start] Jubilee vs Fassell: 08.12.2025 - 17:00
    [Batch Start] Discoveries vs Wologizi: 08.12.2025 - 17:00
