--- LEO: Initializing Databases ---
Initializing databases...

--- LEO: Starting new cycle at 2025-12-08 13:51:06 ---

[Phase 0] Checking for past matches to review...
--- LEO V2.5: Outcome Review Engine (Concurrent) ---
[Review] Found 0 past predictions to review (Limit: 50).
--- No new past matches to review. ---

[Phase 1] Starting analysis engine (Flashscore)...

--- Running Flashscore Analysis ---
  [Navigation] Going to Flashscore...
  [Navigation] Flashscore loaded successfully.
    [AI INTEL] Starting Full Discovery for context: 'home_page' (Force: False)...
    [AI INTEL] Taking Screenshot and HTML capture of: 'home_page'...
    [VISION] Loading UI/UX analysis from logged screenshot...
    [VISION ERROR] No screenshot found for context: home_page

--- ANALYZING DATE: 08.12.2025 ---
    [AI INTEL] Starting Full Discovery for context: 'home_page' (Force: False)...
    [AI INTEL] Taking Screenshot and HTML capture of: 'home_page'...
    [VISION] Loading UI/UX analysis from logged screenshot...
    [VISION ERROR] No screenshot found for context: home_page
    [Extractor] Extracting match data from page...
    [Auto-Heal] Selector 'match_rows' in 'home_page' invalid/missing. Initiating AI repair...
    [AI INTEL] Starting Full Discovery for context: 'home_page' (Force: True)...
    [AI INTEL] Taking Screenshot and HTML capture of: 'home_page'...
    [VISION] Loading UI/UX analysis from logged screenshot...
    [VISION ERROR] No screenshot found for context: home_page
    [Auto-Heal Failed] AI could not find 'match_rows' even after refresh.
    [Auto-Heal] Selector 'match_row_home_team_name' in 'home_page' invalid/missing. Initiating AI repair...
    [AI INTEL] Starting Full Discovery for context: 'home_page' (Force: True)...
    [AI INTEL] Taking Screenshot and HTML capture of: 'home_page'...
    [VISION] Loading UI/UX analysis from logged screenshot...
    [VISION ERROR] No screenshot found for context: home_page
    [Auto-Heal Failed] AI could not find 'match_row_home_team_name' even after refresh.
    [Auto-Heal] Selector 'match_row_away_team_name' in 'home_page' invalid/missing. Initiating AI repair...
    [AI INTEL] Starting Full Discovery for context: 'home_page' (Force: True)...
    [AI INTEL] Taking Screenshot and HTML capture of: 'home_page'...
    [VISION] Loading UI/UX analysis from logged screenshot...
    [VISION ERROR] No screenshot found for context: home_page
    [Auto-Heal Failed] AI could not find 'match_row_away_team_name' even after refresh.
    [Auto-Heal] Selector 'league_header' in 'home_page' invalid/missing. Initiating AI repair...
    [AI INTEL] Starting Full Discovery for context: 'home_page' (Force: True)...
    [AI INTEL] Taking Screenshot and HTML capture of: 'home_page'...
    [VISION] Loading UI/UX analysis from logged screenshot...
    [VISION ERROR] No screenshot found for context: home_page
    [Auto-Heal Failed] AI could not find 'league_header' even after refresh.
    [Auto-Heal] Selector 'league_category' in 'home_page' invalid/missing. Initiating AI repair...
    [AI INTEL] Starting Full Discovery for context: 'home_page' (Force: True)...
    [AI INTEL] Taking Screenshot and HTML capture of: 'home_page'...
    [VISION] Loading UI/UX analysis from logged screenshot...
    [VISION ERROR] No screenshot found for context: home_page
    [Auto-Heal Failed] AI could not find 'league_category' even after refresh.
    [Auto-Heal] Selector 'league_title_link' in 'home_page' invalid/missing. Initiating AI repair...
    [AI INTEL] Starting Full Discovery for context: 'home_page' (Force: True)...
    [AI INTEL] Taking Screenshot and HTML capture of: 'home_page'...
    [VISION] Loading UI/UX analysis from logged screenshot...
    [VISION ERROR] No screenshot found for context: home_page
    [Auto-Heal Failed] AI could not find 'league_title_link' even after refresh.
