    --- LEO: Initializing Databases ---      
     Initializing databases...

      --- LEO: Starting new cycle at 2025-12-12 09:46:17 --- 
     Launching new browser instance...

   [Phase 0] Checking for past matches to review...
--- LEO V2.5: Outcome Review Engine (Concurrent) ---
[Review] Found 0 past predictions to review (Limit: 50).
--- No new past matches to review. ---

   [Phase 1] Starting analysis engine (Flashscore)...

--- Running Flashscore Analysis ---
  [Navigation] Going to Flashscore...
  [Navigation] Flashscore loaded successfully.
    [AI INTEL] Selectors found for 'home_page'. Skipping AI analysis.
    [Resume] Last processed: ID drr3Eibd on 12.12.2025

--- ANALYZING DATE: 12.12.2025 ---
    [AI INTEL] Selectors found for 'home_page'. Skipping AI analysis.
    [Extractor] Extracting match data from page...
    [Time Filter] Removed 9 past matches for today.
    [Matches Found] 126 valid fixtures. (Sorted by Time)
    [Resume] Checking for last processed ID: drr3Eibd on this date.
    [Resume] Last processed ID drr3Eibd not found in current scan. Starting day from beginning.
    [Batching] Processing 126 matches concurrently...
    [Batch Start] Istaravshan vs Istiqlol Dushanbe: 12.12.2025 - 10:00
    [Cookies] Accepted via text: I Accept
    [Popup Handler] Clicked 'I understand' button via: button:has-text('I understand')
    [AI INTEL] Selectors found for 'match_page'. Skipping AI analysis.
    [H2H Expansion] Expanding available match history...
    [AI INTEL] Selectors found for 'h2h_tab'. Skipping AI analysis.
      [Extractor] Extracting H2H tab...
      [Extractor] Found 10 home, 10 away, 5 H2H matches.
      [OK H2H] H2H tab data extracted for Istaravshan_vs_Istiqlol Dushanbe (25 matches found)
    [AI INTEL] Starting Full Discovery for context: 'standings_tab' (Force: True)...
    [AI INTEL] Capturing page state for 'standings_tab'...
      [Warning] Failed to load Standings tab for Istaravshan_vs_Istiqlol Dushanbe: Page.screenshot: Timeout 30000ms exceeded.
Call log:
  - taking page screenshot

      [Extractor Validation] Updated League to: TAJIKISTAN - VYSSHAYA LIGA - ROUND 21
      [NO Signal] Istaravshan_vs_Istiqlol Dushanbe
    [Batch Start] North Macedonia U18 vs Montenegro U18: 12.12.2025 - 11:00
    [AI INTEL] Selectors found for 'match_page'. Skipping AI analysis.
    [Popup Handler] Clicked 'I understand' button via: button:has-text('I understand')
      [Warning] Failed to fully load/expand H2H tab for North Macedonia U18_vs_Montenegro U18: Page.click: Timeout 5000ms exceeded.
Call log:
  - waiting for locator("div.detailOver [data-testid=\"wcl-tabs\"] a[data-analytics-alias=\"h2h\"] button")
    - locator resolved to <button role="tab" data-testid="wcl-tab" data-selected="false" class="wcl-tab_GS7ig">H2H</button>
  - attempting click action
    2 × waiting for element to be visible, enabled and stable
      - element is visible, enabled and stable
      - scrolling into view if needed
      - done scrolling
      - <div id="onetrust-policy-text">…</div> from <div data-nosnippet="true" id="onetrust-consent-sdk">…</div> subtree intercepts pointer events
    - retrying click action
    - waiting 20ms
    - waiting for element to be visible, enabled and stable
    - element is visible, enabled and stable
    - scrolling into view if needed
    - done scrolling

      [NO Signal] North Macedonia U18_vs_Montenegro U18
    [Batch Start] Anse Reunion vs Foresters FC: 12.12.2025 - 11:45
    [AI INTEL] Selectors found for 'match_page'. Skipping AI analysis.
    [Cookies] Accepted via OneTrust
    [Popup Handler] Clicked 'I understand' button via: button:has-text('I understand')
    [H2H Expansion] Expanding available match history...
    [AI INTEL] Selectors found for 'h2h_tab'. Skipping AI analysis.
      [Extractor] Extracting H2H tab...
      [Extractor] Found 10 home, 10 away, 5 H2H matches.
      [OK H2H] H2H tab data extracted for Anse Reunion_vs_Foresters FC (25 matches found)
    [AI INTEL] Starting Full Discovery for context: 'standings_tab' (Force: True)...
    [AI INTEL] Capturing page state for 'standings_tab'...
      [Warning] Failed to load Standings tab for Anse Reunion_vs_Foresters FC: Page.screenshot: Target page, context or browser has been closed
Call log:
  - taking page screenshot

      [Extractor Validation] Updated League to: SEYCHELLES - PREMIER LEAGUE - ROUND 7
      [OK Signal] Anse Reunion_vs_Foresters FC
    [Batch Start] Indonesia U22 vs Myanmar U22: 12.12.2025 - 12:00
    [Cookies] Accepted via OneTrust
    [Popup Handler] Clicked 'I understand' button via: button:has-text('I understand')
    [AI INTEL] Selectors found for 'match_page'. Skipping AI analysis.
    [H2H Expansion] Expanding available match history...
    [AI INTEL] Selectors found for 'h2h_tab'. Skipping AI analysis.
      [Extractor] Extracting H2H tab...
      [Extractor] Found 10 home, 10 away, 2 H2H matches.
      [OK H2H] H2H tab data extracted for Indonesia U22_vs_Myanmar U22 (22 matches found)
    [AI INTEL] Starting Full Discovery for context: 'standings_tab' (Force: True)...
    [AI INTEL] Capturing page state for 'standings_tab'...
    [VISION] Analyzing screenshot: standings_tab.png
    [VISION] Analysis complete.
    [AI INTEL] Using logged HTML: standings_tab.html
    [AI INTEL] Mapping UI Elements to HTML Selectors...
    [AI INTEL] Successfully mapped 93 elements.
      [Extractor] Extracting Standings tab...
      [Warning] Failed to load Standings tab for Indonesia U22_vs_Myanmar U22: Page.wait_for_selector: Target page, context or browser has been closed
      [Extractor Validation] Updated League to: ASIA - SOUTHEAST ASIAN GAMES - ROUND 3
      [OK Signal] Indonesia U22_vs_Myanmar U22
    [Batch Start] Perth W vs Wellington Phoenix W: 12.12.2025 - 12:00
    [Popup Handler] Clicked 'I understand' button via: button:has-text('I understand')
    [AI INTEL] Selectors found for 'match_page'. Skipping AI analysis.
    [Popup Handler] Clicked 'I understand' button via: button:has-text('I understand')
    [H2H Expansion] Expanding available match history...
    [AI INTEL] Selectors found for 'h2h_tab'. Skipping AI analysis.
      [Extractor] Extracting H2H tab...
      [Extractor] Found 10 home, 10 away, 5 H2H matches.
      [OK H2H] H2H tab data extracted for Perth W_vs_Wellington Phoenix W (25 matches found)
    [AI INTEL] Starting Full Discovery for context: 'standings_tab' (Force: True)...
    [AI INTEL] Capturing page state for 'standings_tab'...
    [VISION] Analyzing screenshot: standings_tab.png
    [VISION] Analysis complete.
    [AI INTEL] Using logged HTML: standings_tab.html
    [AI INTEL] Mapping UI Elements to HTML Selectors...
