--- LEO: Initializing Databases ---
Initializing databases...
    [Init] Creating schedules.csv...

--- LEO: Starting new cycle at 2025-12-08 17:15:57 ---

[Phase 0] Checking for past matches to review...
--- LEO V2.5: Outcome Review Engine (Concurrent) ---
[Review] Found 0 past predictions to review (Limit: 50).
--- No new past matches to review. ---

[Phase 1] Starting analysis engine (Flashscore)...

--- Running Flashscore Analysis ---
  [Navigation] Going to Flashscore...
  [Navigation] Flashscore loaded successfully.
    [AI INTEL] Selectors found for 'home_page'. Skipping AI analysis.

--- ANALYZING DATE: 08.12.2025 ---
    [AI INTEL] Selectors found for 'home_page'. Skipping AI analysis.
    [Info] Clicked scheduled tab.
    [Extractor] Extracting match data from page...
    [Time Filter] Removed 14 past matches for today.
    [Matches Found] 45 valid fixtures. (Sorted by Time)
    [Batching] Processing 45 matches concurrently...
    [Batch Start] Udinese vs Genoa: 08.12.2025 - 18:00
    [Batch Start] Morocco vs Saudi Arabia: 08.12.2025 - 18:00
    [Batch Start] Kabylie vs USM Alger: 08.12.2025 - 17:45
    [Batch Start] Oman vs Comoros: 08.12.2025 - 18:00
    [Popup Handler] Clicked 'I understand' button via: button:has-text('I understand')
    [Popup Handler] Clicked 'I understand' button via: button:has-text('I understand')
    [Popup Handler] Clicked 'I understand' button via: button:has-text('I understand')
    [Popup Handler] Clicked 'I understand' button via: button:has-text('I understand')
      [Warning] Failed to fully load/expand H2H tab for Morocco_vs_Saudi Arabia: Page.click: Timeout 5000ms exceeded.
Call log:
  - waiting for locator("div.detailOver [data-testid=\"wcl-tabs\"][data-type=\"primary\"] button[data-selected=\"false\"]:has-text(\"H2H\")")
    - locator resolved to <button role="tab" data-testid="wcl-tab" data-selected="false" class="wcl-tab_GS7ig">H2H</button>
  - attempting click action
    2 × waiting for element to be visible, enabled and stable
      - element is visible, enabled and stable
      - scrolling into view if needed
      - done scrolling
      - <div class="zone__inner"></div> from <div data-zone-group="responsive_detail_fixed_bottom" id="zoneContainer-responsive_detail_fixed_bottom" class="zone zone__responsive_detail_fixed_bottom zone--loading zone--skeletonEnabled zone--placeholderDisabled zone--labelPositionBottom">…</div> subtree intercepts pointer events
    - retrying click action
    - waiting 20ms
    - waiting for element to be visible, enabled and stable
    - element is visible, enabled and stable
    - scrolling into view if needed
    - done scrolling

    [AI INTEL] Selectors found for 'standings_tab'. Skipping AI analysis.
    [Popup Handler] Clicked 'I understand' button via: button:has-text('I understand')
      [Extractor] Extracting Standings tab...
      [Extractor] Found 0 teams in the standings table.
      [❌ No Signal] Morocco_vs_Saudi Arabia
    [Batch Start] Sloga Doboj vs Prijedor: 08.12.2025 - 18:00
    [AI INTEL] Selectors found for 'h2h_tab'. Skipping AI analysis.
    [AI INTEL] Selectors found for 'h2h_tab'. Skipping AI analysis.
    [Cookies] Accepted via OneTrust
    [Cookies] Accepted via OneTrust
    [AI INTEL] Selectors found for 'h2h_tab'. Skipping AI analysis.
    [Popup Handler] Clicked 'I understand' button via: button:has-text('I understand')
    [Popup Handler] Clicked 'I understand' button via: button:has-text('I understand')
    [H2H Expansion] Found 3 'Show more matches' buttons. Clicking them...
    [H2H Expansion] Found 3 'Show more matches' buttons. Clicking them...
    [Cookies] Accepted via OneTrust
    [Popup Handler] Clicked 'I understand' button via: button:has-text('I understand')
    [H2H Expansion] Found 2 'Show more matches' buttons. Clicking them...
    [Popup Handler] Clicked 'I understand' button via: button:has-text('I understand')
      [Extractor] Extracting H2H tab...
      [Warning] Failed to fully load/expand H2H tab for Udinese_vs_Genoa: Page.evaluate: SyntaxError: Failed to execute 'querySelectorAll' on 'Document': 'div.h2h__section:has([data-testid="wcl-headerSection-text"] span[data-testid="wcl-scores-overline-02"]:contains("Last matches: Chengdu Rongcheng")) .h2h__row' is not a valid selector.
    at eval (eval at evaluate (:291:30), <anonymous>:31:50)
    at UtilityScript.evaluate (<anonymous>:298:18)
    at UtilityScript.<anonymous> (<anonymous>:1:44)
      [Extractor] Extracting H2H tab...
    [AI INTEL] Selectors found for 'standings_tab'. Skipping AI analysis.
      [Extractor] Extracting H2H tab...
      [Warning] Failed to fully load/expand H2H tab for Kabylie_vs_USM Alger: Page.evaluate: SyntaxError: Failed to execute 'querySelectorAll' on 'Document': 'div.h2h__section:has([data-testid="wcl-headerSection-text"] span[data-testid="wcl-scores-overline-02"]:contains("Last matches: Chengdu Rongcheng")) .h2h__row' is not a valid selector.
    at eval (eval at evaluate (:291:30), <anonymous>:31:50)
    at UtilityScript.evaluate (<anonymous>:298:18)
    at UtilityScript.<anonymous> (<anonymous>:1:44)
    [AI INTEL] Selectors found for 'standings_tab'. Skipping AI analysis.
      [Warning] Failed to fully load/expand H2H tab for Oman_vs_Comoros: Page.evaluate: SyntaxError: Failed to execute 'querySelectorAll' on 'Document': 'div.h2h__section:has([data-testid="wcl-headerSection-text"] span[data-testid="wcl-scores-overline-02"]:contains("Last matches: Chengdu Rongcheng")) .h2h__row' is not a valid selector.
    at eval (eval at evaluate (:291:30), <anonymous>:31:50)
    at UtilityScript.evaluate (<anonymous>:298:18)
    at UtilityScript.<anonymous> (<anonymous>:1:44)
      [Extractor] Extracting Standings tab...
      [Extractor] Found 0 teams in the standings table.
      [❌ No Signal] Udinese_vs_Genoa
      [Extractor] Extracting Standings tab...
      [Extractor] Found 0 teams in the standings table.
      [❌ No Signal] Kabylie_vs_USM Alger
      [Warning] Failed to load Standings tab for Oman_vs_Comoros: Page.click: Timeout 5000ms exceeded.
Call log:
  - waiting for locator("div.detailOver [data-testid=\"wcl-tabs\"][data-type=\"primary\"] button[data-selected=\"false\"]:has-text(\"Standings\")")
    - locator resolved to <button role="tab" data-testid="wcl-tab" data-selected="false" class="wcl-tab_GS7ig">Standings</button>
  - attempting click action
    - waiting for element to be visible, enabled and stable
    - element is visible, enabled and stable
    - scrolling into view if needed
    - done scrolling
    - performing click action
    - click action done
    - waiting for scheduled navigations to finish

      [❌ No Signal] Oman_vs_Comoros
    [Batch Start] Hamburger SV W vs Koln W: 08.12.2025 - 18:00
    [Batch Start] Hapoel Kfar Shalem vs H. Akko: 08.12.2025 - 18:00
    [Batch Start] Ironi Modiin vs H. Raanana: 08.12.2025 - 18:00
    [AI INTEL] Selectors found for 'h2h_tab'. Skipping AI analysis.
    [Cookies] Accepted via OneTrust
    [Popup Handler] Clicked 'I understand' button via: button:has-text('I understand')
    [H2H Expansion] Found 3 'Show more matches' buttons. Clicking them...
    [Popup Handler] Clicked 'I understand' button via: button:has-text('I understand')
      [Warning] Failed to fully load/expand H2H tab for Sloga Doboj_vs_Prijedor: Locator.click: Timeout 3000ms exceeded.
Call log:
  - waiting for locator("button:has-text('Show more matches'), a:has-text('Show more matches')").nth(1)

    [Popup Handler] Clicked 'I understand' button via: button:has-text('I understand')
      [Warning] Failed to load Standings tab for Sloga Doboj_vs_Prijedor: Page.click: Timeout 5000ms exceeded.
Call log:
  - waiting for locator("div.detailOver [data-testid=\"wcl-tabs\"][data-type=\"primary\"] button[data-selected=\"false\"]:has-text(\"Standings\")")

      [❌ No Signal] Sloga Doboj_vs_Prijedor
    [Popup Handler] Clicked 'I understand' button via: button:has-text('I understand')
    [Batch Start] M. Herzliya vs Maccabi Petah Tikva: 08.12.2025 - 18:00
    [AI INTEL] Selectors found for 'h2h_tab'. Skipping AI analysis.
    [Popup Handler] Clicked 'I understand' button via: button:has-text('I understand')
    [AI INTEL] Selectors found for 'h2h_tab'. Skipping AI analysis.
    [Cookies] Accepted via OneTrust
    [AI INTEL] Selectors found for 'h2h_tab'. Skipping AI analysis.
    [Popup Handler] Clicked 'I understand' button via: button:has-text('I understand')
    [H2H Expansion] Found 2 'Show more matches' buttons. Clicking them...
    [Cookies] Accepted via OneTrust
      [Warning] Failed to fully load/expand H2H tab for M. Herzliya_vs_Maccabi Petah Tikva: Page.click: Timeout 5000ms exceeded.
Call log:
  - waiting for locator("div.detailOver [data-testid=\"wcl-tabs\"][data-type=\"primary\"] button[data-selected=\"false\"]:has-text(\"H2H\")")
    - locator resolved to <button role="tab" data-testid="wcl-tab" data-selected="false" class="wcl-tab_GS7ig">H2H</button>
  - attempting click action
    - waiting for element to be visible, enabled and stable
    - element is visible, enabled and stable
    - scrolling into view if needed

    [Popup Handler] Clicked 'I understand' button via: button:has-text('I understand')
    [H2H Expansion] Found 2 'Show more matches' buttons. Clicking them...
    [Cookies] Accepted via OneTrust
    [Popup Handler] Clicked 'I understand' button via: button:has-text('I understand')
    [H2H Expansion] Found 2 'Show more matches' buttons. Clicking them...
      [Extractor] Extracting H2H tab...
      [Warning] Failed to fully load/expand H2H tab for Hamburger SV W_vs_Koln W: Page.evaluate: SyntaxError: Failed to execute 'querySelectorAll' on 'Document': 'div.h2h__section:has([data-testid="wcl-headerSection-text"] span[data-testid="wcl-scores-overline-02"]:contains("Last matches: Chengdu Rongcheng")) .h2h__row' is not a valid selector.
    at eval (eval at evaluate (:291:30), <anonymous>:31:50)
    at UtilityScript.evaluate (<anonymous>:298:18)
    at UtilityScript.<anonymous> (<anonymous>:1:44)
    [AI INTEL] Selectors found for 'standings_tab'. Skipping AI analysis.
    [AI INTEL] Selectors found for 'standings_tab'. Skipping AI analysis.
      [Extractor] Extracting H2H tab...
      [Warning] Failed to fully load/expand H2H tab for Hapoel Kfar Shalem_vs_H. Akko: Page.evaluate: SyntaxError: Failed to execute 'querySelectorAll' on 'Document': 'div.h2h__section:has([data-testid="wcl-headerSection-text"] span[data-testid="wcl-scores-overline-02"]:contains("Last matches: Chengdu Rongcheng")) .h2h__row' is not a valid selector.
    at eval (eval at evaluate (:291:30), <anonymous>:31:50)
    at UtilityScript.evaluate (<anonymous>:298:18)
    at UtilityScript.<anonymous> (<anonymous>:1:44)
      [Extractor] Extracting H2H tab...
      [Warning] Failed to fully load/expand H2H tab for Ironi Modiin_vs_H. Raanana: Page.evaluate: SyntaxError: Failed to execute 'querySelectorAll' on 'Document': 'div.h2h__section:has([data-testid="wcl-headerSection-text"] span[data-testid="wcl-scores-overline-02"]:contains("Last matches: Chengdu Rongcheng")) .h2h__row' is not a valid selector.
    at eval (eval at evaluate (:291:30), <anonymous>:31:50)
    at UtilityScript.evaluate (<anonymous>:298:18)
    at UtilityScript.<anonymous> (<anonymous>:1:44)
    [AI INTEL] Selectors found for 'standings_tab'. Skipping AI analysis.
    [AI INTEL] Selectors found for 'standings_tab'. Skipping AI analysis.
      [Extractor] Extracting Standings tab...
      [Extractor] Found 0 teams in the standings table.
      [❌ No Signal] Hamburger SV W_vs_Koln W
    [Cookies] Accepted via OneTrust
    [Popup Handler] Clicked 'I understand' button via: button:has-text('I understand')
      [Extractor] Extracting Standings tab...
      [Extractor] Extracting Standings tab...
      [Extractor] Found 0 teams in the standings table.
      [❌ No Signal] Hapoel Kfar Shalem_vs_H. Akko
