    --- LEO: Initializing Databases ---      
     Initializing databases...

      --- LEO: Starting new cycle at 2025-12-13 04:22:13 --- 
     Launching new browser instance...

   [Phase 0] Checking for past matches to review...
--- LEO V2.5: Outcome Review Engine (Concurrent) ---
[Review] Found 50 past predictions to review (Limit: 50).
[Processing] Starting batch review for 50 matches...
  [Web Check] Norwich U21 vs Sunderland U21
  [Web Check] Cardiff U21 vs QPR U21
  [Web Check] Lommel SK vs Gent U23
  [Web Check] Valenciennes vs Sochaux
  [Web Check] Beveren vs Anderlecht U23
    [Popup Handler] Clicked 'I understand' button via: button:has-text('I understand')
    [Popup Handler] Clicked 'I understand' button via: button:has-text('I understand')
    [Popup Handler] Clicked 'I understand' button via: button:has-text('I understand')
    [Success] Lommel SK vs Gent U23 -> Score: 2-0
    [Success] Beveren vs Anderlecht U23 -> Score: 2-1
    [Success] Cardiff U21 vs QPR U21 -> Score: 3-1
  [Web Check] CFR Cluj vs Csikszereda M. Ciuc
    [Success] Norwich U21 vs Sunderland U21 -> Score: 1-1
    [Success] Valenciennes vs Sochaux -> Score: 0-1
  [Web Check] Stade Briochin vs Aubagne
  [Web Check] Orleans vs Versailles
  [Web Check] Paris 13 Atl. vs Concarneau
  [Web Check] Le Puy-en-Velay vs Fleury-Merogis
    [Popup Handler] Clicked 'I understand' button via: button:has-text('I understand')
    [Success] CFR Cluj vs Csikszereda M. Ciuc -> Score: 3-1
    [Popup Handler] Clicked 'I understand' button via: button:has-text('I understand')
    [Popup Handler] Clicked 'I understand' button via: button:has-text('I understand')
  [Web Check] Chateauroux vs Dijon
    [Popup Handler] Clicked 'I understand' button via: button:has-text('I understand')
    [Success] Paris 13 Atl. vs Concarneau -> Score: 0-0
    [Success] Le Puy-en-Velay vs Fleury-Merogis -> Score: 2-1
    [Success] Stade Briochin vs Aubagne -> Score: 1-3
    [Success] Orleans vs Versailles -> Score: 2-0
  [Web Check] Oliveirense vs Chaves
  [Web Check] Betis B vs Alcorcon
  [Web Check] Ulm vs VfL Osnabruck
  [Web Check] Mosta vs Zabbar
    [Popup Handler] Clicked 'I understand' button via: button:has-text('I understand')
    [Success] Chateauroux vs Dijon -> Score: 0-0
  [Web Check] Werder Bremen W vs Bayer Leverkusen W
    [Popup Handler] Clicked 'I understand' button via: button:has-text('I understand')
    [Popup Handler] Clicked 'I understand' button via: button:has-text('I understand')
    [Popup Handler] Clicked 'I understand' button via: button:has-text('I understand')
    [Popup Handler] Clicked 'I understand' button via: button:has-text('I understand')
    [Success] Ulm vs VfL Osnabruck -> Score: 3-5
  [Web Check] SG Dynamo Dresden vs Braunschweig
    [Success] Oliveirense vs Chaves -> Score: 2-3
    [Success] Mosta vs Zabbar -> Score: 1-1
    [Success] Betis B vs Alcorcon -> Score: 2-1
    [Popup Handler] Clicked 'I understand' button via: button:has-text('I understand')
  [Web Check] Greuther Furth vs Hertha Berlin
  [Web Check] AS Roma U20 vs Lazio U20
  [Web Check] Kampala City vs NEC FC
    [Success] Werder Bremen W vs Bayer Leverkusen W -> Score: 1-0
  [Web Check] Liefering vs SK Rapid II
    [Popup Handler] Clicked 'I understand' button via: button:has-text('I understand')
    [Success] SG Dynamo Dresden vs Braunschweig -> Score: 2-3
  [Web Check] Hertha Wels vs A. Lustenau
    [Popup Handler] Clicked 'I understand' button via: button:has-text('I understand')
    [Success] Greuther Furth vs Hertha Berlin -> Score: 3-3
    [Success] Kampala City vs NEC FC -> Score: 2-1
  [Web Check] Austria Vienna (Am) vs A. Klagenfurt
    [Success] AS Roma U20 vs Lazio U20 -> Score: 1-2
    [Popup Handler] Clicked 'I understand' button via: button:has-text('I understand')
  [Web Check] Kapfenberg vs Floridsdorfer AC
  [Web Check] Al Mesaimeer vs Al Sailiya
    [Success] Liefering vs SK Rapid II -> Score: 1-0
  [Web Check] Aigle Noir vs Musongati
    [Popup Handler] Clicked 'I understand' button via: button:has-text('I understand')
    [Popup Handler] Clicked 'I understand' button via: button:has-text('I understand')
    [Popup Handler] Clicked 'I understand' button via: button:has-text('I understand')
    [Success] Hertha Wels vs A. Lustenau -> Score: 0-1
    [Success] Austria Vienna (Am) vs A. Klagenfurt -> Score: 2-1
  [Web Check] Al Bidda vs Qatar SC
    [Popup Handler] Clicked 'I understand' button via: button:has-text('I understand')
  [Web Check] Douanes Niamey vs Olympic Niamey
    [Success] Al Mesaimeer vs Al Sailiya -> Score: 3-0
  [Web Check] Bougouba vs Derby Academie
    [Success] Aigle Noir vs Musongati -> Score: 1-1
    [Fail] Could not extract score.
  [Web Check] AS ZAM vs Renaissance
  [Web Check] Obolon vs Metalist 1925
    [Popup Handler] Clicked 'I understand' button via: button:has-text('I understand')
    [Popup Handler] Clicked 'I understand' button via: button:has-text('I understand')
    [Success] Al Bidda vs Qatar SC -> Score: 1-2
    [Success] Douanes Niamey vs Olympic Niamey -> Score: 3-1
  [Web Check] Sepsi Sf. Gheorghe vs Concordia
    [Popup Handler] Clicked 'I understand' button via: button:has-text('I understand')
  [Web Check] Heart of Lions vs Aduana
    [Popup Handler] Clicked 'I understand' button via: button:has-text('I understand')
    [Success] Bougouba vs Derby Academie -> Score: 0-0
    [Success] Obolon vs Metalist 1925 -> Score: 1-3
    [Popup Handler] Clicked 'I understand' button via: button:has-text('I understand')
  [Web Check] USFA vs ASF Dioulasso
  [Web Check] Al Bukiryah vs Al Taee
    [Success] AS ZAM vs Renaissance -> Score: 1-0
  [Web Check] ADVSA vs Port City
    [Success] Sepsi Sf. Gheorghe vs Concordia -> Score: 3-1
    [Success] Heart of Lions vs Aduana -> Score: 0-1
    [Popup Handler] Clicked 'I understand' button via: button:has-text('I understand')
  [Web Check] Bel Air vs Saint Louis
  [Web Check] Al Rayyan vs Al-Sadd
    [Popup Handler] Clicked 'I understand' button via: button:has-text('I understand')
    [Success] USFA vs ASF Dioulasso -> Score: 1-0
  [Web Check] Renaissance vs Maniema
    [Success] Al Bukiryah vs Al Taee -> Score: 1-2
    [Popup Handler] Clicked 'I understand' button via: button:has-text('I understand')
    [Success] ADVSA vs Port City -> Score: 0-1
    [Popup Handler] Clicked 'I understand' button via: button:has-text('I understand')
    [Popup Handler] Clicked 'I understand' button via: button:has-text('I understand')
    [Success] Al Rayyan vs Al-Sadd -> Score: 5-3
    [Success] Bel Air vs Saint Louis -> Score: 1-0
    [File Error] Failed to write CSV: [WinError 5] Access is denied: 'DB\\predictions.csv.tmp' -> 'DB\\predictions.csv'
    [Popup Handler] Clicked 'I understand' button via: button:has-text('I understand')
  [Web Check] JS Talangai vs Juk
  [Web Check] Oleksandriya vs Kudrivka
  [Web Check] OLS Oulu (Fin) vs AC Oulu (Fin)
  [Web Check] Kitara vs Maroons
    [Success] Renaissance vs Maniema -> Score: 0-1
  [Web Check] Police vs Gasogi United
    [Popup Handler] Clicked 'I understand' button via: button:has-text('I understand')
    [Popup Handler] Clicked 'I understand' button via: button:has-text('I understand')
    [Popup Handler] Clicked 'I understand' button via: button:has-text('I understand')
    [Success] Oleksandriya vs Kudrivka -> Score: 1-1
    [Popup Handler] Clicked 'I understand' button via: button:has-text('I understand')
  [Web Check] Bologna U20 vs AC Milan U20
    [Fail] Could not extract score.
  [Web Check] MS Kafr Qasim vs Ironi Modiin
    [Success] Kitara vs Maroons -> Score: 2-0
    [Popup Handler] Clicked 'I understand' button via: button:has-text('I understand')
  [Web Check] Hapoel Hadera vs Hap. Ramat Gan
    [Success] Police vs Gasogi United -> Score: 1-0
  [Web Check] Maccabi Petah Tikva vs H. Ironi Rishon
    [Popup Handler] Clicked 'I understand' button via: button:has-text('I understand')
    [Success] Bologna U20 vs AC Milan U20 -> Score: 1-1
  [Web Check] Maccabi Jaffa vs Hapoel Kfar Shalem
    [Popup Handler] Clicked 'I understand' button via: button:has-text('I understand')
    [Success] MS Kafr Qasim vs Ironi Modiin -> Score: 0-0
    [Popup Handler] Clicked 'I understand' button via: button:has-text('I understand')
    [Success] Hapoel Hadera vs Hap. Ramat Gan -> Score: 0-1
  [Web Check] Don Bosco vs Tshikas
    [Success] Maccabi Petah Tikva vs H. Ironi Rishon -> Score: 2-1
    [Popup Handler] Clicked 'I understand' button via: button:has-text('I understand')
    [Success] Maccabi Jaffa vs Hapoel Kfar Shalem -> Score: 1-3
    [Popup Handler] Clicked 'I understand' button via: button:has-text('I understand')
    [Success] Don Bosco vs Tshikas -> Score: 3-0
    [Selector Stale] 'meta_match_status' ('span.fixedHeaderDuel__detailStatus') not found after 2 min wait.
    [Auto-Heal] Selector 'meta_match_status' in 'match_page' invalid/missing. Initiating AI repair...
    [AI INTEL] Starting Full Discovery for context: 'match_page' (Force: True)...
    [AI INTEL] Capturing page state for 'match_page'...
    [VISION] Analyzing screenshot: match_page.png
    [VISION] Analysis complete.
    [AI INTEL] Using logged HTML: match_page.html
    [AI INTEL] Mapping UI Elements to HTML Selectors...
    [AI INTEL] Successfully mapped 88 elements.
    [Auto-Heal Success] New selector for 'meta_match_status': .detailScore__status
    [Skip] Match not finished yet.
--- Learning Engine: Updated 16 rule weights ---
ML Models trained - RF: 0.859, GB: 0.859
--- ML Engine: Retrained models with new data ---
--- Selective Enrichment: Checking recent predictions ---
--- Selective Enrichment: Processing 685 recent predictions ---
--- Selective Enrichment: 685 unique matches to enrich ---
    [Popup Handler] Clicked 'I understand' button via: button:has-text('I understand')
    [Popup Handler] Clicked 'I understand' button via: button:has-text('I understand')
    [Popup Handler] Clicked 'I understand' button via: button:has-text('I understand')
    [Popup Handler] Clicked 'I understand' button via: button:has-text('I understand')
    [Popup Handler] Clicked 'I understand' button via: button:has-text('I understand')
    [Popup Handler] Clicked 'I understand' button via: button:has-text('I understand')
    [Popup Handler] Clicked 'I understand' button via: button:has-text('I understand')
    [Popup Handler] Clicked 'I understand' button via: button:has-text('I understand')
    [Popup Handler] Clicked 'I understand' button via: button:has-text('I understand')
    [Popup Handler] Clicked 'I understand' button via: button:has-text('I understand')
--- Selective Enrichment: Complete ---
--- Review Process Complete ---

   [Phase 1] Starting analysis engine (Flashscore)...

--- Running Flashscore Analysis ---
  [Navigation] Going to Flashscore...
  [Navigation] Flashscore loaded successfully.
    [AI INTEL] Selectors found for 'home_page'. Skipping AI analysis.
    [Resume] Last processed: ID YyJr9Sh3 on 14.12.2025

--- SKIPPING DAY: 13.12.2025 (advancing to resume date) ---
  [Navigation] Clicking next day...
    [Cookies] Accepted via text: I Accept
    [Success] Next day clicked and page updated.

--- ANALYZING DATE: 14.12.2025 ---
    [AI INTEL] Selectors found for 'home_page'. Skipping AI analysis.
    [Extractor] Extracting match data from page...
    [Matches Found] 353 valid fixtures. (Sorted by Time)
    [Resume] Checking for last processed ID: YyJr9Sh3 on this date.
    [Resume] Match found at index 286. Skipping 287 previously processed matches.
    [Batching] Processing 66 matches concurrently...

   --- LEO: Shutting down gracefully. ---
