    --- LEO: Initializing Databases ---      
     Initializing databases...

      --- LEO: Starting new cycle at 2025-12-12 14:01:03 --- 
     Launching new browser instance...

   [Phase 0] Checking for past matches to review...
--- LEO V2.5: Outcome Review Engine (Concurrent) ---
[Review] Found 0 past predictions to review (Limit: 50).
--- No new past matches to review. ---

   [Phase 1] Starting analysis engine (Flashscore)...

--- Running Flashscore Analysis ---
  [Navigation] Going to Flashscore...
  [Navigation] Flashscore loaded successfully.
    [AI INTEL] Selectors found for 'home_page'. Skipping AI analysis.
    [Resume] Last processed: ID v3qamjyB on 12.12.2025

--- ANALYZING DATE: 12.12.2025 ---
    [AI INTEL] Selectors found for 'home_page'. Skipping AI analysis.
    [Extractor] Extracting match data from page...
    [Time Filter] Removed 38 past matches for today.
    [Matches Found] 96 valid fixtures. (Sorted by Time)
    [Resume] Checking for last processed ID: v3qamjyB on this date.
    [Resume] Match found at index 40. Skipping 41 previously processed matches.
    [Batching] Processing 55 matches concurrently...
    [Batch Start] FC Porto B vs Penafiel: 12.12.2025 - 19:00
    [Batch Start] Oliveirense vs Chaves: 12.12.2025 - 19:00
    [Batch Start] Betis B vs Alcorcon: 12.12.2025 - 19:00
    [Batch Start] Chateauroux vs Dijon: 12.12.2025 - 19:30
    [Popup Handler] Clicked 'I understand' button via: button:has-text('I understand')
    [Popup Handler] Clicked 'I understand' button via: button:has-text('I understand')
    [AI INTEL] Selectors found for 'match_page'. Skipping AI analysis.
    [AI INTEL] Selectors found for 'match_page'. Skipping AI analysis.
    [Popup Handler] Clicked 'I understand' button via: button:has-text('I understand')
    [Popup Handler] Clicked 'I understand' button via: button:has-text('I understand')
    [Popup Handler] Clicked 'I understand' button via: button:has-text('I understand')
    [AI INTEL] Selectors found for 'match_page'. Skipping AI analysis.
    [Popup Handler] Clicked 'I understand' button via: button:has-text('I understand')
    [Popup Handler] Clicked 'I understand' button via: button:has-text('I understand')
    [AI INTEL] Selectors found for 'match_page'. Skipping AI analysis.
    [Popup Handler] Clicked 'I understand' button via: button:has-text('I understand')
      [Warning] Failed to fully load/expand H2H tab for FC Porto B_vs_Penafiel: Page.click: Timeout 5000ms exceeded.
Call log:
  - waiting for locator("div.detailOver [data-testid=\"wcl-tabs\"] a[data-analytics-alias=\"h2h\"] button")
    - locator resolved to <button role="tab" data-testid="wcl-tab" data-selected="false" class="wcl-tab_GS7ig">H2H</button>
  - attempting click action
    - waiting for element to be visible, enabled and stable
    - element is visible, enabled and stable
    - scrolling into view if needed
    - done scrolling
    - <div class="zone__inner"></div> from <div data-zone-group="responsive_detail_fixed_bottom" id="zoneContainer-responsive_detail_fixed_bottom" class="zone zone__responsive_detail_fixed_bottom zone--loading zone--skeletonEnabled zone--placeholderDisabled zone--labelPositionBottom">…</div> subtree intercepts pointer events
  - retrying click action
    - waiting for element to be visible, enabled and stable
    - element is visible, enabled and stable
    - scrolling into view if needed

    [AI INTEL] Selectors found for 'standings_tab'. Skipping AI analysis.
      [Extractor] Extracting Standings tab...
    [H2H Expansion] Expanding available match history...
    [H2H Expansion] Expanding available match history...
    [H2H Expansion] Expanding available match history...
      [Extractor] Warning: No standings table rows found.
      [NO Signal] FC Porto B_vs_Penafiel
    [AI INTEL] Selectors found for 'h2h_tab'. Skipping AI analysis.
      [Extractor] Extracting H2H tab...
    [AI INTEL] Selectors found for 'h2h_tab'. Skipping AI analysis.
      [Extractor] Extracting H2H tab...
    [AI INTEL] Selectors found for 'h2h_tab'. Skipping AI analysis.
      [Extractor] Extracting H2H tab...
    [Batch Start] Le Puy-en-Velay vs Fleury-Merogis: 12.12.2025 - 19:30
      [Extractor] Found 10 home, 10 away, 5 H2H matches.
      [OK H2H] H2H tab data extracted for Oliveirense_vs_Chaves (25 matches found)
    [AI INTEL] Selectors found for 'standings_tab'. Skipping AI analysis.
      [Extractor] Found 10 home, 10 away, 2 H2H matches.
      [OK H2H] H2H tab data extracted for Betis B_vs_Alcorcon (22 matches found)
      [Extractor] Found 10 home, 10 away, 5 H2H matches.
      [OK H2H] H2H tab data extracted for Chateauroux_vs_Dijon (25 matches found)
    [AI INTEL] Selectors found for 'standings_tab'. Skipping AI analysis.
    [AI INTEL] Selectors found for 'standings_tab'. Skipping AI analysis.
    [Cookies] Accepted via OneTrust
    [Cookies] Accepted via OneTrust
    [Popup Handler] Clicked 'I understand' button via: button:has-text('I understand')
    [Cookies] Accepted via OneTrust
    [AI INTEL] Selectors found for 'match_page'. Skipping AI analysis.
    [Cookies] Accepted via text: I Accept
      [Extractor] Extracting Standings tab...
      [Extractor] Extracting Standings tab...
      [Extractor] Extracting Standings tab...
      [Extractor] Found 20 teams in standings for 'SPAIN - PRIMERA RFEF - GROUP 2 - ROUND 16'.
      [DB] Updated standings for SPAIN - PRIMERA RFEF - GROUP 2 - ROUND 16
      [OK Standing] Standings tab data extracted for SPAIN - PRIMERA RFEF - GROUP 2 - ROUND 16
      [Extractor Validation] Updated League to: SPAIN - PRIMERA RFEF - GROUP 2 - ROUND 16
      [DB] Updated standings for SPAIN - PRIMERA RFEF - GROUP 2 - ROUND 16
      [OK Standing] Standings tab data extracted for SPAIN - PRIMERA RFEF - GROUP 2 - ROUND 16
            [OK Signal] Betis B_vs_Alcorcon
      [Extractor] Found 18 teams in standings for 'PORTUGAL - LIGA PORTUGAL 2 - ROUND 14'.
      [DB] Updated standings for PORTUGAL - LIGA PORTUGAL 2 - ROUND 14
      [OK Standing] Standings tab data extracted for PORTUGAL - LIGA PORTUGAL 2 - ROUND 14
      [Extractor Validation] Updated League to: PORTUGAL - LIGA PORTUGAL 2 - ROUND 14
      [DB] Updated standings for PORTUGAL - LIGA PORTUGAL 2 - ROUND 14
      [OK Standing] Standings tab data extracted for PORTUGAL - LIGA PORTUGAL 2 - ROUND 14
            [OK Signal] Oliveirense_vs_Chaves
      [Extractor] Found 17 teams in standings for 'FRANCE - NATIONAL - ROUND 16'.
      [DB] Updated standings for FRANCE - NATIONAL - ROUND 16
      [OK Standing] Standings tab data extracted for FRANCE - NATIONAL - ROUND 16
      [Extractor Validation] Updated League to: FRANCE - NATIONAL - ROUND 16
      [DB] Updated standings for FRANCE - NATIONAL - ROUND 16
      [OK Standing] Standings tab data extracted for FRANCE - NATIONAL - ROUND 16
            [OK Signal] Chateauroux_vs_Dijon
    [H2H Expansion] Expanding available match history...
    [Batch Start] Orleans vs Versailles: 12.12.2025 - 19:30
    [Batch Start] Paris 13 Atl. vs Concarneau: 12.12.2025 - 19:30
    [Batch Start] Stade Briochin vs Aubagne: 12.12.2025 - 19:30
    [AI INTEL] Selectors found for 'h2h_tab'. Skipping AI analysis.
      [Extractor] Extracting H2H tab...
      [Extractor] Found 10 home, 10 away, 0 H2H matches.
      [OK H2H] H2H tab data extracted for Le Puy-en-Velay_vs_Fleury-Merogis (20 matches found)
    [Popup Handler] Clicked 'I understand' button via: button:has-text('I understand')
    [AI INTEL] Selectors found for 'standings_tab'. Skipping AI analysis.
    [Popup Handler] Clicked 'I understand' button via: button:has-text('I understand')
    [Popup Handler] Clicked 'I understand' button via: button:has-text('I understand')
    [AI INTEL] Selectors found for 'match_page'. Skipping AI analysis.
    [AI INTEL] Selectors found for 'match_page'. Skipping AI analysis.
    [Popup Handler] Clicked 'I understand' button via: button:has-text('I understand')
    [AI INTEL] Selectors found for 'match_page'. Skipping AI analysis.
    [Popup Handler] Clicked 'I understand' button via: button:has-text('I understand')
    [Popup Handler] Clicked 'I understand' button via: button:has-text('I understand')
      [Extractor] Extracting Standings tab...
    [Cookies] Accepted via OneTrust
      [Extractor] Found 17 teams in standings for 'FRANCE - NATIONAL - ROUND 16'.
      [DB] Updated standings for FRANCE - NATIONAL - ROUND 16
      [OK Standing] Standings tab data extracted for FRANCE - NATIONAL - ROUND 16
      [Extractor Validation] Updated League to: FRANCE - NATIONAL - ROUND 16
      [DB] Updated standings for FRANCE - NATIONAL - ROUND 16
      [OK Standing] Standings tab data extracted for FRANCE - NATIONAL - ROUND 16
            [OK Signal] Le Puy-en-Velay_vs_Fleury-Merogis
    [Batch Start] Valenciennes vs Sochaux: 12.12.2025 - 19:30
    [H2H Expansion] Expanding available match history...
    [H2H Expansion] Expanding available match history...
    [AI INTEL] Selectors found for 'h2h_tab'. Skipping AI analysis.
      [Extractor] Extracting H2H tab...
      [Extractor] Found 10 home, 10 away, 5 H2H matches.
      [OK H2H] H2H tab data extracted for Orleans_vs_Versailles (25 matches found)
    [AI INTEL] Selectors found for 'h2h_tab'. Skipping AI analysis.
      [Extractor] Extracting H2H tab...
    [H2H Expansion] Expanding available match history...
    [AI INTEL] Selectors found for 'standings_tab'. Skipping AI analysis.
      [Extractor] Found 10 home, 10 away, 0 H2H matches.
      [OK H2H] H2H tab data extracted for Stade Briochin_vs_Aubagne (20 matches found)
    [AI INTEL] Selectors found for 'standings_tab'. Skipping AI analysis.
      [Extractor] Extracting Standings tab...
    [Popup Handler] Clicked 'I understand' button via: button:has-text('I understand')
      [Extractor] Found 17 teams in standings for 'FRANCE - NATIONAL - ROUND 16'.
      [DB] Updated standings for FRANCE - NATIONAL - ROUND 16
      [OK Standing] Standings tab data extracted for FRANCE - NATIONAL - ROUND 16
      [Extractor Validation] Updated League to: FRANCE - NATIONAL - ROUND 16
      [DB] Updated standings for FRANCE - NATIONAL - ROUND 16
      [OK Standing] Standings tab data extracted for FRANCE - NATIONAL - ROUND 16
            [OK Signal] Orleans_vs_Versailles
    [AI INTEL] Selectors found for 'h2h_tab'. Skipping AI analysis.
      [Extractor] Extracting H2H tab...
    [AI INTEL] Selectors found for 'match_page'. Skipping AI analysis.
      [Extractor] Found 10 home, 10 away, 4 H2H matches.
      [OK H2H] H2H tab data extracted for Paris 13 Atl._vs_Concarneau (24 matches found)
      [Extractor] Extracting Standings tab...
      [Extractor] Found 17 teams in standings for 'FRANCE - NATIONAL - ROUND 16'.
      [DB] Updated standings for FRANCE - NATIONAL - ROUND 16
      [OK Standing] Standings tab data extracted for FRANCE - NATIONAL - ROUND 16
      [Extractor Validation] Updated League to: FRANCE - NATIONAL - ROUND 16
      [DB] Updated standings for FRANCE - NATIONAL - ROUND 16
      [OK Standing] Standings tab data extracted for FRANCE - NATIONAL - ROUND 16
            [OK Signal] Stade Briochin_vs_Aubagne
    [Popup Handler] Clicked 'I understand' button via: button:has-text('I understand')
    [AI INTEL] Selectors found for 'standings_tab'. Skipping AI analysis.
    [Batch Start] Villefranche vs Bourg en Bresse: 12.12.2025 - 19:30
    [Cookies] Accepted via OneTrust
      [Extractor] Extracting Standings tab...
    [H2H Expansion] Expanding available match history...
    [Batch Start] CFR Cluj vs Csikszereda M. Ciuc: 12.12.2025 - 19:30
    [AI INTEL] Selectors found for 'h2h_tab'. Skipping AI analysis.
      [Extractor] Extracting H2H tab...
      [Extractor] Found 17 teams in standings for 'FRANCE - NATIONAL - ROUND 16'.
      [DB] Updated standings for FRANCE - NATIONAL - ROUND 16
      [OK Standing] Standings tab data extracted for FRANCE - NATIONAL - ROUND 16
      [Extractor Validation] Updated League to: FRANCE - NATIONAL - ROUND 16
      [DB] Updated standings for FRANCE - NATIONAL - ROUND 16
      [OK Standing] Standings tab data extracted for FRANCE - NATIONAL - ROUND 16
            [OK Signal] Paris 13 Atl._vs_Concarneau
      [Extractor] Found 10 home, 10 away, 5 H2H matches.
      [OK H2H] H2H tab data extracted for Valenciennes_vs_Sochaux (25 matches found)

   --- LEO: Shutting down gracefully. ---
