    --- LEO: Initializing Databases ---      
     Initializing databases...

      --- LEO: Starting new cycle at 2025-12-10 18:42:22 --- 
     Launching new browser instance...

   [Phase 0] Checking for past matches to review...
--- LEO V2.5: Outcome Review Engine (Concurrent) ---
[Review] Found 0 past predictions to review (Limit: 50).
--- No new past matches to review. ---

   [Phase 1] Starting analysis engine (Flashscore)...

--- Running Flashscore Analysis ---
  [Navigation] Going to Flashscore...
  [Navigation] Flashscore loaded successfully.
    [AI INTEL] Selectors found for 'home_page'. Skipping AI analysis.

--- ANALYZING DATE: 10.12.2025 ---
    [AI INTEL] Selectors found for 'home_page'. Skipping AI analysis.
    [Cookies] Accepted via OneTrust
    [Info] Clicked scheduled tab.
    [Extractor] Extracting match data from page...
    [Time Filter] Removed 6 past matches for today.
    [Matches Found] 45 valid fixtures. (Sorted by Time)
    [Batching] Processing 45 matches concurrently...
    [Batch Start] Qarabag vs Ajax: 10.12.2025 - 18:45
    [Cookies] Accepted via text: I Accept
    [Popup Handler] Clicked 'I understand' button via: button:has-text('I understand')
    [AI INTEL] Selectors found for 'match_page'. Skipping AI analysis.
      [Warning] Failed to fully load/expand H2H tab for Qarabag_vs_Ajax: Page.click: Timeout 5000ms exceeded.
Call log:
  - waiting for locator("div[data-testid=\"wcl-tabs\"][data-type=\"primary\"] a[data-analytics-alias=\"h2h\"]")
    - locator resolved to <a class="" data-discover="true" data-analytics-alias="h2h" data-analytics-element="SCN_TAB" href="/match/football/ajax-8UOvIwnb/qarabag-agdam-Qgd3eSin/h2h/?mid=boscVy9L">…</a>
  - attempting click action
    2 × waiting for element to be visible, enabled and stable
      - element is visible, enabled and stable
      - scrolling into view if needed
      - done scrolling
      - <iframe width="728px" height="90px" scrolling="no" class="zone__content"></iframe> from <div data-zone-group="responsive_detail_fixed_bottom" id="zoneContainer-responsive_detail_fixed_bottom" class="zone zone__responsive_detail_fixed_bottom zone--skeletonEnabled zone--placeholderDisabled zone--labelPositionBottom zone--loaded">…</div> subtree intercepts pointer events
    - retrying click action
    - waiting 20ms
    - waiting for element to be visible, enabled and stable
    - element is visible, enabled and stable
    - scrolling into view if needed
    - done scrolling
    - performing click action

    [AI INTEL] Selectors found for 'standings_tab'. Skipping AI analysis.
      [Extractor] Extracting Standings tab...
    [Auto-Heal] Selector 'standings_relegation_row' in 'standings_tab' invalid/missing. Initiating AI repair...
    [AI INTEL] Starting Full Discovery for context: 'standings_tab' (Force: True)...
    [AI INTEL] Capturing page state for 'standings_tab'...
    [VISION] Analyzing screenshot: standings_tab.png

   --- LEO: Shutting down gracefully. ---
