    --- LEO: Initializing Databases ---      
     Initializing databases...

      --- LEO: Starting new cycle at 2025-12-12 15:36:39 --- 
     Launching new browser instance...

   [Phase 0] Checking for past matches to review...
--- LEO V2.5: Outcome Review Engine (Concurrent) ---
[Review] Found 0 past predictions to review (Limit: 50).
--- No new past matches to review. ---

   [Phase 1] Starting analysis engine (Flashscore)...

--- Running Flashscore Analysis ---
  [Navigation] Going to Flashscore...
  [Navigation] Flashscore loaded successfully.
    [AI INTEL] Selectors found for 'home_page'. Skipping AI analysis.
    [Resume] Last processed: ID Gp6jlOFb on 12.12.2025

--- ANALYZING DATE: 12.12.2025 ---
    [AI INTEL] Selectors found for 'home_page'. Skipping AI analysis.
    [Cookies] Accepted via text: I Accept
    [Extractor] Extracting match data from page...
    [Time Filter] Removed 44 past matches for today.
    [Matches Found] 90 valid fixtures. (Sorted by Time)
    [Resume] Checking for last processed ID: Gp6jlOFb on this date.
    [Resume] Match found at index 58. Skipping 59 previously processed matches.
    [Batching] Processing 31 matches concurrently...
    [Batch Start] Den Bosch vs Venlo: 12.12.2025 - 20:00
    [Batch Start] Dordrecht vs Eindhoven FC: 12.12.2025 - 20:00
    [Batch Start] FC Emmen vs Helmond: 12.12.2025 - 20:00
    [Batch Start] Jong AZ vs Jong Utrecht: 12.12.2025 - 20:00

   --- LEO: Shutting down gracefully. ---
