--- LEO: Initializing Databases ---
Initializing databases...
    [Init] Creating schedules.csv...

--- LEO: Starting new cycle at 2025-12-08 18:06:26 ---

[Phase 0] Checking for past matches to review...
--- LEO V2.5: Outcome Review Engine (Concurrent) ---
[Review] Found 0 past predictions to review (Limit: 50).
--- No new past matches to review. ---

[Phase 1] Starting analysis engine (Flashscore)...

--- Running Flashscore Analysis ---
  [Navigation] Going to Flashscore...
  [Navigation] Flashscore loaded successfully.
    [AI INTEL] Selectors found for 'home_page'. Skipping AI analysis.

--- ANALYZING DATE: 08.12.2025 ---
    [AI INTEL] Selectors found for 'home_page'. Skipping AI analysis.
    [Info] Clicked scheduled tab.
    [Extractor] Extracting match data from page...
    [Time Filter] Removed 14 past matches for today.
    [Matches Found] 32 valid fixtures. (Sorted by Time)
    [Batching] Processing 32 matches concurrently...
    [Batch Start] Las Palmas vs Mirandes: 08.12.2025 - 18:30
    [Batch Start] Tarazona vs CE Europa: 08.12.2025 - 18:30
    [Batch Start] FC Cartagena SAD vs Murcia: 08.12.2025 - 18:15
    [Batch Start] Maccabi Bnei Raina vs Sakhnin: 08.12.2025 - 18:45
    [Popup Handler] Clicked 'I understand' button via: button:has-text('I understand')
      [Warning] H2H tab inaccessible for FC Cartagena SAD_vs_Murcia
      [❌ No Signal] FC Cartagena SAD_vs_Murcia
    [Batch Start] SC Ashdod vs Ironi Tiberias: 08.12.2025 - 18:45
    [Cookies] Accepted via OneTrust
    [Popup Handler] Clicked 'I understand' button via: button:has-text('I understand')
    [AI INTEL] Selectors found for 'h2h_tab'. Skipping AI analysis.
    [Popup Handler] Clicked 'I understand' button via: button:has-text('I understand')
    [H2H Expansion] Found 2 'Show more matches' buttons. Clicking them...
      [Extractor] Extracting H2H tab...
      [Extractor] Found 0 home, 0 away, 0 H2H matches.
      [✅ H2H] H2H tab data extracted for Tarazona_vs_CE Europa
    [AI INTEL] Selectors found for 'standings_tab'. Skipping AI analysis.
      [Extractor] Extracting Standings tab...
      [Extractor] Found 0 teams in the standings table.
      [❌ No Signal] Tarazona_vs_CE Europa
    [Popup Handler] Clicked 'I understand' button via: button:has-text('I understand')
    [Batch Start] AF Elbasani vs Vllaznia: 08.12.2025 - 19:00
    [Popup Handler] Clicked 'I understand' button via: button:has-text('I understand')
    [AI INTEL] Selectors found for 'h2h_tab'. Skipping AI analysis.
    [Cookies] Accepted via OneTrust
    [Popup Handler] Clicked 'I understand' button via: button:has-text('I understand')
    [H2H Expansion] Found 2 'Show more matches' buttons. Clicking them...
    [Cookies] Accepted via OneTrust
    [Popup Handler] Clicked 'I understand' button via: button:has-text('I understand')
      [Extractor] Extracting H2H tab...
      [Extractor] Found 0 home, 0 away, 0 H2H matches.
      [✅ H2H] H2H tab data extracted for SC Ashdod_vs_Ironi Tiberias
    [AI INTEL] Selectors found for 'standings_tab'. Skipping AI analysis.
      [Extractor] Extracting Standings tab...
      [Extractor] Found 0 teams in the standings table.
      [❌ No Signal] SC Ashdod_vs_Ironi Tiberias
    [Batch Start] Flamurtari vs Dinamo Tirana: 08.12.2025 - 19:00
    [AI INTEL] Selectors found for 'h2h_tab'. Skipping AI analysis.
    [Cookies] Accepted via OneTrust
    [Popup Handler] Clicked 'I understand' button via: button:has-text('I understand')
    [H2H Expansion] Found 3 'Show more matches' buttons. Clicking them...
    [AI INTEL] Selectors found for 'h2h_tab'. Skipping AI analysis.
    [H2H Expansion] Found 3 'Show more matches' buttons. Clicking them...
    [Popup Handler] Clicked 'I understand' button via: button:has-text('I understand')
      [Extractor] Extracting H2H tab...
      [Extractor] Extracting H2H tab...
      [Extractor] Found 0 home, 0 away, 0 H2H matches.
      [✅ H2H] H2H tab data extracted for Maccabi Bnei Raina_vs_Sakhnin
    [AI INTEL] Selectors found for 'standings_tab'. Skipping AI analysis.
      [Extractor] Extracting Standings tab...
      [Extractor] Found 0 teams in the standings table.
      [❌ No Signal] Maccabi Bnei Raina_vs_Sakhnin
      [Extractor] Found 0 home, 0 away, 0 H2H matches.
      [✅ H2H] H2H tab data extracted for AF Elbasani_vs_Vllaznia
    [Batch Start] Vejle vs Brondby: 08.12.2025 - 19:00
    [AI INTEL] Selectors found for 'standings_tab'. Skipping AI analysis.
      [Extractor] Extracting Standings tab...
      [Extractor] Found 0 teams in the standings table.
      [❌ No Signal] AF Elbasani_vs_Vllaznia
    [Batch Start] Beitar Jerusalem vs Hapoel Jerusalem: 08.12.2025 - 19:00
    [AI INTEL] Selectors found for 'h2h_tab'. Skipping AI analysis.
    [Cookies] Accepted via OneTrust
    [Popup Handler] Clicked 'I understand' button via: button:has-text('I understand')
    [H2H Expansion] Found 3 'Show more matches' buttons. Clicking them...
    [Popup Handler] Clicked 'I understand' button via: button:has-text('I understand')
      [Extractor] Extracting H2H tab...
      [Extractor] Found 0 home, 0 away, 0 H2H matches.
      [✅ H2H] H2H tab data extracted for Flamurtari_vs_Dinamo Tirana
