    --- LEO: Initializing Databases ---      
     Initializing databases...

      --- LEO: Starting new cycle at 2025-12-11 12:28:55 --- 
     Launching new browser instance...

   [Phase 0] Checking for past matches to review...
--- LEO V2.5: Outcome Review Engine (Concurrent) ---
[Review] Found 0 past predictions to review (Limit: 50).
--- No new past matches to review. ---

   [Phase 1] Starting analysis engine (Flashscore)...

--- Running Flashscore Analysis ---
  [Navigation] Going to Flashscore...
  [Navigation] Flashscore loaded successfully.
    [AI INTEL] Selectors found for 'home_page'. Skipping AI analysis.
    [Resume] Last processed: ID 8hK4Jq2c on 11.12.2025

--- ANALYZING DATE: 11.12.2025 ---
    [AI INTEL] Selectors found for 'home_page'. Skipping AI analysis.
    [Extractor] Extracting match data from page...
    [Time Filter] Removed 16 past matches for today.
    [Matches Found] 79 valid fixtures. (Sorted by Time)
    [Resume] Checking for last processed ID: 8hK4Jq2c on this date.
    [Resume] Match found at index 2. Skipping 3 previously processed matches.
    [Batching] Processing 76 matches concurrently...
    [Batch Start] Kaya (Phl) vs Pohang (Kor): 11.12.2025 - 13:15

   --- LEO: Shutting down gracefully. ---
