--- LEO: Initializing Databases ---
Initializing databases...

--- LEO: Starting new cycle at 2025-12-08 21:12:05 ---

[Phase 0] Checking for past matches to review...
--- LEO V2.5: Outcome Review Engine (Concurrent) ---
[Review] Found 0 past predictions to review (Limit: 50).
--- No new past matches to review. ---

[Phase 1] Starting analysis engine (Flashscore)...

--- Running Flashscore Analysis ---
  [Navigation] Going to Flashscore...
  [Navigation] Flashscore loaded successfully.
    [AI INTEL] Selectors found for 'home_page'. Skipping AI analysis.
    [Resume] Last processed: ID 8ph09lne on 08.12.2025

--- ANALYZING DATE: 08.12.2025 ---
    [AI INTEL] Selectors found for 'home_page'. Skipping AI analysis.
    [Info] Clicked scheduled tab.
    [Extractor] Extracting match data from page...
    [Time Filter] Removed 3 past matches for today.
    [Matches Found] 4 valid fixtures. (Sorted by Time)
    [Resume] Checking for last processed ID: 8ph09lne on this date.
    [Resume] Last processed ID 8ph09lne not found in current scan. Starting day from beginning.
    [Batching] Processing 4 matches concurrently...
    [Batch Start] Vitoria Guimaraes vs Gil Vicente: 08.12.2025 - 21:30
    [Cookies] Accepted via OneTrust
    [Popup Handler] Clicked 'I understand' button via: button[data-testid="wcl-tooltip-actionButton"]
      [Error] Match failed Vitoria Guimaraes_vs_Gil Vicente: Timeout 180000ms exceeded.
=========================== logs ===========================
"load" event fired
============================================================
  [CRITICAL ERROR] Logging state for 'process_match_task_Vitoria Guimaraes_vs_Gil Vicente'. See 'Logs/Errors' folder.
    [Batch Start] Cavalier vs Montego Bay: 08.12.2025 - 23:00
    [Popup Handler] Clicked 'I understand' button via: button[data-testid="wcl-tooltip-actionButton"]
