--- LEO: Initializing Databases ---
Initializing databases...

--- LEO: Starting new cycle at 2025-12-08 21:17:27 ---

[Phase 0] Checking for past matches to review...
--- LEO V2.5: Outcome Review Engine (Concurrent) ---
[Review] Found 0 past predictions to review (Limit: 50).
--- No new past matches to review. ---

[Phase 1] Starting analysis engine (Flashscore)...

--- Running Flashscore Analysis ---
  [Navigation] Going to Flashscore...
  [Navigation] Flashscore loaded successfully.
    [AI INTEL] Selectors found for 'home_page'. Skipping AI analysis.
    [Resume] Last processed: ID 8ph09lne on 08.12.2025

--- ANALYZING DATE: 08.12.2025 ---
    [AI INTEL] Selectors found for 'home_page'. Skipping AI analysis.
    [Info] Clicked scheduled tab.
    [Extractor] Extracting match data from page...
    [Time Filter] Removed 3 past matches for today.
    [Matches Found] 4 valid fixtures. (Sorted by Time)
    [Resume] Checking for last processed ID: 8ph09lne on this date.
    [Resume] Last processed ID 8ph09lne not found in current scan. Starting day from beginning.
    [Batching] Processing 4 matches concurrently...
    [Batch Start] Vitoria Guimaraes vs Gil Vicente: 08.12.2025 - 21:30
    [Popup Handler] Clicked 'I understand' button via: button[data-testid="wcl-tooltip-actionButton"]
    [AI INTEL] Selectors found for 'match_page'. Skipping AI analysis.
    [Cookies] Accepted via OneTrust
    [Popup Handler] Clicked 'I understand' button via: button[data-testid="wcl-tooltip-actionButton"]
    [AI INTEL] Selectors found for 'h2h_tab'. Skipping AI analysis.
      [Extractor] Extracting H2H tab...
      [Extractor] Warning: H2H section 'div.h2h__skeleton > div.ska__se:nth-of-type(1)' not found. Extraction may be empty.
      [Extractor] Found 0 home, 0 away, 0 H2H matches.
      [✅ H2H] H2H tab data extracted for Vitoria Guimaraes_vs_Gil Vicente
    [AI INTEL] Selectors found for 'standings_tab'. Skipping AI analysis.
      [Extractor] Extracting Standings tab...
      [Extractor] Found 18 teams in the standings table.
      [DB] Updated standings for FOOTBALL - FOOTBALL
      [✅ Standing] Standings tab data extracted for Vitoria Guimaraes_vs_Gil Vicente
      [Extractor Validation] Updated League to: FOOTBALL - FOOTBALL
      [❌ No Signal] Vitoria Guimaraes_vs_Gil Vicente
    [Batch Start] Cavalier vs Montego Bay: 08.12.2025 - 23:00
    [Popup Handler] Clicked 'I understand' button via: button[data-testid="wcl-tooltip-actionButton"]
