    --- LEO: Initializing Databases ---      
     Initializing databases...

      --- LEO: Starting new cycle at 2025-12-11 12:08:55 --- 
     Launching new browser instance...

   [Phase 0] Checking for past matches to review...
--- LEO V2.5: Outcome Review Engine (Concurrent) ---
[Review] Found 0 past predictions to review (Limit: 50).
--- No new past matches to review. ---

   [Phase 1] Starting analysis engine (Flashscore)...

--- Running Flashscore Analysis ---
  [Navigation] Going to Flashscore...
  [Navigation] Flashscore loaded successfully.
    [AI INTEL] Selectors found for 'home_page'. Skipping AI analysis.

--- ANALYZING DATE: 11.12.2025 ---
    [AI INTEL] Selectors found for 'home_page'. Skipping AI analysis.
    [Extractor] Extracting match data from page...
    [Time Filter] Removed 16 past matches for today.
    [Matches Found] 79 valid fixtures. (Sorted by Time)
    [Batching] Processing 79 matches concurrently...
    [Batch Start] Thailand U22 vs Singapore U22: 11.12.2025 - 13:00
    [Popup Handler] Clicked 'I understand' button via: button:has-text('I understand')
    [AI INTEL] Selectors found for 'match_page'. Skipping AI analysis.
    [Popup Handler] Clicked 'I understand' button via: button:has-text('I understand')
    [Cookies] Accepted via OneTrust
    [H2H Expansion] Expanding available match history...
    [AI INTEL] Selectors found for 'h2h_tab'. Skipping AI analysis.
      [Extractor] Extracting H2H tab...
      [Extractor] Found 10 home, 14 away, 1 H2H matches.
      [OK H2H] H2H tab data extracted for Thailand U22_vs_Singapore U22 (25 matches found)
    [AI INTEL] Selectors found for 'standings_tab'. Skipping AI analysis.
      [Extractor] Extracting Standings tab...
      [Extractor] Found 3 teams in standings for 'Unknown'.
      [Extractor Validation] Updated League to: ASIA - SOUTHEAST ASIAN GAMES - ROUND 3
      [OK Signal] Thailand U22_vs_Singapore U22
    [Batch Start] FC Renaissance vs MK Etancheite: 11.12.2025 - 13:00
    [Popup Handler] Clicked 'I understand' button via: button:has-text('I understand')
    [AI INTEL] Selectors found for 'match_page'. Skipping AI analysis.
    [Popup Handler] Clicked 'I understand' button via: button:has-text('I understand')
    [H2H Expansion] Expanding available match history...
    [AI INTEL] Selectors found for 'h2h_tab'. Skipping AI analysis.
      [Extractor] Extracting H2H tab...
      [Extractor] Found 9 home, 5 away, 0 H2H matches.
      [OK H2H] H2H tab data extracted for FC Renaissance_vs_MK Etancheite (14 matches found)
    [AI INTEL] Selectors found for 'standings_tab'. Skipping AI analysis.
    [Cookies] Accepted via OneTrust
      [Extractor] Extracting Standings tab...
      [Extractor] Found 15 teams in standings for 'Unknown'.
      [Extractor Validation] Updated League to: DR CONGO - LIGUE 1 - ROUND 14
      [OK Signal] FC Renaissance_vs_MK Etancheite
    [Batch Start] Beijing Guoan (Chn) vs Macarthur FC (Aus): 11.12.2025 - 13:15
    [AI INTEL] Selectors found for 'match_page'. Skipping AI analysis.
    [Popup Handler] Clicked 'I understand' button via: button:has-text('I understand')
    [Cookies] Accepted via OneTrust
    [H2H Expansion] Expanding available match history...
    [AI INTEL] Selectors found for 'h2h_tab'. Skipping AI analysis.
      [Extractor] Extracting H2H tab...
      [Extractor] Found 10 home, 10 away, 1 H2H matches.
      [OK H2H] H2H tab data extracted for Beijing Guoan (Chn)_vs_Macarthur FC (Aus) (21 matches found)
    [AI INTEL] Selectors found for 'standings_tab'. Skipping AI analysis.
      [Extractor] Extracting Standings tab...
      [Extractor] Found 4 teams in standings for 'Unknown'.
      [Extractor Validation] Updated League to: ASIA - AFC CHAMPIONS LEAGUE 2 - ROUND 6
      [OK Signal] Beijing Guoan (Chn)_vs_Macarthur FC (Aus)
    [Batch Start] Kaya (Phl) vs Pohang (Kor): 11.12.2025 - 13:15
    [Popup Handler] Clicked 'I understand' button via: button:has-text('I understand')
    [AI INTEL] Selectors found for 'match_page'. Skipping AI analysis.
    [Popup Handler] Clicked 'I understand' button via: button:has-text('I understand')
    [Cookies] Accepted via OneTrust
    [Popup Handler] Clicked 'I understand' button via: button:has-text('I understand')

   --- LEO: Shutting down gracefully. ---
