--- LEO: Initializing Databases ---
Initializing databases...

--- LEO: Starting new cycle at 2025-12-08 20:52:55 ---

[Phase 0] Checking for past matches to review...
--- LEO V2.5: Outcome Review Engine (Concurrent) ---
[Review] Found 0 past predictions to review (Limit: 50).
--- No new past matches to review. ---

[Phase 1] Starting analysis engine (Flashscore)...

--- Running Flashscore Analysis ---
  [Navigation] Going to Flashscore...
  [Navigation] Flashscore loaded successfully.
    [AI INTEL] Selectors found for 'home_page'. Skipping AI analysis.
    [Resume] Last processed: ID 8ph09lne on 08.12.2025

--- ANALYZING DATE: 08.12.2025 ---
    [AI INTEL] Selectors found for 'home_page'. Skipping AI analysis.
    [Info] Clicked scheduled tab.
    [Extractor] Extracting match data from page...
    [Time Filter] Removed 2 past matches for today.
    [Matches Found] 9 valid fixtures. (Sorted by Time)
    [Resume] Checking for last processed ID: 8ph09lne on this date.
    [Resume] Last processed ID 8ph09lne not found in current scan. Starting day from beginning.
    [Batching] Processing 9 matches concurrently...
    [Batch Start] Wolves vs Manchester Utd: 08.12.2025 - 21:00
    [Popup Handler] Clicked 'I understand' button via: button[data-testid="wcl-tooltip-actionButton"]
    [AI INTEL] Selectors found for 'match_page'. Skipping AI analysis.
    [Cookies] Accepted via OneTrust
    [Popup Handler] Clicked 'I understand' button via: button[data-testid="wcl-tooltip-actionButton"]
    [AI INTEL] Selectors found for 'h2h_tab'. Skipping AI analysis.
      [Extractor] Extracting H2H tab...
      [Extractor] Found 0 home, 0 away, 0 H2H matches.
      [✅ H2H] H2H tab data extracted for Wolves_vs_Manchester Utd
    [AI INTEL] Selectors found for 'standings_tab'. Skipping AI analysis.
      [Extractor] Extracting Standings tab...
      [Extractor] Found 0 teams in the standings table.
      [Extractor Validation] Updated League to: FOOTBALL - FOOTBALL
      [❌ No Signal] Wolves_vs_Manchester Utd
    [Batch Start] Osasuna vs Levante: 08.12.2025 - 21:00
    [AI INTEL] Selectors found for 'match_page'. Skipping AI analysis.
    [Cookies] Accepted via OneTrust
      [Warning] H2H tab inaccessible for Osasuna_vs_Levante
      [❌ No Signal] Osasuna_vs_Levante
    [Batch Start] Gimnasia L.P. vs Estudiantes L.P.: 08.12.2025 - 21:00
