--- LEO: Initializing Databases ---
Initializing databases...

--- LEO: Starting new cycle at 2025-12-09 08:04:53 ---

[Phase 0] Checking for past matches to review...
--- LEO V2.5: Outcome Review Engine (Concurrent) ---
[Review] Found 0 past predictions to review (Limit: 50).
--- No new past matches to review. ---

[Phase 1] Starting analysis engine (Flashscore)...

--- Running Flashscore Analysis ---
  [Navigation] Going to Flashscore...
  [Navigation] Flashscore loaded successfully.
    [AI INTEL] Selectors found for 'home_page'. Skipping AI analysis.
    [Resume] Last processed: ID 8ph09lne on 08.12.2025

--- ANALYZING DATE: 09.12.2025 ---
    [AI INTEL] Selectors found for 'home_page'. Skipping AI analysis.
    [Cookies] Accepted via text: I Accept
    [Info] Clicked scheduled tab.
    [Extractor] Extracting match data from page...
    [Time Filter] Removed 0 past matches for today.
    [Matches Found] 109 valid fixtures. (Sorted by Time)
    [Batching] Processing 109 matches concurrently...
    [Batch Start] Abahani Limited vs Brothers U.: 09.12.2025 - 09:30
    [Cookies] Accepted via text: I Accept
      [Error] Match failed Abahani Limited_vs_Brothers U.: Timeout 180000ms exceeded.
=========================== logs ===========================
"load" event fired
============================================================
  [CRITICAL ERROR] Logging state for 'process_match_task_Abahani Limited_vs_Brothers U.'. See 'Logs/Errors' folder.
    [Batch Start] Fakirerpool YMC vs PWD Sports Club: 09.12.2025 - 09:30
    [Popup Handler] Clicked 'I understand' button via: button[data-testid="wcl-tooltip-actionButton"]
    [AI INTEL] Selectors found for 'match_page'. Skipping AI analysis.
    [Cookies] Accepted via OneTrust
    [Popup Handler] Clicked 'I understand' button via: button[data-testid="wcl-tooltip-actionButton"]
    [AI INTEL] Selectors found for 'h2h_tab'. Skipping AI analysis.
      [Warning] Failed to fully load/expand H2H tab for Fakirerpool YMC_vs_PWD Sports Club: Page.wait_for_selector: Object of type Locator is not JSON serializable
      [Warning] Failed to load Standings tab for Fakirerpool YMC_vs_PWD Sports Club: Page.click: Timeout 5000ms exceeded.
Call log:
  - waiting for locator("div.detailOver [data-testid=\"wcl-tabs\"][data-type=\"primary\"] a[data-analytics-alias=\"stats-detail\"] button")
    - locator resolved to <button role="tab" data-testid="wcl-tab" data-selected="false" class="wcl-tab_GS7ig">Standings</button>
  - attempting click action
    - waiting for element to be visible, enabled and stable
    - element is not stable
  - retrying click action
    - waiting for element to be visible, enabled and stable
    - element is visible, enabled and stable
    - scrolling into view if needed

      [❌ No Signal] Fakirerpool YMC_vs_PWD Sports Club
    [Batch Start] FC Chernihiv vs Probiy Horodenka: 09.12.2025 - 10:30
    [Popup Handler] Clicked 'I understand' button via: button[data-testid="wcl-tooltip-actionButton"]
    [AI INTEL] Selectors found for 'match_page'. Skipping AI analysis.
    [Cookies] Accepted via OneTrust
    [Popup Handler] Clicked 'I understand' button via: button[data-testid="wcl-tooltip-actionButton"]
    [AI INTEL] Selectors found for 'h2h_tab'. Skipping AI analysis.
      [Warning] Failed to fully load/expand H2H tab for FC Chernihiv_vs_Probiy Horodenka: Page.wait_for_selector: Object of type Locator is not JSON serializable
    [AI INTEL] Selectors found for 'standings_tab'. Skipping AI analysis.
      [Extractor] Extracting Standings tab...
      [Extractor] Found 16 teams in the standings table.
      [❌ No Signal] FC Chernihiv_vs_Probiy Horodenka
