--- LEO: Initializing Databases ---
Initializing databases...

--- LEO: Starting new cycle at 2025-12-08 19:46:48 ---

[Phase 0] Checking for past matches to review...
--- LEO V2.5: Outcome Review Engine (Concurrent) ---
[Review] Found 0 past predictions to review (Limit: 50).
--- No new past matches to review. ---

[Phase 1] Starting analysis engine (Flashscore)...

--- Running Flashscore Analysis ---
  [Navigation] Going to Flashscore...
  [Navigation Error] Attempt 1/5 failed: Page.goto: net::ERR_TIMED_OUT at https://www.flashscore.com/football/
Call log:
  - navigating to "https://www.flashscore.com/football/", waiting until "domcontentloaded"

  Retrying in 5 seconds...
  [Navigation Error] Attempt 2/5 failed: Page.goto: net::ERR_TIMED_OUT at https://www.flashscore.com/football/
Call log:
  - navigating to "https://www.flashscore.com/football/", waiting until "domcontentloaded"

  Retrying in 5 seconds...
  [Navigation] Flashscore loaded successfully.
    [AI INTEL] Selectors found for 'home_page'. Skipping AI analysis.

--- ANALYZING DATE: 08.12.2025 ---
    [AI INTEL] Selectors found for 'home_page'. Skipping AI analysis.
    [Info] Clicked scheduled tab.
    [Extractor] Extracting match data from page...
    [Time Filter] Removed 8 past matches for today.
    [Matches Found] 18 valid fixtures. (Sorted by Time)
    [Batching] Processing 18 matches concurrently...
    [Batch Start] MC Alger vs CR Belouizdad: 08.12.2025 - 20:00
    [Cookies] Accepted via OneTrust
    [Popup Handler] Clicked 'I understand' button via: button[data-testid="wcl-tooltip-actionButton"]
      [Error] Match failed MC Alger_vs_CR Belouizdad: Timeout 180000ms exceeded.
=========================== logs ===========================
"load" event fired
============================================================
  [CRITICAL ERROR] Logging state for 'process_match_task_MC Alger_vs_CR Belouizdad'. See 'Logs/Errors' folder.
    [Batch Start] SA Bulo Bulo vs Tomayapo: 08.12.2025 - 20:00
    [Popup Handler] Clicked 'I understand' button via: button[data-testid="wcl-tooltip-actionButton"]
    [AI INTEL] Selectors found for 'match_page'. Skipping AI analysis.
    [Cookies] Accepted via OneTrust
    [Popup Handler] Clicked 'I understand' button via: button[data-testid="wcl-tooltip-actionButton"]
    [AI INTEL] Selectors found for 'h2h_tab'. Skipping AI analysis.
      [Extractor] Extracting H2H tab...
      [Extractor] Found 0 home, 0 away, 0 H2H matches.
      [✅ H2H] H2H tab data extracted for SA Bulo Bulo_vs_Tomayapo
    [AI INTEL] Selectors found for 'standings_tab'. Skipping AI analysis.
      [Extractor] Extracting Standings tab...
      [Extractor] Found 16 teams in the standings table.
      [DB] Updated standings for BOLIVIA - DIVISION PROFESIONAL - ROUND 28
      [✅ Standing] Standings tab data extracted for SA Bulo Bulo_vs_Tomayapo
      [Extractor Validation] Updated League to: BOLIVIA - DIVISION PROFESIONAL - ROUND 28
      [❌ No Signal] SA Bulo Bulo_vs_Tomayapo
    [Batch Start] Brentford U21 vs West Brom U21: 08.12.2025 - 20:00
      [Error] Match failed Brentford U21_vs_West Brom U21: Page.goto: Timeout 180000ms exceeded.
Call log:
  - navigating to "https://www.flashscore.com/match/football/brentford-hSXD3jSN/west-brom-ppXwfIx3/?mid=phY4kZwP", waiting until "domcontentloaded"

  [CRITICAL ERROR] Logging state for 'process_match_task_Brentford U21_vs_West Brom U21'. See 'Logs/Errors' folder.
    [Batch Start] Wolves U21 vs Millwall U21: 08.12.2025 - 20:00
    [Popup Handler] Clicked 'I understand' button via: button[data-testid="wcl-tooltip-actionButton"]
    [AI INTEL] Selectors found for 'match_page'. Skipping AI analysis.
    [Cookies] Accepted via OneTrust
    [Popup Handler] Clicked 'I understand' button via: button[data-testid="wcl-tooltip-actionButton"]
    [AI INTEL] Selectors found for 'h2h_tab'. Skipping AI analysis.
      [Extractor] Extracting H2H tab...
      [Extractor] Found 0 home, 0 away, 0 H2H matches.
      [✅ H2H] H2H tab data extracted for Wolves U21_vs_Millwall U21
    [AI INTEL] Selectors found for 'standings_tab'. Skipping AI analysis.
      [Extractor] Extracting Standings tab...
      [Extractor] Found 4 teams in the standings table.
      [DB] Updated standings for ENGLAND - PREMIER LEAGUE CUP
      [✅ Standing] Standings tab data extracted for Wolves U21_vs_Millwall U21
      [Extractor Validation] Updated League to: ENGLAND - PREMIER LEAGUE CUP
      [✅ Signal] Wolves U21_vs_Millwall U21
    [Batch Start] Jong Utrecht vs De Graafschap: 08.12.2025 - 20:00
    [Popup Handler] Clicked 'I understand' button via: button[data-testid="wcl-tooltip-actionButton"]
    [AI INTEL] Selectors found for 'match_page'. Skipping AI analysis.
    [Cookies] Accepted via OneTrust
    [Popup Handler] Clicked 'I understand' button via: button[data-testid="wcl-tooltip-actionButton"]
    [AI INTEL] Selectors found for 'h2h_tab'. Skipping AI analysis.
      [Extractor] Extracting H2H tab...
      [Extractor] Found 0 home, 0 away, 0 H2H matches.
      [✅ H2H] H2H tab data extracted for Jong Utrecht_vs_De Graafschap
    [AI INTEL] Selectors found for 'standings_tab'. Skipping AI analysis.
      [Extractor] Extracting Standings tab...
      [Extractor] Found 20 teams in the standings table.
      [DB] Updated standings for NETHERLANDS - EERSTE DIVISIE - ROUND 19
      [✅ Standing] Standings tab data extracted for Jong Utrecht_vs_De Graafschap
      [Extractor Validation] Updated League to: NETHERLANDS - EERSTE DIVISIE - ROUND 19
      [❌ No Signal] Jong Utrecht_vs_De Graafschap
    [Batch Start] Brackley Town vs Burton: 08.12.2025 - 20:30
    [Popup Handler] Clicked 'I understand' button via: button[data-testid="wcl-tooltip-actionButton"]
    [AI INTEL] Selectors found for 'match_page'. Skipping AI analysis.
    [Cookies] Accepted via OneTrust
    [Popup Handler] Clicked 'I understand' button via: button[data-testid="wcl-tooltip-actionButton"]
    [AI INTEL] Selectors found for 'h2h_tab'. Skipping AI analysis.
      [Extractor] Extracting H2H tab...
      [Extractor] Found 0 home, 0 away, 0 H2H matches.
      [✅ H2H] H2H tab data extracted for Brackley Town_vs_Burton
    [AI INTEL] Selectors found for 'standings_tab'. Skipping AI analysis.
      [Extractor] Extracting Standings tab...
      [Extractor] Found 0 teams in the standings table.
      [Extractor Validation] Updated League to: ENGLAND - FA CUP - 1/64-FINALS
      [❌ No Signal] Brackley Town_vs_Burton
