    --- LEO: Initializing Databases ---      
     Initializing databases...

      --- LEO: Starting new cycle at 2025-12-12 14:50:36 --- 
     Launching new browser instance...

   [Phase 0] Checking for past matches to review...
--- LEO V2.5: Outcome Review Engine (Concurrent) ---
[Review] Found 0 past predictions to review (Limit: 50).
--- No new past matches to review. ---

   [Phase 1] Starting analysis engine (Flashscore)...

--- Running Flashscore Analysis ---
  [Navigation] Going to Flashscore...
  [Navigation] Flashscore loaded successfully.
    [AI INTEL] Selectors found for 'home_page'. Skipping AI analysis.
    [Resume] Last processed: ID Gp6jlOFb on 12.12.2025

--- ANALYZING DATE: 12.12.2025 ---
    [AI INTEL] Selectors found for 'home_page'. Skipping AI analysis.
    [Cookies] Accepted via text: I Accept
    [Extractor] Extracting match data from page...
    [Time Filter] Removed 52 past matches for today.
    [Matches Found] 82 valid fixtures. (Sorted by Time)
    [Resume] Checking for last processed ID: Gp6jlOFb on this date.
    [Resume] Match found at index 50. Skipping 51 previously processed matches.
    [Batching] Processing 31 matches concurrently...
    [Batch Start] Den Bosch vs Venlo: 12.12.2025 - 19:00
    [Batch Start] Dordrecht vs Eindhoven FC: 12.12.2025 - 19:00
    [Batch Start] Jong AZ vs Jong Utrecht: 12.12.2025 - 19:00
    [Batch Start] FC Emmen vs Helmond: 12.12.2025 - 19:00
    [Cookies] Accepted via text: I Accept
    [Cookies] Accepted via OneTrust
    [Cookies] Accepted via text: I Accept
    [Popup Handler] Clicked 'I understand' button via: button:has-text('I understand')
    [Cookies] Accepted via OneTrust
    [AI INTEL] Selectors found for 'match_page'. Skipping AI analysis.
    [Popup Handler] Clicked 'I understand' button via: button:has-text('I understand')
    [Popup Handler] Clicked 'I understand' button via: button:has-text('I understand')
    [AI INTEL] Selectors found for 'match_page'. Skipping AI analysis.
    [AI INTEL] Selectors found for 'match_page'. Skipping AI analysis.
    [AI INTEL] Selectors found for 'match_page'. Skipping AI analysis.
    [H2H Expansion] Expanding available match history...
    [H2H Expansion] Expanding available match history...
    [H2H Expansion] Expanding available match history...
    [H2H Expansion] Expanding available match history...
    [AI INTEL] Selectors found for 'h2h_tab'. Skipping AI analysis.
      [Extractor] Extracting H2H tab...
    [Auto-Heal] Selector 'h2h_badge_draw' in 'h2h_tab' invalid/missing. Initiating AI repair...
    [AI INTEL] Starting Full Discovery for context: 'h2h_tab' (Force: True)...
    [AI INTEL] Capturing page state for 'h2h_tab'...
    [AI INTEL] Selectors found for 'h2h_tab'. Skipping AI analysis.
      [Extractor] Extracting H2H tab...
    [VISION] Analyzing screenshot: h2h_tab.png
    [Auto-Heal] Selector 'h2h_badge_draw' in 'h2h_tab' invalid/missing. Initiating AI repair...
    [AI INTEL] Starting Full Discovery for context: 'h2h_tab' (Force: True)...
    [AI INTEL] Capturing page state for 'h2h_tab'...
    [VISION] Analyzing screenshot: h2h_tab.png
    [AI INTEL] Selectors found for 'h2h_tab'. Skipping AI analysis.
      [Extractor] Extracting H2H tab...
    [Auto-Heal] Selector 'h2h_badge_draw' in 'h2h_tab' invalid/missing. Initiating AI repair...
    [AI INTEL] Starting Full Discovery for context: 'h2h_tab' (Force: True)...
    [AI INTEL] Capturing page state for 'h2h_tab'...
    [AI INTEL] Selectors found for 'h2h_tab'. Skipping AI analysis.
      [Extractor] Extracting H2H tab...
    [Auto-Heal] Selector 'h2h_badge_draw' in 'h2h_tab' invalid/missing. Initiating AI repair...
    [AI INTEL] Starting Full Discovery for context: 'h2h_tab' (Force: True)...
    [AI INTEL] Capturing page state for 'h2h_tab'...
    [VISION] Analyzing screenshot: h2h_tab.png
    [VISION] Analyzing screenshot: h2h_tab.png
    [VISION] Analysis complete.
    [AI INTEL] Using logged HTML: h2h_tab.html
    [AI INTEL] Mapping UI Elements to HTML Selectors...
    [VISION] Analysis complete.
    [AI INTEL] Using logged HTML: h2h_tab.html
    [AI INTEL] Mapping UI Elements to HTML Selectors...
    [VISION] Analysis complete.
    [AI INTEL] Using logged HTML: h2h_tab.html
    [AI INTEL] Mapping UI Elements to HTML Selectors...
    [VISION] Analysis complete.
    [AI INTEL] Using logged HTML: h2h_tab.html
    [AI INTEL] Mapping UI Elements to HTML Selectors...
    [AI INTEL] Successfully mapped 91 elements.
    [Auto-Heal Success] New selector for 'h2h_badge_draw': div[title="Draw"][data-testid="wcl-badgeForm-draw"]
      [Extractor] Found 10 home, 10 away, 5 H2H matches.
      [OK H2H] H2H tab data extracted for FC Emmen_vs_Helmond (25 matches found)
    [AI INTEL] Selectors found for 'standings_tab'. Skipping AI analysis.
      [Extractor] Extracting Standings tab...
      [Extractor] Found 20 teams in standings for 'NETHERLANDS - EERSTE DIVISIE - ROUND 20'.
      [DB] Updated standings for NETHERLANDS - EERSTE DIVISIE - ROUND 20
      [OK Standing] Standings tab data extracted for NETHERLANDS - EERSTE DIVISIE - ROUND 20
      [Extractor Validation] Updated League to: NETHERLANDS - EERSTE DIVISIE - ROUND 20
      [DB] Updated standings for NETHERLANDS - EERSTE DIVISIE - ROUND 20
      [OK Standing] Standings tab data extracted for NETHERLANDS - EERSTE DIVISIE - ROUND 20
            [OK Signal] FC Emmen_vs_Helmond
    [Batch Start] Jong PSV vs Almere City: 12.12.2025 - 19:00
    [Cookies] Accepted via OneTrust
    [Popup Handler] Clicked 'I understand' button via: button:has-text('I understand')
    [AI INTEL] Selectors found for 'match_page'. Skipping AI analysis.
    [AI INTEL] Successfully mapped 95 elements.
    [Auto-Heal Success] New selector for 'h2h_badge_draw': .h2h__row .wcl-draw_bAS0n
      [Extractor] Found 10 home, 10 away, 5 H2H matches.
      [OK H2H] H2H tab data extracted for Den Bosch_vs_Venlo (25 matches found)
    [AI INTEL] Selectors found for 'standings_tab'. Skipping AI analysis.
    [H2H Expansion] Expanding available match history...
      [Extractor] Extracting Standings tab...
      [Extractor] Found 20 teams in standings for 'NETHERLANDS - EERSTE DIVISIE - ROUND 20'.
      [DB] Updated standings for NETHERLANDS - EERSTE DIVISIE - ROUND 20
      [OK Standing] Standings tab data extracted for NETHERLANDS - EERSTE DIVISIE - ROUND 20
      [Extractor Validation] Updated League to: NETHERLANDS - EERSTE DIVISIE - ROUND 20
      [DB] Updated standings for NETHERLANDS - EERSTE DIVISIE - ROUND 20
      [OK Standing] Standings tab data extracted for NETHERLANDS - EERSTE DIVISIE - ROUND 20
            [OK Signal] Den Bosch_vs_Venlo
    [AI INTEL] Successfully mapped 80 elements.
    [Auto-Heal Success] New selector for 'h2h_badge_draw': a.h2h__row [data-testid="wcl-badgeForm-draw"]
      [Extractor] Found 10 home, 10 away, 5 H2H matches.
      [OK H2H] H2H tab data extracted for Jong AZ_vs_Jong Utrecht (25 matches found)
    [AI INTEL] Selectors found for 'h2h_tab'. Skipping AI analysis.
      [Extractor] Extracting H2H tab...
    [AI INTEL] Selectors found for 'standings_tab'. Skipping AI analysis.
      [Extractor] Found 10 home, 10 away, 5 H2H matches.
      [OK H2H] H2H tab data extracted for Jong PSV_vs_Almere City (25 matches found)
    [Batch Start] Maastricht vs Jong Ajax: 12.12.2025 - 19:00
    [AI INTEL] Selectors found for 'standings_tab'. Skipping AI analysis.
      [Extractor] Extracting Standings tab...
      [Extractor] Found 20 teams in standings for 'NETHERLANDS - EERSTE DIVISIE - ROUND 20'.
      [DB] Updated standings for NETHERLANDS - EERSTE DIVISIE - ROUND 20
      [OK Standing] Standings tab data extracted for NETHERLANDS - EERSTE DIVISIE - ROUND 20
      [Extractor Validation] Updated League to: NETHERLANDS - EERSTE DIVISIE - ROUND 20
      [DB] Updated standings for NETHERLANDS - EERSTE DIVISIE - ROUND 20
      [OK Standing] Standings tab data extracted for NETHERLANDS - EERSTE DIVISIE - ROUND 20
            [OK Signal] Jong AZ_vs_Jong Utrecht
      [Extractor] Extracting Standings tab...
      [Extractor] Found 20 teams in standings for 'NETHERLANDS - EERSTE DIVISIE - ROUND 20'.
      [DB] Updated standings for NETHERLANDS - EERSTE DIVISIE - ROUND 20
      [OK Standing] Standings tab data extracted for NETHERLANDS - EERSTE DIVISIE - ROUND 20
      [Extractor Validation] Updated League to: NETHERLANDS - EERSTE DIVISIE - ROUND 20
      [DB] Updated standings for NETHERLANDS - EERSTE DIVISIE - ROUND 20
      [OK Standing] Standings tab data extracted for NETHERLANDS - EERSTE DIVISIE - ROUND 20
            [OK Signal] Jong PSV_vs_Almere City
    [Cookies] Accepted via OneTrust
    [Batch Start] Oss vs Den Haag: 12.12.2025 - 19:00
    [AI INTEL] Selectors found for 'match_page'. Skipping AI analysis.
    [Batch Start] Willem II vs Cambuur: 12.12.2025 - 19:00
    [Cookies] Accepted via text: I Accept
    [Popup Handler] Clicked 'I understand' button via: button:has-text('I understand')
    [AI INTEL] Selectors found for 'match_page'. Skipping AI analysis.
    [Cookies] Accepted via text: I Accept
    [AI INTEL] Selectors found for 'match_page'. Skipping AI analysis.
    [Popup Handler] Clicked 'I understand' button via: button:has-text('I understand')
    [H2H Expansion] Expanding available match history...
    [AI INTEL] Selectors found for 'h2h_tab'. Skipping AI analysis.
      [Extractor] Extracting H2H tab...
      [Extractor] Found 10 home, 10 away, 5 H2H matches.
      [OK H2H] H2H tab data extracted for Maastricht_vs_Jong Ajax (25 matches found)
    [AI INTEL] Selectors found for 'standings_tab'. Skipping AI analysis.
    [H2H Expansion] Expanding available match history...

   --- LEO: Shutting down gracefully. ---
